2022-06-07 09:38:23.518 [http-nio-8080-exec-2] INFO  com.x.config.mvc.LogRecordAspect 
GET请求/staff/session
参数:null
异常:还未登陆
耗时:10
2022-06-07 09:38:24.086 [http-nio-8080-exec-3] INFO  com.x.config.mvc.LogRecordAspect 
GET请求/aliyun/sts
参数:null
响应:{"accessKeyId":"STS.NTxFhCoQELBJupUiMzfDBKNCK","accessKeySecret":"ByCDYxZbPwwRH1DqBGPJBU8KF2xfSPuPgRFCSNAENDc7","expiration":"2022-06-07T02:38:23Z","securityToken":"CAISuwJ1q6Ft5B2yfSjIr5fNDdL3go5k+4Chd1bkjU0vastupIvoqTz2IH9Fe3NqCO0XtvowlWxZ6vwflqp3RYQdob0w5TAovPpt6gqET9frT6XXhOV2dvTHdEGXDxnkpuCwB8zyUNLafNq0dlnAjVUd6LDmdDKkLRvHVJqSksxfc8gwVAu1ZiYkYdBNPVlNpdM9P3ncPurPVRnxmTj0DVF0nQB+hGhj8t6ToKum5wHZkUfxx8IMuo31OeLEVcR3O4plWNrHnI4Tf6HagilL8EoIpuUkzs478Dzc7NaGGAsTsVfUN+TPt9xqJQB0IeoYY/cf86OjyaAp4r2Lx9immk13ULsLA3iFdueJ29DZHe6lDNE9eIvgNm7FutL1bcak7Fl+MC9KbF0VKoZwdiUtE3IoRCrdMbS3Ud4Src1mm8IagAE4pgEM0pWb2k2UPEASj1jLtluS7g6XI4roRx17mmpyVb2yNwlXVY5UmkzdYxN+GxUdlzaNRlbuxt1FaQiRK3pgi4cCB3wqsKG+J9cWHB7HaaRXachUY7A7FD9d0MGYsF2+zlddZOGMqOkXXiBtWPQHIt8UREATyitenLXqEdL78Q=="}
耗时:578
2022-06-07 09:44:33.388 [http-nio-8080-exec-1] INFO  com.x.config.mvc.LogRecordAspect 
POST请求/staff/session
参数:{"password":"7dd75c55c0f3a84969cacc5fcdbbd980","phone":"13880605659"}
响应:{"createTime":"2021-12-29 16:00:36","id":1,"name":"徐竟浩","phone":"13880605659","roles":[{"id":1,"key":"admin","name":"系统管理员"}],"state":1}
耗时:242
2022-06-07 09:44:34.760 [http-nio-8080-exec-7] INFO  com.x.config.mvc.LogRecordAspect 
GET请求/staff/session
参数:null
响应:{"createTime":"2021-12-29 16:00:36","id":1,"name":"徐竟浩","phone":"13880605659","roles":[{"id":1,"key":"admin","name":"系统管理员"}],"state":1}
耗时:0
2022-06-07 09:44:38.321 [http-nio-8080-exec-5] INFO  com.x.config.mvc.LogRecordAspect 
GET请求/product
参数:current=1&pageSize=20
响应:{"data":[{"days":3,"departPlace":["四川省","成都市"],"destination":["四川省","成都市"],"id":"628ca7e45f2a87006fd75a46","imageUrls":["http://lfs-image.oss-cn-chengdu.aliyuncs.com/images/8349051042433.jpg?Expires=1654569878&OSSAccessKeyId=LTAI5tQQuPD1Fk7bhcEQbNWk&Signature=nho0mFeTg%2FJsiwXmeybNQ08Idao%3D","http://lfs-image.oss-cn-chengdu.aliyuncs.com/images/8349054711605.jpg?Expires=1654569878&OSSAccessKeyId=LTAI5tQQuPD1Fk7bhcEQbNWk&Signature=LgdlKzqEtAb1tIgySTXZK0VCh3Y%3D"],"nights":2,"state":0,"title":"九寨沟+黄龙风景名胜区3日2晚跟团游9:30晚出发+国旅真纯玩+【升级五星品牌Hilton希尔顿酒店/天源豪生/千鹤国际/携程5钻酒店可选】【松潘古城】+可升『头等舱保姆车』+升级五钻酒店美食+24小时客服+成都三环内免费接"},{"days":3,"departPlace":["四川省","成都市"],"destination":["四川省","成都市"],"id":"628cebf8de5bc62c3a2d97ac","imageUrls":["http://lfs-image.oss-cn-chengdu.aliyuncs.com/images/8349051042433.jpg?Expires=1654569878&OSSAccessKeyId=LTAI5tQQuPD1Fk7bhcEQbNWk&Signature=nho0mFeTg%2FJsiwXmeybNQ08Idao%3D","http://lfs-image.oss-cn-chengdu.aliyuncs.com/images/8349054711605.jpg?Expires=1654569878&OSSAccessKeyId=LTAI5tQQuPD1Fk7bhcEQbNWk&Signature=LgdlKzqEtAb1tIgySTXZK0VCh3Y%3D"],"nights":2,"state":0,"title":"九寨沟+黄龙风景名胜区3日2晚跟团游9:30晚出发+国旅真纯玩+【升级五星品牌Hilton希尔顿酒店/天源豪生/千鹤国际/携程5钻酒店可选】【松潘古城】+可升『头等舱保姆车』+升级五钻酒店美食+24小时客服+成都三环内免费接"},{"days":3,"departPlace":["四川省","成都市"],"destination":["四川省","成都市"],"id":"628cec1ade5bc62c3a2d97ad","imageUrls":["http://lfs-image.oss-cn-chengdu.aliyuncs.com/images/8349051042433.jpg?Expires=1654569878&OSSAccessKeyId=LTAI5tQQuPD1Fk7bhcEQbNWk&Signature=nho0mFeTg%2FJsiwXmeybNQ08Idao%3D","http://lfs-image.oss-cn-chengdu.aliyuncs.com/images/8349054711605.jpg?Expires=1654569878&OSSAccessKeyId=LTAI5tQQuPD1Fk7bhcEQbNWk&Signature=LgdlKzqEtAb1tIgySTXZK0VCh3Y%3D"],"nights":2,"state":0,"title":"九寨沟+黄龙风景名胜区3日2晚跟团游9:30晚出发+国旅真纯玩+【升级五星品牌Hilton希尔顿酒店/天源豪生/千鹤国际/携程5钻酒店可选】【松潘古城】+可升『头等舱保姆车』+升级五钻酒店美食+24小时客服+成都三环内免费接"},{"days":3,"departPlace":["四川省","成都市"],"destination":["四川省","成都市"],"id":"6293836cd64fff5f278b332c","imageUrls":["http://lfs-image.oss-cn-chengdu.aliyuncs.com/images/8349051042433.jpg?Expires=1654569878&OSSAccessKeyId=LTAI5tQQuPD1Fk7bhcEQbNWk&Signature=nho0mFeTg%2FJsiwXmeybNQ08Idao%3D","http://lfs-image.oss-cn-chengdu.aliyuncs.com/images/8349054711605.jpg?Expires=1654569878&OSSAccessKeyId=LTAI5tQQuPD1Fk7bhcEQbNWk&Signature=LgdlKzqEtAb1tIgySTXZK0VCh3Y%3D"],"nights":2,"state":0,"title":"九寨沟+黄龙风景名胜区3日2晚"}],"success":true,"total":4}
耗时:139
2022-06-07 09:44:46.898 [http-nio-8080-exec-4] INFO  com.x.config.mvc.LogRecordAspect 
GET请求/staff/session
参数:null
响应:{"createTime":"2021-12-29 16:00:36","id":1,"name":"徐竟浩","phone":"13880605659","roles":[{"id":1,"key":"admin","name":"系统管理员"}],"state":1}
耗时:1
2022-06-07 09:44:47.227 [http-nio-8080-exec-9] INFO  com.x.config.mvc.LogRecordAspect 
GET请求/aliyun/sts
参数:null
响应:{"accessKeyId":"STS.NUTk9SWZBxpVeUd69nD63bvoo","accessKeySecret":"ChgCo4DUUDXbBxhoEiZRGSz2zx6wPq2Z2Dg3B8Qmzqt9","expiration":"2022-06-07T02:44:47Z","securityToken":"CAISuwJ1q6Ft5B2yfSjIr5bhIIPnuoVjz7K9Z3PV0jk7SLkfjbPEjTz2IH9Fe3NqCO0XtvowlWxZ6vwflqp3RYQd4+4f5TAovPpt6gqET9frT6XXhOV2dvTHdEGXDxnkpuCwB8zyUNLafNq0dlnAjVUd6LDmdDKkLRvHVJqSksxfc8gwVAu1ZiYkYdBNPVlNpdM9P3ncPurPVRnxmTj0DVF0nQB+hGhj8t6ToKum5wHZkUfxx8IMuo31OeLEVcR3O4plWNrHnI4Tf6HagilL8EoIpuUkzs478Dzc7NaGGAsTsVfUN+TPt9xqJQB0IeoYY/cf86OjyaAp4r2Lx9immk13ULsLA3iFdueJ29DZHe6lDNE9eIvgNm7FutL1bcak7Fl+MC9KbF0VKoZwdiUtE3IoRCrdMbS3Ud4Src1mm8IagAGYZMAtUc/7UbU0aMPytJf2/+Gr8xEvhxDjfIdN+CAvQGRkxdUR6gSjukJUMqcaFS7i7U3DIu9l33oO7jXQlLcvnCKHdwwQmlCm4uc6XlRqTvahJ7sXzyZbAiuS2GS34gqxBJWJeRplb9IT6sLCdWMTFaAu6EbWC/9S/SoceBAjZQ=="}
耗时:342
2022-06-07 09:44:48.089 [http-nio-8080-exec-2] INFO  com.x.config.mvc.LogRecordAspect 
GET请求/product
参数:current=1&pageSize=20
响应:{"data":[{"days":3,"departPlace":["四川省","成都市"],"destination":["四川省","成都市"],"id":"628ca7e45f2a87006fd75a46","imageUrls":["http://lfs-image.oss-cn-chengdu.aliyuncs.com/images/8349051042433.jpg?Expires=1654569888&OSSAccessKeyId=LTAI5tQQuPD1Fk7bhcEQbNWk&Signature=uT%2Bu5vSy2xOEHe6tNZUwVbSK55Y%3D","http://lfs-image.oss-cn-chengdu.aliyuncs.com/images/8349054711605.jpg?Expires=1654569888&OSSAccessKeyId=LTAI5tQQuPD1Fk7bhcEQbNWk&Signature=9NRjbpIi2fp8qA2Bm4HhEXrUI3M%3D"],"nights":2,"state":0,"title":"九寨沟+黄龙风景名胜区3日2晚跟团游9:30晚出发+国旅真纯玩+【升级五星品牌Hilton希尔顿酒店/天源豪生/千鹤国际/携程5钻酒店可选】【松潘古城】+可升『头等舱保姆车』+升级五钻酒店美食+24小时客服+成都三环内免费接"},{"days":3,"departPlace":["四川省","成都市"],"destination":["四川省","成都市"],"id":"628cebf8de5bc62c3a2d97ac","imageUrls":["http://lfs-image.oss-cn-chengdu.aliyuncs.com/images/8349051042433.jpg?Expires=1654569888&OSSAccessKeyId=LTAI5tQQuPD1Fk7bhcEQbNWk&Signature=uT%2Bu5vSy2xOEHe6tNZUwVbSK55Y%3D","http://lfs-image.oss-cn-chengdu.aliyuncs.com/images/8349054711605.jpg?Expires=1654569888&OSSAccessKeyId=LTAI5tQQuPD1Fk7bhcEQbNWk&Signature=9NRjbpIi2fp8qA2Bm4HhEXrUI3M%3D"],"nights":2,"state":0,"title":"九寨沟+黄龙风景名胜区3日2晚跟团游9:30晚出发+国旅真纯玩+【升级五星品牌Hilton希尔顿酒店/天源豪生/千鹤国际/携程5钻酒店可选】【松潘古城】+可升『头等舱保姆车』+升级五钻酒店美食+24小时客服+成都三环内免费接"},{"days":3,"departPlace":["四川省","成都市"],"destination":["四川省","成都市"],"id":"628cec1ade5bc62c3a2d97ad","imageUrls":["http://lfs-image.oss-cn-chengdu.aliyuncs.com/images/8349051042433.jpg?Expires=1654569888&OSSAccessKeyId=LTAI5tQQuPD1Fk7bhcEQbNWk&Signature=uT%2Bu5vSy2xOEHe6tNZUwVbSK55Y%3D","http://lfs-image.oss-cn-chengdu.aliyuncs.com/images/8349054711605.jpg?Expires=1654569888&OSSAccessKeyId=LTAI5tQQuPD1Fk7bhcEQbNWk&Signature=9NRjbpIi2fp8qA2Bm4HhEXrUI3M%3D"],"nights":2,"state":0,"title":"九寨沟+黄龙风景名胜区3日2晚跟团游9:30晚出发+国旅真纯玩+【升级五星品牌Hilton希尔顿酒店/天源豪生/千鹤国际/携程5钻酒店可选】【松潘古城】+可升『头等舱保姆车』+升级五钻酒店美食+24小时客服+成都三环内免费接"},{"days":3,"departPlace":["四川省","成都市"],"destination":["四川省","成都市"],"id":"6293836cd64fff5f278b332c","imageUrls":["http://lfs-image.oss-cn-chengdu.aliyuncs.com/images/8349051042433.jpg?Expires=1654569888&OSSAccessKeyId=LTAI5tQQuPD1Fk7bhcEQbNWk&Signature=uT%2Bu5vSy2xOEHe6tNZUwVbSK55Y%3D","http://lfs-image.oss-cn-chengdu.aliyuncs.com/images/8349054711605.jpg?Expires=1654569888&OSSAccessKeyId=LTAI5tQQuPD1Fk7bhcEQbNWk&Signature=9NRjbpIi2fp8qA2Bm4HhEXrUI3M%3D"],"nights":2,"state":0,"title":"九寨沟+黄龙风景名胜区3日2晚"}],"success":true,"total":4}
耗时:19
2022-06-07 09:44:51.661 [http-nio-8080-exec-3] INFO  com.x.config.mvc.LogRecordAspect 
GET请求/product/sku
参数:productId=628ca7e45f2a87006fd75a46
响应:[{"id":"629728e7da667d6000146db0","name":"套餐2","productId":"628ca7e45f2a87006fd75a46","properties":{"交通车型":"保姆车","住宿标准":"四星或同级"},"state":1},{"id":"6297291fda667d6000146db1","name":"套餐1","productId":"628ca7e45f2a87006fd75a46","properties":{"交通车型":"普通大巴","住宿标准":"三星或同级"},"state":0},{"id":"629818163aa8774bc93c9188","name":"套餐3","productId":"628ca7e45f2a87006fd75a46","properties":{"交通车型":"保姆车","住宿标准":"三星或同级"},"state":0},{"id":"629831df3aa8774bc93c9189","name":"套餐4","productId":"628ca7e45f2a87006fd75a46","properties":{"交通车型":"普通大巴","住宿标准":"四星或同级"},"state":0}]
耗时:29
2022-06-07 09:44:57.856 [http-nio-8080-exec-7] INFO  com.x.config.mvc.LogRecordAspect 
GET请求/staff/session
参数:null
响应:{"createTime":"2021-12-29 16:00:36","id":1,"name":"徐竟浩","phone":"13880605659","roles":[{"id":1,"key":"admin","name":"系统管理员"}],"state":1}
耗时:0
2022-06-07 09:44:57.944 [http-nio-8080-exec-1] INFO  com.x.config.mvc.LogRecordAspect 
GET请求/aliyun/sts
参数:null
响应:{"accessKeyId":"STS.NThREBNpsFkeHC7NCEBSYHBj6","accessKeySecret":"xqR7Y8gdetPoRLZVTaQYcKT1fAB15tN8kyFuFfxgvGT","expiration":"2022-06-07T02:44:57Z","securityToken":"CAISuwJ1q6Ft5B2yfSjIr5fdGf/2o69S8amOSmWGqkMQTtx1p4fB1Dz2IH9Fe3NqCO0XtvowlWxZ6vwflqp3RYQdhroY5TAovPpt6gqET9frT6XXhOV2dvTHdEGXDxnkpuCwB8zyUNLafNq0dlnAjVUd6LDmdDKkLRvHVJqSksxfc8gwVAu1ZiYkYdBNPVlNpdM9P3ncPurPVRnxmTj0DVF0nQB+hGhj8t6ToKum5wHZkUfxx8IMuo31OeLEVcR3O4plWNrHnI4Tf6HagilL8EoIpuUkzs478Dzc7NaGGAsTsVfUN+TPt9xqJQB0IeoYY/cf86OjyaAp4r2Lx9immk13ULsLA3iFdueJ29DZHe6lDNE9eIvgNm7FutL1bcak7Fl+MC9KbF0VKoZwdiUtE3IoRCrdMbS3Ud4Src1mm8IagAEYqEbxoedhtXQM6s6Ycy/32KnoDJjvykk/T98pVYT/Ca01u/mf6Ag7S7haGwPSPJbMRQnqC5xO29JZ3r2sEXqVT5H0x2CzLlzV954G7uo/haqr2r1eQ6blKbIc8czSsSzu5Oz48MySY7WChtpJuK7qS0eTGadjoYEZStyVlmTuXg=="}
耗时:274
2022-06-07 13:08:21.754 [http-nio-8080-exec-6] INFO  com.x.config.mvc.LogRecordAspect 
GET请求/staff/session
参数:null
响应:{"createTime":"2021-12-29 16:00:36","id":1,"name":"徐竟浩","phone":"13880605659","roles":[{"id":1,"key":"admin","name":"系统管理员"}],"state":1}
耗时:54
2022-06-07 13:08:24.292 [http-nio-8080-exec-8] INFO  com.x.config.mvc.LogRecordAspect 
GET请求/aliyun/sts
参数:null
响应:{"accessKeyId":"STS.NTefuuXvvZUmE2g4r4EaNt4qw","accessKeySecret":"3kEFx3VAUjE2GLdjorWzBfgt2hBKvQY1zWtr2xyCkVnS","expiration":"2022-06-07T06:08:24Z","securityToken":"CAISuwJ1q6Ft5B2yfSjIr5fQLc/BtalX7ZeGRxTW0HJhSe5im/HalTz2IH9Fe3NqCO0XtvowlWxZ6vwflqp3RYQdioUx4zAovPpt6gqET9frT6XXhOV2dvTHdEGXDxnkpuCwB8zyUNLafNq0dlnAjVUd6LDmdDKkLRvHVJqSksxfc8gwVAu1ZiYkYdBNPVlNpdM9P3ncPurPVRnxmTj0DVF0nQB+hGhj8t6ToKum5wHZkUfxx8IMuo31OeLEVcR3O4plWNrHnI4Tf6HagilL8EoIpuUkzs478Dzc7NaGGAsTsVfUN+TPt9xqJQB0IeoYY/cf86OjyaAp4r2Lx9immk13ULsLA3iFdueJ29DZHe6lDNE9eIvgNm7FutL1bcak7Fl+MC9KbF0VKoZwdiUtE3IoRCrdMbS3Ud4Src1mm8IagAFxe/QVVp0iVihFZez/Y2vIKN0nDcQnk+dw1hq9wfj5BRaHeY+BcrtktnuQhKpuGBShCHwBuEZMyUdCC32kdeDoNmdrP5aOF/USwvkH+/41U7KymQOBAcYX1Hu0AWIaaMiAtgyFJgmZq02pPQA+s1crBThzRoPne8DkPnQZwmCbYg=="}
耗时:2594
2022-06-07 13:46:46.516 [http-nio-8080-exec-10] INFO  com.x.config.mvc.LogRecordAspect 
GET请求/staff/session
参数:null
响应:{"createTime":"2021-12-29 16:00:36","id":1,"name":"徐竟浩","phone":"13880605659","roles":[{"id":1,"key":"admin","name":"系统管理员"}],"state":1}
耗时:13
2022-06-07 13:46:51.546 [http-nio-8080-exec-5] INFO  com.x.config.mvc.LogRecordAspect 
GET请求/aliyun/sts
参数:null
响应:{"accessKeyId":"STS.NTL72edT5BfjNviH6nFXZaWc4","accessKeySecret":"GPsvDFs88xGHrN1EfFpmtDxytQr8DtgHXyvn95664a4m","expiration":"2022-06-07T06:46:51Z","securityToken":"CAISuwJ1q6Ft5B2yfSjIr5f5fIjRiYsU9aSBTFDYrDY7Std2jpLI1jz2IH9Fe3NqCO0XtvowlWxZ6vwflqp3RYQdw64G4jAovPpt6gqET9frT6XXhOV2dvTHdEGXDxnkpuCwB8zyUNLafNq0dlnAjVUd6LDmdDKkLRvHVJqSksxfc8gwVAu1ZiYkYdBNPVlNpdM9P3ncPurPVRnxmTj0DVF0nQB+hGhj8t6ToKum5wHZkUfxx8IMuo31OeLEVcR3O4plWNrHnI4Tf6HagilL8EoIpuUkzs478Dzc7NaGGAsTsVfUN+TPt9xqJQB0IeoYY/cf86OjyaAp4r2Lx9immk13ULsLA3iFdueJ29DZHe6lDNE9eIvgNm7FutL1bcak7Fl+MC9KbF0VKoZwdiUtE3IoRCrdMbS3Ud4Src1mm8IagAE1D1oNBluKgR9pGnRrPFz+Ijf1UUWKY/CfIPNHy2ltjSN3mU8KoHs+so2oy08LSXIle+RKUYXCKv1MnX5mPyVuhRNF12PvFw/Zzg0FKYlQH0SQ5oWOv+u+59hSa2AW6vgMDP+Yd/yaRfOhKWfYEDMk/QaayM/8QMI0xZMyfhmvlA=="}
耗时:5043
2022-06-07 13:47:28.242 [http-nio-8080-exec-9] INFO  com.x.config.mvc.LogRecordAspect 
GET请求/staff/session
参数:null
响应:{"createTime":"2021-12-29 16:00:36","id":1,"name":"徐竟浩","phone":"13880605659","roles":[{"id":1,"key":"admin","name":"系统管理员"}],"state":1}
耗时:0
2022-06-07 13:47:35.246 [http-nio-8080-exec-2] INFO  com.x.config.mvc.LogRecordAspect 
GET请求/product
参数:current=1&pageSize=20
响应:{"data":[{"days":3,"departPlace":["四川省","成都市"],"destination":["四川省","成都市"],"id":"628ca7e45f2a87006fd75a46","imageUrls":["http://lfs-image.oss-cn-chengdu.aliyuncs.com/images/8349051042433.jpg?Expires=1654584455&OSSAccessKeyId=LTAI5tQQuPD1Fk7bhcEQbNWk&Signature=EI73xcAIxrdFbnH%2FeyZCa%2FFFFaE%3D","http://lfs-image.oss-cn-chengdu.aliyuncs.com/images/8349054711605.jpg?Expires=1654584455&OSSAccessKeyId=LTAI5tQQuPD1Fk7bhcEQbNWk&Signature=nx2B5tygijSDUw%2FJeUXoXBfXdyU%3D"],"nights":2,"state":0,"title":"九寨沟+黄龙风景名胜区3日2晚跟团游9:30晚出发+国旅真纯玩+【升级五星品牌Hilton希尔顿酒店/天源豪生/千鹤国际/携程5钻酒店可选】【松潘古城】+可升『头等舱保姆车』+升级五钻酒店美食+24小时客服+成都三环内免费接"},{"days":3,"departPlace":["四川省","成都市"],"destination":["四川省","成都市"],"id":"628cebf8de5bc62c3a2d97ac","imageUrls":["http://lfs-image.oss-cn-chengdu.aliyuncs.com/images/8349051042433.jpg?Expires=1654584455&OSSAccessKeyId=LTAI5tQQuPD1Fk7bhcEQbNWk&Signature=EI73xcAIxrdFbnH%2FeyZCa%2FFFFaE%3D","http://lfs-image.oss-cn-chengdu.aliyuncs.com/images/8349054711605.jpg?Expires=1654584455&OSSAccessKeyId=LTAI5tQQuPD1Fk7bhcEQbNWk&Signature=nx2B5tygijSDUw%2FJeUXoXBfXdyU%3D"],"nights":2,"state":0,"title":"九寨沟+黄龙风景名胜区3日2晚跟团游9:30晚出发+国旅真纯玩+【升级五星品牌Hilton希尔顿酒店/天源豪生/千鹤国际/携程5钻酒店可选】【松潘古城】+可升『头等舱保姆车』+升级五钻酒店美食+24小时客服+成都三环内免费接"},{"days":3,"departPlace":["四川省","成都市"],"destination":["四川省","成都市"],"id":"628cec1ade5bc62c3a2d97ad","imageUrls":["http://lfs-image.oss-cn-chengdu.aliyuncs.com/images/8349051042433.jpg?Expires=1654584455&OSSAccessKeyId=LTAI5tQQuPD1Fk7bhcEQbNWk&Signature=EI73xcAIxrdFbnH%2FeyZCa%2FFFFaE%3D","http://lfs-image.oss-cn-chengdu.aliyuncs.com/images/8349054711605.jpg?Expires=1654584455&OSSAccessKeyId=LTAI5tQQuPD1Fk7bhcEQbNWk&Signature=nx2B5tygijSDUw%2FJeUXoXBfXdyU%3D"],"nights":2,"state":0,"title":"九寨沟+黄龙风景名胜区3日2晚跟团游9:30晚出发+国旅真纯玩+【升级五星品牌Hilton希尔顿酒店/天源豪生/千鹤国际/携程5钻酒店可选】【松潘古城】+可升『头等舱保姆车』+升级五钻酒店美食+24小时客服+成都三环内免费接"},{"days":3,"departPlace":["四川省","成都市"],"destination":["四川省","成都市"],"id":"6293836cd64fff5f278b332c","imageUrls":["http://lfs-image.oss-cn-chengdu.aliyuncs.com/images/8349051042433.jpg?Expires=1654584455&OSSAccessKeyId=LTAI5tQQuPD1Fk7bhcEQbNWk&Signature=EI73xcAIxrdFbnH%2FeyZCa%2FFFFaE%3D","http://lfs-image.oss-cn-chengdu.aliyuncs.com/images/8349054711605.jpg?Expires=1654584455&OSSAccessKeyId=LTAI5tQQuPD1Fk7bhcEQbNWk&Signature=nx2B5tygijSDUw%2FJeUXoXBfXdyU%3D"],"nights":2,"state":0,"title":"九寨沟+黄龙风景名胜区3日2晚"}],"success":true,"total":4}
耗时:188
2022-06-07 13:47:36.991 [http-nio-8080-exec-3] INFO  com.x.config.mvc.LogRecordAspect 
GET请求/product/sku
参数:productId=628ca7e45f2a87006fd75a46
响应:[{"id":"629728e7da667d6000146db0","name":"套餐2","productId":"628ca7e45f2a87006fd75a46","properties":{"交通车型":"保姆车","住宿标准":"四星或同级"},"state":1},{"id":"6297291fda667d6000146db1","name":"套餐1","productId":"628ca7e45f2a87006fd75a46","properties":{"交通车型":"普通大巴","住宿标准":"三星或同级"},"state":0},{"id":"629818163aa8774bc93c9188","name":"套餐3","productId":"628ca7e45f2a87006fd75a46","properties":{"交通车型":"保姆车","住宿标准":"三星或同级"},"state":0},{"id":"629831df3aa8774bc93c9189","name":"套餐4","productId":"628ca7e45f2a87006fd75a46","properties":{"交通车型":"普通大巴","住宿标准":"四星或同级"},"state":0}]
耗时:25
2022-06-07 13:47:40.498 [http-nio-8080-exec-4] INFO  com.x.config.mvc.LogRecordAspect 
GET请求/aliyun/sts
参数:null
异常:Server unreachable: connection https://sts.aliyuncs.com/?Policy=%7B%0D%0A++++%22Statement%22%3A+%5B%0D%0A++++++++%7B%0D%0A++++++++++++%22Effect%22%3A+%22Allow%22%2C%0D%0A++++++++++++%22Action%22%3A+%5B%0D%0A++++++++++++++++%22oss%3APutObject%22%2C%0D%0A++++++++++++++++%22oss%3AGetObject%22%2C%0D%0A++++++++++++++++%22oss%3AListObjects%22%0D%0A++++++++++++%5D%2C%0D%0A++++++++++++%22Resource%22%3A+%5B%0D%0A++++++++++++++++%22acs%3Aoss%3A*%3A*%3A*%22%2C%0D%0A++++++++++++++++%22acs%3Aoss%3A*%3A*%3Alfs-image%2F*%22%0D%0A++++++++++++%5D%0D%0A++++++++%7D%0D%0A++++%5D%2C%0D%0A++++%22Version%22%3A+%221%22%0D%0A%7D&Action=AssumeRole&DurationSeconds=3600&Timestamp=2022-06-07T05%3A47%3A28Z&RoleArn=acs%3Aram%3A%3A1373745909084993%3Arole%2Flfsoss&SignatureVersion=1.0&Format=JSON&RoleSessionName=lfs&SignatureNonce=d20823bb-06b2-4ab6-9017-f29f2a95c6eb165458084823136&Version=2015-04-01&AccessKeyId=LTAI5tQQuPD1Fk7bhcEQbNWk&Signature=LrXruQbjzre9oD2SI4D3hvKqauI%3D&SignatureMethod=HMAC-SHA1&RegionId=cn-chengdu failed
耗时:12276
2022-06-07 13:48:36.554 [http-nio-8080-exec-7] INFO  com.x.config.mvc.LogRecordAspect 
GET请求/product
参数:current=1&pageSize=20
响应:{"data":[{"days":3,"departPlace":["四川省","成都市"],"destination":["四川省","成都市"],"id":"628ca7e45f2a87006fd75a46","imageUrls":["http://lfs-image.oss-cn-chengdu.aliyuncs.com/images/8349051042433.jpg?Expires=1654584516&OSSAccessKeyId=LTAI5tQQuPD1Fk7bhcEQbNWk&Signature=1ouZ1uIkF07PUEmypcs5IwthC2o%3D","http://lfs-image.oss-cn-chengdu.aliyuncs.com/images/8349054711605.jpg?Expires=1654584516&OSSAccessKeyId=LTAI5tQQuPD1Fk7bhcEQbNWk&Signature=kxSZN18mW7%2BTOG4CPufC9hzaLaI%3D"],"nights":2,"state":0,"title":"九寨沟+黄龙风景名胜区3日2晚跟团游9:30晚出发+国旅真纯玩+【升级五星品牌Hilton希尔顿酒店/天源豪生/千鹤国际/携程5钻酒店可选】【松潘古城】+可升『头等舱保姆车』+升级五钻酒店美食+24小时客服+成都三环内免费接"},{"days":3,"departPlace":["四川省","成都市"],"destination":["四川省","成都市"],"id":"628cebf8de5bc62c3a2d97ac","imageUrls":["http://lfs-image.oss-cn-chengdu.aliyuncs.com/images/8349051042433.jpg?Expires=1654584516&OSSAccessKeyId=LTAI5tQQuPD1Fk7bhcEQbNWk&Signature=1ouZ1uIkF07PUEmypcs5IwthC2o%3D","http://lfs-image.oss-cn-chengdu.aliyuncs.com/images/8349054711605.jpg?Expires=1654584516&OSSAccessKeyId=LTAI5tQQuPD1Fk7bhcEQbNWk&Signature=kxSZN18mW7%2BTOG4CPufC9hzaLaI%3D"],"nights":2,"state":0,"title":"九寨沟+黄龙风景名胜区3日2晚跟团游9:30晚出发+国旅真纯玩+【升级五星品牌Hilton希尔顿酒店/天源豪生/千鹤国际/携程5钻酒店可选】【松潘古城】+可升『头等舱保姆车』+升级五钻酒店美食+24小时客服+成都三环内免费接"},{"days":3,"departPlace":["四川省","成都市"],"destination":["四川省","成都市"],"id":"628cec1ade5bc62c3a2d97ad","imageUrls":["http://lfs-image.oss-cn-chengdu.aliyuncs.com/images/8349051042433.jpg?Expires=1654584516&OSSAccessKeyId=LTAI5tQQuPD1Fk7bhcEQbNWk&Signature=1ouZ1uIkF07PUEmypcs5IwthC2o%3D","http://lfs-image.oss-cn-chengdu.aliyuncs.com/images/8349054711605.jpg?Expires=1654584516&OSSAccessKeyId=LTAI5tQQuPD1Fk7bhcEQbNWk&Signature=kxSZN18mW7%2BTOG4CPufC9hzaLaI%3D"],"nights":2,"state":0,"title":"九寨沟+黄龙风景名胜区3日2晚跟团游9:30晚出发+国旅真纯玩+【升级五星品牌Hilton希尔顿酒店/天源豪生/千鹤国际/携程5钻酒店可选】【松潘古城】+可升『头等舱保姆车』+升级五钻酒店美食+24小时客服+成都三环内免费接"},{"days":3,"departPlace":["四川省","成都市"],"destination":["四川省","成都市"],"id":"6293836cd64fff5f278b332c","imageUrls":["http://lfs-image.oss-cn-chengdu.aliyuncs.com/images/8349051042433.jpg?Expires=1654584516&OSSAccessKeyId=LTAI5tQQuPD1Fk7bhcEQbNWk&Signature=1ouZ1uIkF07PUEmypcs5IwthC2o%3D","http://lfs-image.oss-cn-chengdu.aliyuncs.com/images/8349054711605.jpg?Expires=1654584516&OSSAccessKeyId=LTAI5tQQuPD1Fk7bhcEQbNWk&Signature=kxSZN18mW7%2BTOG4CPufC9hzaLaI%3D"],"nights":2,"state":0,"title":"九寨沟+黄龙风景名胜区3日2晚"}],"success":true,"total":4}
耗时:13
2022-06-07 15:09:33.837 [http-nio-8080-exec-6] INFO  com.x.config.mvc.LogRecordAspect 
GET请求/staff/session
参数:null
响应:{"createTime":"2021-12-29 16:00:36","id":1,"name":"徐竟浩","phone":"13880605659","roles":[{"id":1,"key":"admin","name":"系统管理员"}],"state":1}
耗时:63
2022-06-07 15:09:34.826 [http-nio-8080-exec-1] INFO  com.x.config.mvc.LogRecordAspect 
GET请求/aliyun/sts
参数:null
响应:{"accessKeyId":"STS.NV55Sa1Gnh86CGS3TiMeCg8Jp","accessKeySecret":"995ZwgrZ4qMNa2fB7MvdeVMtf1sgWszxrHtArKmQryHg","expiration":"2022-06-07T08:09:34Z","securityToken":"CAISuwJ1q6Ft5B2yfSjIr5WAfunV3JhP3/rdQWHi11Q8QepviP3hkjz2IH9Fe3NqCO0XtvowlWxZ6vwflqp3RYQd3KZ17DAovPpt6gqET9frT6XXhOV2dvTHdEGXDxnkpuCwB8zyUNLafNq0dlnAjVUd6LDmdDKkLRvHVJqSksxfc8gwVAu1ZiYkYdBNPVlNpdM9P3ncPurPVRnxmTj0DVF0nQB+hGhj8t6ToKum5wHZkUfxx8IMuo31OeLEVcR3O4plWNrHnI4Tf6HagilL8EoIpuUkzs478Dzc7NaGGAsTsVfUN+TPt9xqJQB0IeoYY/cf86OjyaAp4r2Lx9immk13ULsLA3iFdueJ29DZHe6lDNE9eIvgNm7FutL1bcak7Fl+MC9KbF0VKoZwdiUtE3IoRCrdMbS3Ud4Src1mm8IagAEE9q6Dc4UONwE/FRROTgHZuzRcR36M1sTqn24+PJTK92x5uWU9t/PuwfbC8cFJkaHZqT905dyQYlvvBpZk9lCPhLenGx5bxFco++FY3BDqik1lEcNURrJF2lriRN8Hp7NlKNqValLVxjiYEdipbZMfKqF7SEcTW1bVZ+zEM0hyfA=="}
耗时:1054
2022-06-07 18:13:47.917 [http-nio-8080-exec-10] INFO  com.x.config.mvc.LogRecordAspect 
GET请求/staff/session
参数:null
响应:{"createTime":"2021-12-29 16:00:36","id":1,"name":"徐竟浩","phone":"13880605659","roles":[{"id":1,"key":"admin","name":"系统管理员"}],"state":1}
耗时:31
2022-06-07 18:13:48.427 [http-nio-8080-exec-8] INFO  com.x.config.mvc.LogRecordAspect 
GET请求/aliyun/sts
参数:null
响应:{"accessKeyId":"STS.NUzDdbhXQcKfofkdiU2PQHZaz","accessKeySecret":"DFTwL8PNjQ63t5LNaaWSYvhGD2ScxCjVULN59U3PykFt","expiration":"2022-06-07T11:13:48Z","securityToken":"CAISuwJ1q6Ft5B2yfSjIr5bPD97WhYdw1ImNbUDagGkAPt99p5/KmDz2IH9Fe3NqCO0XtvowlWxZ6vwflqp3RYQdqvxX6zAovPpt6gqET9frT6XXhOV2dvTHdEGXDxnkpuCwB8zyUNLafNq0dlnAjVUd6LDmdDKkLRvHVJqSksxfc8gwVAu1ZiYkYdBNPVlNpdM9P3ncPurPVRnxmTj0DVF0nQB+hGhj8t6ToKum5wHZkUfxx8IMuo31OeLEVcR3O4plWNrHnI4Tf6HagilL8EoIpuUkzs478Dzc7NaGGAsTsVfUN+TPt9xqJQB0IeoYY/cf86OjyaAp4r2Lx9immk13ULsLA3iFdueJ29DZHe6lDNE9eIvgNm7FutL1bcak7Fl+MC9KbF0VKoZwdiUtE3IoRCrdMbS3Ud4Src1mm8IagAEoGabJkSn3k2Mgw898azWPtXOSDviJHo4Jj8oKrG8quu01VKNITNeLBbfspqM0M2qYKwDnlaZnWRDxQKqhzJy3L4dKHc0NX8Ql8lhbZBC5QrYy9/FlzA6SsYDRz87G3Mxwl5yEKmJxOgEqcQYdhHDiI+EeXlINpjTzmUM7U2263A=="}
耗时:543
