2022-06-05 11:23:27.585 [http-nio-8080-exec-8] INFO  com.x.config.mvc.LogRecordAspect 
GET请求/staff/session
参数:null
异常:还未登陆
耗时:11
2022-06-05 11:23:28.088 [http-nio-8080-exec-2] INFO  com.x.config.mvc.LogRecordAspect 
GET请求/aliyun/sts
参数:null
响应:{"accessKeyId":"STS.NUWoeAf5Q1UjvkuEmhAbUfQDT","accessKeySecret":"Fu3y2KTKj7siEPVUWGci1zAeCAw9F3KF8qFxEtJkuSjy","expiration":"2022-06-05T04:23:28Z","securityToken":"CAISuwJ1q6Ft5B2yfSjIr5biJN/1i+pwhpeBdE3EoW09Te15iZTvtjz2IH9Fe3NqCO0XtvowlWxZ6vwflqp3RYQd6atGlTAovPpt6gqET9frT6XXhOV2dvTHdEGXDxnkpuCwB8zyUNLafNq0dlnAjVUd6LDmdDKkLRvHVJqSksxfc8gwVAu1ZiYkYdBNPVlNpdM9P3ncPurPVRnxmTj0DVF0nQB+hGhj8t6ToKum5wHZkUfxx8IMuo31OeLEVcR3O4plWNrHnI4Tf6HagilL8EoIpuUkzs478Dzc7NaGGAsTsVfUN+TPt9xqJQB0IeoYY/cf86OjyaAp4r2Lx9immk13ULsLA3iFdueJ29DZHe6lDNE9eIvgNm7FutL1bcak7Fl+MC9KbF0VKoZwdiUtE3IoRCrdMbS3Ud4Src1mm8IagAEFlz1hoAELYYO8WQNC77xb/P8dNqHDWd3CVsCCVvabF0oo2bQ0T0wMDAYlQiTRtGI2doLPc+ejkWJofFNSF5gBPsIuVlnd8kINmjwUqVZqA+lddsW2poz9ljqshOaUP13N7VLaRfNgzWjFr4PoK6lW7fVdJNaJ2j9oK9pb1ETh2A=="}
耗时:515
2022-06-05 11:23:30.654 [http-nio-8080-exec-3] INFO  com.x.config.mvc.LogRecordAspect 
POST请求/staff/session
参数:{"password":"7dd75c55c0f3a84969cacc5fcdbbd980","phone":"13880605659"}
响应:{"createTime":"2021-12-29 16:00:36","id":1,"name":"徐竟浩","phone":"13880605659","roles":[{"id":1,"key":"admin","name":"系统管理员"}],"state":1}
耗时:515
2022-06-05 11:23:30.719 [http-nio-8080-exec-9] INFO  com.x.config.mvc.LogRecordAspect 
GET请求/staff/session
参数:null
响应:{"createTime":"2021-12-29 16:00:36","id":1,"name":"徐竟浩","phone":"13880605659","roles":[{"id":1,"key":"admin","name":"系统管理员"}],"state":1}
耗时:0
2022-06-05 11:23:33.723 [http-nio-8080-exec-1] INFO  com.x.config.mvc.LogRecordAspect 
GET请求/product
参数:current=1&pageSize=20
响应:{"data":[{"days":3,"departPlace":["四川省","成都市"],"destination":["四川省","成都市"],"id":"628ca7e45f2a87006fd75a46","imageUrls":["http://lfs-image.oss-cn-chengdu.aliyuncs.com/images/8349051042433.jpg?Expires=1654403013&OSSAccessKeyId=LTAI5tQQuPD1Fk7bhcEQbNWk&Signature=%2BbmqkgYLtcUpd4N7PHmOUJbHffg%3D","http://lfs-image.oss-cn-chengdu.aliyuncs.com/images/8349054711605.jpg?Expires=1654403013&OSSAccessKeyId=LTAI5tQQuPD1Fk7bhcEQbNWk&Signature=f7PdjkDqr11B4whX7QYiy5V8m%2BE%3D"],"nights":2,"state":0,"title":"九寨沟+黄龙风景名胜区3日2晚跟团游9:30晚出发+国旅真纯玩+【升级五星品牌Hilton希尔顿酒店/天源豪生/千鹤国际/携程5钻酒店可选】【松潘古城】+可升『头等舱保姆车』+升级五钻酒店美食+24小时客服+成都三环内免费接"},{"days":3,"departPlace":["四川省","成都市"],"destination":["四川省","成都市"],"id":"628cebf8de5bc62c3a2d97ac","imageUrls":["http://lfs-image.oss-cn-chengdu.aliyuncs.com/images/8349051042433.jpg?Expires=1654403013&OSSAccessKeyId=LTAI5tQQuPD1Fk7bhcEQbNWk&Signature=%2BbmqkgYLtcUpd4N7PHmOUJbHffg%3D","http://lfs-image.oss-cn-chengdu.aliyuncs.com/images/8349054711605.jpg?Expires=1654403013&OSSAccessKeyId=LTAI5tQQuPD1Fk7bhcEQbNWk&Signature=f7PdjkDqr11B4whX7QYiy5V8m%2BE%3D"],"nights":2,"state":0,"title":"九寨沟+黄龙风景名胜区3日2晚跟团游9:30晚出发+国旅真纯玩+【升级五星品牌Hilton希尔顿酒店/天源豪生/千鹤国际/携程5钻酒店可选】【松潘古城】+可升『头等舱保姆车』+升级五钻酒店美食+24小时客服+成都三环内免费接"},{"days":3,"departPlace":["四川省","成都市"],"destination":["四川省","成都市"],"id":"628cec1ade5bc62c3a2d97ad","imageUrls":["http://lfs-image.oss-cn-chengdu.aliyuncs.com/images/8349051042433.jpg?Expires=1654403013&OSSAccessKeyId=LTAI5tQQuPD1Fk7bhcEQbNWk&Signature=%2BbmqkgYLtcUpd4N7PHmOUJbHffg%3D","http://lfs-image.oss-cn-chengdu.aliyuncs.com/images/8349054711605.jpg?Expires=1654403013&OSSAccessKeyId=LTAI5tQQuPD1Fk7bhcEQbNWk&Signature=f7PdjkDqr11B4whX7QYiy5V8m%2BE%3D"],"nights":2,"state":0,"title":"九寨沟+黄龙风景名胜区3日2晚跟团游9:30晚出发+国旅真纯玩+【升级五星品牌Hilton希尔顿酒店/天源豪生/千鹤国际/携程5钻酒店可选】【松潘古城】+可升『头等舱保姆车』+升级五钻酒店美食+24小时客服+成都三环内免费接"},{"days":3,"departPlace":["四川省","成都市"],"destination":["四川省","成都市"],"id":"6293836cd64fff5f278b332c","imageUrls":["http://lfs-image.oss-cn-chengdu.aliyuncs.com/images/8349051042433.jpg?Expires=1654403013&OSSAccessKeyId=LTAI5tQQuPD1Fk7bhcEQbNWk&Signature=%2BbmqkgYLtcUpd4N7PHmOUJbHffg%3D","http://lfs-image.oss-cn-chengdu.aliyuncs.com/images/8349054711605.jpg?Expires=1654403013&OSSAccessKeyId=LTAI5tQQuPD1Fk7bhcEQbNWk&Signature=f7PdjkDqr11B4whX7QYiy5V8m%2BE%3D"],"nights":2,"state":0,"title":"九寨沟+黄龙风景名胜区3日2晚"}],"success":true,"total":4}
耗时:88
2022-06-05 11:23:35.965 [http-nio-8080-exec-5] INFO  com.x.config.mvc.LogRecordAspect 
GET请求/product/sku
参数:productId=628ca7e45f2a87006fd75a46
响应:[{"id":"629728e7da667d6000146db0","name":"套餐2","productId":"628ca7e45f2a87006fd75a46","properties":{"交通车型":"保姆车","住宿标准":"四星或同级"},"state":1},{"id":"6297291fda667d6000146db1","name":"套餐1","productId":"628ca7e45f2a87006fd75a46","properties":{"交通车型":"普通大巴","住宿标准":"三星或同级"},"state":0},{"id":"629818163aa8774bc93c9188","name":"套餐3","productId":"628ca7e45f2a87006fd75a46","properties":{"交通车型":"保姆车","住宿标准":"三星或同级"},"state":0},{"id":"629831df3aa8774bc93c9189","name":"套餐4","productId":"628ca7e45f2a87006fd75a46","properties":{"交通车型":"普通大巴","住宿标准":"四星或同级"},"state":0}]
耗时:7
2022-06-05 11:51:09.853 [http-nio-8080-exec-8] INFO  com.x.config.mvc.LogRecordAspect 
GET请求/staff/session
参数:null
响应:{"createTime":"2021-12-29 16:00:36","id":1,"name":"徐竟浩","phone":"13880605659","roles":[{"id":1,"key":"admin","name":"系统管理员"}],"state":1}
耗时:2
2022-06-05 11:51:10.166 [http-nio-8080-exec-4] INFO  com.x.config.mvc.LogRecordAspect 
GET请求/aliyun/sts
参数:null
响应:{"accessKeyId":"STS.NTUesEVGyeBgGRhNfSZc4VZvP","accessKeySecret":"kC8FcbHuTagw9HiHsBasvUkZeCWNTmCTWQyGo4VSRtW","expiration":"2022-06-05T04:51:10Z","securityToken":"CAISuwJ1q6Ft5B2yfSjIr5fgLsnxu5hY0oCMRXTZqmYGVuwYuZ/dsjz2IH9Fe3NqCO0XtvowlWxZ6vwflqp3RYQd4OxjlDAovPpt6gqET9frT6XXhOV2dvTHdEGXDxnkpuCwB8zyUNLafNq0dlnAjVUd6LDmdDKkLRvHVJqSksxfc8gwVAu1ZiYkYdBNPVlNpdM9P3ncPurPVRnxmTj0DVF0nQB+hGhj8t6ToKum5wHZkUfxx8IMuo31OeLEVcR3O4plWNrHnI4Tf6HagilL8EoIpuUkzs478Dzc7NaGGAsTsVfUN+TPt9xqJQB0IeoYY/cf86OjyaAp4r2Lx9immk13ULsLA3iFdueJ29DZHe6lDNE9eIvgNm7FutL1bcak7Fl+MC9KbF0VKoZwdiUtE3IoRCrdMbS3Ud4Src1mm8IagAEjXcSKNIK+plkcaDhr1sBxM10WrHiCe61zJ+Fz8RDjCYw8baXwMw/PBj8coRHbnCIDM6ZfNe4Uz79VW8lH2iof5qVAXDIiQCt+aSE4N0svko6IyXkd889UrahJE62NtHF/JtVwTeSal3ViA4hpZXgev6NcACAUW182GJpbmv7LEA=="}
耗时:315
2022-06-05 11:51:11.134 [http-nio-8080-exec-2] INFO  com.x.config.mvc.LogRecordAspect 
GET请求/product/sku
参数:productId=628ca7e45f2a87006fd75a46
响应:[{"id":"629728e7da667d6000146db0","name":"套餐2","productId":"628ca7e45f2a87006fd75a46","properties":{"交通车型":"保姆车","住宿标准":"四星或同级"},"state":1},{"id":"6297291fda667d6000146db1","name":"套餐1","productId":"628ca7e45f2a87006fd75a46","properties":{"交通车型":"普通大巴","住宿标准":"三星或同级"},"state":0},{"id":"629818163aa8774bc93c9188","name":"套餐3","productId":"628ca7e45f2a87006fd75a46","properties":{"交通车型":"保姆车","住宿标准":"三星或同级"},"state":0},{"id":"629831df3aa8774bc93c9189","name":"套餐4","productId":"628ca7e45f2a87006fd75a46","properties":{"交通车型":"普通大巴","住宿标准":"四星或同级"},"state":0}]
耗时:5
2022-06-05 12:23:43.440 [http-nio-8080-exec-9] INFO  com.x.config.mvc.LogRecordAspect 
GET请求/staff/session
参数:null
响应:{"createTime":"2021-12-29 16:00:36","id":1,"name":"徐竟浩","phone":"13880605659","roles":[{"id":1,"key":"admin","name":"系统管理员"}],"state":1}
耗时:1
2022-06-05 12:23:43.793 [http-nio-8080-exec-3] INFO  com.x.config.mvc.LogRecordAspect 
GET请求/aliyun/sts
参数:null
响应:{"accessKeyId":"STS.NTvcEDiPMCrtxJBTqPvDozwyT","accessKeySecret":"BFESXncDPh3t2Y2WHnys16CQJbps7gtMnykHpasMoK8n","expiration":"2022-06-05T05:23:44Z","securityToken":"CAISuwJ1q6Ft5B2yfSjIr5fDKP/whI9s9LCfemzzsHEFestDlbLStjz2IH9Fe3NqCO0XtvowlWxZ6vwflqp3RYQdkcNqlzAovPpt6gqET9frT6XXhOV2dvTHdEGXDxnkpuCwB8zyUNLafNq0dlnAjVUd6LDmdDKkLRvHVJqSksxfc8gwVAu1ZiYkYdBNPVlNpdM9P3ncPurPVRnxmTj0DVF0nQB+hGhj8t6ToKum5wHZkUfxx8IMuo31OeLEVcR3O4plWNrHnI4Tf6HagilL8EoIpuUkzs478Dzc7NaGGAsTsVfUN+TPt9xqJQB0IeoYY/cf86OjyaAp4r2Lx9immk13ULsLA3iFdueJ29DZHe6lDNE9eIvgNm7FutL1bcak7Fl+MC9KbF0VKoZwdiUtE3IoRCrdMbS3Ud4Src1mm8IagAEuj3vgoaaMliwokZwohULymGc3DWqtCv2kgcv3F4Y6K4lvUr0TTm7kEvT5ugu64Kkw9WL8Lkog5zyhZGtCIGDAh19KrGEDsMvNZZPJpy12uBwBuRB/ia3Wxs1trC/cJpJVj/zvmEK0WQKDGNqJ89VSs3gAgE4SDTUwMedRclE+XQ=="}
耗时:380
2022-06-05 12:23:44.978 [http-nio-8080-exec-7] INFO  com.x.config.mvc.LogRecordAspect 
GET请求/product/sku
参数:productId=628ca7e45f2a87006fd75a46
响应:[{"id":"629728e7da667d6000146db0","name":"套餐2","productId":"628ca7e45f2a87006fd75a46","properties":{"交通车型":"保姆车","住宿标准":"四星或同级"},"state":1},{"id":"6297291fda667d6000146db1","name":"套餐1","productId":"628ca7e45f2a87006fd75a46","properties":{"交通车型":"普通大巴","住宿标准":"三星或同级"},"state":0},{"id":"629818163aa8774bc93c9188","name":"套餐3","productId":"628ca7e45f2a87006fd75a46","properties":{"交通车型":"保姆车","住宿标准":"三星或同级"},"state":0},{"id":"629831df3aa8774bc93c9189","name":"套餐4","productId":"628ca7e45f2a87006fd75a46","properties":{"交通车型":"普通大巴","住宿标准":"四星或同级"},"state":0}]
耗时:7
2022-06-05 13:05:36.178 [http-nio-8080-exec-6] INFO  com.x.config.mvc.LogRecordAspect 
GET请求/product/sku
参数:productId=628ca7e45f2a87006fd75a46
响应:[{"id":"629728e7da667d6000146db0","name":"套餐2","productId":"628ca7e45f2a87006fd75a46","properties":{"交通车型":"保姆车","住宿标准":"四星或同级"},"state":1},{"id":"6297291fda667d6000146db1","name":"套餐1","productId":"628ca7e45f2a87006fd75a46","properties":{"交通车型":"普通大巴","住宿标准":"三星或同级"},"state":0},{"id":"629818163aa8774bc93c9188","name":"套餐3","productId":"628ca7e45f2a87006fd75a46","properties":{"交通车型":"保姆车","住宿标准":"三星或同级"},"state":0},{"id":"629831df3aa8774bc93c9189","name":"套餐4","productId":"628ca7e45f2a87006fd75a46","properties":{"交通车型":"普通大巴","住宿标准":"四星或同级"},"state":0}]
耗时:7
2022-06-05 17:38:11.984 [springSessionRedisMessageListenerContainer-23] WARN  o.s.s.data.redis.RedisIndexedSessionRepository Unable to publish SessionDestroyedEvent for session 754e6063-76af-460e-a724-230e6b99e760
