2021-05-28 17:18:10.175 [background-preinit] INFO  org.hibernate.validator.internal.util.Version HV000001: Hibernate Validator 6.1.7.Final
2021-05-28 17:18:10.212 [main] INFO  com.x.lfs.Application Starting Application using Java 11.0.10 on DESKTOP-6STQ666 with PID 16776 (C:\workspace\littlefish\lfs\target\classes started by 老徐 in C:\workspace\littlefish\lfs)
2021-05-28 17:18:10.217 [main] INFO  com.x.lfs.Application The following profiles are active: dev
2021-05-28 17:18:12.651 [main] INFO  o.s.d.r.config.RepositoryConfigurationDelegate Multiple Spring Data modules found, entering strict repository configuration mode!
2021-05-28 17:18:12.654 [main] INFO  o.s.d.r.config.RepositoryConfigurationDelegate Bootstrapping Spring Data MongoDB repositories in DEFAULT mode.
2021-05-28 17:18:12.724 [main] INFO  o.s.d.r.config.RepositoryConfigurationDelegate Finished Spring Data repository scanning in 61 ms. Found 0 MongoDB repository interfaces.
2021-05-28 17:18:12.756 [main] INFO  o.s.d.r.config.RepositoryConfigurationDelegate Multiple Spring Data modules found, entering strict repository configuration mode!
2021-05-28 17:18:12.759 [main] INFO  o.s.d.r.config.RepositoryConfigurationDelegate Bootstrapping Spring Data Redis repositories in DEFAULT mode.
2021-05-28 17:18:12.829 [main] INFO  o.s.d.r.config.RepositoryConfigurationDelegate Finished Spring Data repository scanning in 37 ms. Found 0 Redis repository interfaces.
2021-05-28 17:18:13.425 [main] INFO  o.s.c.s.PostProcessorRegistrationDelegate$BeanPostProcessorChecker Bean 'org.apache.shiro.spring.boot.autoconfigure.ShiroBeanAutoConfiguration' of type [org.apache.shiro.spring.boot.autoconfigure.ShiroBeanAutoConfiguration$$EnhancerBySpringCGLIB$$b6b4f028] is not eligible for getting processed by all BeanPostProcessors (for example: not eligible for auto-proxying)
2021-05-28 17:18:13.536 [main] INFO  o.s.c.s.PostProcessorRegistrationDelegate$BeanPostProcessorChecker Bean 'shiroConfig' of type [com.x.lfs.config.shiro.ShiroConfig$$EnhancerBySpringCGLIB$$2561f63f] is not eligible for getting processed by all BeanPostProcessors (for example: not eligible for auto-proxying)
2021-05-28 17:18:13.726 [main] INFO  o.s.c.s.PostProcessorRegistrationDelegate$BeanPostProcessorChecker Bean 'org.apache.shiro.spring.boot.autoconfigure.ShiroAnnotationProcessorAutoConfiguration' of type [org.apache.shiro.spring.boot.autoconfigure.ShiroAnnotationProcessorAutoConfiguration$$EnhancerBySpringCGLIB$$b9482ecd] is not eligible for getting processed by all BeanPostProcessors (for example: not eligible for auto-proxying)
2021-05-28 17:18:14.060 [main] INFO  o.s.c.s.PostProcessorRegistrationDelegate$BeanPostProcessorChecker Bean 'org.springframework.boot.autoconfigure.data.redis.RedisAutoConfiguration' of type [org.springframework.boot.autoconfigure.data.redis.RedisAutoConfiguration] is not eligible for getting processed by all BeanPostProcessors (for example: not eligible for auto-proxying)
2021-05-28 17:18:14.135 [main] INFO  o.s.c.s.PostProcessorRegistrationDelegate$BeanPostProcessorChecker Bean 'spring.redis-org.springframework.boot.autoconfigure.data.redis.RedisProperties' of type [org.springframework.boot.autoconfigure.data.redis.RedisProperties] is not eligible for getting processed by all BeanPostProcessors (for example: not eligible for auto-proxying)
2021-05-28 17:18:14.150 [main] INFO  o.s.c.s.PostProcessorRegistrationDelegate$BeanPostProcessorChecker Bean 'org.springframework.boot.autoconfigure.data.redis.LettuceConnectionConfiguration' of type [org.springframework.boot.autoconfigure.data.redis.LettuceConnectionConfiguration] is not eligible for getting processed by all BeanPostProcessors (for example: not eligible for auto-proxying)
2021-05-28 17:18:14.692 [main] INFO  o.s.c.s.PostProcessorRegistrationDelegate$BeanPostProcessorChecker Bean 'lettuceClientResources' of type [io.lettuce.core.resource.DefaultClientResources] is not eligible for getting processed by all BeanPostProcessors (for example: not eligible for auto-proxying)
2021-05-28 17:18:14.953 [main] INFO  o.s.c.s.PostProcessorRegistrationDelegate$BeanPostProcessorChecker Bean 'redisConnectionFactory' of type [org.springframework.data.redis.connection.lettuce.LettuceConnectionFactory] is not eligible for getting processed by all BeanPostProcessors (for example: not eligible for auto-proxying)
2021-05-28 17:18:15.116 [main] INFO  o.s.c.s.PostProcessorRegistrationDelegate$BeanPostProcessorChecker Bean 'redisTemplate' of type [org.springframework.data.redis.core.RedisTemplate] is not eligible for getting processed by all BeanPostProcessors (for example: not eligible for auto-proxying)
2021-05-28 17:18:15.212 [main] INFO  o.s.c.s.PostProcessorRegistrationDelegate$BeanPostProcessorChecker Bean 'shiroRedisCacheManager' of type [com.x.lfs.config.shiro.RedisCacheManager] is not eligible for getting processed by all BeanPostProcessors (for example: not eligible for auto-proxying)
2021-05-28 17:18:15.225 [main] INFO  o.s.c.s.PostProcessorRegistrationDelegate$BeanPostProcessorChecker Bean 'eventBus' of type [org.apache.shiro.event.support.DefaultEventBus] is not eligible for getting processed by all BeanPostProcessors (for example: not eligible for auto-proxying)
2021-05-28 17:18:15.350 [main] INFO  o.s.c.s.PostProcessorRegistrationDelegate$BeanPostProcessorChecker Bean 'org.apache.shiro.spring.config.web.autoconfigure.ShiroWebAutoConfiguration' of type [org.apache.shiro.spring.config.web.autoconfigure.ShiroWebAutoConfiguration$$EnhancerBySpringCGLIB$$db515092] is not eligible for getting processed by all BeanPostProcessors (for example: not eligible for auto-proxying)
2021-05-28 17:18:15.414 [main] INFO  o.s.c.s.PostProcessorRegistrationDelegate$BeanPostProcessorChecker Bean 'spring.data.mongodb-org.springframework.boot.autoconfigure.mongo.MongoProperties' of type [org.springframework.boot.autoconfigure.mongo.MongoProperties] is not eligible for getting processed by all BeanPostProcessors (for example: not eligible for auto-proxying)
2021-05-28 17:18:15.419 [main] INFO  o.s.c.s.PostProcessorRegistrationDelegate$BeanPostProcessorChecker Bean 'org.springframework.boot.autoconfigure.data.mongo.MongoDatabaseFactoryDependentConfiguration' of type [org.springframework.boot.autoconfigure.data.mongo.MongoDatabaseFactoryDependentConfiguration] is not eligible for getting processed by all BeanPostProcessors (for example: not eligible for auto-proxying)
2021-05-28 17:18:15.423 [main] INFO  o.s.c.s.PostProcessorRegistrationDelegate$BeanPostProcessorChecker Bean 'org.springframework.boot.autoconfigure.data.mongo.MongoDatabaseFactoryConfiguration' of type [org.springframework.boot.autoconfigure.data.mongo.MongoDatabaseFactoryConfiguration] is not eligible for getting processed by all BeanPostProcessors (for example: not eligible for auto-proxying)
2021-05-28 17:18:15.426 [main] INFO  o.s.c.s.PostProcessorRegistrationDelegate$BeanPostProcessorChecker Bean 'org.springframework.boot.autoconfigure.mongo.MongoAutoConfiguration' of type [org.springframework.boot.autoconfigure.mongo.MongoAutoConfiguration] is not eligible for getting processed by all BeanPostProcessors (for example: not eligible for auto-proxying)
2021-05-28 17:18:15.429 [main] INFO  o.s.c.s.PostProcessorRegistrationDelegate$BeanPostProcessorChecker Bean 'org.springframework.boot.autoconfigure.mongo.MongoAutoConfiguration$MongoClientSettingsConfiguration' of type [org.springframework.boot.autoconfigure.mongo.MongoAutoConfiguration$MongoClientSettingsConfiguration] is not eligible for getting processed by all BeanPostProcessors (for example: not eligible for auto-proxying)
2021-05-28 17:18:15.579 [main] INFO  o.s.c.s.PostProcessorRegistrationDelegate$BeanPostProcessorChecker Bean 'mongoClientSettings' of type [com.mongodb.MongoClientSettings] is not eligible for getting processed by all BeanPostProcessors (for example: not eligible for auto-proxying)
2021-05-28 17:18:15.592 [main] INFO  o.s.c.s.PostProcessorRegistrationDelegate$BeanPostProcessorChecker Bean 'mongoPropertiesCustomizer' of type [org.springframework.boot.autoconfigure.mongo.MongoPropertiesClientSettingsBuilderCustomizer] is not eligible for getting processed by all BeanPostProcessors (for example: not eligible for auto-proxying)
2021-05-28 17:18:17.571 [main] INFO  org.mongodb.driver.cluster Cluster created with settings {hosts=[127.0.0.1:13001], mode=SINGLE, requiredClusterType=UNKNOWN, serverSelectionTimeout='30000 ms'}
2021-05-28 17:18:17.693 [main] INFO  o.s.c.s.PostProcessorRegistrationDelegate$BeanPostProcessorChecker Bean 'mongo' of type [com.mongodb.client.internal.MongoClientImpl] is not eligible for getting processed by all BeanPostProcessors (for example: not eligible for auto-proxying)
2021-05-28 17:18:17.732 [main] INFO  o.s.c.s.PostProcessorRegistrationDelegate$BeanPostProcessorChecker Bean 'mongoDatabaseFactory' of type [org.springframework.data.mongodb.core.SimpleMongoClientDatabaseFactory] is not eligible for getting processed by all BeanPostProcessors (for example: not eligible for auto-proxying)
2021-05-28 17:18:17.757 [main] INFO  o.s.c.s.PostProcessorRegistrationDelegate$BeanPostProcessorChecker Bean 'org.springframework.boot.autoconfigure.data.mongo.MongoDataConfiguration' of type [org.springframework.boot.autoconfigure.data.mongo.MongoDataConfiguration] is not eligible for getting processed by all BeanPostProcessors (for example: not eligible for auto-proxying)
2021-05-28 17:18:17.809 [cluster-ClusterId{value='60b0b559b2c9793c3d607381', description='null'}-127.0.0.1:13001] INFO  org.mongodb.driver.connection Opened connection [connectionId{localValue:1, serverValue:2}] to 127.0.0.1:13001
2021-05-28 17:18:17.809 [cluster-rtt-ClusterId{value='60b0b559b2c9793c3d607381', description='null'}-127.0.0.1:13001] INFO  org.mongodb.driver.connection Opened connection [connectionId{localValue:2, serverValue:1}] to 127.0.0.1:13001
2021-05-28 17:18:17.810 [cluster-ClusterId{value='60b0b559b2c9793c3d607381', description='null'}-127.0.0.1:13001] INFO  org.mongodb.driver.cluster Monitor thread successfully connected to server with description ServerDescription{address=127.0.0.1:13001, type=STANDALONE, state=CONNECTED, ok=true, minWireVersion=0, maxWireVersion=7, maxDocumentSize=16777216, logicalSessionTimeoutMinutes=30, roundTripTimeNanos=78110400}
2021-05-28 17:18:17.910 [main] INFO  o.s.c.s.PostProcessorRegistrationDelegate$BeanPostProcessorChecker Bean 'mongoCustomConversions' of type [org.springframework.data.mongodb.core.convert.MongoCustomConversions] is not eligible for getting processed by all BeanPostProcessors (for example: not eligible for auto-proxying)
2021-05-28 17:18:18.204 [main] INFO  o.s.c.s.PostProcessorRegistrationDelegate$BeanPostProcessorChecker Bean 'mongoMappingContext' of type [org.springframework.data.mongodb.core.mapping.MongoMappingContext] is not eligible for getting processed by all BeanPostProcessors (for example: not eligible for auto-proxying)
2021-05-28 17:18:18.295 [main] INFO  o.s.c.s.PostProcessorRegistrationDelegate$BeanPostProcessorChecker Bean 'mappingMongoConverter' of type [org.springframework.data.mongodb.core.convert.MappingMongoConverter] is not eligible for getting processed by all BeanPostProcessors (for example: not eligible for auto-proxying)
2021-05-28 17:18:18.457 [main] INFO  o.s.c.s.PostProcessorRegistrationDelegate$BeanPostProcessorChecker Bean 'mongoTemplate' of type [org.springframework.data.mongodb.core.MongoTemplate] is not eligible for getting processed by all BeanPostProcessors (for example: not eligible for auto-proxying)
2021-05-28 17:18:18.547 [main] INFO  o.s.c.s.PostProcessorRegistrationDelegate$BeanPostProcessorChecker Bean 'orikaConfig' of type [com.x.lfs.config.OrikaConfig$$EnhancerBySpringCGLIB$$9d5f4547] is not eligible for getting processed by all BeanPostProcessors (for example: not eligible for auto-proxying)
2021-05-28 17:18:18.780 [main] INFO  o.s.c.s.PostProcessorRegistrationDelegate$BeanPostProcessorChecker Bean 'orikaMapper' of type [ma.glasnost.orika.impl.MapperFacadeImpl] is not eligible for getting processed by all BeanPostProcessors (for example: not eligible for auto-proxying)
2021-05-28 17:18:18.906 [main] INFO  o.s.c.s.PostProcessorRegistrationDelegate$BeanPostProcessorChecker Bean 'adminServiceImpl' of type [com.x.lfs.service.impl.AdminServiceImpl] is not eligible for getting processed by all BeanPostProcessors (for example: not eligible for auto-proxying)
2021-05-28 17:18:18.909 [main] INFO  o.s.c.s.PostProcessorRegistrationDelegate$BeanPostProcessorChecker Bean 'myAdminRealm' of type [com.x.lfs.config.shiro.MyAdminRealm] is not eligible for getting processed by all BeanPostProcessors (for example: not eligible for auto-proxying)
2021-05-28 17:18:18.987 [main] INFO  o.s.c.s.PostProcessorRegistrationDelegate$BeanPostProcessorChecker Bean 'sessionStorageEvaluator' of type [org.apache.shiro.web.mgt.DefaultWebSessionStorageEvaluator] is not eligible for getting processed by all BeanPostProcessors (for example: not eligible for auto-proxying)
2021-05-28 17:18:18.988 [main] INFO  o.s.c.s.PostProcessorRegistrationDelegate$BeanPostProcessorChecker Bean 'subjectDAO' of type [org.apache.shiro.mgt.DefaultSubjectDAO] is not eligible for getting processed by all BeanPostProcessors (for example: not eligible for auto-proxying)
2021-05-28 17:18:18.990 [main] INFO  o.s.c.s.PostProcessorRegistrationDelegate$BeanPostProcessorChecker Bean 'subjectFactory' of type [org.apache.shiro.web.mgt.DefaultWebSubjectFactory] is not eligible for getting processed by all BeanPostProcessors (for example: not eligible for auto-proxying)
2021-05-28 17:18:18.994 [main] INFO  o.s.c.s.PostProcessorRegistrationDelegate$BeanPostProcessorChecker Bean 'rememberMeCookieTemplate' of type [org.apache.shiro.web.servlet.SimpleCookie] is not eligible for getting processed by all BeanPostProcessors (for example: not eligible for auto-proxying)
2021-05-28 17:18:18.998 [main] INFO  o.s.c.s.PostProcessorRegistrationDelegate$BeanPostProcessorChecker Bean 'rememberMeManager' of type [org.apache.shiro.web.mgt.CookieRememberMeManager] is not eligible for getting processed by all BeanPostProcessors (for example: not eligible for auto-proxying)
2021-05-28 17:18:19.002 [main] INFO  o.s.c.s.PostProcessorRegistrationDelegate$BeanPostProcessorChecker Bean 'authenticationStrategy' of type [org.apache.shiro.authc.pam.AtLeastOneSuccessfulStrategy] is not eligible for getting processed by all BeanPostProcessors (for example: not eligible for auto-proxying)
2021-05-28 17:18:19.005 [main] INFO  o.s.c.s.PostProcessorRegistrationDelegate$BeanPostProcessorChecker Bean 'authenticator' of type [org.apache.shiro.authc.pam.ModularRealmAuthenticator] is not eligible for getting processed by all BeanPostProcessors (for example: not eligible for auto-proxying)
2021-05-28 17:18:19.008 [main] INFO  o.s.c.s.PostProcessorRegistrationDelegate$BeanPostProcessorChecker Bean 'authorizer' of type [org.apache.shiro.authz.ModularRealmAuthorizer] is not eligible for getting processed by all BeanPostProcessors (for example: not eligible for auto-proxying)
2021-05-28 17:18:19.012 [main] INFO  o.s.c.s.PostProcessorRegistrationDelegate$BeanPostProcessorChecker Bean 'sessionManager' of type [org.apache.shiro.web.session.mgt.ServletContainerSessionManager] is not eligible for getting processed by all BeanPostProcessors (for example: not eligible for auto-proxying)
2021-05-28 17:18:19.016 [main] INFO  o.s.c.s.PostProcessorRegistrationDelegate$BeanPostProcessorChecker Bean 'securityManager' of type [org.apache.shiro.web.mgt.DefaultWebSecurityManager] is not eligible for getting processed by all BeanPostProcessors (for example: not eligible for auto-proxying)
2021-05-28 17:18:19.052 [main] INFO  o.s.c.s.PostProcessorRegistrationDelegate$BeanPostProcessorChecker Bean 'authorizationAttributeSourceAdvisor' of type [org.apache.shiro.spring.security.interceptor.AuthorizationAttributeSourceAdvisor] is not eligible for getting processed by all BeanPostProcessors (for example: not eligible for auto-proxying)
2021-05-28 17:18:19.259 [main] INFO  o.s.c.s.PostProcessorRegistrationDelegate$BeanPostProcessorChecker Bean 'shiroFilterChainDefinition' of type [org.apache.shiro.spring.web.config.DefaultShiroFilterChainDefinition] is not eligible for getting processed by all BeanPostProcessors (for example: not eligible for auto-proxying)
2021-05-28 17:18:19.268 [main] INFO  o.s.c.s.PostProcessorRegistrationDelegate$BeanPostProcessorChecker Bean 'requestContextFilter' of type [org.springframework.boot.web.servlet.filter.OrderedRequestContextFilter] is not eligible for getting processed by all BeanPostProcessors (for example: not eligible for auto-proxying)
2021-05-28 17:18:19.285 [main] INFO  o.s.c.s.PostProcessorRegistrationDelegate$BeanPostProcessorChecker Bean 'org.springframework.boot.autoconfigure.web.servlet.WebMvcAutoConfiguration' of type [org.springframework.boot.autoconfigure.web.servlet.WebMvcAutoConfiguration] is not eligible for getting processed by all BeanPostProcessors (for example: not eligible for auto-proxying)
2021-05-28 17:18:19.293 [main] INFO  o.s.c.s.PostProcessorRegistrationDelegate$BeanPostProcessorChecker Bean 'formContentFilter' of type [org.springframework.boot.web.servlet.filter.OrderedFormContentFilter] is not eligible for getting processed by all BeanPostProcessors (for example: not eligible for auto-proxying)
2021-05-28 17:18:19.334 [main] INFO  o.s.c.s.PostProcessorRegistrationDelegate$BeanPostProcessorChecker Bean 'server-org.springframework.boot.autoconfigure.web.ServerProperties' of type [org.springframework.boot.autoconfigure.web.ServerProperties] is not eligible for getting processed by all BeanPostProcessors (for example: not eligible for auto-proxying)
2021-05-28 17:18:19.339 [main] INFO  o.s.c.s.PostProcessorRegistrationDelegate$BeanPostProcessorChecker Bean 'org.springframework.boot.autoconfigure.web.servlet.HttpEncodingAutoConfiguration' of type [org.springframework.boot.autoconfigure.web.servlet.HttpEncodingAutoConfiguration] is not eligible for getting processed by all BeanPostProcessors (for example: not eligible for auto-proxying)
2021-05-28 17:18:19.345 [main] INFO  o.s.c.s.PostProcessorRegistrationDelegate$BeanPostProcessorChecker Bean 'characterEncodingFilter' of type [org.springframework.boot.web.servlet.filter.OrderedCharacterEncodingFilter] is not eligible for getting processed by all BeanPostProcessors (for example: not eligible for auto-proxying)
2021-05-28 17:18:19.362 [main] INFO  o.s.c.s.PostProcessorRegistrationDelegate$BeanPostProcessorChecker Bean 'org.apache.shiro.spring.config.web.autoconfigure.ShiroWebFilterConfiguration' of type [org.apache.shiro.spring.config.web.autoconfigure.ShiroWebFilterConfiguration$$EnhancerBySpringCGLIB$$dbbb5c9] is not eligible for getting processed by all BeanPostProcessors (for example: not eligible for auto-proxying)
2021-05-28 17:18:19.390 [main] INFO  o.s.c.s.PostProcessorRegistrationDelegate$BeanPostProcessorChecker Bean 'globalFilters' of type [java.util.Collections$SingletonList] is not eligible for getting processed by all BeanPostProcessors (for example: not eligible for auto-proxying)
2021-05-28 17:18:20.142 [main] INFO  o.s.boot.web.embedded.tomcat.TomcatWebServer Tomcat initialized with port(s): 8080 (http)
2021-05-28 17:18:20.200 [main] INFO  org.apache.coyote.http11.Http11NioProtocol Initializing ProtocolHandler ["http-nio-8080"]
2021-05-28 17:18:20.201 [main] INFO  org.apache.catalina.core.StandardService Starting service [Tomcat]
2021-05-28 17:18:20.201 [main] INFO  org.apache.catalina.core.StandardEngine Starting Servlet engine: [Apache Tomcat/9.0.43]
2021-05-28 17:18:20.465 [main] INFO  o.a.c.core.ContainerBase.[Tomcat].[localhost].[/] Initializing Spring embedded WebApplicationContext
2021-05-28 17:18:20.466 [main] INFO  o.s.b.w.s.c.ServletWebServerApplicationContext Root WebApplicationContext: initialization completed in 10133 ms
2021-05-28 17:18:21.535 [main] INFO  com.x.lfs.service.impl.WxPayService wxPayService init success
2021-05-28 17:18:23.426 [main] INFO  o.s.scheduling.concurrent.ThreadPoolTaskExecutor Initializing ExecutorService 'applicationTaskExecutor'
2021-05-28 17:18:24.224 [main] INFO  o.s.scheduling.concurrent.ThreadPoolTaskScheduler Initializing ExecutorService 'taskScheduler'
2021-05-28 17:18:24.440 [main] INFO  org.apache.coyote.http11.Http11NioProtocol Starting ProtocolHandler ["http-nio-8080"]
2021-05-28 17:18:24.498 [main] INFO  o.s.boot.web.embedded.tomcat.TomcatWebServer Tomcat started on port(s): 8080 (http) with context path ''
2021-05-28 17:18:25.456 [main] INFO  com.x.lfs.Application Started Application in 16.664 seconds (JVM running for 18.788)
2021-05-28 17:18:52.899 [http-nio-8080-exec-1] INFO  o.a.c.core.ContainerBase.[Tomcat].[localhost].[/] Initializing Spring DispatcherServlet 'dispatcherServlet'
2021-05-28 17:18:52.900 [http-nio-8080-exec-1] INFO  org.springframework.web.servlet.DispatcherServlet Initializing Servlet 'dispatcherServlet'
2021-05-28 17:18:52.903 [http-nio-8080-exec-1] INFO  org.springframework.web.servlet.DispatcherServlet Completed initialization in 3 ms
2021-05-28 17:19:58.474 [http-nio-8080-exec-8] INFO  com.x.lfs.config.mvc.LogRecordAspect 请求=====>GET /price
2021-05-28 17:19:58.476 [http-nio-8080-exec-8] INFO  com.x.lfs.config.mvc.LogRecordAspect 请求参数==>:myprice=220&ratio=0.05&distance=9&chratio=0.10
2021-05-28 17:19:58.536 [http-nio-8080-exec-8] INFO  com.x.lfs.config.mvc.LogRecordAspect 响应=====>:158.0
2021-05-28 17:19:58.537 [http-nio-8080-exec-8] INFO  com.x.lfs.config.mvc.LogRecordAspect 耗时=====>82
2021-05-28 17:20:24.528 [http-nio-8080-exec-7] INFO  com.x.lfs.config.mvc.LogRecordAspect 请求=====>GET /price
2021-05-28 17:20:24.529 [http-nio-8080-exec-7] INFO  com.x.lfs.config.mvc.LogRecordAspect 请求参数==>:myprice=220&ratio=0&distance=9&chratio=0.10
2021-05-28 17:20:24.531 [http-nio-8080-exec-7] INFO  com.x.lfs.config.mvc.LogRecordAspect 响应=====>:150.0
2021-05-28 17:20:24.531 [http-nio-8080-exec-7] INFO  com.x.lfs.config.mvc.LogRecordAspect 耗时=====>3
2021-05-28 17:21:58.543 [background-preinit] INFO  org.hibernate.validator.internal.util.Version HV000001: Hibernate Validator 6.1.7.Final
2021-05-28 17:21:58.574 [main] INFO  com.x.lfs.Application Starting Application using Java 11.0.10 on DESKTOP-6STQ666 with PID 23904 (C:\workspace\littlefish\lfs\target\classes started by 老徐 in C:\workspace\littlefish\lfs)
2021-05-28 17:21:58.576 [main] INFO  com.x.lfs.Application The following profiles are active: dev
2021-05-28 17:22:01.143 [main] INFO  o.s.d.r.config.RepositoryConfigurationDelegate Multiple Spring Data modules found, entering strict repository configuration mode!
2021-05-28 17:22:01.147 [main] INFO  o.s.d.r.config.RepositoryConfigurationDelegate Bootstrapping Spring Data MongoDB repositories in DEFAULT mode.
2021-05-28 17:22:01.226 [main] INFO  o.s.d.r.config.RepositoryConfigurationDelegate Finished Spring Data repository scanning in 71 ms. Found 0 MongoDB repository interfaces.
2021-05-28 17:22:01.258 [main] INFO  o.s.d.r.config.RepositoryConfigurationDelegate Multiple Spring Data modules found, entering strict repository configuration mode!
2021-05-28 17:22:01.261 [main] INFO  o.s.d.r.config.RepositoryConfigurationDelegate Bootstrapping Spring Data Redis repositories in DEFAULT mode.
2021-05-28 17:22:01.324 [main] INFO  o.s.d.r.config.RepositoryConfigurationDelegate Finished Spring Data repository scanning in 39 ms. Found 0 Redis repository interfaces.
2021-05-28 17:22:01.904 [main] INFO  o.s.c.s.PostProcessorRegistrationDelegate$BeanPostProcessorChecker Bean 'org.apache.shiro.spring.boot.autoconfigure.ShiroBeanAutoConfiguration' of type [org.apache.shiro.spring.boot.autoconfigure.ShiroBeanAutoConfiguration$$EnhancerBySpringCGLIB$$b6b4f028] is not eligible for getting processed by all BeanPostProcessors (for example: not eligible for auto-proxying)
2021-05-28 17:22:02.001 [main] INFO  o.s.c.s.PostProcessorRegistrationDelegate$BeanPostProcessorChecker Bean 'shiroConfig' of type [com.x.lfs.config.shiro.ShiroConfig$$EnhancerBySpringCGLIB$$2561f63f] is not eligible for getting processed by all BeanPostProcessors (for example: not eligible for auto-proxying)
2021-05-28 17:22:02.176 [main] INFO  o.s.c.s.PostProcessorRegistrationDelegate$BeanPostProcessorChecker Bean 'org.apache.shiro.spring.boot.autoconfigure.ShiroAnnotationProcessorAutoConfiguration' of type [org.apache.shiro.spring.boot.autoconfigure.ShiroAnnotationProcessorAutoConfiguration$$EnhancerBySpringCGLIB$$b9482ecd] is not eligible for getting processed by all BeanPostProcessors (for example: not eligible for auto-proxying)
2021-05-28 17:22:02.433 [main] INFO  o.s.c.s.PostProcessorRegistrationDelegate$BeanPostProcessorChecker Bean 'org.springframework.boot.autoconfigure.data.redis.RedisAutoConfiguration' of type [org.springframework.boot.autoconfigure.data.redis.RedisAutoConfiguration] is not eligible for getting processed by all BeanPostProcessors (for example: not eligible for auto-proxying)
2021-05-28 17:22:02.509 [main] INFO  o.s.c.s.PostProcessorRegistrationDelegate$BeanPostProcessorChecker Bean 'spring.redis-org.springframework.boot.autoconfigure.data.redis.RedisProperties' of type [org.springframework.boot.autoconfigure.data.redis.RedisProperties] is not eligible for getting processed by all BeanPostProcessors (for example: not eligible for auto-proxying)
2021-05-28 17:22:02.522 [main] INFO  o.s.c.s.PostProcessorRegistrationDelegate$BeanPostProcessorChecker Bean 'org.springframework.boot.autoconfigure.data.redis.LettuceConnectionConfiguration' of type [org.springframework.boot.autoconfigure.data.redis.LettuceConnectionConfiguration] is not eligible for getting processed by all BeanPostProcessors (for example: not eligible for auto-proxying)
2021-05-28 17:22:02.974 [main] INFO  o.s.c.s.PostProcessorRegistrationDelegate$BeanPostProcessorChecker Bean 'lettuceClientResources' of type [io.lettuce.core.resource.DefaultClientResources] is not eligible for getting processed by all BeanPostProcessors (for example: not eligible for auto-proxying)
2021-05-28 17:22:03.270 [main] INFO  o.s.c.s.PostProcessorRegistrationDelegate$BeanPostProcessorChecker Bean 'redisConnectionFactory' of type [org.springframework.data.redis.connection.lettuce.LettuceConnectionFactory] is not eligible for getting processed by all BeanPostProcessors (for example: not eligible for auto-proxying)
2021-05-28 17:22:03.429 [main] INFO  o.s.c.s.PostProcessorRegistrationDelegate$BeanPostProcessorChecker Bean 'redisTemplate' of type [org.springframework.data.redis.core.RedisTemplate] is not eligible for getting processed by all BeanPostProcessors (for example: not eligible for auto-proxying)
2021-05-28 17:22:03.497 [main] INFO  o.s.c.s.PostProcessorRegistrationDelegate$BeanPostProcessorChecker Bean 'shiroRedisCacheManager' of type [com.x.lfs.config.shiro.RedisCacheManager] is not eligible for getting processed by all BeanPostProcessors (for example: not eligible for auto-proxying)
2021-05-28 17:22:03.506 [main] INFO  o.s.c.s.PostProcessorRegistrationDelegate$BeanPostProcessorChecker Bean 'eventBus' of type [org.apache.shiro.event.support.DefaultEventBus] is not eligible for getting processed by all BeanPostProcessors (for example: not eligible for auto-proxying)
2021-05-28 17:22:03.616 [main] INFO  o.s.c.s.PostProcessorRegistrationDelegate$BeanPostProcessorChecker Bean 'org.apache.shiro.spring.config.web.autoconfigure.ShiroWebAutoConfiguration' of type [org.apache.shiro.spring.config.web.autoconfigure.ShiroWebAutoConfiguration$$EnhancerBySpringCGLIB$$db515092] is not eligible for getting processed by all BeanPostProcessors (for example: not eligible for auto-proxying)
2021-05-28 17:22:03.678 [main] INFO  o.s.c.s.PostProcessorRegistrationDelegate$BeanPostProcessorChecker Bean 'spring.data.mongodb-org.springframework.boot.autoconfigure.mongo.MongoProperties' of type [org.springframework.boot.autoconfigure.mongo.MongoProperties] is not eligible for getting processed by all BeanPostProcessors (for example: not eligible for auto-proxying)
2021-05-28 17:22:03.682 [main] INFO  o.s.c.s.PostProcessorRegistrationDelegate$BeanPostProcessorChecker Bean 'org.springframework.boot.autoconfigure.data.mongo.MongoDatabaseFactoryDependentConfiguration' of type [org.springframework.boot.autoconfigure.data.mongo.MongoDatabaseFactoryDependentConfiguration] is not eligible for getting processed by all BeanPostProcessors (for example: not eligible for auto-proxying)
2021-05-28 17:22:03.686 [main] INFO  o.s.c.s.PostProcessorRegistrationDelegate$BeanPostProcessorChecker Bean 'org.springframework.boot.autoconfigure.data.mongo.MongoDatabaseFactoryConfiguration' of type [org.springframework.boot.autoconfigure.data.mongo.MongoDatabaseFactoryConfiguration] is not eligible for getting processed by all BeanPostProcessors (for example: not eligible for auto-proxying)
2021-05-28 17:22:03.690 [main] INFO  o.s.c.s.PostProcessorRegistrationDelegate$BeanPostProcessorChecker Bean 'org.springframework.boot.autoconfigure.mongo.MongoAutoConfiguration' of type [org.springframework.boot.autoconfigure.mongo.MongoAutoConfiguration] is not eligible for getting processed by all BeanPostProcessors (for example: not eligible for auto-proxying)
2021-05-28 17:22:03.693 [main] INFO  o.s.c.s.PostProcessorRegistrationDelegate$BeanPostProcessorChecker Bean 'org.springframework.boot.autoconfigure.mongo.MongoAutoConfiguration$MongoClientSettingsConfiguration' of type [org.springframework.boot.autoconfigure.mongo.MongoAutoConfiguration$MongoClientSettingsConfiguration] is not eligible for getting processed by all BeanPostProcessors (for example: not eligible for auto-proxying)
2021-05-28 17:22:03.835 [main] INFO  o.s.c.s.PostProcessorRegistrationDelegate$BeanPostProcessorChecker Bean 'mongoClientSettings' of type [com.mongodb.MongoClientSettings] is not eligible for getting processed by all BeanPostProcessors (for example: not eligible for auto-proxying)
2021-05-28 17:22:03.847 [main] INFO  o.s.c.s.PostProcessorRegistrationDelegate$BeanPostProcessorChecker Bean 'mongoPropertiesCustomizer' of type [org.springframework.boot.autoconfigure.mongo.MongoPropertiesClientSettingsBuilderCustomizer] is not eligible for getting processed by all BeanPostProcessors (for example: not eligible for auto-proxying)
2021-05-28 17:22:05.363 [main] INFO  org.mongodb.driver.cluster Cluster created with settings {hosts=[127.0.0.1:13001], mode=SINGLE, requiredClusterType=UNKNOWN, serverSelectionTimeout='30000 ms'}
2021-05-28 17:22:05.465 [main] INFO  o.s.c.s.PostProcessorRegistrationDelegate$BeanPostProcessorChecker Bean 'mongo' of type [com.mongodb.client.internal.MongoClientImpl] is not eligible for getting processed by all BeanPostProcessors (for example: not eligible for auto-proxying)
2021-05-28 17:22:05.526 [main] INFO  o.s.c.s.PostProcessorRegistrationDelegate$BeanPostProcessorChecker Bean 'mongoDatabaseFactory' of type [org.springframework.data.mongodb.core.SimpleMongoClientDatabaseFactory] is not eligible for getting processed by all BeanPostProcessors (for example: not eligible for auto-proxying)
2021-05-28 17:22:05.552 [main] INFO  o.s.c.s.PostProcessorRegistrationDelegate$BeanPostProcessorChecker Bean 'org.springframework.boot.autoconfigure.data.mongo.MongoDataConfiguration' of type [org.springframework.boot.autoconfigure.data.mongo.MongoDataConfiguration] is not eligible for getting processed by all BeanPostProcessors (for example: not eligible for auto-proxying)
2021-05-28 17:22:05.601 [cluster-ClusterId{value='60b0b63dfb377812ced4f793', description='null'}-127.0.0.1:13001] INFO  org.mongodb.driver.connection Opened connection [connectionId{localValue:2, serverValue:3}] to 127.0.0.1:13001
2021-05-28 17:22:05.601 [cluster-rtt-ClusterId{value='60b0b63dfb377812ced4f793', description='null'}-127.0.0.1:13001] INFO  org.mongodb.driver.connection Opened connection [connectionId{localValue:1, serverValue:4}] to 127.0.0.1:13001
2021-05-28 17:22:05.602 [cluster-ClusterId{value='60b0b63dfb377812ced4f793', description='null'}-127.0.0.1:13001] INFO  org.mongodb.driver.cluster Monitor thread successfully connected to server with description ServerDescription{address=127.0.0.1:13001, type=STANDALONE, state=CONNECTED, ok=true, minWireVersion=0, maxWireVersion=7, maxDocumentSize=16777216, logicalSessionTimeoutMinutes=30, roundTripTimeNanos=78601200}
2021-05-28 17:22:05.733 [main] INFO  o.s.c.s.PostProcessorRegistrationDelegate$BeanPostProcessorChecker Bean 'mongoCustomConversions' of type [org.springframework.data.mongodb.core.convert.MongoCustomConversions] is not eligible for getting processed by all BeanPostProcessors (for example: not eligible for auto-proxying)
2021-05-28 17:22:06.097 [main] INFO  o.s.c.s.PostProcessorRegistrationDelegate$BeanPostProcessorChecker Bean 'mongoMappingContext' of type [org.springframework.data.mongodb.core.mapping.MongoMappingContext] is not eligible for getting processed by all BeanPostProcessors (for example: not eligible for auto-proxying)
2021-05-28 17:22:06.202 [main] INFO  o.s.c.s.PostProcessorRegistrationDelegate$BeanPostProcessorChecker Bean 'mappingMongoConverter' of type [org.springframework.data.mongodb.core.convert.MappingMongoConverter] is not eligible for getting processed by all BeanPostProcessors (for example: not eligible for auto-proxying)
2021-05-28 17:22:06.353 [main] INFO  o.s.c.s.PostProcessorRegistrationDelegate$BeanPostProcessorChecker Bean 'mongoTemplate' of type [org.springframework.data.mongodb.core.MongoTemplate] is not eligible for getting processed by all BeanPostProcessors (for example: not eligible for auto-proxying)
2021-05-28 17:22:06.471 [main] INFO  o.s.c.s.PostProcessorRegistrationDelegate$BeanPostProcessorChecker Bean 'orikaConfig' of type [com.x.lfs.config.OrikaConfig$$EnhancerBySpringCGLIB$$9d5f4547] is not eligible for getting processed by all BeanPostProcessors (for example: not eligible for auto-proxying)
2021-05-28 17:22:06.693 [main] INFO  o.s.c.s.PostProcessorRegistrationDelegate$BeanPostProcessorChecker Bean 'orikaMapper' of type [ma.glasnost.orika.impl.MapperFacadeImpl] is not eligible for getting processed by all BeanPostProcessors (for example: not eligible for auto-proxying)
2021-05-28 17:22:06.806 [main] INFO  o.s.c.s.PostProcessorRegistrationDelegate$BeanPostProcessorChecker Bean 'adminServiceImpl' of type [com.x.lfs.service.impl.AdminServiceImpl] is not eligible for getting processed by all BeanPostProcessors (for example: not eligible for auto-proxying)
2021-05-28 17:22:06.807 [main] INFO  o.s.c.s.PostProcessorRegistrationDelegate$BeanPostProcessorChecker Bean 'myAdminRealm' of type [com.x.lfs.config.shiro.MyAdminRealm] is not eligible for getting processed by all BeanPostProcessors (for example: not eligible for auto-proxying)
2021-05-28 17:22:06.916 [main] INFO  o.s.c.s.PostProcessorRegistrationDelegate$BeanPostProcessorChecker Bean 'sessionStorageEvaluator' of type [org.apache.shiro.web.mgt.DefaultWebSessionStorageEvaluator] is not eligible for getting processed by all BeanPostProcessors (for example: not eligible for auto-proxying)
2021-05-28 17:22:06.918 [main] INFO  o.s.c.s.PostProcessorRegistrationDelegate$BeanPostProcessorChecker Bean 'subjectDAO' of type [org.apache.shiro.mgt.DefaultSubjectDAO] is not eligible for getting processed by all BeanPostProcessors (for example: not eligible for auto-proxying)
2021-05-28 17:22:06.919 [main] INFO  o.s.c.s.PostProcessorRegistrationDelegate$BeanPostProcessorChecker Bean 'subjectFactory' of type [org.apache.shiro.web.mgt.DefaultWebSubjectFactory] is not eligible for getting processed by all BeanPostProcessors (for example: not eligible for auto-proxying)
2021-05-28 17:22:06.924 [main] INFO  o.s.c.s.PostProcessorRegistrationDelegate$BeanPostProcessorChecker Bean 'rememberMeCookieTemplate' of type [org.apache.shiro.web.servlet.SimpleCookie] is not eligible for getting processed by all BeanPostProcessors (for example: not eligible for auto-proxying)
2021-05-28 17:22:06.930 [main] INFO  o.s.c.s.PostProcessorRegistrationDelegate$BeanPostProcessorChecker Bean 'rememberMeManager' of type [org.apache.shiro.web.mgt.CookieRememberMeManager] is not eligible for getting processed by all BeanPostProcessors (for example: not eligible for auto-proxying)
2021-05-28 17:22:06.934 [main] INFO  o.s.c.s.PostProcessorRegistrationDelegate$BeanPostProcessorChecker Bean 'authenticationStrategy' of type [org.apache.shiro.authc.pam.AtLeastOneSuccessfulStrategy] is not eligible for getting processed by all BeanPostProcessors (for example: not eligible for auto-proxying)
2021-05-28 17:22:06.936 [main] INFO  o.s.c.s.PostProcessorRegistrationDelegate$BeanPostProcessorChecker Bean 'authenticator' of type [org.apache.shiro.authc.pam.ModularRealmAuthenticator] is not eligible for getting processed by all BeanPostProcessors (for example: not eligible for auto-proxying)
2021-05-28 17:22:06.939 [main] INFO  o.s.c.s.PostProcessorRegistrationDelegate$BeanPostProcessorChecker Bean 'authorizer' of type [org.apache.shiro.authz.ModularRealmAuthorizer] is not eligible for getting processed by all BeanPostProcessors (for example: not eligible for auto-proxying)
2021-05-28 17:22:06.944 [main] INFO  o.s.c.s.PostProcessorRegistrationDelegate$BeanPostProcessorChecker Bean 'sessionManager' of type [org.apache.shiro.web.session.mgt.ServletContainerSessionManager] is not eligible for getting processed by all BeanPostProcessors (for example: not eligible for auto-proxying)
2021-05-28 17:22:06.947 [main] INFO  o.s.c.s.PostProcessorRegistrationDelegate$BeanPostProcessorChecker Bean 'securityManager' of type [org.apache.shiro.web.mgt.DefaultWebSecurityManager] is not eligible for getting processed by all BeanPostProcessors (for example: not eligible for auto-proxying)
2021-05-28 17:22:06.990 [main] INFO  o.s.c.s.PostProcessorRegistrationDelegate$BeanPostProcessorChecker Bean 'authorizationAttributeSourceAdvisor' of type [org.apache.shiro.spring.security.interceptor.AuthorizationAttributeSourceAdvisor] is not eligible for getting processed by all BeanPostProcessors (for example: not eligible for auto-proxying)
2021-05-28 17:22:07.210 [main] INFO  o.s.c.s.PostProcessorRegistrationDelegate$BeanPostProcessorChecker Bean 'shiroFilterChainDefinition' of type [org.apache.shiro.spring.web.config.DefaultShiroFilterChainDefinition] is not eligible for getting processed by all BeanPostProcessors (for example: not eligible for auto-proxying)
2021-05-28 17:22:07.221 [main] INFO  o.s.c.s.PostProcessorRegistrationDelegate$BeanPostProcessorChecker Bean 'requestContextFilter' of type [org.springframework.boot.web.servlet.filter.OrderedRequestContextFilter] is not eligible for getting processed by all BeanPostProcessors (for example: not eligible for auto-proxying)
2021-05-28 17:22:07.238 [main] INFO  o.s.c.s.PostProcessorRegistrationDelegate$BeanPostProcessorChecker Bean 'org.springframework.boot.autoconfigure.web.servlet.WebMvcAutoConfiguration' of type [org.springframework.boot.autoconfigure.web.servlet.WebMvcAutoConfiguration] is not eligible for getting processed by all BeanPostProcessors (for example: not eligible for auto-proxying)
2021-05-28 17:22:07.246 [main] INFO  o.s.c.s.PostProcessorRegistrationDelegate$BeanPostProcessorChecker Bean 'formContentFilter' of type [org.springframework.boot.web.servlet.filter.OrderedFormContentFilter] is not eligible for getting processed by all BeanPostProcessors (for example: not eligible for auto-proxying)
2021-05-28 17:22:07.284 [main] INFO  o.s.c.s.PostProcessorRegistrationDelegate$BeanPostProcessorChecker Bean 'server-org.springframework.boot.autoconfigure.web.ServerProperties' of type [org.springframework.boot.autoconfigure.web.ServerProperties] is not eligible for getting processed by all BeanPostProcessors (for example: not eligible for auto-proxying)
2021-05-28 17:22:07.288 [main] INFO  o.s.c.s.PostProcessorRegistrationDelegate$BeanPostProcessorChecker Bean 'org.springframework.boot.autoconfigure.web.servlet.HttpEncodingAutoConfiguration' of type [org.springframework.boot.autoconfigure.web.servlet.HttpEncodingAutoConfiguration] is not eligible for getting processed by all BeanPostProcessors (for example: not eligible for auto-proxying)
2021-05-28 17:22:07.291 [main] INFO  o.s.c.s.PostProcessorRegistrationDelegate$BeanPostProcessorChecker Bean 'characterEncodingFilter' of type [org.springframework.boot.web.servlet.filter.OrderedCharacterEncodingFilter] is not eligible for getting processed by all BeanPostProcessors (for example: not eligible for auto-proxying)
2021-05-28 17:22:07.304 [main] INFO  o.s.c.s.PostProcessorRegistrationDelegate$BeanPostProcessorChecker Bean 'org.apache.shiro.spring.config.web.autoconfigure.ShiroWebFilterConfiguration' of type [org.apache.shiro.spring.config.web.autoconfigure.ShiroWebFilterConfiguration$$EnhancerBySpringCGLIB$$dbbb5c9] is not eligible for getting processed by all BeanPostProcessors (for example: not eligible for auto-proxying)
2021-05-28 17:22:07.327 [main] INFO  o.s.c.s.PostProcessorRegistrationDelegate$BeanPostProcessorChecker Bean 'globalFilters' of type [java.util.Collections$SingletonList] is not eligible for getting processed by all BeanPostProcessors (for example: not eligible for auto-proxying)
2021-05-28 17:22:08.100 [main] INFO  o.s.boot.web.embedded.tomcat.TomcatWebServer Tomcat initialized with port(s): 8080 (http)
2021-05-28 17:22:08.133 [main] INFO  org.apache.coyote.http11.Http11NioProtocol Initializing ProtocolHandler ["http-nio-8080"]
2021-05-28 17:22:08.134 [main] INFO  org.apache.catalina.core.StandardService Starting service [Tomcat]
2021-05-28 17:22:08.135 [main] INFO  org.apache.catalina.core.StandardEngine Starting Servlet engine: [Apache Tomcat/9.0.43]
2021-05-28 17:22:08.424 [main] INFO  o.a.c.core.ContainerBase.[Tomcat].[localhost].[/] Initializing Spring embedded WebApplicationContext
2021-05-28 17:22:08.424 [main] INFO  o.s.b.w.s.c.ServletWebServerApplicationContext Root WebApplicationContext: initialization completed in 9718 ms
2021-05-28 17:22:09.698 [main] INFO  com.x.lfs.service.impl.WxPayService wxPayService init success
2021-05-28 17:22:11.541 [main] INFO  o.s.scheduling.concurrent.ThreadPoolTaskExecutor Initializing ExecutorService 'applicationTaskExecutor'
2021-05-28 17:22:12.437 [main] INFO  o.s.scheduling.concurrent.ThreadPoolTaskScheduler Initializing ExecutorService 'taskScheduler'
2021-05-28 17:22:12.606 [main] INFO  org.apache.coyote.http11.Http11NioProtocol Starting ProtocolHandler ["http-nio-8080"]
2021-05-28 17:22:12.659 [main] INFO  o.s.boot.web.embedded.tomcat.TomcatWebServer Tomcat started on port(s): 8080 (http) with context path ''
2021-05-28 17:22:13.874 [main] INFO  com.x.lfs.Application Started Application in 16.699 seconds (JVM running for 18.009)
2021-05-28 17:22:50.598 [http-nio-8080-exec-1] INFO  o.a.c.core.ContainerBase.[Tomcat].[localhost].[/] Initializing Spring DispatcherServlet 'dispatcherServlet'
2021-05-28 17:22:50.599 [http-nio-8080-exec-1] INFO  org.springframework.web.servlet.DispatcherServlet Initializing Servlet 'dispatcherServlet'
2021-05-28 17:22:50.602 [http-nio-8080-exec-1] INFO  org.springframework.web.servlet.DispatcherServlet Completed initialization in 2 ms
2021-05-28 17:24:00.335 [background-preinit] INFO  org.hibernate.validator.internal.util.Version HV000001: Hibernate Validator 6.1.7.Final
2021-05-28 17:24:00.363 [main] INFO  com.x.lfs.Application Starting Application using Java 11.0.10 on DESKTOP-6STQ666 with PID 28416 (C:\workspace\littlefish\lfs\target\classes started by 老徐 in C:\workspace\littlefish\lfs)
2021-05-28 17:24:00.365 [main] INFO  com.x.lfs.Application The following profiles are active: dev
2021-05-28 17:24:02.712 [main] INFO  o.s.d.r.config.RepositoryConfigurationDelegate Multiple Spring Data modules found, entering strict repository configuration mode!
2021-05-28 17:24:02.716 [main] INFO  o.s.d.r.config.RepositoryConfigurationDelegate Bootstrapping Spring Data MongoDB repositories in DEFAULT mode.
2021-05-28 17:24:02.789 [main] INFO  o.s.d.r.config.RepositoryConfigurationDelegate Finished Spring Data repository scanning in 65 ms. Found 0 MongoDB repository interfaces.
2021-05-28 17:24:02.814 [main] INFO  o.s.d.r.config.RepositoryConfigurationDelegate Multiple Spring Data modules found, entering strict repository configuration mode!
2021-05-28 17:24:02.817 [main] INFO  o.s.d.r.config.RepositoryConfigurationDelegate Bootstrapping Spring Data Redis repositories in DEFAULT mode.
2021-05-28 17:24:02.890 [main] INFO  o.s.d.r.config.RepositoryConfigurationDelegate Finished Spring Data repository scanning in 46 ms. Found 0 Redis repository interfaces.
2021-05-28 17:24:03.480 [main] INFO  o.s.c.s.PostProcessorRegistrationDelegate$BeanPostProcessorChecker Bean 'org.apache.shiro.spring.boot.autoconfigure.ShiroBeanAutoConfiguration' of type [org.apache.shiro.spring.boot.autoconfigure.ShiroBeanAutoConfiguration$$EnhancerBySpringCGLIB$$50135454] is not eligible for getting processed by all BeanPostProcessors (for example: not eligible for auto-proxying)
2021-05-28 17:24:03.564 [main] INFO  o.s.c.s.PostProcessorRegistrationDelegate$BeanPostProcessorChecker Bean 'shiroConfig' of type [com.x.lfs.config.shiro.ShiroConfig$$EnhancerBySpringCGLIB$$bec05a6b] is not eligible for getting processed by all BeanPostProcessors (for example: not eligible for auto-proxying)
2021-05-28 17:24:03.735 [main] INFO  o.s.c.s.PostProcessorRegistrationDelegate$BeanPostProcessorChecker Bean 'org.apache.shiro.spring.boot.autoconfigure.ShiroAnnotationProcessorAutoConfiguration' of type [org.apache.shiro.spring.boot.autoconfigure.ShiroAnnotationProcessorAutoConfiguration$$EnhancerBySpringCGLIB$$52a692f9] is not eligible for getting processed by all BeanPostProcessors (for example: not eligible for auto-proxying)
2021-05-28 17:24:04.013 [main] INFO  o.s.c.s.PostProcessorRegistrationDelegate$BeanPostProcessorChecker Bean 'org.springframework.boot.autoconfigure.data.redis.RedisAutoConfiguration' of type [org.springframework.boot.autoconfigure.data.redis.RedisAutoConfiguration] is not eligible for getting processed by all BeanPostProcessors (for example: not eligible for auto-proxying)
2021-05-28 17:24:04.063 [main] INFO  o.s.c.s.PostProcessorRegistrationDelegate$BeanPostProcessorChecker Bean 'spring.redis-org.springframework.boot.autoconfigure.data.redis.RedisProperties' of type [org.springframework.boot.autoconfigure.data.redis.RedisProperties] is not eligible for getting processed by all BeanPostProcessors (for example: not eligible for auto-proxying)
2021-05-28 17:24:04.074 [main] INFO  o.s.c.s.PostProcessorRegistrationDelegate$BeanPostProcessorChecker Bean 'org.springframework.boot.autoconfigure.data.redis.LettuceConnectionConfiguration' of type [org.springframework.boot.autoconfigure.data.redis.LettuceConnectionConfiguration] is not eligible for getting processed by all BeanPostProcessors (for example: not eligible for auto-proxying)
2021-05-28 17:24:04.461 [main] INFO  o.s.c.s.PostProcessorRegistrationDelegate$BeanPostProcessorChecker Bean 'lettuceClientResources' of type [io.lettuce.core.resource.DefaultClientResources] is not eligible for getting processed by all BeanPostProcessors (for example: not eligible for auto-proxying)
2021-05-28 17:24:04.753 [main] INFO  o.s.c.s.PostProcessorRegistrationDelegate$BeanPostProcessorChecker Bean 'redisConnectionFactory' of type [org.springframework.data.redis.connection.lettuce.LettuceConnectionFactory] is not eligible for getting processed by all BeanPostProcessors (for example: not eligible for auto-proxying)
2021-05-28 17:24:04.958 [main] INFO  o.s.c.s.PostProcessorRegistrationDelegate$BeanPostProcessorChecker Bean 'redisTemplate' of type [org.springframework.data.redis.core.RedisTemplate] is not eligible for getting processed by all BeanPostProcessors (for example: not eligible for auto-proxying)
2021-05-28 17:24:05.052 [main] INFO  o.s.c.s.PostProcessorRegistrationDelegate$BeanPostProcessorChecker Bean 'shiroRedisCacheManager' of type [com.x.lfs.config.shiro.RedisCacheManager] is not eligible for getting processed by all BeanPostProcessors (for example: not eligible for auto-proxying)
2021-05-28 17:24:05.064 [main] INFO  o.s.c.s.PostProcessorRegistrationDelegate$BeanPostProcessorChecker Bean 'eventBus' of type [org.apache.shiro.event.support.DefaultEventBus] is not eligible for getting processed by all BeanPostProcessors (for example: not eligible for auto-proxying)
2021-05-28 17:24:05.194 [main] INFO  o.s.c.s.PostProcessorRegistrationDelegate$BeanPostProcessorChecker Bean 'org.apache.shiro.spring.config.web.autoconfigure.ShiroWebAutoConfiguration' of type [org.apache.shiro.spring.config.web.autoconfigure.ShiroWebAutoConfiguration$$EnhancerBySpringCGLIB$$74afb4be] is not eligible for getting processed by all BeanPostProcessors (for example: not eligible for auto-proxying)
2021-05-28 17:24:05.245 [main] INFO  o.s.c.s.PostProcessorRegistrationDelegate$BeanPostProcessorChecker Bean 'spring.data.mongodb-org.springframework.boot.autoconfigure.mongo.MongoProperties' of type [org.springframework.boot.autoconfigure.mongo.MongoProperties] is not eligible for getting processed by all BeanPostProcessors (for example: not eligible for auto-proxying)
2021-05-28 17:24:05.250 [main] INFO  o.s.c.s.PostProcessorRegistrationDelegate$BeanPostProcessorChecker Bean 'org.springframework.boot.autoconfigure.data.mongo.MongoDatabaseFactoryDependentConfiguration' of type [org.springframework.boot.autoconfigure.data.mongo.MongoDatabaseFactoryDependentConfiguration] is not eligible for getting processed by all BeanPostProcessors (for example: not eligible for auto-proxying)
2021-05-28 17:24:05.253 [main] INFO  o.s.c.s.PostProcessorRegistrationDelegate$BeanPostProcessorChecker Bean 'org.springframework.boot.autoconfigure.data.mongo.MongoDatabaseFactoryConfiguration' of type [org.springframework.boot.autoconfigure.data.mongo.MongoDatabaseFactoryConfiguration] is not eligible for getting processed by all BeanPostProcessors (for example: not eligible for auto-proxying)
2021-05-28 17:24:05.255 [main] INFO  o.s.c.s.PostProcessorRegistrationDelegate$BeanPostProcessorChecker Bean 'org.springframework.boot.autoconfigure.mongo.MongoAutoConfiguration' of type [org.springframework.boot.autoconfigure.mongo.MongoAutoConfiguration] is not eligible for getting processed by all BeanPostProcessors (for example: not eligible for auto-proxying)
2021-05-28 17:24:05.258 [main] INFO  o.s.c.s.PostProcessorRegistrationDelegate$BeanPostProcessorChecker Bean 'org.springframework.boot.autoconfigure.mongo.MongoAutoConfiguration$MongoClientSettingsConfiguration' of type [org.springframework.boot.autoconfigure.mongo.MongoAutoConfiguration$MongoClientSettingsConfiguration] is not eligible for getting processed by all BeanPostProcessors (for example: not eligible for auto-proxying)
2021-05-28 17:24:05.389 [main] INFO  o.s.c.s.PostProcessorRegistrationDelegate$BeanPostProcessorChecker Bean 'mongoClientSettings' of type [com.mongodb.MongoClientSettings] is not eligible for getting processed by all BeanPostProcessors (for example: not eligible for auto-proxying)
2021-05-28 17:24:05.404 [main] INFO  o.s.c.s.PostProcessorRegistrationDelegate$BeanPostProcessorChecker Bean 'mongoPropertiesCustomizer' of type [org.springframework.boot.autoconfigure.mongo.MongoPropertiesClientSettingsBuilderCustomizer] is not eligible for getting processed by all BeanPostProcessors (for example: not eligible for auto-proxying)
2021-05-28 17:24:07.031 [main] INFO  org.mongodb.driver.cluster Cluster created with settings {hosts=[127.0.0.1:13001], mode=SINGLE, requiredClusterType=UNKNOWN, serverSelectionTimeout='30000 ms'}
2021-05-28 17:24:07.166 [main] INFO  o.s.c.s.PostProcessorRegistrationDelegate$BeanPostProcessorChecker Bean 'mongo' of type [com.mongodb.client.internal.MongoClientImpl] is not eligible for getting processed by all BeanPostProcessors (for example: not eligible for auto-proxying)
2021-05-28 17:24:07.221 [main] INFO  o.s.c.s.PostProcessorRegistrationDelegate$BeanPostProcessorChecker Bean 'mongoDatabaseFactory' of type [org.springframework.data.mongodb.core.SimpleMongoClientDatabaseFactory] is not eligible for getting processed by all BeanPostProcessors (for example: not eligible for auto-proxying)
2021-05-28 17:24:07.259 [main] INFO  o.s.c.s.PostProcessorRegistrationDelegate$BeanPostProcessorChecker Bean 'org.springframework.boot.autoconfigure.data.mongo.MongoDataConfiguration' of type [org.springframework.boot.autoconfigure.data.mongo.MongoDataConfiguration] is not eligible for getting processed by all BeanPostProcessors (for example: not eligible for auto-proxying)
2021-05-28 17:24:07.299 [cluster-rtt-ClusterId{value='60b0b6b7e4428b7d9ee1c585', description='null'}-127.0.0.1:13001] INFO  org.mongodb.driver.connection Opened connection [connectionId{localValue:1, serverValue:6}] to 127.0.0.1:13001
2021-05-28 17:24:07.299 [cluster-ClusterId{value='60b0b6b7e4428b7d9ee1c585', description='null'}-127.0.0.1:13001] INFO  org.mongodb.driver.connection Opened connection [connectionId{localValue:2, serverValue:5}] to 127.0.0.1:13001
2021-05-28 17:24:07.300 [cluster-ClusterId{value='60b0b6b7e4428b7d9ee1c585', description='null'}-127.0.0.1:13001] INFO  org.mongodb.driver.cluster Monitor thread successfully connected to server with description ServerDescription{address=127.0.0.1:13001, type=STANDALONE, state=CONNECTED, ok=true, minWireVersion=0, maxWireVersion=7, maxDocumentSize=16777216, logicalSessionTimeoutMinutes=30, roundTripTimeNanos=83326200}
2021-05-28 17:24:07.407 [main] INFO  o.s.c.s.PostProcessorRegistrationDelegate$BeanPostProcessorChecker Bean 'mongoCustomConversions' of type [org.springframework.data.mongodb.core.convert.MongoCustomConversions] is not eligible for getting processed by all BeanPostProcessors (for example: not eligible for auto-proxying)
2021-05-28 17:24:07.696 [main] INFO  o.s.c.s.PostProcessorRegistrationDelegate$BeanPostProcessorChecker Bean 'mongoMappingContext' of type [org.springframework.data.mongodb.core.mapping.MongoMappingContext] is not eligible for getting processed by all BeanPostProcessors (for example: not eligible for auto-proxying)
2021-05-28 17:24:07.772 [main] INFO  o.s.c.s.PostProcessorRegistrationDelegate$BeanPostProcessorChecker Bean 'mappingMongoConverter' of type [org.springframework.data.mongodb.core.convert.MappingMongoConverter] is not eligible for getting processed by all BeanPostProcessors (for example: not eligible for auto-proxying)
2021-05-28 17:24:07.937 [main] INFO  o.s.c.s.PostProcessorRegistrationDelegate$BeanPostProcessorChecker Bean 'mongoTemplate' of type [org.springframework.data.mongodb.core.MongoTemplate] is not eligible for getting processed by all BeanPostProcessors (for example: not eligible for auto-proxying)
2021-05-28 17:24:08.050 [main] INFO  o.s.c.s.PostProcessorRegistrationDelegate$BeanPostProcessorChecker Bean 'orikaConfig' of type [com.x.lfs.config.OrikaConfig$$EnhancerBySpringCGLIB$$36bda973] is not eligible for getting processed by all BeanPostProcessors (for example: not eligible for auto-proxying)
2021-05-28 17:24:08.314 [main] INFO  o.s.c.s.PostProcessorRegistrationDelegate$BeanPostProcessorChecker Bean 'orikaMapper' of type [ma.glasnost.orika.impl.MapperFacadeImpl] is not eligible for getting processed by all BeanPostProcessors (for example: not eligible for auto-proxying)
2021-05-28 17:24:08.506 [main] INFO  o.s.c.s.PostProcessorRegistrationDelegate$BeanPostProcessorChecker Bean 'adminServiceImpl' of type [com.x.lfs.service.impl.AdminServiceImpl] is not eligible for getting processed by all BeanPostProcessors (for example: not eligible for auto-proxying)
2021-05-28 17:24:08.508 [main] INFO  o.s.c.s.PostProcessorRegistrationDelegate$BeanPostProcessorChecker Bean 'myAdminRealm' of type [com.x.lfs.config.shiro.MyAdminRealm] is not eligible for getting processed by all BeanPostProcessors (for example: not eligible for auto-proxying)
2021-05-28 17:24:08.601 [main] INFO  o.s.c.s.PostProcessorRegistrationDelegate$BeanPostProcessorChecker Bean 'sessionStorageEvaluator' of type [org.apache.shiro.web.mgt.DefaultWebSessionStorageEvaluator] is not eligible for getting processed by all BeanPostProcessors (for example: not eligible for auto-proxying)
2021-05-28 17:24:08.603 [main] INFO  o.s.c.s.PostProcessorRegistrationDelegate$BeanPostProcessorChecker Bean 'subjectDAO' of type [org.apache.shiro.mgt.DefaultSubjectDAO] is not eligible for getting processed by all BeanPostProcessors (for example: not eligible for auto-proxying)
2021-05-28 17:24:08.605 [main] INFO  o.s.c.s.PostProcessorRegistrationDelegate$BeanPostProcessorChecker Bean 'subjectFactory' of type [org.apache.shiro.web.mgt.DefaultWebSubjectFactory] is not eligible for getting processed by all BeanPostProcessors (for example: not eligible for auto-proxying)
2021-05-28 17:24:08.609 [main] INFO  o.s.c.s.PostProcessorRegistrationDelegate$BeanPostProcessorChecker Bean 'rememberMeCookieTemplate' of type [org.apache.shiro.web.servlet.SimpleCookie] is not eligible for getting processed by all BeanPostProcessors (for example: not eligible for auto-proxying)
2021-05-28 17:24:08.614 [main] INFO  o.s.c.s.PostProcessorRegistrationDelegate$BeanPostProcessorChecker Bean 'rememberMeManager' of type [org.apache.shiro.web.mgt.CookieRememberMeManager] is not eligible for getting processed by all BeanPostProcessors (for example: not eligible for auto-proxying)
2021-05-28 17:24:08.619 [main] INFO  o.s.c.s.PostProcessorRegistrationDelegate$BeanPostProcessorChecker Bean 'authenticationStrategy' of type [org.apache.shiro.authc.pam.AtLeastOneSuccessfulStrategy] is not eligible for getting processed by all BeanPostProcessors (for example: not eligible for auto-proxying)
2021-05-28 17:24:08.622 [main] INFO  o.s.c.s.PostProcessorRegistrationDelegate$BeanPostProcessorChecker Bean 'authenticator' of type [org.apache.shiro.authc.pam.ModularRealmAuthenticator] is not eligible for getting processed by all BeanPostProcessors (for example: not eligible for auto-proxying)
2021-05-28 17:24:08.625 [main] INFO  o.s.c.s.PostProcessorRegistrationDelegate$BeanPostProcessorChecker Bean 'authorizer' of type [org.apache.shiro.authz.ModularRealmAuthorizer] is not eligible for getting processed by all BeanPostProcessors (for example: not eligible for auto-proxying)
2021-05-28 17:24:08.629 [main] INFO  o.s.c.s.PostProcessorRegistrationDelegate$BeanPostProcessorChecker Bean 'sessionManager' of type [org.apache.shiro.web.session.mgt.ServletContainerSessionManager] is not eligible for getting processed by all BeanPostProcessors (for example: not eligible for auto-proxying)
2021-05-28 17:24:08.633 [main] INFO  o.s.c.s.PostProcessorRegistrationDelegate$BeanPostProcessorChecker Bean 'securityManager' of type [org.apache.shiro.web.mgt.DefaultWebSecurityManager] is not eligible for getting processed by all BeanPostProcessors (for example: not eligible for auto-proxying)
2021-05-28 17:24:08.673 [main] INFO  o.s.c.s.PostProcessorRegistrationDelegate$BeanPostProcessorChecker Bean 'authorizationAttributeSourceAdvisor' of type [org.apache.shiro.spring.security.interceptor.AuthorizationAttributeSourceAdvisor] is not eligible for getting processed by all BeanPostProcessors (for example: not eligible for auto-proxying)
2021-05-28 17:24:08.902 [main] INFO  o.s.c.s.PostProcessorRegistrationDelegate$BeanPostProcessorChecker Bean 'shiroFilterChainDefinition' of type [org.apache.shiro.spring.web.config.DefaultShiroFilterChainDefinition] is not eligible for getting processed by all BeanPostProcessors (for example: not eligible for auto-proxying)
2021-05-28 17:24:08.909 [main] INFO  o.s.c.s.PostProcessorRegistrationDelegate$BeanPostProcessorChecker Bean 'requestContextFilter' of type [org.springframework.boot.web.servlet.filter.OrderedRequestContextFilter] is not eligible for getting processed by all BeanPostProcessors (for example: not eligible for auto-proxying)
2021-05-28 17:24:08.923 [main] INFO  o.s.c.s.PostProcessorRegistrationDelegate$BeanPostProcessorChecker Bean 'org.springframework.boot.autoconfigure.web.servlet.WebMvcAutoConfiguration' of type [org.springframework.boot.autoconfigure.web.servlet.WebMvcAutoConfiguration] is not eligible for getting processed by all BeanPostProcessors (for example: not eligible for auto-proxying)
2021-05-28 17:24:08.932 [main] INFO  o.s.c.s.PostProcessorRegistrationDelegate$BeanPostProcessorChecker Bean 'formContentFilter' of type [org.springframework.boot.web.servlet.filter.OrderedFormContentFilter] is not eligible for getting processed by all BeanPostProcessors (for example: not eligible for auto-proxying)
2021-05-28 17:24:08.978 [main] INFO  o.s.c.s.PostProcessorRegistrationDelegate$BeanPostProcessorChecker Bean 'server-org.springframework.boot.autoconfigure.web.ServerProperties' of type [org.springframework.boot.autoconfigure.web.ServerProperties] is not eligible for getting processed by all BeanPostProcessors (for example: not eligible for auto-proxying)
2021-05-28 17:24:08.983 [main] INFO  o.s.c.s.PostProcessorRegistrationDelegate$BeanPostProcessorChecker Bean 'org.springframework.boot.autoconfigure.web.servlet.HttpEncodingAutoConfiguration' of type [org.springframework.boot.autoconfigure.web.servlet.HttpEncodingAutoConfiguration] is not eligible for getting processed by all BeanPostProcessors (for example: not eligible for auto-proxying)
2021-05-28 17:24:08.987 [main] INFO  o.s.c.s.PostProcessorRegistrationDelegate$BeanPostProcessorChecker Bean 'characterEncodingFilter' of type [org.springframework.boot.web.servlet.filter.OrderedCharacterEncodingFilter] is not eligible for getting processed by all BeanPostProcessors (for example: not eligible for auto-proxying)
2021-05-28 17:24:09.001 [main] INFO  o.s.c.s.PostProcessorRegistrationDelegate$BeanPostProcessorChecker Bean 'org.apache.shiro.spring.config.web.autoconfigure.ShiroWebFilterConfiguration' of type [org.apache.shiro.spring.config.web.autoconfigure.ShiroWebFilterConfiguration$$EnhancerBySpringCGLIB$$a71a19f5] is not eligible for getting processed by all BeanPostProcessors (for example: not eligible for auto-proxying)
2021-05-28 17:24:09.023 [main] INFO  o.s.c.s.PostProcessorRegistrationDelegate$BeanPostProcessorChecker Bean 'globalFilters' of type [java.util.Collections$SingletonList] is not eligible for getting processed by all BeanPostProcessors (for example: not eligible for auto-proxying)
2021-05-28 17:24:09.735 [main] INFO  o.s.boot.web.embedded.tomcat.TomcatWebServer Tomcat initialized with port(s): 8080 (http)
2021-05-28 17:24:09.777 [main] INFO  org.apache.coyote.http11.Http11NioProtocol Initializing ProtocolHandler ["http-nio-8080"]
2021-05-28 17:24:09.778 [main] INFO  org.apache.catalina.core.StandardService Starting service [Tomcat]
2021-05-28 17:24:09.778 [main] INFO  org.apache.catalina.core.StandardEngine Starting Servlet engine: [Apache Tomcat/9.0.43]
2021-05-28 17:24:10.095 [main] INFO  o.a.c.core.ContainerBase.[Tomcat].[localhost].[/] Initializing Spring embedded WebApplicationContext
2021-05-28 17:24:10.096 [main] INFO  o.s.b.w.s.c.ServletWebServerApplicationContext Root WebApplicationContext: initialization completed in 9609 ms
2021-05-28 17:24:11.365 [main] INFO  com.x.lfs.service.impl.WxPayService wxPayService init success
2021-05-28 17:24:13.652 [main] INFO  o.s.scheduling.concurrent.ThreadPoolTaskExecutor Initializing ExecutorService 'applicationTaskExecutor'
2021-05-28 17:24:14.596 [main] INFO  o.s.scheduling.concurrent.ThreadPoolTaskScheduler Initializing ExecutorService 'taskScheduler'
2021-05-28 17:24:14.801 [main] INFO  org.apache.coyote.http11.Http11NioProtocol Starting ProtocolHandler ["http-nio-8080"]
2021-05-28 17:24:14.865 [main] INFO  o.s.boot.web.embedded.tomcat.TomcatWebServer Tomcat started on port(s): 8080 (http) with context path ''
2021-05-28 17:24:16.025 [main] INFO  com.x.lfs.Application Started Application in 17.031 seconds (JVM running for 19.201)
2021-05-28 17:24:24.833 [http-nio-8080-exec-1] INFO  o.a.c.core.ContainerBase.[Tomcat].[localhost].[/] Initializing Spring DispatcherServlet 'dispatcherServlet'
2021-05-28 17:24:24.834 [http-nio-8080-exec-1] INFO  org.springframework.web.servlet.DispatcherServlet Initializing Servlet 'dispatcherServlet'
2021-05-28 17:24:24.840 [http-nio-8080-exec-1] INFO  org.springframework.web.servlet.DispatcherServlet Completed initialization in 5 ms
2021-05-28 17:24:29.965 [http-nio-8080-exec-1] INFO  com.x.lfs.config.mvc.LogRecordAspect 请求=====>GET /price
2021-05-28 17:24:29.968 [http-nio-8080-exec-1] INFO  com.x.lfs.config.mvc.LogRecordAspect 请求参数==>:myprice=220&ratio=0&distance=9&chratio=0.10
2021-05-28 17:24:30.044 [http-nio-8080-exec-1] INFO  com.x.lfs.config.mvc.LogRecordAspect 响应=====>:300.0
2021-05-28 17:24:30.045 [http-nio-8080-exec-1] INFO  com.x.lfs.config.mvc.LogRecordAspect 耗时=====>5050
2021-05-28 17:24:53.940 [http-nio-8080-exec-3] INFO  com.x.lfs.config.mvc.LogRecordAspect 请求=====>GET /price
2021-05-28 17:24:53.942 [http-nio-8080-exec-3] INFO  com.x.lfs.config.mvc.LogRecordAspect 请求参数==>:myprice=220&ratio=0.05&distance=9&chratio=0.10
2021-05-28 17:24:53.943 [http-nio-8080-exec-3] INFO  com.x.lfs.config.mvc.LogRecordAspect 响应=====>:300.0
2021-05-28 17:24:53.945 [http-nio-8080-exec-3] INFO  com.x.lfs.config.mvc.LogRecordAspect 耗时=====>5
2021-05-28 20:17:04.445 [http-nio-8080-exec-4] INFO  com.x.lfs.config.mvc.LogRecordAspect 请求=====>GET /price
2021-05-28 20:17:04.446 [http-nio-8080-exec-4] INFO  com.x.lfs.config.mvc.LogRecordAspect 请求参数==>:myprice=220&ratio=0.05&distance=9&chratio=0.10
2021-05-28 20:17:04.446 [http-nio-8080-exec-4] INFO  com.x.lfs.config.mvc.LogRecordAspect 响应=====>:150.0
2021-05-28 20:17:04.446 [http-nio-8080-exec-4] INFO  com.x.lfs.config.mvc.LogRecordAspect 耗时=====>1
2021-05-28 20:19:43.992 [http-nio-8080-exec-5] INFO  com.x.lfs.config.mvc.LogRecordAspect 请求=====>GET /price
2021-05-28 20:19:43.993 [http-nio-8080-exec-5] INFO  com.x.lfs.config.mvc.LogRecordAspect 请求参数==>:myprice=220&ratio=0.05&distance=9&chratio=0.10
2021-05-28 20:19:43.993 [http-nio-8080-exec-5] INFO  com.x.lfs.config.mvc.LogRecordAspect 响应=====>:300.0
2021-05-28 20:19:43.994 [http-nio-8080-exec-5] INFO  com.x.lfs.config.mvc.LogRecordAspect 耗时=====>138536
2021-05-28 20:20:18.975 [http-nio-8080-exec-6] INFO  com.x.lfs.config.mvc.LogRecordAspect 请求=====>GET /price
2021-05-28 20:20:18.976 [http-nio-8080-exec-6] INFO  com.x.lfs.config.mvc.LogRecordAspect 请求参数==>:myprice=220&ratio=0.05&distance=9&chratio=0.10
2021-05-28 20:20:18.977 [http-nio-8080-exec-6] INFO  com.x.lfs.config.mvc.LogRecordAspect 响应=====>:300.0
2021-05-28 20:20:18.977 [http-nio-8080-exec-6] INFO  com.x.lfs.config.mvc.LogRecordAspect 耗时=====>4456
2021-05-28 20:22:33.151 [http-nio-8080-exec-9] INFO  com.x.lfs.config.mvc.LogRecordAspect 请求=====>GET /price
2021-05-28 20:22:33.152 [http-nio-8080-exec-9] INFO  com.x.lfs.config.mvc.LogRecordAspect 请求参数==>:myprice=265&ratio=0.05&distance=9&chratio=0.10
2021-05-28 20:22:33.153 [http-nio-8080-exec-9] INFO  com.x.lfs.config.mvc.LogRecordAspect 响应=====>:168.0
2021-05-28 20:22:33.153 [http-nio-8080-exec-9] INFO  com.x.lfs.config.mvc.LogRecordAspect 耗时=====>7780
2021-05-28 20:24:06.298 [http-nio-8080-exec-8] INFO  com.x.lfs.config.mvc.LogRecordAspect 请求=====>GET /price
2021-05-28 20:24:06.298 [http-nio-8080-exec-8] INFO  com.x.lfs.config.mvc.LogRecordAspect 请求参数==>:myprice=240&ratio=0.05&distance=9&chratio=0.10
2021-05-28 20:24:06.298 [http-nio-8080-exec-8] INFO  com.x.lfs.config.mvc.LogRecordAspect 响应=====>:152.0
2021-05-28 20:24:06.299 [http-nio-8080-exec-8] INFO  com.x.lfs.config.mvc.LogRecordAspect 耗时=====>1
2021-05-28 20:24:18.879 [http-nio-8080-exec-1] INFO  com.x.lfs.config.mvc.LogRecordAspect 请求=====>GET /price
2021-05-28 20:24:18.879 [http-nio-8080-exec-1] INFO  com.x.lfs.config.mvc.LogRecordAspect 请求参数==>:myprice=235&ratio=0.05&distance=9&chratio=0.10
2021-05-28 20:24:18.880 [http-nio-8080-exec-1] INFO  com.x.lfs.config.mvc.LogRecordAspect 响应=====>:150.0
2021-05-28 20:24:18.880 [http-nio-8080-exec-1] INFO  com.x.lfs.config.mvc.LogRecordAspect 耗时=====>1
2021-05-28 20:24:32.630 [http-nio-8080-exec-3] INFO  com.x.lfs.config.mvc.LogRecordAspect 请求=====>GET /price
2021-05-28 20:24:32.631 [http-nio-8080-exec-3] INFO  com.x.lfs.config.mvc.LogRecordAspect 请求参数==>:myprice=238&ratio=0.05&distance=9&chratio=0.10
2021-05-28 20:24:32.631 [http-nio-8080-exec-3] INFO  com.x.lfs.config.mvc.LogRecordAspect 响应=====>:151.0
2021-05-28 20:24:32.631 [http-nio-8080-exec-3] INFO  com.x.lfs.config.mvc.LogRecordAspect 耗时=====>1
2021-05-28 20:24:41.449 [http-nio-8080-exec-2] INFO  com.x.lfs.config.mvc.LogRecordAspect 请求=====>GET /price
2021-05-28 20:24:41.450 [http-nio-8080-exec-2] INFO  com.x.lfs.config.mvc.LogRecordAspect 请求参数==>:myprice=237&ratio=0.05&distance=9&chratio=0.10
2021-05-28 20:24:41.450 [http-nio-8080-exec-2] INFO  com.x.lfs.config.mvc.LogRecordAspect 响应=====>:150.0
2021-05-28 20:24:41.450 [http-nio-8080-exec-2] INFO  com.x.lfs.config.mvc.LogRecordAspect 耗时=====>1
2021-05-28 20:53:06.001 [http-nio-8080-exec-5] INFO  com.x.lfs.config.mvc.LogRecordAspect 请求=====>GET /price
2021-05-28 20:53:06.002 [http-nio-8080-exec-5] INFO  com.x.lfs.config.mvc.LogRecordAspect 请求参数==>:myprice=237&ratio=0.10&distance=9&chratio=0.10
2021-05-28 20:53:06.002 [http-nio-8080-exec-5] INFO  com.x.lfs.config.mvc.LogRecordAspect 响应=====>:184.0
2021-05-28 20:53:06.002 [http-nio-8080-exec-5] INFO  com.x.lfs.config.mvc.LogRecordAspect 耗时=====>1
2021-05-28 20:53:22.404 [http-nio-8080-exec-6] INFO  com.x.lfs.config.mvc.LogRecordAspect 请求=====>GET /price
2021-05-28 20:53:22.405 [http-nio-8080-exec-6] INFO  com.x.lfs.config.mvc.LogRecordAspect 请求参数==>:myprice=237&ratio=0.05&distance=9&chratio=0.05
2021-05-28 20:53:22.405 [http-nio-8080-exec-6] INFO  com.x.lfs.config.mvc.LogRecordAspect 响应=====>:184.0
2021-05-28 20:53:22.405 [http-nio-8080-exec-6] INFO  com.x.lfs.config.mvc.LogRecordAspect 耗时=====>1
2021-05-28 20:53:31.842 [http-nio-8080-exec-7] INFO  com.x.lfs.config.mvc.LogRecordAspect 请求=====>GET /price
2021-05-28 20:53:31.842 [http-nio-8080-exec-7] INFO  com.x.lfs.config.mvc.LogRecordAspect 请求参数==>:myprice=237&ratio=0.05&distance=9&chratio=0.1
2021-05-28 20:53:31.843 [http-nio-8080-exec-7] INFO  com.x.lfs.config.mvc.LogRecordAspect 响应=====>:150.0
2021-05-28 20:53:31.843 [http-nio-8080-exec-7] INFO  com.x.lfs.config.mvc.LogRecordAspect 耗时=====>1
2021-05-28 20:53:57.620 [http-nio-8080-exec-9] INFO  com.x.lfs.config.mvc.LogRecordAspect 请求=====>GET /price
2021-05-28 20:53:57.621 [http-nio-8080-exec-9] INFO  com.x.lfs.config.mvc.LogRecordAspect 请求参数==>:myprice=265&ratio=0&distance=9&chratio=0.1
2021-05-28 20:53:57.621 [http-nio-8080-exec-9] INFO  com.x.lfs.config.mvc.LogRecordAspect 响应=====>:150.0
2021-05-28 20:53:57.621 [http-nio-8080-exec-9] INFO  com.x.lfs.config.mvc.LogRecordAspect 耗时=====>1
2021-05-28 20:54:06.754 [http-nio-8080-exec-10] INFO  com.x.lfs.config.mvc.LogRecordAspect 请求=====>GET /price
2021-05-28 20:54:06.754 [http-nio-8080-exec-10] INFO  com.x.lfs.config.mvc.LogRecordAspect 请求参数==>:myprice=290&ratio=0&distance=9&chratio=0.1
2021-05-28 20:54:06.755 [http-nio-8080-exec-10] INFO  com.x.lfs.config.mvc.LogRecordAspect 响应=====>:150.0
2021-05-28 20:54:06.755 [http-nio-8080-exec-10] INFO  com.x.lfs.config.mvc.LogRecordAspect 耗时=====>1
2021-05-28 20:54:15.574 [http-nio-8080-exec-8] INFO  com.x.lfs.config.mvc.LogRecordAspect 请求=====>GET /price
2021-05-28 20:54:15.574 [http-nio-8080-exec-8] INFO  com.x.lfs.config.mvc.LogRecordAspect 请求参数==>:myprice=290&ratio=0&distance=9&chratio=0.05
2021-05-28 20:54:15.575 [http-nio-8080-exec-8] INFO  com.x.lfs.config.mvc.LogRecordAspect 响应=====>:150.0
2021-05-28 20:54:15.575 [http-nio-8080-exec-8] INFO  com.x.lfs.config.mvc.LogRecordAspect 耗时=====>1
2021-05-28 20:54:25.615 [http-nio-8080-exec-1] INFO  com.x.lfs.config.mvc.LogRecordAspect 请求=====>GET /price
2021-05-28 20:54:25.617 [http-nio-8080-exec-1] INFO  com.x.lfs.config.mvc.LogRecordAspect 请求参数==>:myprice=290&ratio=0&distance=9&chratio=0.01
2021-05-28 20:54:25.618 [http-nio-8080-exec-1] INFO  com.x.lfs.config.mvc.LogRecordAspect 响应=====>:150.0
2021-05-28 20:54:25.618 [http-nio-8080-exec-1] INFO  com.x.lfs.config.mvc.LogRecordAspect 耗时=====>3
2021-05-28 20:54:37.378 [http-nio-8080-exec-3] INFO  com.x.lfs.config.mvc.LogRecordAspect 请求=====>GET /price
2021-05-28 20:54:37.379 [http-nio-8080-exec-3] INFO  com.x.lfs.config.mvc.LogRecordAspect 请求参数==>:myprice=290&ratio=0.05&distance=9&chratio=0.05
2021-05-28 20:54:37.379 [http-nio-8080-exec-3] INFO  com.x.lfs.config.mvc.LogRecordAspect 响应=====>:225.0
2021-05-28 20:54:37.379 [http-nio-8080-exec-3] INFO  com.x.lfs.config.mvc.LogRecordAspect 耗时=====>3
2021-05-28 23:25:20.730 [http-nio-8080-exec-4] INFO  com.x.lfs.config.mvc.LogRecordAspect 请求=====>GET /price
2021-05-28 23:25:20.731 [http-nio-8080-exec-4] INFO  com.x.lfs.config.mvc.LogRecordAspect 请求参数==>:myprice=290&ratio=0.05&distance=9&chratio=0.05
2021-05-28 23:25:20.731 [http-nio-8080-exec-4] INFO  com.x.lfs.config.mvc.LogRecordAspect 响应=====>:225.0
2021-05-28 23:25:20.731 [http-nio-8080-exec-4] INFO  com.x.lfs.config.mvc.LogRecordAspect 耗时=====>2
2021-05-28 23:25:37.234 [http-nio-8080-exec-5] INFO  com.x.lfs.config.mvc.LogRecordAspect 请求=====>GET /price
2021-05-28 23:25:37.235 [http-nio-8080-exec-5] INFO  com.x.lfs.config.mvc.LogRecordAspect 请求参数==>:myprice=265&ratio=0.05&distance=9&chratio=0.05
2021-05-28 23:25:37.235 [http-nio-8080-exec-5] INFO  com.x.lfs.config.mvc.LogRecordAspect 响应=====>:206.0
2021-05-28 23:25:37.235 [http-nio-8080-exec-5] INFO  com.x.lfs.config.mvc.LogRecordAspect 耗时=====>2
2021-05-28 23:25:50.114 [http-nio-8080-exec-6] INFO  com.x.lfs.config.mvc.LogRecordAspect 请求=====>GET /price
2021-05-28 23:25:50.114 [http-nio-8080-exec-6] INFO  com.x.lfs.config.mvc.LogRecordAspect 请求参数==>:myprice=265&ratio=0.05&distance=9&chratio=0.10
2021-05-28 23:25:50.114 [http-nio-8080-exec-6] INFO  com.x.lfs.config.mvc.LogRecordAspect 响应=====>:168.0
2021-05-28 23:25:50.114 [http-nio-8080-exec-6] INFO  com.x.lfs.config.mvc.LogRecordAspect 耗时=====>1
2021-05-28 23:34:18.467 [http-nio-8080-exec-9] INFO  com.x.lfs.config.mvc.LogRecordAspect 请求=====>GET /price
2021-05-28 23:34:18.467 [http-nio-8080-exec-9] INFO  com.x.lfs.config.mvc.LogRecordAspect 请求参数==>:myprice=250&ratio=0.05&distance=9&chratio=0.10
2021-05-28 23:34:18.467 [http-nio-8080-exec-9] INFO  com.x.lfs.config.mvc.LogRecordAspect 响应=====>:158.0
2021-05-28 23:34:18.467 [http-nio-8080-exec-9] INFO  com.x.lfs.config.mvc.LogRecordAspect 耗时=====>0
