2022-05-25 09:01:41.953 [springSessionRedisMessageListenerContainer-10] WARN  o.s.s.data.redis.RedisIndexedSessionRepository Unable to publish SessionDestroyedEvent for session a060d76d-9d11-41f0-8c71-48333ab6a732
2022-05-25 09:15:47.647 [http-nio-8080-exec-10] INFO  com.x.config.mvc.LogRecordAspect 
GET请求/staff/session
参数:null
异常:还未登陆
耗时:18
2022-05-25 09:15:48.279 [http-nio-8080-exec-5] INFO  com.x.config.mvc.LogRecordAspect 
GET请求/aliyun/sts
参数:null
响应:{"accessKeyId":"STS.NTWZqJ7zDdmSAFisP9zcMQ2Tn","accessKeySecret":"J5vs8xyem4amsRAXHktZMWMY499MyzTE4VKh7jrfopRk","expiration":"2022-05-25T02:15:48Z","securityToken":"CAISuwJ1q6Ft5B2yfSjIr5fiEcv+2qVl06+4Q2DYl1Bsduxhvvf/jDz2IH9Fe3NqCO0XtvowlWxZ6vwflqp3RYQd0cVSwiwovPpt6gqET9frT6XXhOV2dvTHdEGXDxnkpuCwB8zyUNLafNq0dlnAjVUd6LDmdDKkLRvHVJqSksxfc8gwVAu1ZiYkYdBNPVlNpdM9P3ncPurPVRnxmTj0DVF0nQB+hGhj8t6ToKum5wHZkUfxx8IMuo31OeLEVcR3O4plWNrHnI4Tf6HagilL8EoIpuUkzs478Dzc7NaGGAsTsVfUN+TPt9xqJQB0IeoYY/cf86OjyaAp4r2Lx9immk13ULsLA3iFdueJ29DZHe6lDNE9eIvgNm7FutL1bcak7Fl+MC9KbF0VKoZwdiUtE3IoRCrdMbS3Ud4Src1mm8IagAFXszhMZ7acV+gs7Tb6SUvG+lkE4C0TB9tGFPHKiv0hIxsS8ulci42D3M0tJU+O7BAZwRZXLYrhibkLhiRPnSmLw2M3rmPJEmSIMuU2FRk064Ja+PQczAmCDvrKHfrNTxyf4pgToRKOCERN/zkFUpWd1E4CaBS68HPwRYOH7Qlb0Q=="}
耗时:651
2022-05-25 09:15:50.984 [http-nio-8080-exec-4] INFO  com.x.config.mvc.LogRecordAspect 
POST请求/staff/session
参数:{"password":"7dd75c55c0f3a84969cacc5fcdbbd980","phone":"13880605659"}
响应:{"createTime":"2021-12-29 16:00:36","id":1,"name":"徐竟浩","phone":"13880605659","roles":[{"id":1,"key":"admin","name":"系统管理员"}],"state":1}
耗时:432
2022-05-25 09:15:51.159 [http-nio-8080-exec-9] INFO  com.x.config.mvc.LogRecordAspect 
GET请求/staff/session
参数:null
响应:{"createTime":"2021-12-29 16:00:36","id":1,"name":"徐竟浩","phone":"13880605659","roles":[{"id":1,"key":"admin","name":"系统管理员"}],"state":1}
耗时:1
2022-05-25 09:15:59.971 [http-nio-8080-exec-7] INFO  com.x.config.mvc.LogRecordAspect 
GET请求/staff/session
参数:null
响应:{"createTime":"2021-12-29 16:00:36","id":1,"name":"徐竟浩","phone":"13880605659","roles":[{"id":1,"key":"admin","name":"系统管理员"}],"state":1}
耗时:0
2022-05-25 09:16:01.273 [http-nio-8080-exec-1] INFO  com.x.config.mvc.LogRecordAspect 
GET请求/aliyun/sts
参数:null
响应:{"accessKeyId":"STS.NSvpPe32L535bfcsXsqxP7JJn","accessKeySecret":"8dSi4mV2XxD1nGh4fEUw5zo2LVMCcfZ5fhUyERXJKKRd","expiration":"2022-05-25T02:16:01Z","securityToken":"CAISuwJ1q6Ft5B2yfSjIr5DDO+rR3u1tgvHeYEDSl1gmffd82I/hjDz2IH9Fe3NqCO0XtvowlWxZ6vwflqp3RYQd+ONTwiwovPpt6gqET9frT6XXhOV2dvTHdEGXDxnkpuCwB8zyUNLafNq0dlnAjVUd6LDmdDKkLRvHVJqSksxfc8gwVAu1ZiYkYdBNPVlNpdM9P3ncPurPVRnxmTj0DVF0nQB+hGhj8t6ToKum5wHZkUfxx8IMuo31OeLEVcR3O4plWNrHnI4Tf6HagilL8EoIpuUkzs478Dzc7NaGGAsTsVfUN+TPt9xqJQB0IeoYY/cf86OjyaAp4r2Lx9immk13ULsLA3iFdueJ29DZHe6lDNE9eIvgNm7FutL1bcak7Fl+MC9KbF0VKoZwdiUtE3IoRCrdMbS3Ud4Src1mm8IagAFSkX+0GS28IyRrAZyiuJ/Odji0jRp7As5dGktE7ZPqfoGpz7C+m00kpF9LDmZczs89VQ8AoDzgwjYBWVeUr5jBEi76yQe/yIQUW2pepDnEIfJnxYIAMq+D0+FszjfDbBxL6AinnRkFmA6YJ1rXIu07jZjIoa/54FMlpT4BHZ8TXw=="}
耗时:1329
2022-05-25 09:16:16.438 [http-nio-8080-exec-3] INFO  com.x.config.mvc.LogRecordAspect 
GET请求/aliyun/oss/signature
参数:dir=images%2F
响应:{"accessId":"LTAI5tQQuPD1Fk7bhcEQbNWk","signature":"W+6T6s/0tYtqzJiwwCL0k8m0jsQ=","expire":"1653441676","host":"https://lfs-image.oss-cn-chengdu.aliyuncs.com","callback":"eyJjYWxsYmFja0JvZHlUeXBlIjoiYXBwbGljYXRpb24veC13d3ctZm9ybS11cmxlbmNvZGVkIiwiY2FsbGJhY2tVcmwiOiIiLCJjYWxsYmFja0JvZHkiOiJmaWxlbmFtZT0ke29iamVjdH0mc2l6ZT0ke3NpemV9Jm1pbWVUeXBlPSR7bWltZVR5cGV9JmhlaWdodD0ke2ltYWdlSW5mby5oZWlnaHR9JndpZHRoPSR7aW1hZ2VJbmZvLndpZHRofSJ9","dir":"images/","policy":"eyJleHBpcmF0aW9uIjoiMjAyMi0wNS0yNVQwMToyMToxNi40MTZaIiwiY29uZGl0aW9ucyI6W1siY29udGVudC1sZW5ndGgtcmFuZ2UiLDAsMTA0ODU3NjAwMF0sWyJzdGFydHMtd2l0aCIsIiRrZXkiLCJpbWFnZXMvIl1dfQ=="}
耗时:23
2022-05-25 09:16:18.779 [http-nio-8080-exec-4] INFO  com.x.config.mvc.LogRecordAspect 
GET请求/staff/session
参数:null
响应:{"createTime":"2021-12-29 16:00:36","id":1,"name":"徐竟浩","phone":"13880605659","roles":[{"id":1,"key":"admin","name":"系统管理员"}],"state":1}
耗时:1
2022-05-25 09:16:19.027 [http-nio-8080-exec-5] INFO  com.x.config.mvc.LogRecordAspect 
GET请求/aliyun/sts
参数:null
响应:{"accessKeyId":"STS.NTXjyhcBhHD1YBcH9RocH2Xh9","accessKeySecret":"8zqvWqZB2gB2izPDU4gGbgdGDSdBK3L77oGo1R2imbS3","expiration":"2022-05-25T02:16:18Z","securityToken":"CAISuwJ1q6Ft5B2yfSjIr5ftIcPcjp1J/4baW2TSrDkHY+xk3Z3D2zz2IH9Fe3NqCO0XtvowlWxZ6vwflqp3RYQdnvYszSwovPpt6gqET9frT6XXhOV2dvTHdEGXDxnkpuCwB8zyUNLafNq0dlnAjVUd6LDmdDKkLRvHVJqSksxfc8gwVAu1ZiYkYdBNPVlNpdM9P3ncPurPVRnxmTj0DVF0nQB+hGhj8t6ToKum5wHZkUfxx8IMuo31OeLEVcR3O4plWNrHnI4Tf6HagilL8EoIpuUkzs478Dzc7NaGGAsTsVfUN+TPt9xqJQB0IeoYY/cf86OjyaAp4r2Lx9immk13ULsLA3iFdueJ29DZHe6lDNE9eIvgNm7FutL1bcak7Fl+MC9KbF0VKoZwdiUtE3IoRCrdMbS3Ud4Src1mm8IagAGBYUvx0Zu1PvM7/375UkWgXiUqjUD1epK4nuIRk+GuZWTvez4uC6ld8V1YpsPe1IbnVy3lDj+PoyXnYc9hKZqLj4OtlwVG/Y1TENPZ2eddH7JSxb4d1nisgczTsowxRWvsl9HwlxZDpIxfN2fuB9uEBG5gchwvGHRRtgZCCnSkfg=="}
耗时:283
2022-05-25 09:16:19.735 [http-nio-8080-exec-9] INFO  com.x.config.mvc.LogRecordAspect 
GET请求/aliyun/oss/signature
参数:dir=images%2F
响应:{"accessId":"LTAI5tQQuPD1Fk7bhcEQbNWk","signature":"QLgm1BaabtPZRlpcnyHsDbiyTv8=","expire":"1653441679","host":"https://lfs-image.oss-cn-chengdu.aliyuncs.com","callback":"eyJjYWxsYmFja0JvZHlUeXBlIjoiYXBwbGljYXRpb24veC13d3ctZm9ybS11cmxlbmNvZGVkIiwiY2FsbGJhY2tVcmwiOiIiLCJjYWxsYmFja0JvZHkiOiJmaWxlbmFtZT0ke29iamVjdH0mc2l6ZT0ke3NpemV9Jm1pbWVUeXBlPSR7bWltZVR5cGV9JmhlaWdodD0ke2ltYWdlSW5mby5oZWlnaHR9JndpZHRoPSR7aW1hZ2VJbmZvLndpZHRofSJ9","dir":"images/","policy":"eyJleHBpcmF0aW9uIjoiMjAyMi0wNS0yNVQwMToyMToxOS43MzJaIiwiY29uZGl0aW9ucyI6W1siY29udGVudC1sZW5ndGgtcmFuZ2UiLDAsMTA0ODU3NjAwMF0sWyJzdGFydHMtd2l0aCIsIiRrZXkiLCJpbWFnZXMvIl1dfQ=="}
耗时:3
2022-05-25 09:17:08.772 [http-nio-8080-exec-8] INFO  com.x.config.mvc.LogRecordAspect 
GET请求/staff/session
参数:null
响应:{"createTime":"2021-12-29 16:00:36","id":1,"name":"徐竟浩","phone":"13880605659","roles":[{"id":1,"key":"admin","name":"系统管理员"}],"state":1}
耗时:0
2022-05-25 09:17:09.611 [http-nio-8080-exec-1] INFO  com.x.config.mvc.LogRecordAspect 
GET请求/aliyun/oss/signature
参数:dir=%2Fimages
响应:{"accessId":"LTAI5tQQuPD1Fk7bhcEQbNWk","signature":"KV6Pv6ECNygOzKnwNtCw4vT8HwY=","expire":"1653441729","host":"https://lfs-image.oss-cn-chengdu.aliyuncs.com","callback":"eyJjYWxsYmFja0JvZHlUeXBlIjoiYXBwbGljYXRpb24veC13d3ctZm9ybS11cmxlbmNvZGVkIiwiY2FsbGJhY2tVcmwiOiIiLCJjYWxsYmFja0JvZHkiOiJmaWxlbmFtZT0ke29iamVjdH0mc2l6ZT0ke3NpemV9Jm1pbWVUeXBlPSR7bWltZVR5cGV9JmhlaWdodD0ke2ltYWdlSW5mby5oZWlnaHR9JndpZHRoPSR7aW1hZ2VJbmZvLndpZHRofSJ9","dir":"/images","policy":"eyJleHBpcmF0aW9uIjoiMjAyMi0wNS0yNVQwMToyMjowOS42MDhaIiwiY29uZGl0aW9ucyI6W1siY29udGVudC1sZW5ndGgtcmFuZ2UiLDAsMTA0ODU3NjAwMF0sWyJzdGFydHMtd2l0aCIsIiRrZXkiLCIvaW1hZ2VzIl1dfQ=="}
耗时:3
2022-05-25 09:17:09.612 [http-nio-8080-exec-7] INFO  com.x.config.mvc.LogRecordAspect 
GET请求/aliyun/oss/signature
参数:dir=images%2F
响应:{"accessId":"LTAI5tQQuPD1Fk7bhcEQbNWk","signature":"6IR5Jn9sdCUAhHNPPBpM2hL8BsU=","expire":"1653441729","host":"https://lfs-image.oss-cn-chengdu.aliyuncs.com","callback":"eyJjYWxsYmFja0JvZHlUeXBlIjoiYXBwbGljYXRpb24veC13d3ctZm9ybS11cmxlbmNvZGVkIiwiY2FsbGJhY2tVcmwiOiIiLCJjYWxsYmFja0JvZHkiOiJmaWxlbmFtZT0ke29iamVjdH0mc2l6ZT0ke3NpemV9Jm1pbWVUeXBlPSR7bWltZVR5cGV9JmhlaWdodD0ke2ltYWdlSW5mby5oZWlnaHR9JndpZHRoPSR7aW1hZ2VJbmZvLndpZHRofSJ9","dir":"images/","policy":"eyJleHBpcmF0aW9uIjoiMjAyMi0wNS0yNVQwMToyMjowOS42MTBaIiwiY29uZGl0aW9ucyI6W1siY29udGVudC1sZW5ndGgtcmFuZ2UiLDAsMTA0ODU3NjAwMF0sWyJzdGFydHMtd2l0aCIsIiRrZXkiLCJpbWFnZXMvIl1dfQ=="}
耗时:2
2022-05-25 09:17:13.886 [http-nio-8080-exec-2] INFO  com.x.config.mvc.LogRecordAspect 
GET请求/aliyun/sts
参数:null
异常:Server unreachable: connection https://sts.aliyuncs.com/?Policy=%7B%0D%0A++++%22Statement%22%3A+%5B%0D%0A++++++++%7B%0D%0A++++++++++++%22Effect%22%3A+%22Allow%22%2C%0D%0A++++++++++++%22Action%22%3A+%5B%0D%0A++++++++++++++++%22oss%3APutObject%22%2C%0D%0A++++++++++++++++%22oss%3AGetObject%22%2C%0D%0A++++++++++++++++%22oss%3AListObjects%22%0D%0A++++++++++++%5D%2C%0D%0A++++++++++++%22Resource%22%3A+%5B%0D%0A++++++++++++++++%22acs%3Aoss%3A*%3A*%3A*%22%2C%0D%0A++++++++++++++++%22acs%3Aoss%3A*%3A*%3Alfs-image%2F*%22%0D%0A++++++++++++%5D%0D%0A++++++++%7D%0D%0A++++%5D%2C%0D%0A++++%22Version%22%3A+%221%22%0D%0A%7D&Action=AssumeRole&DurationSeconds=3600&Timestamp=2022-05-25T01%3A17%3A08Z&RoleArn=acs%3Aram%3A%3A1373745909084993%3Arole%2Flfsoss&SignatureVersion=1.0&Format=JSON&RoleSessionName=lfs&SignatureNonce=2c9bec55-9677-4a00-993c-c372ebeec907165344142878634&Version=2015-04-01&AccessKeyId=LTAI5tQQuPD1Fk7bhcEQbNWk&Signature=GC2sGu9LnPmeDxNvCkEXZoOZLy8%3D&SignatureMethod=HMAC-SHA1&RegionId=cn-chengdu failed
耗时:5117
2022-05-25 09:27:02.069 [http-nio-8080-exec-3] INFO  com.x.config.mvc.LogRecordAspect 
GET请求/aliyun/oss/signature
参数:dir=images%2F
响应:{"accessId":"LTAI5tQQuPD1Fk7bhcEQbNWk","signature":"BqDMGhD+uZO2KzL6yi943NeF2J8=","expire":"1653442322","host":"https://lfs-image.oss-cn-chengdu.aliyuncs.com","callback":"eyJjYWxsYmFja0JvZHlUeXBlIjoiYXBwbGljYXRpb24veC13d3ctZm9ybS11cmxlbmNvZGVkIiwiY2FsbGJhY2tVcmwiOiIiLCJjYWxsYmFja0JvZHkiOiJmaWxlbmFtZT0ke29iamVjdH0mc2l6ZT0ke3NpemV9Jm1pbWVUeXBlPSR7bWltZVR5cGV9JmhlaWdodD0ke2ltYWdlSW5mby5oZWlnaHR9JndpZHRoPSR7aW1hZ2VJbmZvLndpZHRofSJ9","dir":"images/","policy":"eyJleHBpcmF0aW9uIjoiMjAyMi0wNS0yNVQwMTozMjowMi4wNjhaIiwiY29uZGl0aW9ucyI6W1siY29udGVudC1sZW5ndGgtcmFuZ2UiLDAsMTA0ODU3NjAwMF0sWyJzdGFydHMtd2l0aCIsIiRrZXkiLCJpbWFnZXMvIl1dfQ=="}
耗时:1
2022-05-25 09:27:02.070 [http-nio-8080-exec-10] INFO  com.x.config.mvc.LogRecordAspect 
GET请求/aliyun/oss/signature
参数:dir=%2Fimages
响应:{"accessId":"LTAI5tQQuPD1Fk7bhcEQbNWk","signature":"3GMAhVx/SkCesFW5Bz0ZX+MwmDI=","expire":"1653442322","host":"https://lfs-image.oss-cn-chengdu.aliyuncs.com","callback":"eyJjYWxsYmFja0JvZHlUeXBlIjoiYXBwbGljYXRpb24veC13d3ctZm9ybS11cmxlbmNvZGVkIiwiY2FsbGJhY2tVcmwiOiIiLCJjYWxsYmFja0JvZHkiOiJmaWxlbmFtZT0ke29iamVjdH0mc2l6ZT0ke3NpemV9Jm1pbWVUeXBlPSR7bWltZVR5cGV9JmhlaWdodD0ke2ltYWdlSW5mby5oZWlnaHR9JndpZHRoPSR7aW1hZ2VJbmZvLndpZHRofSJ9","dir":"/images","policy":"eyJleHBpcmF0aW9uIjoiMjAyMi0wNS0yNVQwMTozMjowMi4wNjhaIiwiY29uZGl0aW9ucyI6W1siY29udGVudC1sZW5ndGgtcmFuZ2UiLDAsMTA0ODU3NjAwMF0sWyJzdGFydHMtd2l0aCIsIiRrZXkiLCIvaW1hZ2VzIl1dfQ=="}
耗时:2
2022-05-25 09:27:15.809 [http-nio-8080-exec-5] INFO  com.x.config.mvc.LogRecordAspect 
GET请求/aliyun/oss/signature
参数:dir=%2Fimages
响应:{"accessId":"LTAI5tQQuPD1Fk7bhcEQbNWk","signature":"RAeVi02oouaXcWnLc31rSDyidSk=","expire":"1653442335","host":"https://lfs-image.oss-cn-chengdu.aliyuncs.com","callback":"eyJjYWxsYmFja0JvZHlUeXBlIjoiYXBwbGljYXRpb24veC13d3ctZm9ybS11cmxlbmNvZGVkIiwiY2FsbGJhY2tVcmwiOiIiLCJjYWxsYmFja0JvZHkiOiJmaWxlbmFtZT0ke29iamVjdH0mc2l6ZT0ke3NpemV9Jm1pbWVUeXBlPSR7bWltZVR5cGV9JmhlaWdodD0ke2ltYWdlSW5mby5oZWlnaHR9JndpZHRoPSR7aW1hZ2VJbmZvLndpZHRofSJ9","dir":"/images","policy":"eyJleHBpcmF0aW9uIjoiMjAyMi0wNS0yNVQwMTozMjoxNS44MDhaIiwiY29uZGl0aW9ucyI6W1siY29udGVudC1sZW5ndGgtcmFuZ2UiLDAsMTA0ODU3NjAwMF0sWyJzdGFydHMtd2l0aCIsIiRrZXkiLCIvaW1hZ2VzIl1dfQ=="}
耗时:1
2022-05-25 09:27:15.809 [http-nio-8080-exec-4] INFO  com.x.config.mvc.LogRecordAspect 
GET请求/aliyun/oss/signature
参数:dir=images%2F
响应:{"accessId":"LTAI5tQQuPD1Fk7bhcEQbNWk","signature":"0SeiqGBREUxkhudSV6teg5D7188=","expire":"1653442335","host":"https://lfs-image.oss-cn-chengdu.aliyuncs.com","callback":"eyJjYWxsYmFja0JvZHlUeXBlIjoiYXBwbGljYXRpb24veC13d3ctZm9ybS11cmxlbmNvZGVkIiwiY2FsbGJhY2tVcmwiOiIiLCJjYWxsYmFja0JvZHkiOiJmaWxlbmFtZT0ke29iamVjdH0mc2l6ZT0ke3NpemV9Jm1pbWVUeXBlPSR7bWltZVR5cGV9JmhlaWdodD0ke2ltYWdlSW5mby5oZWlnaHR9JndpZHRoPSR7aW1hZ2VJbmZvLndpZHRofSJ9","dir":"images/","policy":"eyJleHBpcmF0aW9uIjoiMjAyMi0wNS0yNVQwMTozMjoxNS44MDhaIiwiY29uZGl0aW9ucyI6W1siY29udGVudC1sZW5ndGgtcmFuZ2UiLDAsMTA0ODU3NjAwMF0sWyJzdGFydHMtd2l0aCIsIiRrZXkiLCJpbWFnZXMvIl1dfQ=="}
耗时:1
2022-05-25 09:27:43.088 [http-nio-8080-exec-6] INFO  com.x.config.mvc.LogRecordAspect 
GET请求/aliyun/oss/signature
参数:dir=%2Fimages
响应:{"accessId":"LTAI5tQQuPD1Fk7bhcEQbNWk","signature":"fymg4U79W4+/s5cNFWj4XMfAqpk=","expire":"1653442363","host":"https://lfs-image.oss-cn-chengdu.aliyuncs.com","callback":"eyJjYWxsYmFja0JvZHlUeXBlIjoiYXBwbGljYXRpb24veC13d3ctZm9ybS11cmxlbmNvZGVkIiwiY2FsbGJhY2tVcmwiOiIiLCJjYWxsYmFja0JvZHkiOiJmaWxlbmFtZT0ke29iamVjdH0mc2l6ZT0ke3NpemV9Jm1pbWVUeXBlPSR7bWltZVR5cGV9JmhlaWdodD0ke2ltYWdlSW5mby5oZWlnaHR9JndpZHRoPSR7aW1hZ2VJbmZvLndpZHRofSJ9","dir":"/images","policy":"eyJleHBpcmF0aW9uIjoiMjAyMi0wNS0yNVQwMTozMjo0My4wODVaIiwiY29uZGl0aW9ucyI6W1siY29udGVudC1sZW5ndGgtcmFuZ2UiLDAsMTA0ODU3NjAwMF0sWyJzdGFydHMtd2l0aCIsIiRrZXkiLCIvaW1hZ2VzIl1dfQ=="}
耗时:3
2022-05-25 09:27:43.093 [http-nio-8080-exec-9] INFO  com.x.config.mvc.LogRecordAspect 
GET请求/aliyun/oss/signature
参数:dir=images%2F
响应:{"accessId":"LTAI5tQQuPD1Fk7bhcEQbNWk","signature":"z6nUHP70io6BnN85Yql86vIm1YA=","expire":"1653442363","host":"https://lfs-image.oss-cn-chengdu.aliyuncs.com","callback":"eyJjYWxsYmFja0JvZHlUeXBlIjoiYXBwbGljYXRpb24veC13d3ctZm9ybS11cmxlbmNvZGVkIiwiY2FsbGJhY2tVcmwiOiIiLCJjYWxsYmFja0JvZHkiOiJmaWxlbmFtZT0ke29iamVjdH0mc2l6ZT0ke3NpemV9Jm1pbWVUeXBlPSR7bWltZVR5cGV9JmhlaWdodD0ke2ltYWdlSW5mby5oZWlnaHR9JndpZHRoPSR7aW1hZ2VJbmZvLndpZHRofSJ9","dir":"images/","policy":"eyJleHBpcmF0aW9uIjoiMjAyMi0wNS0yNVQwMTozMjo0My4wOTJaIiwiY29uZGl0aW9ucyI6W1siY29udGVudC1sZW5ndGgtcmFuZ2UiLDAsMTA0ODU3NjAwMF0sWyJzdGFydHMtd2l0aCIsIiRrZXkiLCJpbWFnZXMvIl1dfQ=="}
耗时:1
2022-05-25 09:27:54.461 [http-nio-8080-exec-1] INFO  com.x.config.mvc.LogRecordAspect 
GET请求/aliyun/oss/signature
参数:dir=%2Fimages
响应:{"accessId":"LTAI5tQQuPD1Fk7bhcEQbNWk","signature":"8LkF1zfwD75j4/sQSmkoebhbFZU=","expire":"1653442374","host":"https://lfs-image.oss-cn-chengdu.aliyuncs.com","callback":"eyJjYWxsYmFja0JvZHlUeXBlIjoiYXBwbGljYXRpb24veC13d3ctZm9ybS11cmxlbmNvZGVkIiwiY2FsbGJhY2tVcmwiOiIiLCJjYWxsYmFja0JvZHkiOiJmaWxlbmFtZT0ke29iamVjdH0mc2l6ZT0ke3NpemV9Jm1pbWVUeXBlPSR7bWltZVR5cGV9JmhlaWdodD0ke2ltYWdlSW5mby5oZWlnaHR9JndpZHRoPSR7aW1hZ2VJbmZvLndpZHRofSJ9","dir":"/images","policy":"eyJleHBpcmF0aW9uIjoiMjAyMi0wNS0yNVQwMTozMjo1NC40NjFaIiwiY29uZGl0aW9ucyI6W1siY29udGVudC1sZW5ndGgtcmFuZ2UiLDAsMTA0ODU3NjAwMF0sWyJzdGFydHMtd2l0aCIsIiRrZXkiLCIvaW1hZ2VzIl1dfQ=="}
耗时:0
2022-05-25 09:27:54.476 [http-nio-8080-exec-8] INFO  com.x.config.mvc.LogRecordAspect 
GET请求/aliyun/oss/signature
参数:dir=images%2F
响应:{"accessId":"LTAI5tQQuPD1Fk7bhcEQbNWk","signature":"1Dixz1OUwpGlxo1JYbPuJYV3cWk=","expire":"1653442374","host":"https://lfs-image.oss-cn-chengdu.aliyuncs.com","callback":"eyJjYWxsYmFja0JvZHlUeXBlIjoiYXBwbGljYXRpb24veC13d3ctZm9ybS11cmxlbmNvZGVkIiwiY2FsbGJhY2tVcmwiOiIiLCJjYWxsYmFja0JvZHkiOiJmaWxlbmFtZT0ke29iamVjdH0mc2l6ZT0ke3NpemV9Jm1pbWVUeXBlPSR7bWltZVR5cGV9JmhlaWdodD0ke2ltYWdlSW5mby5oZWlnaHR9JndpZHRoPSR7aW1hZ2VJbmZvLndpZHRofSJ9","dir":"images/","policy":"eyJleHBpcmF0aW9uIjoiMjAyMi0wNS0yNVQwMTozMjo1NC40NTlaIiwiY29uZGl0aW9ucyI6W1siY29udGVudC1sZW5ndGgtcmFuZ2UiLDAsMTA0ODU3NjAwMF0sWyJzdGFydHMtd2l0aCIsIiRrZXkiLCJpbWFnZXMvIl1dfQ=="}
耗时:17
2022-05-25 09:29:45.250 [http-nio-8080-exec-2] INFO  com.x.config.mvc.LogRecordAspect 
GET请求/aliyun/oss/signature
参数:dir=images%2F
响应:{"accessId":"LTAI5tQQuPD1Fk7bhcEQbNWk","signature":"9qDxjJ/wizWg+erMkRuO+NkwEaA=","expire":"1653442485","host":"https://lfs-image.oss-cn-chengdu.aliyuncs.com","callback":"eyJjYWxsYmFja0JvZHlUeXBlIjoiYXBwbGljYXRpb24veC13d3ctZm9ybS11cmxlbmNvZGVkIiwiY2FsbGJhY2tVcmwiOiIiLCJjYWxsYmFja0JvZHkiOiJmaWxlbmFtZT0ke29iamVjdH0mc2l6ZT0ke3NpemV9Jm1pbWVUeXBlPSR7bWltZVR5cGV9JmhlaWdodD0ke2ltYWdlSW5mby5oZWlnaHR9JndpZHRoPSR7aW1hZ2VJbmZvLndpZHRofSJ9","dir":"images/","policy":"eyJleHBpcmF0aW9uIjoiMjAyMi0wNS0yNVQwMTozNDo0NS4yNDhaIiwiY29uZGl0aW9ucyI6W1siY29udGVudC1sZW5ndGgtcmFuZ2UiLDAsMTA0ODU3NjAwMF0sWyJzdGFydHMtd2l0aCIsIiRrZXkiLCJpbWFnZXMvIl1dfQ=="}
耗时:2
2022-05-25 09:29:45.253 [http-nio-8080-exec-7] INFO  com.x.config.mvc.LogRecordAspect 
GET请求/aliyun/oss/signature
参数:dir=images%2F
响应:{"accessId":"LTAI5tQQuPD1Fk7bhcEQbNWk","signature":"w+fFevN/IIf1mLmT2yvcBhR68TI=","expire":"1653442485","host":"https://lfs-image.oss-cn-chengdu.aliyuncs.com","callback":"eyJjYWxsYmFja0JvZHlUeXBlIjoiYXBwbGljYXRpb24veC13d3ctZm9ybS11cmxlbmNvZGVkIiwiY2FsbGJhY2tVcmwiOiIiLCJjYWxsYmFja0JvZHkiOiJmaWxlbmFtZT0ke29iamVjdH0mc2l6ZT0ke3NpemV9Jm1pbWVUeXBlPSR7bWltZVR5cGV9JmhlaWdodD0ke2ltYWdlSW5mby5oZWlnaHR9JndpZHRoPSR7aW1hZ2VJbmZvLndpZHRofSJ9","dir":"images/","policy":"eyJleHBpcmF0aW9uIjoiMjAyMi0wNS0yNVQwMTozNDo0NS4yNTJaIiwiY29uZGl0aW9ucyI6W1siY29udGVudC1sZW5ndGgtcmFuZ2UiLDAsMTA0ODU3NjAwMF0sWyJzdGFydHMtd2l0aCIsIiRrZXkiLCJpbWFnZXMvIl1dfQ=="}
耗时:1
2022-05-25 10:21:59.987 [http-nio-8080-exec-10] INFO  com.x.config.mvc.LogRecordAspect 
GET请求/staff/session
参数:null
响应:{"createTime":"2021-12-29 16:00:36","id":1,"name":"徐竟浩","phone":"13880605659","roles":[{"id":1,"key":"admin","name":"系统管理员"}],"state":1}
耗时:21
2022-05-25 10:22:00.495 [http-nio-8080-exec-3] INFO  com.x.config.mvc.LogRecordAspect 
GET请求/aliyun/sts
参数:null
响应:{"accessKeyId":"STS.NTLrAdYtPXSAkpn4PzA7g6BhY","accessKeySecret":"4j4yZimqdVjGqNePPaCasy5x33WcGBUvdpUGzDJNqTKz","expiration":"2022-05-25T03:22:00Z","securityToken":"CAISuwJ1q6Ft5B2yfSjIr5f5OfvQtKtx75GqaVbf0FAvTbhL2YfDuzz2IH9Fe3NqCO0XtvowlWxZ6vwflqp3RYQdj79dzCwovPpt6gqET9frT6XXhOV2dvTHdEGXDxnkpuCwB8zyUNLafNq0dlnAjVUd6LDmdDKkLRvHVJqSksxfc8gwVAu1ZiYkYdBNPVlNpdM9P3ncPurPVRnxmTj0DVF0nQB+hGhj8t6ToKum5wHZkUfxx8IMuo31OeLEVcR3O4plWNrHnI4Tf6HagilL8EoIpuUkzs478Dzc7NaGGAsTsVfUN+TPt9xqJQB0IeoYY/cf86OjyaAp4r2Lx9immk13ULsLA3iFdueJ29DZHe6lDNE9eIvgNm7FutL1bcak7Fl+MC9KbF0VKoZwdiUtE3IoRCrdMbS3Ud4Src1mm8IagAEzO/UtKmv94gHGB3N61dC5F1Wvh1FSyDPdbfTfuGBwTuDXvAy+nMrWu5TwnAnh0y9tdfgw+NIteQe2Ir7/zw/RZVRon8iHKoGqLBeJbuUuldb8QA+oMZw6A456TR+pgGz5H1OiuxUIp0wOHp2sTsjGWZvTp4BYEg5KGF4mIYKNHA=="}
耗时:529
2022-05-25 10:22:00.581 [http-nio-8080-exec-4] INFO  com.x.config.mvc.LogRecordAspect 
GET请求/aliyun/oss/signature
参数:dir=images%2F
响应:{"accessId":"LTAI5tQQuPD1Fk7bhcEQbNWk","signature":"aysGdKnSsK94jqDNg4egHLBSZRQ=","expire":"1653445620","host":"https://lfs-image.oss-cn-chengdu.aliyuncs.com","callback":"eyJjYWxsYmFja0JvZHlUeXBlIjoiYXBwbGljYXRpb24veC13d3ctZm9ybS11cmxlbmNvZGVkIiwiY2FsbGJhY2tVcmwiOiIiLCJjYWxsYmFja0JvZHkiOiJmaWxlbmFtZT0ke29iamVjdH0mc2l6ZT0ke3NpemV9Jm1pbWVUeXBlPSR7bWltZVR5cGV9JmhlaWdodD0ke2ltYWdlSW5mby5oZWlnaHR9JndpZHRoPSR7aW1hZ2VJbmZvLndpZHRofSJ9","dir":"images/","policy":"eyJleHBpcmF0aW9uIjoiMjAyMi0wNS0yNVQwMjoyNzowMC41NzhaIiwiY29uZGl0aW9ucyI6W1siY29udGVudC1sZW5ndGgtcmFuZ2UiLDAsMTA0ODU3NjAwMF0sWyJzdGFydHMtd2l0aCIsIiRrZXkiLCJpbWFnZXMvIl1dfQ=="}
耗时:3
2022-05-25 10:22:00.606 [http-nio-8080-exec-5] INFO  com.x.config.mvc.LogRecordAspect 
GET请求/aliyun/oss/signature
参数:dir=images%2F
响应:{"accessId":"LTAI5tQQuPD1Fk7bhcEQbNWk","signature":"6dp4l7vruUeYtZc3ea5QtL0W3d8=","expire":"1653445620","host":"https://lfs-image.oss-cn-chengdu.aliyuncs.com","callback":"eyJjYWxsYmFja0JvZHlUeXBlIjoiYXBwbGljYXRpb24veC13d3ctZm9ybS11cmxlbmNvZGVkIiwiY2FsbGJhY2tVcmwiOiIiLCJjYWxsYmFja0JvZHkiOiJmaWxlbmFtZT0ke29iamVjdH0mc2l6ZT0ke3NpemV9Jm1pbWVUeXBlPSR7bWltZVR5cGV9JmhlaWdodD0ke2ltYWdlSW5mby5oZWlnaHR9JndpZHRoPSR7aW1hZ2VJbmZvLndpZHRofSJ9","dir":"images/","policy":"eyJleHBpcmF0aW9uIjoiMjAyMi0wNS0yNVQwMjoyNzowMC42MDVaIiwiY29uZGl0aW9ucyI6W1siY29udGVudC1sZW5ndGgtcmFuZ2UiLDAsMTA0ODU3NjAwMF0sWyJzdGFydHMtd2l0aCIsIiRrZXkiLCJpbWFnZXMvIl1dfQ=="}
耗时:1
2022-05-25 10:42:54.761 [http-nio-8080-exec-6] INFO  com.x.config.mvc.LogRecordAspect 
GET请求/grouptour
参数:current=1&pageSize=20
响应:{"data":[{"id":"5fd9b5ac1adc380258c2d16a","imageUrls":["http://b1-q.mafengwo.net/s17/M00/16/E3/CoUBXl-GVM2AC1GxAANlur2bmuE64.jpeg?imageMogr2%2Fthumbnail%2F%21440x260r%2Fgravity%2FCenter%2Fcrop%2F%21440x260%2Fquality%2F100","http://b1-q.mafengwo.net/s12/M00/3D/36/wKgED1vuQCSAUxxGAA8Olv_YUTQ674.png?imageMogr2%2Fthumbnail%2F%21440x260r%2Fgravity%2FCenter%2Fcrop%2F%21440x260%2Fquality%2F100","http://p1-q.mafengwo.net/s12/M00/94/77/wKgED1v7oHmABJOSAALG5thmt_w03.jpeg?imageMogr2%2Fthumbnail%2F%21440x260r%2Fgravity%2FCenter%2Fcrop%2F%21440x260%2Fquality%2F100"],"maxPrice":0,"minPrice":0,"tags":["买一送一","强消赔2000","儿童免团费","五星温泉SPA"],"title":"【年终特卖 无一人差评】云南昆明大理丽江6日游（国际五星级酒店+强一赔百+送西双版纳4日+洱海吉普车旅拍+玉龙雪山大索道+名族美食+游船）"},{"id":"6007c226a374a85f1ce351c7","imageUrls":["http://b1-q.mafengwo.net/s17/M00/16/E3/CoUBXl-GVM2AC1GxAANlur2bmuE64.jpeg?imageMogr2%2Fthumbnail%2F%21440x260r%2Fgravity%2FCenter%2Fcrop%2F%21440x260%2Fquality%2F100","http://b1-q.mafengwo.net/s12/M00/3D/36/wKgED1vuQCSAUxxGAA8Olv_YUTQ674.png?imageMogr2%2Fthumbnail%2F%21440x260r%2Fgravity%2FCenter%2Fcrop%2F%21440x260%2Fquality%2F100","http://p1-q.mafengwo.net/s12/M00/94/77/wKgED1v7oHmABJOSAALG5thmt_w03.jpeg?imageMogr2%2Fthumbnail%2F%21440x260r%2Fgravity%2FCenter%2Fcrop%2F%21440x260%2Fquality%2F100"],"maxPrice":0,"minPrice":0,"tags":["买一送一","强消赔2000","儿童免团费","五星温泉SPA"],"title":"【年终特卖 无一人差评】云南昆明大理丽江6日游（国际五星级酒店+强一赔百+送西双版纳4日+洱海吉普车旅拍+玉龙雪山大索道+名族美食+游船）"},{"id":"6007c22ca374a85f1ce351c9","imageUrls":["http://b1-q.mafengwo.net/s17/M00/16/E3/CoUBXl-GVM2AC1GxAANlur2bmuE64.jpeg?imageMogr2%2Fthumbnail%2F%21440x260r%2Fgravity%2FCenter%2Fcrop%2F%21440x260%2Fquality%2F100","http://b1-q.mafengwo.net/s12/M00/3D/36/wKgED1vuQCSAUxxGAA8Olv_YUTQ674.png?imageMogr2%2Fthumbnail%2F%21440x260r%2Fgravity%2FCenter%2Fcrop%2F%21440x260%2Fquality%2F100","http://p1-q.mafengwo.net/s12/M00/94/77/wKgED1v7oHmABJOSAALG5thmt_w03.jpeg?imageMogr2%2Fthumbnail%2F%21440x260r%2Fgravity%2FCenter%2Fcrop%2F%21440x260%2Fquality%2F100"],"maxPrice":0,"minPrice":0,"tags":["买一送一","强消赔2000","儿童免团费","五星温泉SPA"],"title":"【年终特卖 无一人差评】云南昆明大理丽江6日游（国际五星级酒店+强一赔百+送西双版纳4日+洱海吉普车旅拍+玉龙雪山大索道+名族美食+游船）"},{"id":"6007c22ca374a85f1ce351cb","imageUrls":["http://b1-q.mafengwo.net/s17/M00/16/E3/CoUBXl-GVM2AC1GxAANlur2bmuE64.jpeg?imageMogr2%2Fthumbnail%2F%21440x260r%2Fgravity%2FCenter%2Fcrop%2F%21440x260%2Fquality%2F100","http://b1-q.mafengwo.net/s12/M00/3D/36/wKgED1vuQCSAUxxGAA8Olv_YUTQ674.png?imageMogr2%2Fthumbnail%2F%21440x260r%2Fgravity%2FCenter%2Fcrop%2F%21440x260%2Fquality%2F100","http://p1-q.mafengwo.net/s12/M00/94/77/wKgED1v7oHmABJOSAALG5thmt_w03.jpeg?imageMogr2%2Fthumbnail%2F%21440x260r%2Fgravity%2FCenter%2Fcrop%2F%21440x260%2Fquality%2F100"],"maxPrice":0,"minPrice":0,"tags":["买一送一","强消赔2000","儿童免团费","五星温泉SPA"],"title":"【年终特卖 无一人差评】云南昆明大理丽江6日游（国际五星级酒店+强一赔百+送西双版纳4日+洱海吉普车旅拍+玉龙雪山大索道+名族美食+游船）"},{"id":"6007c22da374a85f1ce351cd","imageUrls":["http://b1-q.mafengwo.net/s17/M00/16/E3/CoUBXl-GVM2AC1GxAANlur2bmuE64.jpeg?imageMogr2%2Fthumbnail%2F%21440x260r%2Fgravity%2FCenter%2Fcrop%2F%21440x260%2Fquality%2F100","http://b1-q.mafengwo.net/s12/M00/3D/36/wKgED1vuQCSAUxxGAA8Olv_YUTQ674.png?imageMogr2%2Fthumbnail%2F%21440x260r%2Fgravity%2FCenter%2Fcrop%2F%21440x260%2Fquality%2F100","http://p1-q.mafengwo.net/s12/M00/94/77/wKgED1v7oHmABJOSAALG5thmt_w03.jpeg?imageMogr2%2Fthumbnail%2F%21440x260r%2Fgravity%2FCenter%2Fcrop%2F%21440x260%2Fquality%2F100"],"maxPrice":0,"minPrice":0,"tags":["买一送一","强消赔2000","儿童免团费","五星温泉SPA"],"title":"【年终特卖 无一人差评】云南昆明大理丽江6日游（国际五星级酒店+强一赔百+送西双版纳4日+洱海吉普车旅拍+玉龙雪山大索道+名族美食+游船）"},{"id":"6007c22da374a85f1ce351cf","imageUrls":["http://b1-q.mafengwo.net/s17/M00/16/E3/CoUBXl-GVM2AC1GxAANlur2bmuE64.jpeg?imageMogr2%2Fthumbnail%2F%21440x260r%2Fgravity%2FCenter%2Fcrop%2F%21440x260%2Fquality%2F100","http://b1-q.mafengwo.net/s12/M00/3D/36/wKgED1vuQCSAUxxGAA8Olv_YUTQ674.png?imageMogr2%2Fthumbnail%2F%21440x260r%2Fgravity%2FCenter%2Fcrop%2F%21440x260%2Fquality%2F100","http://p1-q.mafengwo.net/s12/M00/94/77/wKgED1v7oHmABJOSAALG5thmt_w03.jpeg?imageMogr2%2Fthumbnail%2F%21440x260r%2Fgravity%2FCenter%2Fcrop%2F%21440x260%2Fquality%2F100"],"maxPrice":0,"minPrice":0,"tags":["买一送一","强消赔2000","儿童免团费","五星温泉SPA"],"title":"【年终特卖 无一人差评】云南昆明大理丽江6日游（国际五星级酒店+强一赔百+送西双版纳4日+洱海吉普车旅拍+玉龙雪山大索道+名族美食+游船）"},{"id":"6007c22da374a85f1ce351d1","imageUrls":["http://b1-q.mafengwo.net/s17/M00/16/E3/CoUBXl-GVM2AC1GxAANlur2bmuE64.jpeg?imageMogr2%2Fthumbnail%2F%21440x260r%2Fgravity%2FCenter%2Fcrop%2F%21440x260%2Fquality%2F100","http://b1-q.mafengwo.net/s12/M00/3D/36/wKgED1vuQCSAUxxGAA8Olv_YUTQ674.png?imageMogr2%2Fthumbnail%2F%21440x260r%2Fgravity%2FCenter%2Fcrop%2F%21440x260%2Fquality%2F100","http://p1-q.mafengwo.net/s12/M00/94/77/wKgED1v7oHmABJOSAALG5thmt_w03.jpeg?imageMogr2%2Fthumbnail%2F%21440x260r%2Fgravity%2FCenter%2Fcrop%2F%21440x260%2Fquality%2F100"],"maxPrice":0,"minPrice":0,"tags":["买一送一","强消赔2000","儿童免团费","五星温泉SPA"],"title":"【年终特卖 无一人差评】云南昆明大理丽江6日游（国际五星级酒店+强一赔百+送西双版纳4日+洱海吉普车旅拍+玉龙雪山大索道+名族美食+游船）"},{"id":"6007c22da374a85f1ce351d3","imageUrls":["http://b1-q.mafengwo.net/s17/M00/16/E3/CoUBXl-GVM2AC1GxAANlur2bmuE64.jpeg?imageMogr2%2Fthumbnail%2F%21440x260r%2Fgravity%2FCenter%2Fcrop%2F%21440x260%2Fquality%2F100","http://b1-q.mafengwo.net/s12/M00/3D/36/wKgED1vuQCSAUxxGAA8Olv_YUTQ674.png?imageMogr2%2Fthumbnail%2F%21440x260r%2Fgravity%2FCenter%2Fcrop%2F%21440x260%2Fquality%2F100","http://p1-q.mafengwo.net/s12/M00/94/77/wKgED1v7oHmABJOSAALG5thmt_w03.jpeg?imageMogr2%2Fthumbnail%2F%21440x260r%2Fgravity%2FCenter%2Fcrop%2F%21440x260%2Fquality%2F100"],"maxPrice":0,"minPrice":0,"tags":["买一送一","强消赔2000","儿童免团费","五星温泉SPA"],"title":"【年终特卖 无一人差评】云南昆明大理丽江6日游（国际五星级酒店+强一赔百+送西双版纳4日+洱海吉普车旅拍+玉龙雪山大索道+名族美食+游船）"},{"id":"6007c22da374a85f1ce351d5","imageUrls":["http://b1-q.mafengwo.net/s17/M00/16/E3/CoUBXl-GVM2AC1GxAANlur2bmuE64.jpeg?imageMogr2%2Fthumbnail%2F%21440x260r%2Fgravity%2FCenter%2Fcrop%2F%21440x260%2Fquality%2F100","http://b1-q.mafengwo.net/s12/M00/3D/36/wKgED1vuQCSAUxxGAA8Olv_YUTQ674.png?imageMogr2%2Fthumbnail%2F%21440x260r%2Fgravity%2FCenter%2Fcrop%2F%21440x260%2Fquality%2F100","http://p1-q.mafengwo.net/s12/M00/94/77/wKgED1v7oHmABJOSAALG5thmt_w03.jpeg?imageMogr2%2Fthumbnail%2F%21440x260r%2Fgravity%2FCenter%2Fcrop%2F%21440x260%2Fquality%2F100"],"maxPrice":0,"minPrice":0,"tags":["买一送一","强消赔2000","儿童免团费","五星温泉SPA"],"title":"【年终特卖 无一人差评】云南昆明大理丽江6日游（国际五星级酒店+强一赔百+送西双版纳4日+洱海吉普车旅拍+玉龙雪山大索道+名族美食+游船）"},{"id":"6007c22ea374a85f1ce351d7","imageUrls":["http://b1-q.mafengwo.net/s17/M00/16/E3/CoUBXl-GVM2AC1GxAANlur2bmuE64.jpeg?imageMogr2%2Fthumbnail%2F%21440x260r%2Fgravity%2FCenter%2Fcrop%2F%21440x260%2Fquality%2F100","http://b1-q.mafengwo.net/s12/M00/3D/36/wKgED1vuQCSAUxxGAA8Olv_YUTQ674.png?imageMogr2%2Fthumbnail%2F%21440x260r%2Fgravity%2FCenter%2Fcrop%2F%21440x260%2Fquality%2F100","http://p1-q.mafengwo.net/s12/M00/94/77/wKgED1v7oHmABJOSAALG5thmt_w03.jpeg?imageMogr2%2Fthumbnail%2F%21440x260r%2Fgravity%2FCenter%2Fcrop%2F%21440x260%2Fquality%2F100"],"maxPrice":0,"minPrice":0,"tags":["买一送一","强消赔2000","儿童免团费","五星温泉SPA"],"title":"【年终特卖 无一人差评】云南昆明大理丽江6日游（国际五星级酒店+强一赔百+送西双版纳4日+洱海吉普车旅拍+玉龙雪山大索道+名族美食+游船）"},{"id":"6007c22ea374a85f1ce351d9","imageUrls":["http://b1-q.mafengwo.net/s17/M00/16/E3/CoUBXl-GVM2AC1GxAANlur2bmuE64.jpeg?imageMogr2%2Fthumbnail%2F%21440x260r%2Fgravity%2FCenter%2Fcrop%2F%21440x260%2Fquality%2F100","http://b1-q.mafengwo.net/s12/M00/3D/36/wKgED1vuQCSAUxxGAA8Olv_YUTQ674.png?imageMogr2%2Fthumbnail%2F%21440x260r%2Fgravity%2FCenter%2Fcrop%2F%21440x260%2Fquality%2F100","http://p1-q.mafengwo.net/s12/M00/94/77/wKgED1v7oHmABJOSAALG5thmt_w03.jpeg?imageMogr2%2Fthumbnail%2F%21440x260r%2Fgravity%2FCenter%2Fcrop%2F%21440x260%2Fquality%2F100"],"maxPrice":0,"minPrice":0,"tags":["买一送一","强消赔2000","儿童免团费","五星温泉SPA"],"title":"【年终特卖 无一人差评】云南昆明大理丽江6日游（国际五星级酒店+强一赔百+送西双版纳4日+洱海吉普车旅拍+玉龙雪山大索道+名族美食+游船）"},{"id":"6007c22ea374a85f1ce351db","imageUrls":["http://b1-q.mafengwo.net/s17/M00/16/E3/CoUBXl-GVM2AC1GxAANlur2bmuE64.jpeg?imageMogr2%2Fthumbnail%2F%21440x260r%2Fgravity%2FCenter%2Fcrop%2F%21440x260%2Fquality%2F100","http://b1-q.mafengwo.net/s12/M00/3D/36/wKgED1vuQCSAUxxGAA8Olv_YUTQ674.png?imageMogr2%2Fthumbnail%2F%21440x260r%2Fgravity%2FCenter%2Fcrop%2F%21440x260%2Fquality%2F100","http://p1-q.mafengwo.net/s12/M00/94/77/wKgED1v7oHmABJOSAALG5thmt_w03.jpeg?imageMogr2%2Fthumbnail%2F%21440x260r%2Fgravity%2FCenter%2Fcrop%2F%21440x260%2Fquality%2F100"],"maxPrice":0,"minPrice":0,"tags":["买一送一","强消赔2000","儿童免团费","五星温泉SPA"],"title":"【年终特卖 无一人差评】云南昆明大理丽江6日游（国际五星级酒店+强一赔百+送西双版纳4日+洱海吉普车旅拍+玉龙雪山大索道+名族美食+游船）"},{"id":"6007c22ea374a85f1ce351dd","imageUrls":["http://b1-q.mafengwo.net/s17/M00/16/E3/CoUBXl-GVM2AC1GxAANlur2bmuE64.jpeg?imageMogr2%2Fthumbnail%2F%21440x260r%2Fgravity%2FCenter%2Fcrop%2F%21440x260%2Fquality%2F100","http://b1-q.mafengwo.net/s12/M00/3D/36/wKgED1vuQCSAUxxGAA8Olv_YUTQ674.png?imageMogr2%2Fthumbnail%2F%21440x260r%2Fgravity%2FCenter%2Fcrop%2F%21440x260%2Fquality%2F100","http://p1-q.mafengwo.net/s12/M00/94/77/wKgED1v7oHmABJOSAALG5thmt_w03.jpeg?imageMogr2%2Fthumbnail%2F%21440x260r%2Fgravity%2FCenter%2Fcrop%2F%21440x260%2Fquality%2F100"],"maxPrice":0,"minPrice":0,"tags":["买一送一","强消赔2000","儿童免团费","五星温泉SPA"],"title":"【年终特卖 无一人差评】云南昆明大理丽江6日游（国际五星级酒店+强一赔百+送西双版纳4日+洱海吉普车旅拍+玉龙雪山大索道+名族美食+游船）"},{"id":"6007c22ea374a85f1ce351df","imageUrls":["http://b1-q.mafengwo.net/s17/M00/16/E3/CoUBXl-GVM2AC1GxAANlur2bmuE64.jpeg?imageMogr2%2Fthumbnail%2F%21440x260r%2Fgravity%2FCenter%2Fcrop%2F%21440x260%2Fquality%2F100","http://b1-q.mafengwo.net/s12/M00/3D/36/wKgED1vuQCSAUxxGAA8Olv_YUTQ674.png?imageMogr2%2Fthumbnail%2F%21440x260r%2Fgravity%2FCenter%2Fcrop%2F%21440x260%2Fquality%2F100","http://p1-q.mafengwo.net/s12/M00/94/77/wKgED1v7oHmABJOSAALG5thmt_w03.jpeg?imageMogr2%2Fthumbnail%2F%21440x260r%2Fgravity%2FCenter%2Fcrop%2F%21440x260%2Fquality%2F100"],"maxPrice":0,"minPrice":0,"tags":["买一送一","强消赔2000","儿童免团费","五星温泉SPA"],"title":"【年终特卖 无一人差评】云南昆明大理丽江6日游（国际五星级酒店+强一赔百+送西双版纳4日+洱海吉普车旅拍+玉龙雪山大索道+名族美食+游船）"},{"id":"6007c22ea374a85f1ce351e1","imageUrls":["http://b1-q.mafengwo.net/s17/M00/16/E3/CoUBXl-GVM2AC1GxAANlur2bmuE64.jpeg?imageMogr2%2Fthumbnail%2F%21440x260r%2Fgravity%2FCenter%2Fcrop%2F%21440x260%2Fquality%2F100","http://b1-q.mafengwo.net/s12/M00/3D/36/wKgED1vuQCSAUxxGAA8Olv_YUTQ674.png?imageMogr2%2Fthumbnail%2F%21440x260r%2Fgravity%2FCenter%2Fcrop%2F%21440x260%2Fquality%2F100","http://p1-q.mafengwo.net/s12/M00/94/77/wKgED1v7oHmABJOSAALG5thmt_w03.jpeg?imageMogr2%2Fthumbnail%2F%21440x260r%2Fgravity%2FCenter%2Fcrop%2F%21440x260%2Fquality%2F100"],"maxPrice":0,"minPrice":0,"tags":["买一送一","强消赔2000","儿童免团费","五星温泉SPA"],"title":"【年终特卖 无一人差评】云南昆明大理丽江6日游（国际五星级酒店+强一赔百+送西双版纳4日+洱海吉普车旅拍+玉龙雪山大索道+名族美食+游船）"},{"id":"6007c22fa374a85f1ce351e3","imageUrls":["http://b1-q.mafengwo.net/s17/M00/16/E3/CoUBXl-GVM2AC1GxAANlur2bmuE64.jpeg?imageMogr2%2Fthumbnail%2F%21440x260r%2Fgravity%2FCenter%2Fcrop%2F%21440x260%2Fquality%2F100","http://b1-q.mafengwo.net/s12/M00/3D/36/wKgED1vuQCSAUxxGAA8Olv_YUTQ674.png?imageMogr2%2Fthumbnail%2F%21440x260r%2Fgravity%2FCenter%2Fcrop%2F%21440x260%2Fquality%2F100","http://p1-q.mafengwo.net/s12/M00/94/77/wKgED1v7oHmABJOSAALG5thmt_w03.jpeg?imageMogr2%2Fthumbnail%2F%21440x260r%2Fgravity%2FCenter%2Fcrop%2F%21440x260%2Fquality%2F100"],"maxPrice":0,"minPrice":0,"tags":["买一送一","强消赔2000","儿童免团费","五星温泉SPA"],"title":"【年终特卖 无一人差评】云南昆明大理丽江6日游（国际五星级酒店+强一赔百+送西双版纳4日+洱海吉普车旅拍+玉龙雪山大索道+名族美食+游船）"},{"id":"6007c22fa374a85f1ce351e5","imageUrls":["http://b1-q.mafengwo.net/s17/M00/16/E3/CoUBXl-GVM2AC1GxAANlur2bmuE64.jpeg?imageMogr2%2Fthumbnail%2F%21440x260r%2Fgravity%2FCenter%2Fcrop%2F%21440x260%2Fquality%2F100","http://b1-q.mafengwo.net/s12/M00/3D/36/wKgED1vuQCSAUxxGAA8Olv_YUTQ674.png?imageMogr2%2Fthumbnail%2F%21440x260r%2Fgravity%2FCenter%2Fcrop%2F%21440x260%2Fquality%2F100","http://p1-q.mafengwo.net/s12/M00/94/77/wKgED1v7oHmABJOSAALG5thmt_w03.jpeg?imageMogr2%2Fthumbnail%2F%21440x260r%2Fgravity%2FCenter%2Fcrop%2F%21440x260%2Fquality%2F100"],"maxPrice":0,"minPrice":0,"tags":["买一送一","强消赔2000","儿童免团费","五星温泉SPA"],"title":"【年终特卖 无一人差评】云南昆明大理丽江6日游（国际五星级酒店+强一赔百+送西双版纳4日+洱海吉普车旅拍+玉龙雪山大索道+名族美食+游船）"},{"id":"6007c22fa374a85f1ce351e7","imageUrls":["http://b1-q.mafengwo.net/s17/M00/16/E3/CoUBXl-GVM2AC1GxAANlur2bmuE64.jpeg?imageMogr2%2Fthumbnail%2F%21440x260r%2Fgravity%2FCenter%2Fcrop%2F%21440x260%2Fquality%2F100","http://b1-q.mafengwo.net/s12/M00/3D/36/wKgED1vuQCSAUxxGAA8Olv_YUTQ674.png?imageMogr2%2Fthumbnail%2F%21440x260r%2Fgravity%2FCenter%2Fcrop%2F%21440x260%2Fquality%2F100","http://p1-q.mafengwo.net/s12/M00/94/77/wKgED1v7oHmABJOSAALG5thmt_w03.jpeg?imageMogr2%2Fthumbnail%2F%21440x260r%2Fgravity%2FCenter%2Fcrop%2F%21440x260%2Fquality%2F100"],"maxPrice":0,"minPrice":0,"tags":["买一送一","强消赔2000","儿童免团费","五星温泉SPA"],"title":"【年终特卖 无一人差评】云南昆明大理丽江6日游（国际五星级酒店+强一赔百+送西双版纳4日+洱海吉普车旅拍+玉龙雪山大索道+名族美食+游船）"},{"id":"6007c22fa374a85f1ce351e9","imageUrls":["http://b1-q.mafengwo.net/s17/M00/16/E3/CoUBXl-GVM2AC1GxAANlur2bmuE64.jpeg?imageMogr2%2Fthumbnail%2F%21440x260r%2Fgravity%2FCenter%2Fcrop%2F%21440x260%2Fquality%2F100","http://b1-q.mafengwo.net/s12/M00/3D/36/wKgED1vuQCSAUxxGAA8Olv_YUTQ674.png?imageMogr2%2Fthumbnail%2F%21440x260r%2Fgravity%2FCenter%2Fcrop%2F%21440x260%2Fquality%2F100","http://p1-q.mafengwo.net/s12/M00/94/77/wKgED1v7oHmABJOSAALG5thmt_w03.jpeg?imageMogr2%2Fthumbnail%2F%21440x260r%2Fgravity%2FCenter%2Fcrop%2F%21440x260%2Fquality%2F100"],"maxPrice":0,"minPrice":0,"tags":["买一送一","强消赔2000","儿童免团费","五星温泉SPA"],"title":"【年终特卖 无一人差评】云南昆明大理丽江6日游（国际五星级酒店+强一赔百+送西双版纳4日+洱海吉普车旅拍+玉龙雪山大索道+名族美食+游船）"},{"id":"6007c22fa374a85f1ce351eb","imageUrls":["http://b1-q.mafengwo.net/s17/M00/16/E3/CoUBXl-GVM2AC1GxAANlur2bmuE64.jpeg?imageMogr2%2Fthumbnail%2F%21440x260r%2Fgravity%2FCenter%2Fcrop%2F%21440x260%2Fquality%2F100","http://b1-q.mafengwo.net/s12/M00/3D/36/wKgED1vuQCSAUxxGAA8Olv_YUTQ674.png?imageMogr2%2Fthumbnail%2F%21440x260r%2Fgravity%2FCenter%2Fcrop%2F%21440x260%2Fquality%2F100","http://p1-q.mafengwo.net/s12/M00/94/77/wKgED1v7oHmABJOSAALG5thmt_w03.jpeg?imageMogr2%2Fthumbnail%2F%21440x260r%2Fgravity%2FCenter%2Fcrop%2F%21440x260%2Fquality%2F100"],"maxPrice":0,"minPrice":0,"tags":["买一送一","强消赔2000","儿童免团费","五星温泉SPA"],"title":"【年终特卖 无一人差评】云南昆明大理丽江6日游（国际五星级酒店+强一赔百+送西双版纳4日+洱海吉普车旅拍+玉龙雪山大索道+名族美食+游船）"}],"pagination":{"current":1,"pageSize":20,"pages":6,"total":101},"success":true,"total":101}
耗时:216
2022-05-25 10:42:57.074 [http-nio-8080-exec-9] INFO  com.x.config.mvc.LogRecordAspect 
GET请求/aliyun/oss/signature
参数:dir=images%2F
响应:{"accessId":"LTAI5tQQuPD1Fk7bhcEQbNWk","signature":"Zv9+/kvCXw6mWD/bUT2GG7kjv5M=","expire":"1653446877","host":"https://lfs-image.oss-cn-chengdu.aliyuncs.com","callback":"eyJjYWxsYmFja0JvZHlUeXBlIjoiYXBwbGljYXRpb24veC13d3ctZm9ybS11cmxlbmNvZGVkIiwiY2FsbGJhY2tVcmwiOiIiLCJjYWxsYmFja0JvZHkiOiJmaWxlbmFtZT0ke29iamVjdH0mc2l6ZT0ke3NpemV9Jm1pbWVUeXBlPSR7bWltZVR5cGV9JmhlaWdodD0ke2ltYWdlSW5mby5oZWlnaHR9JndpZHRoPSR7aW1hZ2VJbmZvLndpZHRofSJ9","dir":"images/","policy":"eyJleHBpcmF0aW9uIjoiMjAyMi0wNS0yNVQwMjo0Nzo1Ny4wNzNaIiwiY29uZGl0aW9ucyI6W1siY29udGVudC1sZW5ndGgtcmFuZ2UiLDAsMTA0ODU3NjAwMF0sWyJzdGFydHMtd2l0aCIsIiRrZXkiLCJpbWFnZXMvIl1dfQ=="}
耗时:1
2022-05-25 10:42:57.074 [http-nio-8080-exec-1] INFO  com.x.config.mvc.LogRecordAspect 
GET请求/aliyun/oss/signature
参数:dir=images%2F
响应:{"accessId":"LTAI5tQQuPD1Fk7bhcEQbNWk","signature":"Zv9+/kvCXw6mWD/bUT2GG7kjv5M=","expire":"1653446877","host":"https://lfs-image.oss-cn-chengdu.aliyuncs.com","callback":"eyJjYWxsYmFja0JvZHlUeXBlIjoiYXBwbGljYXRpb24veC13d3ctZm9ybS11cmxlbmNvZGVkIiwiY2FsbGJhY2tVcmwiOiIiLCJjYWxsYmFja0JvZHkiOiJmaWxlbmFtZT0ke29iamVjdH0mc2l6ZT0ke3NpemV9Jm1pbWVUeXBlPSR7bWltZVR5cGV9JmhlaWdodD0ke2ltYWdlSW5mby5oZWlnaHR9JndpZHRoPSR7aW1hZ2VJbmZvLndpZHRofSJ9","dir":"images/","policy":"eyJleHBpcmF0aW9uIjoiMjAyMi0wNS0yNVQwMjo0Nzo1Ny4wNzNaIiwiY29uZGl0aW9ucyI6W1siY29udGVudC1sZW5ndGgtcmFuZ2UiLDAsMTA0ODU3NjAwMF0sWyJzdGFydHMtd2l0aCIsIiRrZXkiLCJpbWFnZXMvIl1dfQ=="}
耗时:1
2022-05-25 10:42:57.074 [http-nio-8080-exec-8] INFO  com.x.config.mvc.LogRecordAspect 
GET请求/aliyun/oss/signature
参数:dir=images%2F
响应:{"accessId":"LTAI5tQQuPD1Fk7bhcEQbNWk","signature":"Zv9+/kvCXw6mWD/bUT2GG7kjv5M=","expire":"1653446877","host":"https://lfs-image.oss-cn-chengdu.aliyuncs.com","callback":"eyJjYWxsYmFja0JvZHlUeXBlIjoiYXBwbGljYXRpb24veC13d3ctZm9ybS11cmxlbmNvZGVkIiwiY2FsbGJhY2tVcmwiOiIiLCJjYWxsYmFja0JvZHkiOiJmaWxlbmFtZT0ke29iamVjdH0mc2l6ZT0ke3NpemV9Jm1pbWVUeXBlPSR7bWltZVR5cGV9JmhlaWdodD0ke2ltYWdlSW5mby5oZWlnaHR9JndpZHRoPSR7aW1hZ2VJbmZvLndpZHRofSJ9","dir":"images/","policy":"eyJleHBpcmF0aW9uIjoiMjAyMi0wNS0yNVQwMjo0Nzo1Ny4wNzNaIiwiY29uZGl0aW9ucyI6W1siY29udGVudC1sZW5ndGgtcmFuZ2UiLDAsMTA0ODU3NjAwMF0sWyJzdGFydHMtd2l0aCIsIiRrZXkiLCJpbWFnZXMvIl1dfQ=="}
耗时:1
2022-05-25 10:43:02.085 [http-nio-8080-exec-2] INFO  com.x.config.mvc.LogRecordAspect 
GET请求/aliyun/sts
参数:null
响应:{"accessKeyId":"STS.NUAwQDhYWNaAr5wFpinH6uUai","accessKeySecret":"6b57pvk3js2gByWHKo2CQyTYmXTtXjvbwGGmVzYcxU2o","expiration":"2022-05-25T03:43:02Z","securityToken":"CAISuwJ1q6Ft5B2yfSjIr5b0POvwhYZ2+aOqcBPGonA8YscampDKizz2IH9Fe3NqCO0XtvowlWxZ6vwflqp3RYQd7r8SzywovPpt6gqET9frT6XXhOV2dvTHdEGXDxnkpuCwB8zyUNLafNq0dlnAjVUd6LDmdDKkLRvHVJqSksxfc8gwVAu1ZiYkYdBNPVlNpdM9P3ncPurPVRnxmTj0DVF0nQB+hGhj8t6ToKum5wHZkUfxx8IMuo31OeLEVcR3O4plWNrHnI4Tf6HagilL8EoIpuUkzs478Dzc7NaGGAsTsVfUN+TPt9xqJQB0IeoYY/cf86OjyaAp4r2Lx9immk13ULsLA3iFdueJ29DZHe6lDNE9eIvgNm7FutL1bcak7Fl+MC9KbF0VKoZwdiUtE3IoRCrdMbS3Ud4Src1mm8IagAGbANEpT5QuAou+otKjioliBFPQjJb8i4jPph7enPDYNFB7j6uykv10187M2VwkAs4FhBAbjWS83rU+XbbNpEw3Ps4f4HIb1vdmbjEnXRYSU8NSw9zsEG4bUJ6wPKeLvMVmY2ild4QxLjeF6d2i3kXLDcDUlP64agKiVk+QgjaDIg=="}
耗时:289
2022-05-25 10:43:34.899 [http-nio-8080-exec-10] INFO  com.x.config.mvc.LogRecordAspect 
GET请求/staff/session
参数:null
响应:{"createTime":"2021-12-29 16:00:36","id":1,"name":"徐竟浩","phone":"13880605659","roles":[{"id":1,"key":"admin","name":"系统管理员"}],"state":1}
耗时:1
2022-05-25 10:43:35.163 [http-nio-8080-exec-7] INFO  com.x.config.mvc.LogRecordAspect 
GET请求/aliyun/sts
参数:null
响应:{"accessKeyId":"STS.NTFmWf8YzUhNuqD6MtZmD62nb","accessKeySecret":"2ZMUoPGmMFg4BDNNjS6D4jM57Pwma2WiGpNN4MLbyvB5","expiration":"2022-05-25T03:43:35Z","securityToken":"CAISuwJ1q6Ft5B2yfSjIr5fzJu3S1YZb4qqld1f10k0hVuJo2ffFgDz2IH9Fe3NqCO0XtvowlWxZ6vwflqp3RYQdvbpszywovPpt6gqET9frT6XXhOV2dvTHdEGXDxnkpuCwB8zyUNLafNq0dlnAjVUd6LDmdDKkLRvHVJqSksxfc8gwVAu1ZiYkYdBNPVlNpdM9P3ncPurPVRnxmTj0DVF0nQB+hGhj8t6ToKum5wHZkUfxx8IMuo31OeLEVcR3O4plWNrHnI4Tf6HagilL8EoIpuUkzs478Dzc7NaGGAsTsVfUN+TPt9xqJQB0IeoYY/cf86OjyaAp4r2Lx9immk13ULsLA3iFdueJ29DZHe6lDNE9eIvgNm7FutL1bcak7Fl+MC9KbF0VKoZwdiUtE3IoRCrdMbS3Ud4Src1mm8IagAF77pVdybq+TJ4IGF7unuWmNdpDoF/E3dL+C8houPhGMlKNCFuc3K/RviRRrVwOCE1H9/lFcblDxeqGiNBUQ977JGSzA8f2lyxofLQ8X8UBTY6bHS1kY93CWhj7mTgqocsSrJlrpMauXUM6YADEpei7mv7OTmxA+Y1DjY8gpsQb5w=="}
耗时:272
2022-05-25 10:45:49.675 [http-nio-8080-exec-3] INFO  com.x.config.mvc.LogRecordAspect 
GET请求/aliyun/oss/signature
参数:dir=images%2F
响应:{"accessId":"LTAI5tQQuPD1Fk7bhcEQbNWk","signature":"qvJ9mLMTBt+6Gr1d6XdhAQncajE=","expire":"1653447049","host":"https://lfs-image.oss-cn-chengdu.aliyuncs.com","callback":"eyJjYWxsYmFja0JvZHlUeXBlIjoiYXBwbGljYXRpb24veC13d3ctZm9ybS11cmxlbmNvZGVkIiwiY2FsbGJhY2tVcmwiOiIiLCJjYWxsYmFja0JvZHkiOiJmaWxlbmFtZT0ke29iamVjdH0mc2l6ZT0ke3NpemV9Jm1pbWVUeXBlPSR7bWltZVR5cGV9JmhlaWdodD0ke2ltYWdlSW5mby5oZWlnaHR9JndpZHRoPSR7aW1hZ2VJbmZvLndpZHRofSJ9","dir":"images/","policy":"eyJleHBpcmF0aW9uIjoiMjAyMi0wNS0yNVQwMjo1MDo0OS42NzRaIiwiY29uZGl0aW9ucyI6W1siY29udGVudC1sZW5ndGgtcmFuZ2UiLDAsMTA0ODU3NjAwMF0sWyJzdGFydHMtd2l0aCIsIiRrZXkiLCJpbWFnZXMvIl1dfQ=="}
耗时:1
2022-05-25 10:45:49.680 [http-nio-8080-exec-4] INFO  com.x.config.mvc.LogRecordAspect 
GET请求/aliyun/oss/signature
参数:dir=images%2F
响应:{"accessId":"LTAI5tQQuPD1Fk7bhcEQbNWk","signature":"23yMyA59bsz/hegnFcoWhm8JvDU=","expire":"1653447049","host":"https://lfs-image.oss-cn-chengdu.aliyuncs.com","callback":"eyJjYWxsYmFja0JvZHlUeXBlIjoiYXBwbGljYXRpb24veC13d3ctZm9ybS11cmxlbmNvZGVkIiwiY2FsbGJhY2tVcmwiOiIiLCJjYWxsYmFja0JvZHkiOiJmaWxlbmFtZT0ke29iamVjdH0mc2l6ZT0ke3NpemV9Jm1pbWVUeXBlPSR7bWltZVR5cGV9JmhlaWdodD0ke2ltYWdlSW5mby5oZWlnaHR9JndpZHRoPSR7aW1hZ2VJbmZvLndpZHRofSJ9","dir":"images/","policy":"eyJleHBpcmF0aW9uIjoiMjAyMi0wNS0yNVQwMjo1MDo0OS42NzhaIiwiY29uZGl0aW9ucyI6W1siY29udGVudC1sZW5ndGgtcmFuZ2UiLDAsMTA0ODU3NjAwMF0sWyJzdGFydHMtd2l0aCIsIiRrZXkiLCJpbWFnZXMvIl1dfQ=="}
耗时:2
2022-05-25 10:45:49.681 [http-nio-8080-exec-5] INFO  com.x.config.mvc.LogRecordAspect 
GET请求/aliyun/oss/signature
参数:dir=images%2F
响应:{"accessId":"LTAI5tQQuPD1Fk7bhcEQbNWk","signature":"sjgT1oXXIBDrOkJoh5921s58RDU=","expire":"1653447049","host":"https://lfs-image.oss-cn-chengdu.aliyuncs.com","callback":"eyJjYWxsYmFja0JvZHlUeXBlIjoiYXBwbGljYXRpb24veC13d3ctZm9ybS11cmxlbmNvZGVkIiwiY2FsbGJhY2tVcmwiOiIiLCJjYWxsYmFja0JvZHkiOiJmaWxlbmFtZT0ke29iamVjdH0mc2l6ZT0ke3NpemV9Jm1pbWVUeXBlPSR7bWltZVR5cGV9JmhlaWdodD0ke2ltYWdlSW5mby5oZWlnaHR9JndpZHRoPSR7aW1hZ2VJbmZvLndpZHRofSJ9","dir":"images/","policy":"eyJleHBpcmF0aW9uIjoiMjAyMi0wNS0yNVQwMjo1MDo0OS42NzlaIiwiY29uZGl0aW9ucyI6W1siY29udGVudC1sZW5ndGgtcmFuZ2UiLDAsMTA0ODU3NjAwMF0sWyJzdGFydHMtd2l0aCIsIiRrZXkiLCJpbWFnZXMvIl1dfQ=="}
耗时:2
2022-05-25 11:30:24.912 [http-nio-8080-exec-6] INFO  com.x.config.mvc.LogRecordAspect 
GET请求/aliyun/oss/signature
参数:dir=images%2F
响应:{"accessId":"LTAI5tQQuPD1Fk7bhcEQbNWk","signature":"kW5JB5TLCY8oyFnW/HIR4/k6qMk=","expire":"1653449724","host":"https://lfs-image.oss-cn-chengdu.aliyuncs.com","callback":"eyJjYWxsYmFja0JvZHlUeXBlIjoiYXBwbGljYXRpb24veC13d3ctZm9ybS11cmxlbmNvZGVkIiwiY2FsbGJhY2tVcmwiOiIiLCJjYWxsYmFja0JvZHkiOiJmaWxlbmFtZT0ke29iamVjdH0mc2l6ZT0ke3NpemV9Jm1pbWVUeXBlPSR7bWltZVR5cGV9JmhlaWdodD0ke2ltYWdlSW5mby5oZWlnaHR9JndpZHRoPSR7aW1hZ2VJbmZvLndpZHRofSJ9","dir":"images/","policy":"eyJleHBpcmF0aW9uIjoiMjAyMi0wNS0yNVQwMzozNToyNC45MDRaIiwiY29uZGl0aW9ucyI6W1siY29udGVudC1sZW5ndGgtcmFuZ2UiLDAsMTA0ODU3NjAwMF0sWyJzdGFydHMtd2l0aCIsIiRrZXkiLCJpbWFnZXMvIl1dfQ=="}
耗时:8
2022-05-25 11:37:07.240 [http-nio-8080-exec-1] INFO  com.x.config.mvc.LogRecordAspect 
GET请求/aliyun/oss/signature
参数:dir=images%2F
响应:{"accessId":"LTAI5tQQuPD1Fk7bhcEQbNWk","signature":"oBgBrka8BRwox9VHvgIuj29BJvo=","expire":"1653450127","host":"https://lfs-image.oss-cn-chengdu.aliyuncs.com","callback":"eyJjYWxsYmFja0JvZHlUeXBlIjoiYXBwbGljYXRpb24veC13d3ctZm9ybS11cmxlbmNvZGVkIiwiY2FsbGJhY2tVcmwiOiIiLCJjYWxsYmFja0JvZHkiOiJmaWxlbmFtZT0ke29iamVjdH0mc2l6ZT0ke3NpemV9Jm1pbWVUeXBlPSR7bWltZVR5cGV9JmhlaWdodD0ke2ltYWdlSW5mby5oZWlnaHR9JndpZHRoPSR7aW1hZ2VJbmZvLndpZHRofSJ9","dir":"images/","policy":"eyJleHBpcmF0aW9uIjoiMjAyMi0wNS0yNVQwMzo0MjowNy4yMzhaIiwiY29uZGl0aW9ucyI6W1siY29udGVudC1sZW5ndGgtcmFuZ2UiLDAsMTA0ODU3NjAwMF0sWyJzdGFydHMtd2l0aCIsIiRrZXkiLCJpbWFnZXMvIl1dfQ=="}
耗时:2
2022-05-25 11:56:06.611 [http-nio-8080-exec-9] INFO  com.x.config.mvc.LogRecordAspect 
GET请求/aliyun/oss/signature
参数:dir=images%2F
响应:{"accessId":"LTAI5tQQuPD1Fk7bhcEQbNWk","signature":"a8OFnyZFqETvycWA4V3tO8RWbVc=","expire":"1653451266","host":"https://lfs-image.oss-cn-chengdu.aliyuncs.com","callback":"eyJjYWxsYmFja0JvZHlUeXBlIjoiYXBwbGljYXRpb24veC13d3ctZm9ybS11cmxlbmNvZGVkIiwiY2FsbGJhY2tVcmwiOiIiLCJjYWxsYmFja0JvZHkiOiJmaWxlbmFtZT0ke29iamVjdH0mc2l6ZT0ke3NpemV9Jm1pbWVUeXBlPSR7bWltZVR5cGV9JmhlaWdodD0ke2ltYWdlSW5mby5oZWlnaHR9JndpZHRoPSR7aW1hZ2VJbmZvLndpZHRofSJ9","dir":"images/","policy":"eyJleHBpcmF0aW9uIjoiMjAyMi0wNS0yNVQwNDowMTowNi42MTBaIiwiY29uZGl0aW9ucyI6W1siY29udGVudC1sZW5ndGgtcmFuZ2UiLDAsMTA0ODU3NjAwMF0sWyJzdGFydHMtd2l0aCIsIiRrZXkiLCJpbWFnZXMvIl1dfQ=="}
耗时:1
2022-05-25 13:23:37.296 [http-nio-8080-exec-8] INFO  com.x.config.mvc.LogRecordAspect 
GET请求/aliyun/oss/signature
参数:dir=images%2F
响应:{"accessId":"LTAI5tQQuPD1Fk7bhcEQbNWk","signature":"FvNsKO5GSDXK9DSVhCrn+CzJlkM=","expire":"1653456517","host":"https://lfs-image.oss-cn-chengdu.aliyuncs.com","callback":"eyJjYWxsYmFja0JvZHlUeXBlIjoiYXBwbGljYXRpb24veC13d3ctZm9ybS11cmxlbmNvZGVkIiwiY2FsbGJhY2tVcmwiOiIiLCJjYWxsYmFja0JvZHkiOiJmaWxlbmFtZT0ke29iamVjdH0mc2l6ZT0ke3NpemV9Jm1pbWVUeXBlPSR7bWltZVR5cGV9JmhlaWdodD0ke2ltYWdlSW5mby5oZWlnaHR9JndpZHRoPSR7aW1hZ2VJbmZvLndpZHRofSJ9","dir":"images/","policy":"eyJleHBpcmF0aW9uIjoiMjAyMi0wNS0yNVQwNToyODozNy4yOTNaIiwiY29uZGl0aW9ucyI6W1siY29udGVudC1sZW5ndGgtcmFuZ2UiLDAsMTA0ODU3NjAwMF0sWyJzdGFydHMtd2l0aCIsIiRrZXkiLCJpbWFnZXMvIl1dfQ=="}
耗时:3
2022-05-25 13:23:45.975 [http-nio-8080-exec-10] INFO  com.x.config.mvc.LogRecordAspect 
GET请求/staff/session
参数:null
响应:{"createTime":"2021-12-29 16:00:36","id":1,"name":"徐竟浩","phone":"13880605659","roles":[{"id":1,"key":"admin","name":"系统管理员"}],"state":1}
耗时:25
2022-05-25 13:23:46.360 [http-nio-8080-exec-2] INFO  com.x.config.mvc.LogRecordAspect 
GET请求/aliyun/sts
参数:null
响应:{"accessKeyId":"STS.NUTjMsxX1NeSvSbeHnC8bHWVF","accessKeySecret":"8y8ovcTymHP6SMFBZuDuRK83RQo9maBQdwpjnmaS7VB8","expiration":"2022-05-25T06:23:46Z","securityToken":"CAISuwJ1q6Ft5B2yfSjIr5bhIffHlYcQ+ae4dHXTgUg7T7dOp5L9pDz2IH9Fe3NqCO0XtvowlWxZ6vwflqp3RYQdtMomyiwovPpt6gqET9frT6XXhOV2dvTHdEGXDxnkpuCwB8zyUNLafNq0dlnAjVUd6LDmdDKkLRvHVJqSksxfc8gwVAu1ZiYkYdBNPVlNpdM9P3ncPurPVRnxmTj0DVF0nQB+hGhj8t6ToKum5wHZkUfxx8IMuo31OeLEVcR3O4plWNrHnI4Tf6HagilL8EoIpuUkzs478Dzc7NaGGAsTsVfUN+TPt9xqJQB0IeoYY/cf86OjyaAp4r2Lx9immk13ULsLA3iFdueJ29DZHe6lDNE9eIvgNm7FutL1bcak7Fl+MC9KbF0VKoZwdiUtE3IoRCrdMbS3Ud4Src1mm8IagAGoxjX7y7PfX5fz80x0BvxlEe8GPJV9SyXYKO3Yklt5uD2m585BXCQmbVDN5TRm6fzPRmCEhBFbFbARMADO9rBwjyMSHS/BbN2SbR/KsS9pScv6YLVhBGtvXkmeMKCKHt+NZEkuoNUnncg1Ncwyt2OdvPwfAUR2dDY6f0RPLQKf0Q=="}
耗时:413
2022-05-25 13:23:52.609 [http-nio-8080-exec-7] INFO  com.x.config.mvc.LogRecordAspect 
GET请求/aliyun/oss/signature
参数:dir=images%2F
响应:{"accessId":"LTAI5tQQuPD1Fk7bhcEQbNWk","signature":"F057cVyFhyMVVxOrCe7Yeq4wdFE=","expire":"1653456532","host":"https://lfs-image.oss-cn-chengdu.aliyuncs.com","callback":"eyJjYWxsYmFja0JvZHlUeXBlIjoiYXBwbGljYXRpb24veC13d3ctZm9ybS11cmxlbmNvZGVkIiwiY2FsbGJhY2tVcmwiOiIiLCJjYWxsYmFja0JvZHkiOiJmaWxlbmFtZT0ke29iamVjdH0mc2l6ZT0ke3NpemV9Jm1pbWVUeXBlPSR7bWltZVR5cGV9JmhlaWdodD0ke2ltYWdlSW5mby5oZWlnaHR9JndpZHRoPSR7aW1hZ2VJbmZvLndpZHRofSJ9","dir":"images/","policy":"eyJleHBpcmF0aW9uIjoiMjAyMi0wNS0yNVQwNToyODo1Mi42MDhaIiwiY29uZGl0aW9ucyI6W1siY29udGVudC1sZW5ndGgtcmFuZ2UiLDAsMTA0ODU3NjAwMF0sWyJzdGFydHMtd2l0aCIsIiRrZXkiLCJpbWFnZXMvIl1dfQ=="}
耗时:1
2022-05-25 13:23:52.612 [http-nio-8080-exec-3] INFO  com.x.config.mvc.LogRecordAspect 
GET请求/aliyun/oss/signature
参数:dir=images%2F
响应:{"accessId":"LTAI5tQQuPD1Fk7bhcEQbNWk","signature":"+mviSg/xPGaQMJzwTiQGuptGRr0=","expire":"1653456532","host":"https://lfs-image.oss-cn-chengdu.aliyuncs.com","callback":"eyJjYWxsYmFja0JvZHlUeXBlIjoiYXBwbGljYXRpb24veC13d3ctZm9ybS11cmxlbmNvZGVkIiwiY2FsbGJhY2tVcmwiOiIiLCJjYWxsYmFja0JvZHkiOiJmaWxlbmFtZT0ke29iamVjdH0mc2l6ZT0ke3NpemV9Jm1pbWVUeXBlPSR7bWltZVR5cGV9JmhlaWdodD0ke2ltYWdlSW5mby5oZWlnaHR9JndpZHRoPSR7aW1hZ2VJbmZvLndpZHRofSJ9","dir":"images/","policy":"eyJleHBpcmF0aW9uIjoiMjAyMi0wNS0yNVQwNToyODo1Mi42MTFaIiwiY29uZGl0aW9ucyI6W1siY29udGVudC1sZW5ndGgtcmFuZ2UiLDAsMTA0ODU3NjAwMF0sWyJzdGFydHMtd2l0aCIsIiRrZXkiLCJpbWFnZXMvIl1dfQ=="}
耗时:1
2022-05-25 13:23:52.612 [http-nio-8080-exec-5] INFO  com.x.config.mvc.LogRecordAspect 
GET请求/aliyun/oss/signature
参数:dir=images%2F
响应:{"accessId":"LTAI5tQQuPD1Fk7bhcEQbNWk","signature":"+mviSg/xPGaQMJzwTiQGuptGRr0=","expire":"1653456532","host":"https://lfs-image.oss-cn-chengdu.aliyuncs.com","callback":"eyJjYWxsYmFja0JvZHlUeXBlIjoiYXBwbGljYXRpb24veC13d3ctZm9ybS11cmxlbmNvZGVkIiwiY2FsbGJhY2tVcmwiOiIiLCJjYWxsYmFja0JvZHkiOiJmaWxlbmFtZT0ke29iamVjdH0mc2l6ZT0ke3NpemV9Jm1pbWVUeXBlPSR7bWltZVR5cGV9JmhlaWdodD0ke2ltYWdlSW5mby5oZWlnaHR9JndpZHRoPSR7aW1hZ2VJbmZvLndpZHRofSJ9","dir":"images/","policy":"eyJleHBpcmF0aW9uIjoiMjAyMi0wNS0yNVQwNToyODo1Mi42MTFaIiwiY29uZGl0aW9ucyI6W1siY29udGVudC1sZW5ndGgtcmFuZ2UiLDAsMTA0ODU3NjAwMF0sWyJzdGFydHMtd2l0aCIsIiRrZXkiLCJpbWFnZXMvIl1dfQ=="}
耗时:1
2022-05-25 13:24:05.174 [http-nio-8080-exec-4] INFO  com.x.config.mvc.LogRecordAspect 
GET请求/aliyun/oss/signature
参数:dir=images%2F
响应:{"accessId":"LTAI5tQQuPD1Fk7bhcEQbNWk","signature":"C7z10Vky4cft2Ex1lIlt+A5qKL8=","expire":"1653456545","host":"https://lfs-image.oss-cn-chengdu.aliyuncs.com","callback":"eyJjYWxsYmFja0JvZHlUeXBlIjoiYXBwbGljYXRpb24veC13d3ctZm9ybS11cmxlbmNvZGVkIiwiY2FsbGJhY2tVcmwiOiIiLCJjYWxsYmFja0JvZHkiOiJmaWxlbmFtZT0ke29iamVjdH0mc2l6ZT0ke3NpemV9Jm1pbWVUeXBlPSR7bWltZVR5cGV9JmhlaWdodD0ke2ltYWdlSW5mby5oZWlnaHR9JndpZHRoPSR7aW1hZ2VJbmZvLndpZHRofSJ9","dir":"images/","policy":"eyJleHBpcmF0aW9uIjoiMjAyMi0wNS0yNVQwNToyOTowNS4xNzNaIiwiY29uZGl0aW9ucyI6W1siY29udGVudC1sZW5ndGgtcmFuZ2UiLDAsMTA0ODU3NjAwMF0sWyJzdGFydHMtd2l0aCIsIiRrZXkiLCJpbWFnZXMvIl1dfQ=="}
耗时:1
2022-05-25 13:50:03.151 [http-nio-8080-exec-6] INFO  com.x.config.mvc.LogRecordAspect 
GET请求/aliyun/oss/signature
参数:dir=images%2F
响应:{"accessId":"LTAI5tQQuPD1Fk7bhcEQbNWk","signature":"/2KT8epnfUE5mCn1Tx5nU6h6UW8=","expire":"1653458103","host":"https://lfs-image.oss-cn-chengdu.aliyuncs.com","callback":"eyJjYWxsYmFja0JvZHlUeXBlIjoiYXBwbGljYXRpb24veC13d3ctZm9ybS11cmxlbmNvZGVkIiwiY2FsbGJhY2tVcmwiOiIiLCJjYWxsYmFja0JvZHkiOiJmaWxlbmFtZT0ke29iamVjdH0mc2l6ZT0ke3NpemV9Jm1pbWVUeXBlPSR7bWltZVR5cGV9JmhlaWdodD0ke2ltYWdlSW5mby5oZWlnaHR9JndpZHRoPSR7aW1hZ2VJbmZvLndpZHRofSJ9","dir":"images/","policy":"eyJleHBpcmF0aW9uIjoiMjAyMi0wNS0yNVQwNTo1NTowMy4xNDRaIiwiY29uZGl0aW9ucyI6W1siY29udGVudC1sZW5ndGgtcmFuZ2UiLDAsMTA0ODU3NjAwMF0sWyJzdGFydHMtd2l0aCIsIiRrZXkiLCJpbWFnZXMvIl1dfQ=="}
耗时:8
2022-05-25 13:50:06.345 [http-nio-8080-exec-1] INFO  com.x.config.mvc.LogRecordAspect 
GET请求/aliyun/oss/signature
参数:dir=images%2F
响应:{"accessId":"LTAI5tQQuPD1Fk7bhcEQbNWk","signature":"4l5vbikxRU8IFMWklmv1dtMYsRU=","expire":"1653458106","host":"https://lfs-image.oss-cn-chengdu.aliyuncs.com","callback":"eyJjYWxsYmFja0JvZHlUeXBlIjoiYXBwbGljYXRpb24veC13d3ctZm9ybS11cmxlbmNvZGVkIiwiY2FsbGJhY2tVcmwiOiIiLCJjYWxsYmFja0JvZHkiOiJmaWxlbmFtZT0ke29iamVjdH0mc2l6ZT0ke3NpemV9Jm1pbWVUeXBlPSR7bWltZVR5cGV9JmhlaWdodD0ke2ltYWdlSW5mby5oZWlnaHR9JndpZHRoPSR7aW1hZ2VJbmZvLndpZHRofSJ9","dir":"images/","policy":"eyJleHBpcmF0aW9uIjoiMjAyMi0wNS0yNVQwNTo1NTowNi4zMzlaIiwiY29uZGl0aW9ucyI6W1siY29udGVudC1sZW5ndGgtcmFuZ2UiLDAsMTA0ODU3NjAwMF0sWyJzdGFydHMtd2l0aCIsIiRrZXkiLCJpbWFnZXMvIl1dfQ=="}
耗时:6
2022-05-25 13:50:08.353 [http-nio-8080-exec-9] INFO  com.x.config.mvc.LogRecordAspect 
GET请求/aliyun/oss/signature
参数:dir=images%2F
响应:{"accessId":"LTAI5tQQuPD1Fk7bhcEQbNWk","signature":"4qK2nuCYYWvhCQ8ER6M7f5oe2s8=","expire":"1653458108","host":"https://lfs-image.oss-cn-chengdu.aliyuncs.com","callback":"eyJjYWxsYmFja0JvZHlUeXBlIjoiYXBwbGljYXRpb24veC13d3ctZm9ybS11cmxlbmNvZGVkIiwiY2FsbGJhY2tVcmwiOiIiLCJjYWxsYmFja0JvZHkiOiJmaWxlbmFtZT0ke29iamVjdH0mc2l6ZT0ke3NpemV9Jm1pbWVUeXBlPSR7bWltZVR5cGV9JmhlaWdodD0ke2ltYWdlSW5mby5oZWlnaHR9JndpZHRoPSR7aW1hZ2VJbmZvLndpZHRofSJ9","dir":"images/","policy":"eyJleHBpcmF0aW9uIjoiMjAyMi0wNS0yNVQwNTo1NTowOC4zNTJaIiwiY29uZGl0aW9ucyI6W1siY29udGVudC1sZW5ndGgtcmFuZ2UiLDAsMTA0ODU3NjAwMF0sWyJzdGFydHMtd2l0aCIsIiRrZXkiLCJpbWFnZXMvIl1dfQ=="}
耗时:1
2022-05-25 13:50:20.101 [http-nio-8080-exec-10] INFO  com.x.config.mvc.LogRecordAspect 
GET请求/staff/session
参数:null
响应:{"createTime":"2021-12-29 16:00:36","id":1,"name":"徐竟浩","phone":"13880605659","roles":[{"id":1,"key":"admin","name":"系统管理员"}],"state":1}
耗时:5
2022-05-25 13:50:21.748 [http-nio-8080-exec-5] INFO  com.x.config.mvc.LogRecordAspect 
GET请求/aliyun/oss/signature
参数:dir=images%2F
响应:{"accessId":"LTAI5tQQuPD1Fk7bhcEQbNWk","signature":"u3Gd0o6LijnSjsLzg/3OXZf0zSY=","expire":"1653458121","host":"https://lfs-image.oss-cn-chengdu.aliyuncs.com","callback":"eyJjYWxsYmFja0JvZHlUeXBlIjoiYXBwbGljYXRpb24veC13d3ctZm9ybS11cmxlbmNvZGVkIiwiY2FsbGJhY2tVcmwiOiIiLCJjYWxsYmFja0JvZHkiOiJmaWxlbmFtZT0ke29iamVjdH0mc2l6ZT0ke3NpemV9Jm1pbWVUeXBlPSR7bWltZVR5cGV9JmhlaWdodD0ke2ltYWdlSW5mby5oZWlnaHR9JndpZHRoPSR7aW1hZ2VJbmZvLndpZHRofSJ9","dir":"images/","policy":"eyJleHBpcmF0aW9uIjoiMjAyMi0wNS0yNVQwNTo1NToyMS43NDZaIiwiY29uZGl0aW9ucyI6W1siY29udGVudC1sZW5ndGgtcmFuZ2UiLDAsMTA0ODU3NjAwMF0sWyJzdGFydHMtd2l0aCIsIiRrZXkiLCJpbWFnZXMvIl1dfQ=="}
耗时:2
2022-05-25 13:50:21.748 [http-nio-8080-exec-2] INFO  com.x.config.mvc.LogRecordAspect 
GET请求/aliyun/oss/signature
参数:dir=images%2F
响应:{"accessId":"LTAI5tQQuPD1Fk7bhcEQbNWk","signature":"jjWSBBGl4u0qo5E8GcvI6B9yETc=","expire":"1653458121","host":"https://lfs-image.oss-cn-chengdu.aliyuncs.com","callback":"eyJjYWxsYmFja0JvZHlUeXBlIjoiYXBwbGljYXRpb24veC13d3ctZm9ybS11cmxlbmNvZGVkIiwiY2FsbGJhY2tVcmwiOiIiLCJjYWxsYmFja0JvZHkiOiJmaWxlbmFtZT0ke29iamVjdH0mc2l6ZT0ke3NpemV9Jm1pbWVUeXBlPSR7bWltZVR5cGV9JmhlaWdodD0ke2ltYWdlSW5mby5oZWlnaHR9JndpZHRoPSR7aW1hZ2VJbmZvLndpZHRofSJ9","dir":"images/","policy":"eyJleHBpcmF0aW9uIjoiMjAyMi0wNS0yNVQwNTo1NToyMS43NDdaIiwiY29uZGl0aW9ucyI6W1siY29udGVudC1sZW5ndGgtcmFuZ2UiLDAsMTA0ODU3NjAwMF0sWyJzdGFydHMtd2l0aCIsIiRrZXkiLCJpbWFnZXMvIl1dfQ=="}
耗时:1
2022-05-25 13:50:21.750 [http-nio-8080-exec-7] INFO  com.x.config.mvc.LogRecordAspect 
GET请求/aliyun/oss/signature
参数:dir=images%2F
响应:{"accessId":"LTAI5tQQuPD1Fk7bhcEQbNWk","signature":"QbpMejTdSNqqiLYM+PLleThSW6g=","expire":"1653458121","host":"https://lfs-image.oss-cn-chengdu.aliyuncs.com","callback":"eyJjYWxsYmFja0JvZHlUeXBlIjoiYXBwbGljYXRpb24veC13d3ctZm9ybS11cmxlbmNvZGVkIiwiY2FsbGJhY2tVcmwiOiIiLCJjYWxsYmFja0JvZHkiOiJmaWxlbmFtZT0ke29iamVjdH0mc2l6ZT0ke3NpemV9Jm1pbWVUeXBlPSR7bWltZVR5cGV9JmhlaWdodD0ke2ltYWdlSW5mby5oZWlnaHR9JndpZHRoPSR7aW1hZ2VJbmZvLndpZHRofSJ9","dir":"images/","policy":"eyJleHBpcmF0aW9uIjoiMjAyMi0wNS0yNVQwNTo1NToyMS43NTBaIiwiY29uZGl0aW9ucyI6W1siY29udGVudC1sZW5ndGgtcmFuZ2UiLDAsMTA0ODU3NjAwMF0sWyJzdGFydHMtd2l0aCIsIiRrZXkiLCJpbWFnZXMvIl1dfQ=="}
耗时:0
2022-05-25 13:50:25.211 [http-nio-8080-exec-8] INFO  com.x.config.mvc.LogRecordAspect 
GET请求/aliyun/sts
参数:null
异常:Server unreachable: connection https://sts.aliyuncs.com/?Policy=%7B%0D%0A++++%22Statement%22%3A+%5B%0D%0A++++++++%7B%0D%0A++++++++++++%22Effect%22%3A+%22Allow%22%2C%0D%0A++++++++++++%22Action%22%3A+%5B%0D%0A++++++++++++++++%22oss%3APutObject%22%2C%0D%0A++++++++++++++++%22oss%3AGetObject%22%2C%0D%0A++++++++++++++++%22oss%3AListObjects%22%0D%0A++++++++++++%5D%2C%0D%0A++++++++++++%22Resource%22%3A+%5B%0D%0A++++++++++++++++%22acs%3Aoss%3A*%3A*%3A*%22%2C%0D%0A++++++++++++++++%22acs%3Aoss%3A*%3A*%3Alfs-image%2F*%22%0D%0A++++++++++++%5D%0D%0A++++++++%7D%0D%0A++++%5D%2C%0D%0A++++%22Version%22%3A+%221%22%0D%0A%7D&Action=AssumeRole&DurationSeconds=3600&Timestamp=2022-05-25T05%3A50%3A20Z&RoleArn=acs%3Aram%3A%3A1373745909084993%3Arole%2Flfsoss&SignatureVersion=1.0&Format=JSON&RoleSessionName=lfs&SignatureNonce=89efd201-3eb8-4364-b971-3ee0481f4c59165345782010940&Version=2015-04-01&AccessKeyId=LTAI5tQQuPD1Fk7bhcEQbNWk&Signature=nO%2BxRZAiMZ4mQXrF7WcZTPS%2BLoI%3D&SignatureMethod=HMAC-SHA1&RegionId=cn-chengdu failed
耗时:5120
2022-05-25 13:52:04.907 [http-nio-8080-exec-3] INFO  com.x.config.mvc.LogRecordAspect 
GET请求/aliyun/oss/signature
参数:dir=images%2F
响应:{"accessId":"LTAI5tQQuPD1Fk7bhcEQbNWk","signature":"VROkpG8v4wgFuTGSzRiD1jMR400=","expire":"1653458224","host":"https://lfs-image.oss-cn-chengdu.aliyuncs.com","callback":"eyJjYWxsYmFja0JvZHlUeXBlIjoiYXBwbGljYXRpb24veC13d3ctZm9ybS11cmxlbmNvZGVkIiwiY2FsbGJhY2tVcmwiOiIiLCJjYWxsYmFja0JvZHkiOiJmaWxlbmFtZT0ke29iamVjdH0mc2l6ZT0ke3NpemV9Jm1pbWVUeXBlPSR7bWltZVR5cGV9JmhlaWdodD0ke2ltYWdlSW5mby5oZWlnaHR9JndpZHRoPSR7aW1hZ2VJbmZvLndpZHRofSJ9","dir":"images/","policy":"eyJleHBpcmF0aW9uIjoiMjAyMi0wNS0yNVQwNTo1NzowNC45MDVaIiwiY29uZGl0aW9ucyI6W1siY29udGVudC1sZW5ndGgtcmFuZ2UiLDAsMTA0ODU3NjAwMF0sWyJzdGFydHMtd2l0aCIsIiRrZXkiLCJpbWFnZXMvIl1dfQ=="}
耗时:2
2022-05-25 13:53:01.811 [http-nio-8080-exec-4] INFO  com.x.config.mvc.LogRecordAspect 
GET请求/aliyun/oss/signature
参数:dir=images%2F
响应:{"accessId":"LTAI5tQQuPD1Fk7bhcEQbNWk","signature":"sEvdTmeLrIrAJngQ0yV+4eidtYA=","expire":"1653458281","host":"https://lfs-image.oss-cn-chengdu.aliyuncs.com","callback":"eyJjYWxsYmFja0JvZHlUeXBlIjoiYXBwbGljYXRpb24veC13d3ctZm9ybS11cmxlbmNvZGVkIiwiY2FsbGJhY2tVcmwiOiIiLCJjYWxsYmFja0JvZHkiOiJmaWxlbmFtZT0ke29iamVjdH0mc2l6ZT0ke3NpemV9Jm1pbWVUeXBlPSR7bWltZVR5cGV9JmhlaWdodD0ke2ltYWdlSW5mby5oZWlnaHR9JndpZHRoPSR7aW1hZ2VJbmZvLndpZHRofSJ9","dir":"images/","policy":"eyJleHBpcmF0aW9uIjoiMjAyMi0wNS0yNVQwNTo1ODowMS44MDlaIiwiY29uZGl0aW9ucyI6W1siY29udGVudC1sZW5ndGgtcmFuZ2UiLDAsMTA0ODU3NjAwMF0sWyJzdGFydHMtd2l0aCIsIiRrZXkiLCJpbWFnZXMvIl1dfQ=="}
耗时:2
2022-05-25 13:54:11.862 [http-nio-8080-exec-6] INFO  com.x.config.mvc.LogRecordAspect 
GET请求/aliyun/oss/signature
参数:dir=images%2F
响应:{"accessId":"LTAI5tQQuPD1Fk7bhcEQbNWk","signature":"U79RrDOXrkTr6TdTEhiT45/xH28=","expire":"1653458351","host":"https://lfs-image.oss-cn-chengdu.aliyuncs.com","callback":"eyJjYWxsYmFja0JvZHlUeXBlIjoiYXBwbGljYXRpb24veC13d3ctZm9ybS11cmxlbmNvZGVkIiwiY2FsbGJhY2tVcmwiOiIiLCJjYWxsYmFja0JvZHkiOiJmaWxlbmFtZT0ke29iamVjdH0mc2l6ZT0ke3NpemV9Jm1pbWVUeXBlPSR7bWltZVR5cGV9JmhlaWdodD0ke2ltYWdlSW5mby5oZWlnaHR9JndpZHRoPSR7aW1hZ2VJbmZvLndpZHRofSJ9","dir":"images/","policy":"eyJleHBpcmF0aW9uIjoiMjAyMi0wNS0yNVQwNTo1OToxMS44NjJaIiwiY29uZGl0aW9ucyI6W1siY29udGVudC1sZW5ndGgtcmFuZ2UiLDAsMTA0ODU3NjAwMF0sWyJzdGFydHMtd2l0aCIsIiRrZXkiLCJpbWFnZXMvIl1dfQ=="}
耗时:0
2022-05-25 23:02:31.167 [http-nio-8080-exec-9] INFO  com.x.config.mvc.LogRecordAspect 
GET请求/staff/session
参数:null
异常:还未登陆
耗时:7
2022-05-25 23:02:31.792 [http-nio-8080-exec-1] INFO  com.x.config.mvc.LogRecordAspect 
GET请求/aliyun/sts
参数:null
响应:{"accessKeyId":"STS.NTC5S83eswCM4BPYqBSspNj8x","accessKeySecret":"BNx7LQjEZcWmW6n5BR7BJo3AcAULDtrJuTPvVhGjhcxh","expiration":"2022-05-25T16:02:31Z","securityToken":"CAISuwJ1q6Ft5B2yfSjIr5f2fumM3rpSwIGmNmThvXEXX/xcoa+Tmjz2IH9Fe3NqCO0XtvowlWxZ6vwflqp3RYQd941+2iwovPpt6gqET9frT6XXhOV2dvTHdEGXDxnkpuCwB8zyUNLafNq0dlnAjVUd6LDmdDKkLRvHVJqSksxfc8gwVAu1ZiYkYdBNPVlNpdM9P3ncPurPVRnxmTj0DVF0nQB+hGhj8t6ToKum5wHZkUfxx8IMuo31OeLEVcR3O4plWNrHnI4Tf6HagilL8EoIpuUkzs478Dzc7NaGGAsTsVfUN+TPt9xqJQB0IeoYY/cf86OjyaAp4r2Lx9immk13ULsLA3iFdueJ29DZHe6lDNE9eIvgNm7FutL1bcak7Fl+MC9KbF0VKoZwdiUtE3IoRCrdMbS3Ud4Src1mm8IagAELFToVBkuPLxHCwT7ElI+v2OEie+0siKfrZpA8mWe2PgamYyHOVNXhVGKY7HJmt60ky+2tGYyqrZYbtefgFjLb2OEG+ZMaxoop35pEjFlI6k2B3jdg3lrmaPON7GEAMUViaujF7HrznwGhMuMwhlj8xrTklrDufOX235yP7Zj+lg=="}
耗时:688
2022-05-25 23:02:33.301 [http-nio-8080-exec-10] INFO  com.x.config.mvc.LogRecordAspect 
POST请求/staff/session
参数:{"password":"7dd75c55c0f3a84969cacc5fcdbbd980","phone":"13880605659"}
响应:{"createTime":"2021-12-29 16:00:36","id":1,"name":"徐竟浩","phone":"13880605659","roles":[{"id":1,"key":"admin","name":"系统管理员"}],"state":1}
耗时:155
2022-05-25 23:02:33.363 [http-nio-8080-exec-2] INFO  com.x.config.mvc.LogRecordAspect 
GET请求/staff/session
参数:null
响应:{"createTime":"2021-12-29 16:00:36","id":1,"name":"徐竟浩","phone":"13880605659","roles":[{"id":1,"key":"admin","name":"系统管理员"}],"state":1}
耗时:1
2022-05-25 23:02:35.871 [http-nio-8080-exec-3] INFO  com.x.config.mvc.LogRecordAspect 
GET请求/grouptour
参数:current=1&pageSize=20
响应:{"data":[{"id":"5fd9b5ac1adc380258c2d16a","imageUrls":["http://b1-q.mafengwo.net/s17/M00/16/E3/CoUBXl-GVM2AC1GxAANlur2bmuE64.jpeg?imageMogr2%2Fthumbnail%2F%21440x260r%2Fgravity%2FCenter%2Fcrop%2F%21440x260%2Fquality%2F100","http://b1-q.mafengwo.net/s12/M00/3D/36/wKgED1vuQCSAUxxGAA8Olv_YUTQ674.png?imageMogr2%2Fthumbnail%2F%21440x260r%2Fgravity%2FCenter%2Fcrop%2F%21440x260%2Fquality%2F100","http://p1-q.mafengwo.net/s12/M00/94/77/wKgED1v7oHmABJOSAALG5thmt_w03.jpeg?imageMogr2%2Fthumbnail%2F%21440x260r%2Fgravity%2FCenter%2Fcrop%2F%21440x260%2Fquality%2F100"],"maxPrice":0,"minPrice":0,"tags":["买一送一","强消赔2000","儿童免团费","五星温泉SPA"],"title":"【年终特卖 无一人差评】云南昆明大理丽江6日游（国际五星级酒店+强一赔百+送西双版纳4日+洱海吉普车旅拍+玉龙雪山大索道+名族美食+游船）"},{"id":"6007c226a374a85f1ce351c7","imageUrls":["http://b1-q.mafengwo.net/s17/M00/16/E3/CoUBXl-GVM2AC1GxAANlur2bmuE64.jpeg?imageMogr2%2Fthumbnail%2F%21440x260r%2Fgravity%2FCenter%2Fcrop%2F%21440x260%2Fquality%2F100","http://b1-q.mafengwo.net/s12/M00/3D/36/wKgED1vuQCSAUxxGAA8Olv_YUTQ674.png?imageMogr2%2Fthumbnail%2F%21440x260r%2Fgravity%2FCenter%2Fcrop%2F%21440x260%2Fquality%2F100","http://p1-q.mafengwo.net/s12/M00/94/77/wKgED1v7oHmABJOSAALG5thmt_w03.jpeg?imageMogr2%2Fthumbnail%2F%21440x260r%2Fgravity%2FCenter%2Fcrop%2F%21440x260%2Fquality%2F100"],"maxPrice":0,"minPrice":0,"tags":["买一送一","强消赔2000","儿童免团费","五星温泉SPA"],"title":"【年终特卖 无一人差评】云南昆明大理丽江6日游（国际五星级酒店+强一赔百+送西双版纳4日+洱海吉普车旅拍+玉龙雪山大索道+名族美食+游船）"},{"id":"6007c22ca374a85f1ce351c9","imageUrls":["http://b1-q.mafengwo.net/s17/M00/16/E3/CoUBXl-GVM2AC1GxAANlur2bmuE64.jpeg?imageMogr2%2Fthumbnail%2F%21440x260r%2Fgravity%2FCenter%2Fcrop%2F%21440x260%2Fquality%2F100","http://b1-q.mafengwo.net/s12/M00/3D/36/wKgED1vuQCSAUxxGAA8Olv_YUTQ674.png?imageMogr2%2Fthumbnail%2F%21440x260r%2Fgravity%2FCenter%2Fcrop%2F%21440x260%2Fquality%2F100","http://p1-q.mafengwo.net/s12/M00/94/77/wKgED1v7oHmABJOSAALG5thmt_w03.jpeg?imageMogr2%2Fthumbnail%2F%21440x260r%2Fgravity%2FCenter%2Fcrop%2F%21440x260%2Fquality%2F100"],"maxPrice":0,"minPrice":0,"tags":["买一送一","强消赔2000","儿童免团费","五星温泉SPA"],"title":"【年终特卖 无一人差评】云南昆明大理丽江6日游（国际五星级酒店+强一赔百+送西双版纳4日+洱海吉普车旅拍+玉龙雪山大索道+名族美食+游船）"},{"id":"6007c22ca374a85f1ce351cb","imageUrls":["http://b1-q.mafengwo.net/s17/M00/16/E3/CoUBXl-GVM2AC1GxAANlur2bmuE64.jpeg?imageMogr2%2Fthumbnail%2F%21440x260r%2Fgravity%2FCenter%2Fcrop%2F%21440x260%2Fquality%2F100","http://b1-q.mafengwo.net/s12/M00/3D/36/wKgED1vuQCSAUxxGAA8Olv_YUTQ674.png?imageMogr2%2Fthumbnail%2F%21440x260r%2Fgravity%2FCenter%2Fcrop%2F%21440x260%2Fquality%2F100","http://p1-q.mafengwo.net/s12/M00/94/77/wKgED1v7oHmABJOSAALG5thmt_w03.jpeg?imageMogr2%2Fthumbnail%2F%21440x260r%2Fgravity%2FCenter%2Fcrop%2F%21440x260%2Fquality%2F100"],"maxPrice":0,"minPrice":0,"tags":["买一送一","强消赔2000","儿童免团费","五星温泉SPA"],"title":"【年终特卖 无一人差评】云南昆明大理丽江6日游（国际五星级酒店+强一赔百+送西双版纳4日+洱海吉普车旅拍+玉龙雪山大索道+名族美食+游船）"},{"id":"6007c22da374a85f1ce351cd","imageUrls":["http://b1-q.mafengwo.net/s17/M00/16/E3/CoUBXl-GVM2AC1GxAANlur2bmuE64.jpeg?imageMogr2%2Fthumbnail%2F%21440x260r%2Fgravity%2FCenter%2Fcrop%2F%21440x260%2Fquality%2F100","http://b1-q.mafengwo.net/s12/M00/3D/36/wKgED1vuQCSAUxxGAA8Olv_YUTQ674.png?imageMogr2%2Fthumbnail%2F%21440x260r%2Fgravity%2FCenter%2Fcrop%2F%21440x260%2Fquality%2F100","http://p1-q.mafengwo.net/s12/M00/94/77/wKgED1v7oHmABJOSAALG5thmt_w03.jpeg?imageMogr2%2Fthumbnail%2F%21440x260r%2Fgravity%2FCenter%2Fcrop%2F%21440x260%2Fquality%2F100"],"maxPrice":0,"minPrice":0,"tags":["买一送一","强消赔2000","儿童免团费","五星温泉SPA"],"title":"【年终特卖 无一人差评】云南昆明大理丽江6日游（国际五星级酒店+强一赔百+送西双版纳4日+洱海吉普车旅拍+玉龙雪山大索道+名族美食+游船）"},{"id":"6007c22da374a85f1ce351cf","imageUrls":["http://b1-q.mafengwo.net/s17/M00/16/E3/CoUBXl-GVM2AC1GxAANlur2bmuE64.jpeg?imageMogr2%2Fthumbnail%2F%21440x260r%2Fgravity%2FCenter%2Fcrop%2F%21440x260%2Fquality%2F100","http://b1-q.mafengwo.net/s12/M00/3D/36/wKgED1vuQCSAUxxGAA8Olv_YUTQ674.png?imageMogr2%2Fthumbnail%2F%21440x260r%2Fgravity%2FCenter%2Fcrop%2F%21440x260%2Fquality%2F100","http://p1-q.mafengwo.net/s12/M00/94/77/wKgED1v7oHmABJOSAALG5thmt_w03.jpeg?imageMogr2%2Fthumbnail%2F%21440x260r%2Fgravity%2FCenter%2Fcrop%2F%21440x260%2Fquality%2F100"],"maxPrice":0,"minPrice":0,"tags":["买一送一","强消赔2000","儿童免团费","五星温泉SPA"],"title":"【年终特卖 无一人差评】云南昆明大理丽江6日游（国际五星级酒店+强一赔百+送西双版纳4日+洱海吉普车旅拍+玉龙雪山大索道+名族美食+游船）"},{"id":"6007c22da374a85f1ce351d1","imageUrls":["http://b1-q.mafengwo.net/s17/M00/16/E3/CoUBXl-GVM2AC1GxAANlur2bmuE64.jpeg?imageMogr2%2Fthumbnail%2F%21440x260r%2Fgravity%2FCenter%2Fcrop%2F%21440x260%2Fquality%2F100","http://b1-q.mafengwo.net/s12/M00/3D/36/wKgED1vuQCSAUxxGAA8Olv_YUTQ674.png?imageMogr2%2Fthumbnail%2F%21440x260r%2Fgravity%2FCenter%2Fcrop%2F%21440x260%2Fquality%2F100","http://p1-q.mafengwo.net/s12/M00/94/77/wKgED1v7oHmABJOSAALG5thmt_w03.jpeg?imageMogr2%2Fthumbnail%2F%21440x260r%2Fgravity%2FCenter%2Fcrop%2F%21440x260%2Fquality%2F100"],"maxPrice":0,"minPrice":0,"tags":["买一送一","强消赔2000","儿童免团费","五星温泉SPA"],"title":"【年终特卖 无一人差评】云南昆明大理丽江6日游（国际五星级酒店+强一赔百+送西双版纳4日+洱海吉普车旅拍+玉龙雪山大索道+名族美食+游船）"},{"id":"6007c22da374a85f1ce351d3","imageUrls":["http://b1-q.mafengwo.net/s17/M00/16/E3/CoUBXl-GVM2AC1GxAANlur2bmuE64.jpeg?imageMogr2%2Fthumbnail%2F%21440x260r%2Fgravity%2FCenter%2Fcrop%2F%21440x260%2Fquality%2F100","http://b1-q.mafengwo.net/s12/M00/3D/36/wKgED1vuQCSAUxxGAA8Olv_YUTQ674.png?imageMogr2%2Fthumbnail%2F%21440x260r%2Fgravity%2FCenter%2Fcrop%2F%21440x260%2Fquality%2F100","http://p1-q.mafengwo.net/s12/M00/94/77/wKgED1v7oHmABJOSAALG5thmt_w03.jpeg?imageMogr2%2Fthumbnail%2F%21440x260r%2Fgravity%2FCenter%2Fcrop%2F%21440x260%2Fquality%2F100"],"maxPrice":0,"minPrice":0,"tags":["买一送一","强消赔2000","儿童免团费","五星温泉SPA"],"title":"【年终特卖 无一人差评】云南昆明大理丽江6日游（国际五星级酒店+强一赔百+送西双版纳4日+洱海吉普车旅拍+玉龙雪山大索道+名族美食+游船）"},{"id":"6007c22da374a85f1ce351d5","imageUrls":["http://b1-q.mafengwo.net/s17/M00/16/E3/CoUBXl-GVM2AC1GxAANlur2bmuE64.jpeg?imageMogr2%2Fthumbnail%2F%21440x260r%2Fgravity%2FCenter%2Fcrop%2F%21440x260%2Fquality%2F100","http://b1-q.mafengwo.net/s12/M00/3D/36/wKgED1vuQCSAUxxGAA8Olv_YUTQ674.png?imageMogr2%2Fthumbnail%2F%21440x260r%2Fgravity%2FCenter%2Fcrop%2F%21440x260%2Fquality%2F100","http://p1-q.mafengwo.net/s12/M00/94/77/wKgED1v7oHmABJOSAALG5thmt_w03.jpeg?imageMogr2%2Fthumbnail%2F%21440x260r%2Fgravity%2FCenter%2Fcrop%2F%21440x260%2Fquality%2F100"],"maxPrice":0,"minPrice":0,"tags":["买一送一","强消赔2000","儿童免团费","五星温泉SPA"],"title":"【年终特卖 无一人差评】云南昆明大理丽江6日游（国际五星级酒店+强一赔百+送西双版纳4日+洱海吉普车旅拍+玉龙雪山大索道+名族美食+游船）"},{"id":"6007c22ea374a85f1ce351d7","imageUrls":["http://b1-q.mafengwo.net/s17/M00/16/E3/CoUBXl-GVM2AC1GxAANlur2bmuE64.jpeg?imageMogr2%2Fthumbnail%2F%21440x260r%2Fgravity%2FCenter%2Fcrop%2F%21440x260%2Fquality%2F100","http://b1-q.mafengwo.net/s12/M00/3D/36/wKgED1vuQCSAUxxGAA8Olv_YUTQ674.png?imageMogr2%2Fthumbnail%2F%21440x260r%2Fgravity%2FCenter%2Fcrop%2F%21440x260%2Fquality%2F100","http://p1-q.mafengwo.net/s12/M00/94/77/wKgED1v7oHmABJOSAALG5thmt_w03.jpeg?imageMogr2%2Fthumbnail%2F%21440x260r%2Fgravity%2FCenter%2Fcrop%2F%21440x260%2Fquality%2F100"],"maxPrice":0,"minPrice":0,"tags":["买一送一","强消赔2000","儿童免团费","五星温泉SPA"],"title":"【年终特卖 无一人差评】云南昆明大理丽江6日游（国际五星级酒店+强一赔百+送西双版纳4日+洱海吉普车旅拍+玉龙雪山大索道+名族美食+游船）"},{"id":"6007c22ea374a85f1ce351d9","imageUrls":["http://b1-q.mafengwo.net/s17/M00/16/E3/CoUBXl-GVM2AC1GxAANlur2bmuE64.jpeg?imageMogr2%2Fthumbnail%2F%21440x260r%2Fgravity%2FCenter%2Fcrop%2F%21440x260%2Fquality%2F100","http://b1-q.mafengwo.net/s12/M00/3D/36/wKgED1vuQCSAUxxGAA8Olv_YUTQ674.png?imageMogr2%2Fthumbnail%2F%21440x260r%2Fgravity%2FCenter%2Fcrop%2F%21440x260%2Fquality%2F100","http://p1-q.mafengwo.net/s12/M00/94/77/wKgED1v7oHmABJOSAALG5thmt_w03.jpeg?imageMogr2%2Fthumbnail%2F%21440x260r%2Fgravity%2FCenter%2Fcrop%2F%21440x260%2Fquality%2F100"],"maxPrice":0,"minPrice":0,"tags":["买一送一","强消赔2000","儿童免团费","五星温泉SPA"],"title":"【年终特卖 无一人差评】云南昆明大理丽江6日游（国际五星级酒店+强一赔百+送西双版纳4日+洱海吉普车旅拍+玉龙雪山大索道+名族美食+游船）"},{"id":"6007c22ea374a85f1ce351db","imageUrls":["http://b1-q.mafengwo.net/s17/M00/16/E3/CoUBXl-GVM2AC1GxAANlur2bmuE64.jpeg?imageMogr2%2Fthumbnail%2F%21440x260r%2Fgravity%2FCenter%2Fcrop%2F%21440x260%2Fquality%2F100","http://b1-q.mafengwo.net/s12/M00/3D/36/wKgED1vuQCSAUxxGAA8Olv_YUTQ674.png?imageMogr2%2Fthumbnail%2F%21440x260r%2Fgravity%2FCenter%2Fcrop%2F%21440x260%2Fquality%2F100","http://p1-q.mafengwo.net/s12/M00/94/77/wKgED1v7oHmABJOSAALG5thmt_w03.jpeg?imageMogr2%2Fthumbnail%2F%21440x260r%2Fgravity%2FCenter%2Fcrop%2F%21440x260%2Fquality%2F100"],"maxPrice":0,"minPrice":0,"tags":["买一送一","强消赔2000","儿童免团费","五星温泉SPA"],"title":"【年终特卖 无一人差评】云南昆明大理丽江6日游（国际五星级酒店+强一赔百+送西双版纳4日+洱海吉普车旅拍+玉龙雪山大索道+名族美食+游船）"},{"id":"6007c22ea374a85f1ce351dd","imageUrls":["http://b1-q.mafengwo.net/s17/M00/16/E3/CoUBXl-GVM2AC1GxAANlur2bmuE64.jpeg?imageMogr2%2Fthumbnail%2F%21440x260r%2Fgravity%2FCenter%2Fcrop%2F%21440x260%2Fquality%2F100","http://b1-q.mafengwo.net/s12/M00/3D/36/wKgED1vuQCSAUxxGAA8Olv_YUTQ674.png?imageMogr2%2Fthumbnail%2F%21440x260r%2Fgravity%2FCenter%2Fcrop%2F%21440x260%2Fquality%2F100","http://p1-q.mafengwo.net/s12/M00/94/77/wKgED1v7oHmABJOSAALG5thmt_w03.jpeg?imageMogr2%2Fthumbnail%2F%21440x260r%2Fgravity%2FCenter%2Fcrop%2F%21440x260%2Fquality%2F100"],"maxPrice":0,"minPrice":0,"tags":["买一送一","强消赔2000","儿童免团费","五星温泉SPA"],"title":"【年终特卖 无一人差评】云南昆明大理丽江6日游（国际五星级酒店+强一赔百+送西双版纳4日+洱海吉普车旅拍+玉龙雪山大索道+名族美食+游船）"},{"id":"6007c22ea374a85f1ce351df","imageUrls":["http://b1-q.mafengwo.net/s17/M00/16/E3/CoUBXl-GVM2AC1GxAANlur2bmuE64.jpeg?imageMogr2%2Fthumbnail%2F%21440x260r%2Fgravity%2FCenter%2Fcrop%2F%21440x260%2Fquality%2F100","http://b1-q.mafengwo.net/s12/M00/3D/36/wKgED1vuQCSAUxxGAA8Olv_YUTQ674.png?imageMogr2%2Fthumbnail%2F%21440x260r%2Fgravity%2FCenter%2Fcrop%2F%21440x260%2Fquality%2F100","http://p1-q.mafengwo.net/s12/M00/94/77/wKgED1v7oHmABJOSAALG5thmt_w03.jpeg?imageMogr2%2Fthumbnail%2F%21440x260r%2Fgravity%2FCenter%2Fcrop%2F%21440x260%2Fquality%2F100"],"maxPrice":0,"minPrice":0,"tags":["买一送一","强消赔2000","儿童免团费","五星温泉SPA"],"title":"【年终特卖 无一人差评】云南昆明大理丽江6日游（国际五星级酒店+强一赔百+送西双版纳4日+洱海吉普车旅拍+玉龙雪山大索道+名族美食+游船）"},{"id":"6007c22ea374a85f1ce351e1","imageUrls":["http://b1-q.mafengwo.net/s17/M00/16/E3/CoUBXl-GVM2AC1GxAANlur2bmuE64.jpeg?imageMogr2%2Fthumbnail%2F%21440x260r%2Fgravity%2FCenter%2Fcrop%2F%21440x260%2Fquality%2F100","http://b1-q.mafengwo.net/s12/M00/3D/36/wKgED1vuQCSAUxxGAA8Olv_YUTQ674.png?imageMogr2%2Fthumbnail%2F%21440x260r%2Fgravity%2FCenter%2Fcrop%2F%21440x260%2Fquality%2F100","http://p1-q.mafengwo.net/s12/M00/94/77/wKgED1v7oHmABJOSAALG5thmt_w03.jpeg?imageMogr2%2Fthumbnail%2F%21440x260r%2Fgravity%2FCenter%2Fcrop%2F%21440x260%2Fquality%2F100"],"maxPrice":0,"minPrice":0,"tags":["买一送一","强消赔2000","儿童免团费","五星温泉SPA"],"title":"【年终特卖 无一人差评】云南昆明大理丽江6日游（国际五星级酒店+强一赔百+送西双版纳4日+洱海吉普车旅拍+玉龙雪山大索道+名族美食+游船）"},{"id":"6007c22fa374a85f1ce351e3","imageUrls":["http://b1-q.mafengwo.net/s17/M00/16/E3/CoUBXl-GVM2AC1GxAANlur2bmuE64.jpeg?imageMogr2%2Fthumbnail%2F%21440x260r%2Fgravity%2FCenter%2Fcrop%2F%21440x260%2Fquality%2F100","http://b1-q.mafengwo.net/s12/M00/3D/36/wKgED1vuQCSAUxxGAA8Olv_YUTQ674.png?imageMogr2%2Fthumbnail%2F%21440x260r%2Fgravity%2FCenter%2Fcrop%2F%21440x260%2Fquality%2F100","http://p1-q.mafengwo.net/s12/M00/94/77/wKgED1v7oHmABJOSAALG5thmt_w03.jpeg?imageMogr2%2Fthumbnail%2F%21440x260r%2Fgravity%2FCenter%2Fcrop%2F%21440x260%2Fquality%2F100"],"maxPrice":0,"minPrice":0,"tags":["买一送一","强消赔2000","儿童免团费","五星温泉SPA"],"title":"【年终特卖 无一人差评】云南昆明大理丽江6日游（国际五星级酒店+强一赔百+送西双版纳4日+洱海吉普车旅拍+玉龙雪山大索道+名族美食+游船）"},{"id":"6007c22fa374a85f1ce351e5","imageUrls":["http://b1-q.mafengwo.net/s17/M00/16/E3/CoUBXl-GVM2AC1GxAANlur2bmuE64.jpeg?imageMogr2%2Fthumbnail%2F%21440x260r%2Fgravity%2FCenter%2Fcrop%2F%21440x260%2Fquality%2F100","http://b1-q.mafengwo.net/s12/M00/3D/36/wKgED1vuQCSAUxxGAA8Olv_YUTQ674.png?imageMogr2%2Fthumbnail%2F%21440x260r%2Fgravity%2FCenter%2Fcrop%2F%21440x260%2Fquality%2F100","http://p1-q.mafengwo.net/s12/M00/94/77/wKgED1v7oHmABJOSAALG5thmt_w03.jpeg?imageMogr2%2Fthumbnail%2F%21440x260r%2Fgravity%2FCenter%2Fcrop%2F%21440x260%2Fquality%2F100"],"maxPrice":0,"minPrice":0,"tags":["买一送一","强消赔2000","儿童免团费","五星温泉SPA"],"title":"【年终特卖 无一人差评】云南昆明大理丽江6日游（国际五星级酒店+强一赔百+送西双版纳4日+洱海吉普车旅拍+玉龙雪山大索道+名族美食+游船）"},{"id":"6007c22fa374a85f1ce351e7","imageUrls":["http://b1-q.mafengwo.net/s17/M00/16/E3/CoUBXl-GVM2AC1GxAANlur2bmuE64.jpeg?imageMogr2%2Fthumbnail%2F%21440x260r%2Fgravity%2FCenter%2Fcrop%2F%21440x260%2Fquality%2F100","http://b1-q.mafengwo.net/s12/M00/3D/36/wKgED1vuQCSAUxxGAA8Olv_YUTQ674.png?imageMogr2%2Fthumbnail%2F%21440x260r%2Fgravity%2FCenter%2Fcrop%2F%21440x260%2Fquality%2F100","http://p1-q.mafengwo.net/s12/M00/94/77/wKgED1v7oHmABJOSAALG5thmt_w03.jpeg?imageMogr2%2Fthumbnail%2F%21440x260r%2Fgravity%2FCenter%2Fcrop%2F%21440x260%2Fquality%2F100"],"maxPrice":0,"minPrice":0,"tags":["买一送一","强消赔2000","儿童免团费","五星温泉SPA"],"title":"【年终特卖 无一人差评】云南昆明大理丽江6日游（国际五星级酒店+强一赔百+送西双版纳4日+洱海吉普车旅拍+玉龙雪山大索道+名族美食+游船）"},{"id":"6007c22fa374a85f1ce351e9","imageUrls":["http://b1-q.mafengwo.net/s17/M00/16/E3/CoUBXl-GVM2AC1GxAANlur2bmuE64.jpeg?imageMogr2%2Fthumbnail%2F%21440x260r%2Fgravity%2FCenter%2Fcrop%2F%21440x260%2Fquality%2F100","http://b1-q.mafengwo.net/s12/M00/3D/36/wKgED1vuQCSAUxxGAA8Olv_YUTQ674.png?imageMogr2%2Fthumbnail%2F%21440x260r%2Fgravity%2FCenter%2Fcrop%2F%21440x260%2Fquality%2F100","http://p1-q.mafengwo.net/s12/M00/94/77/wKgED1v7oHmABJOSAALG5thmt_w03.jpeg?imageMogr2%2Fthumbnail%2F%21440x260r%2Fgravity%2FCenter%2Fcrop%2F%21440x260%2Fquality%2F100"],"maxPrice":0,"minPrice":0,"tags":["买一送一","强消赔2000","儿童免团费","五星温泉SPA"],"title":"【年终特卖 无一人差评】云南昆明大理丽江6日游（国际五星级酒店+强一赔百+送西双版纳4日+洱海吉普车旅拍+玉龙雪山大索道+名族美食+游船）"},{"id":"6007c22fa374a85f1ce351eb","imageUrls":["http://b1-q.mafengwo.net/s17/M00/16/E3/CoUBXl-GVM2AC1GxAANlur2bmuE64.jpeg?imageMogr2%2Fthumbnail%2F%21440x260r%2Fgravity%2FCenter%2Fcrop%2F%21440x260%2Fquality%2F100","http://b1-q.mafengwo.net/s12/M00/3D/36/wKgED1vuQCSAUxxGAA8Olv_YUTQ674.png?imageMogr2%2Fthumbnail%2F%21440x260r%2Fgravity%2FCenter%2Fcrop%2F%21440x260%2Fquality%2F100","http://p1-q.mafengwo.net/s12/M00/94/77/wKgED1v7oHmABJOSAALG5thmt_w03.jpeg?imageMogr2%2Fthumbnail%2F%21440x260r%2Fgravity%2FCenter%2Fcrop%2F%21440x260%2Fquality%2F100"],"maxPrice":0,"minPrice":0,"tags":["买一送一","强消赔2000","儿童免团费","五星温泉SPA"],"title":"【年终特卖 无一人差评】云南昆明大理丽江6日游（国际五星级酒店+强一赔百+送西双版纳4日+洱海吉普车旅拍+玉龙雪山大索道+名族美食+游船）"}],"pagination":{"current":1,"pageSize":20,"pages":6,"total":101},"success":true,"total":101}
耗时:164
2022-05-25 23:02:40.123 [http-nio-8080-exec-4] INFO  com.x.config.mvc.LogRecordAspect 
GET请求/aliyun/oss/signature
参数:dir=images%2F
响应:{"accessId":"LTAI5tQQuPD1Fk7bhcEQbNWk","signature":"nSeoHBpMPzW9QixPROUoK354yOM=","expire":"1653491260","host":"https://lfs-image.oss-cn-chengdu.aliyuncs.com","callback":"eyJjYWxsYmFja0JvZHlUeXBlIjoiYXBwbGljYXRpb24veC13d3ctZm9ybS11cmxlbmNvZGVkIiwiY2FsbGJhY2tVcmwiOiIiLCJjYWxsYmFja0JvZHkiOiJmaWxlbmFtZT0ke29iamVjdH0mc2l6ZT0ke3NpemV9Jm1pbWVUeXBlPSR7bWltZVR5cGV9JmhlaWdodD0ke2ltYWdlSW5mby5oZWlnaHR9JndpZHRoPSR7aW1hZ2VJbmZvLndpZHRofSJ9","dir":"images/","policy":"eyJleHBpcmF0aW9uIjoiMjAyMi0wNS0yNVQxNTowNzo0MC4xMThaIiwiY29uZGl0aW9ucyI6W1siY29udGVudC1sZW5ndGgtcmFuZ2UiLDAsMTA0ODU3NjAwMF0sWyJzdGFydHMtd2l0aCIsIiRrZXkiLCJpbWFnZXMvIl1dfQ=="}
耗时:5
2022-05-25 23:02:40.123 [http-nio-8080-exec-9] INFO  com.x.config.mvc.LogRecordAspect 
GET请求/aliyun/oss/signature
参数:dir=images%2F
响应:{"accessId":"LTAI5tQQuPD1Fk7bhcEQbNWk","signature":"nSeoHBpMPzW9QixPROUoK354yOM=","expire":"1653491260","host":"https://lfs-image.oss-cn-chengdu.aliyuncs.com","callback":"eyJjYWxsYmFja0JvZHlUeXBlIjoiYXBwbGljYXRpb24veC13d3ctZm9ybS11cmxlbmNvZGVkIiwiY2FsbGJhY2tVcmwiOiIiLCJjYWxsYmFja0JvZHkiOiJmaWxlbmFtZT0ke29iamVjdH0mc2l6ZT0ke3NpemV9Jm1pbWVUeXBlPSR7bWltZVR5cGV9JmhlaWdodD0ke2ltYWdlSW5mby5oZWlnaHR9JndpZHRoPSR7aW1hZ2VJbmZvLndpZHRofSJ9","dir":"images/","policy":"eyJleHBpcmF0aW9uIjoiMjAyMi0wNS0yNVQxNTowNzo0MC4xMThaIiwiY29uZGl0aW9ucyI6W1siY29udGVudC1sZW5ndGgtcmFuZ2UiLDAsMTA0ODU3NjAwMF0sWyJzdGFydHMtd2l0aCIsIiRrZXkiLCJpbWFnZXMvIl1dfQ=="}
耗时:5
2022-05-25 23:02:40.123 [http-nio-8080-exec-6] INFO  com.x.config.mvc.LogRecordAspect 
GET请求/aliyun/oss/signature
参数:dir=images%2F
响应:{"accessId":"LTAI5tQQuPD1Fk7bhcEQbNWk","signature":"nSeoHBpMPzW9QixPROUoK354yOM=","expire":"1653491260","host":"https://lfs-image.oss-cn-chengdu.aliyuncs.com","callback":"eyJjYWxsYmFja0JvZHlUeXBlIjoiYXBwbGljYXRpb24veC13d3ctZm9ybS11cmxlbmNvZGVkIiwiY2FsbGJhY2tVcmwiOiIiLCJjYWxsYmFja0JvZHkiOiJmaWxlbmFtZT0ke29iamVjdH0mc2l6ZT0ke3NpemV9Jm1pbWVUeXBlPSR7bWltZVR5cGV9JmhlaWdodD0ke2ltYWdlSW5mby5oZWlnaHR9JndpZHRoPSR7aW1hZ2VJbmZvLndpZHRofSJ9","dir":"images/","policy":"eyJleHBpcmF0aW9uIjoiMjAyMi0wNS0yNVQxNTowNzo0MC4xMThaIiwiY29uZGl0aW9ucyI6W1siY29udGVudC1sZW5ndGgtcmFuZ2UiLDAsMTA0ODU3NjAwMF0sWyJzdGFydHMtd2l0aCIsIiRrZXkiLCJpbWFnZXMvIl1dfQ=="}
耗时:5
2022-05-25 23:29:29.750 [http-nio-8080-exec-1] INFO  com.x.config.mvc.LogRecordAspect 
GET请求/aliyun/oss/signature
参数:dir=images%2F
响应:{"accessId":"LTAI5tQQuPD1Fk7bhcEQbNWk","signature":"/zw9K9T4J+MS0zBohciXjuQE/E8=","expire":"1653492869","host":"https://lfs-image.oss-cn-chengdu.aliyuncs.com","callback":"eyJjYWxsYmFja0JvZHlUeXBlIjoiYXBwbGljYXRpb24veC13d3ctZm9ybS11cmxlbmNvZGVkIiwiY2FsbGJhY2tVcmwiOiIiLCJjYWxsYmFja0JvZHkiOiJmaWxlbmFtZT0ke29iamVjdH0mc2l6ZT0ke3NpemV9Jm1pbWVUeXBlPSR7bWltZVR5cGV9JmhlaWdodD0ke2ltYWdlSW5mby5oZWlnaHR9JndpZHRoPSR7aW1hZ2VJbmZvLndpZHRofSJ9","dir":"images/","policy":"eyJleHBpcmF0aW9uIjoiMjAyMi0wNS0yNVQxNTozNDoyOS43NDlaIiwiY29uZGl0aW9ucyI6W1siY29udGVudC1sZW5ndGgtcmFuZ2UiLDAsMTA0ODU3NjAwMF0sWyJzdGFydHMtd2l0aCIsIiRrZXkiLCJpbWFnZXMvIl1dfQ=="}
耗时:1
