2022-05-19 11:01:39.006 [http-nio-8080-exec-2] INFO  com.x.config.mvc.LogRecordAspect 
GET请求/aliyun/oss/signature
参数:dir=images%2F
响应:{"accessId":"LTAI5tQQuPD1Fk7bhcEQbNWk","signature":"OMHG+lgZOcT5cHEqMNeyz1OV2sM=","expire":"1652929598","host":"https://lfs-image.oss-cn-chengdu.aliyuncs.com","callback":"eyJjYWxsYmFja0JvZHlUeXBlIjoiYXBwbGljYXRpb24veC13d3ctZm9ybS11cmxlbmNvZGVkIiwiY2FsbGJhY2tVcmwiOiIiLCJjYWxsYmFja0JvZHkiOiJmaWxlbmFtZT0ke29iamVjdH0mc2l6ZT0ke3NpemV9Jm1pbWVUeXBlPSR7bWltZVR5cGV9JmhlaWdodD0ke2ltYWdlSW5mby5oZWlnaHR9JndpZHRoPSR7aW1hZ2VJbmZvLndpZHRofSJ9","dir":"images/","policy":"eyJleHBpcmF0aW9uIjoiMjAyMi0wNS0xOVQwMzowNjozOC45ODJaIiwiY29uZGl0aW9ucyI6W1siY29udGVudC1sZW5ndGgtcmFuZ2UiLDAsMTA0ODU3NjAwMF0sWyJzdGFydHMtd2l0aCIsIiRrZXkiLCJpbWFnZXMvIl1dfQ=="}
耗时:23
2022-05-19 11:01:45.530 [http-nio-8080-exec-4] INFO  com.x.config.mvc.LogRecordAspect 
GET请求/aliyun/oss/signature
参数:dir=images%2F
响应:{"accessId":"LTAI5tQQuPD1Fk7bhcEQbNWk","signature":"zBdX89HjpLU1YU2TpS2lk8tuOPY=","expire":"1652929605","host":"https://lfs-image.oss-cn-chengdu.aliyuncs.com","callback":"eyJjYWxsYmFja0JvZHlUeXBlIjoiYXBwbGljYXRpb24veC13d3ctZm9ybS11cmxlbmNvZGVkIiwiY2FsbGJhY2tVcmwiOiIiLCJjYWxsYmFja0JvZHkiOiJmaWxlbmFtZT0ke29iamVjdH0mc2l6ZT0ke3NpemV9Jm1pbWVUeXBlPSR7bWltZVR5cGV9JmhlaWdodD0ke2ltYWdlSW5mby5oZWlnaHR9JndpZHRoPSR7aW1hZ2VJbmZvLndpZHRofSJ9","dir":"images/","policy":"eyJleHBpcmF0aW9uIjoiMjAyMi0wNS0xOVQwMzowNjo0NS41MjRaIiwiY29uZGl0aW9ucyI6W1siY29udGVudC1sZW5ndGgtcmFuZ2UiLDAsMTA0ODU3NjAwMF0sWyJzdGFydHMtd2l0aCIsIiRrZXkiLCJpbWFnZXMvIl1dfQ=="}
耗时:6
2022-05-19 11:01:50.879 [http-nio-8080-exec-7] INFO  com.x.config.mvc.LogRecordAspect 
GET请求/aliyun/oss/signature
参数:dir=images%2F
响应:{"accessId":"LTAI5tQQuPD1Fk7bhcEQbNWk","signature":"AY65GaF0BmHDZvMR2/j+VB5gELM=","expire":"1652929610","host":"https://lfs-image.oss-cn-chengdu.aliyuncs.com","callback":"eyJjYWxsYmFja0JvZHlUeXBlIjoiYXBwbGljYXRpb24veC13d3ctZm9ybS11cmxlbmNvZGVkIiwiY2FsbGJhY2tVcmwiOiIiLCJjYWxsYmFja0JvZHkiOiJmaWxlbmFtZT0ke29iamVjdH0mc2l6ZT0ke3NpemV9Jm1pbWVUeXBlPSR7bWltZVR5cGV9JmhlaWdodD0ke2ltYWdlSW5mby5oZWlnaHR9JndpZHRoPSR7aW1hZ2VJbmZvLndpZHRofSJ9","dir":"images/","policy":"eyJleHBpcmF0aW9uIjoiMjAyMi0wNS0xOVQwMzowNjo1MC44NzhaIiwiY29uZGl0aW9ucyI6W1siY29udGVudC1sZW5ndGgtcmFuZ2UiLDAsMTA0ODU3NjAwMF0sWyJzdGFydHMtd2l0aCIsIiRrZXkiLCJpbWFnZXMvIl1dfQ=="}
耗时:1
2022-05-19 11:01:52.203 [http-nio-8080-exec-8] INFO  com.x.config.mvc.LogRecordAspect 
GET请求/aliyun/oss/signature
参数:dir=images%2F
响应:{"accessId":"LTAI5tQQuPD1Fk7bhcEQbNWk","signature":"HI3g3KaV+4kGxo2+ElJQH+tVv0A=","expire":"1652929612","host":"https://lfs-image.oss-cn-chengdu.aliyuncs.com","callback":"eyJjYWxsYmFja0JvZHlUeXBlIjoiYXBwbGljYXRpb24veC13d3ctZm9ybS11cmxlbmNvZGVkIiwiY2FsbGJhY2tVcmwiOiIiLCJjYWxsYmFja0JvZHkiOiJmaWxlbmFtZT0ke29iamVjdH0mc2l6ZT0ke3NpemV9Jm1pbWVUeXBlPSR7bWltZVR5cGV9JmhlaWdodD0ke2ltYWdlSW5mby5oZWlnaHR9JndpZHRoPSR7aW1hZ2VJbmZvLndpZHRofSJ9","dir":"images/","policy":"eyJleHBpcmF0aW9uIjoiMjAyMi0wNS0xOVQwMzowNjo1Mi4yMDNaIiwiY29uZGl0aW9ucyI6W1siY29udGVudC1sZW5ndGgtcmFuZ2UiLDAsMTA0ODU3NjAwMF0sWyJzdGFydHMtd2l0aCIsIiRrZXkiLCJpbWFnZXMvIl1dfQ=="}
耗时:0
2022-05-19 11:01:52.204 [http-nio-8080-exec-1] INFO  com.x.config.mvc.LogRecordAspect 
GET请求/aliyun/oss/signature
参数:dir=images%2F
响应:{"accessId":"LTAI5tQQuPD1Fk7bhcEQbNWk","signature":"HI3g3KaV+4kGxo2+ElJQH+tVv0A=","expire":"1652929612","host":"https://lfs-image.oss-cn-chengdu.aliyuncs.com","callback":"eyJjYWxsYmFja0JvZHlUeXBlIjoiYXBwbGljYXRpb24veC13d3ctZm9ybS11cmxlbmNvZGVkIiwiY2FsbGJhY2tVcmwiOiIiLCJjYWxsYmFja0JvZHkiOiJmaWxlbmFtZT0ke29iamVjdH0mc2l6ZT0ke3NpemV9Jm1pbWVUeXBlPSR7bWltZVR5cGV9JmhlaWdodD0ke2ltYWdlSW5mby5oZWlnaHR9JndpZHRoPSR7aW1hZ2VJbmZvLndpZHRofSJ9","dir":"images/","policy":"eyJleHBpcmF0aW9uIjoiMjAyMi0wNS0xOVQwMzowNjo1Mi4yMDNaIiwiY29uZGl0aW9ucyI6W1siY29udGVudC1sZW5ndGgtcmFuZ2UiLDAsMTA0ODU3NjAwMF0sWyJzdGFydHMtd2l0aCIsIiRrZXkiLCJpbWFnZXMvIl1dfQ=="}
耗时:1
2022-05-19 11:02:00.147 [http-nio-8080-exec-5] INFO  com.x.config.mvc.LogRecordAspect 
GET请求/aliyun/oss/signature
参数:dir=images%2F
响应:{"accessId":"LTAI5tQQuPD1Fk7bhcEQbNWk","signature":"FL4qrYwA8DVyK3D8JDn+UaL4GYk=","expire":"1652929620","host":"https://lfs-image.oss-cn-chengdu.aliyuncs.com","callback":"eyJjYWxsYmFja0JvZHlUeXBlIjoiYXBwbGljYXRpb24veC13d3ctZm9ybS11cmxlbmNvZGVkIiwiY2FsbGJhY2tVcmwiOiIiLCJjYWxsYmFja0JvZHkiOiJmaWxlbmFtZT0ke29iamVjdH0mc2l6ZT0ke3NpemV9Jm1pbWVUeXBlPSR7bWltZVR5cGV9JmhlaWdodD0ke2ltYWdlSW5mby5oZWlnaHR9JndpZHRoPSR7aW1hZ2VJbmZvLndpZHRofSJ9","dir":"images/","policy":"eyJleHBpcmF0aW9uIjoiMjAyMi0wNS0xOVQwMzowNzowMC4xNDZaIiwiY29uZGl0aW9ucyI6W1siY29udGVudC1sZW5ndGgtcmFuZ2UiLDAsMTA0ODU3NjAwMF0sWyJzdGFydHMtd2l0aCIsIiRrZXkiLCJpbWFnZXMvIl1dfQ=="}
耗时:1
2022-05-19 11:02:00.147 [http-nio-8080-exec-9] INFO  com.x.config.mvc.LogRecordAspect 
GET请求/aliyun/oss/signature
参数:dir=images%2F
响应:{"accessId":"LTAI5tQQuPD1Fk7bhcEQbNWk","signature":"FL4qrYwA8DVyK3D8JDn+UaL4GYk=","expire":"1652929620","host":"https://lfs-image.oss-cn-chengdu.aliyuncs.com","callback":"eyJjYWxsYmFja0JvZHlUeXBlIjoiYXBwbGljYXRpb24veC13d3ctZm9ybS11cmxlbmNvZGVkIiwiY2FsbGJhY2tVcmwiOiIiLCJjYWxsYmFja0JvZHkiOiJmaWxlbmFtZT0ke29iamVjdH0mc2l6ZT0ke3NpemV9Jm1pbWVUeXBlPSR7bWltZVR5cGV9JmhlaWdodD0ke2ltYWdlSW5mby5oZWlnaHR9JndpZHRoPSR7aW1hZ2VJbmZvLndpZHRofSJ9","dir":"images/","policy":"eyJleHBpcmF0aW9uIjoiMjAyMi0wNS0xOVQwMzowNzowMC4xNDZaIiwiY29uZGl0aW9ucyI6W1siY29udGVudC1sZW5ndGgtcmFuZ2UiLDAsMTA0ODU3NjAwMF0sWyJzdGFydHMtd2l0aCIsIiRrZXkiLCJpbWFnZXMvIl1dfQ=="}
耗时:1
2022-05-19 11:02:07.621 [http-nio-8080-exec-3] INFO  com.x.config.mvc.LogRecordAspect 
GET请求/aliyun/oss/signature
参数:dir=images%2F
响应:{"accessId":"LTAI5tQQuPD1Fk7bhcEQbNWk","signature":"LdrGbOWOSA35aaBR+QpY6+gRzF4=","expire":"1652929627","host":"https://lfs-image.oss-cn-chengdu.aliyuncs.com","callback":"eyJjYWxsYmFja0JvZHlUeXBlIjoiYXBwbGljYXRpb24veC13d3ctZm9ybS11cmxlbmNvZGVkIiwiY2FsbGJhY2tVcmwiOiIiLCJjYWxsYmFja0JvZHkiOiJmaWxlbmFtZT0ke29iamVjdH0mc2l6ZT0ke3NpemV9Jm1pbWVUeXBlPSR7bWltZVR5cGV9JmhlaWdodD0ke2ltYWdlSW5mby5oZWlnaHR9JndpZHRoPSR7aW1hZ2VJbmZvLndpZHRofSJ9","dir":"images/","policy":"eyJleHBpcmF0aW9uIjoiMjAyMi0wNS0xOVQwMzowNzowNy42MTlaIiwiY29uZGl0aW9ucyI6W1siY29udGVudC1sZW5ndGgtcmFuZ2UiLDAsMTA0ODU3NjAwMF0sWyJzdGFydHMtd2l0aCIsIiRrZXkiLCJpbWFnZXMvIl1dfQ=="}
耗时:2
2022-05-19 11:02:07.623 [http-nio-8080-exec-6] INFO  com.x.config.mvc.LogRecordAspect 
GET请求/aliyun/oss/signature
参数:dir=images%2F
响应:{"accessId":"LTAI5tQQuPD1Fk7bhcEQbNWk","signature":"LdrGbOWOSA35aaBR+QpY6+gRzF4=","expire":"1652929627","host":"https://lfs-image.oss-cn-chengdu.aliyuncs.com","callback":"eyJjYWxsYmFja0JvZHlUeXBlIjoiYXBwbGljYXRpb24veC13d3ctZm9ybS11cmxlbmNvZGVkIiwiY2FsbGJhY2tVcmwiOiIiLCJjYWxsYmFja0JvZHkiOiJmaWxlbmFtZT0ke29iamVjdH0mc2l6ZT0ke3NpemV9Jm1pbWVUeXBlPSR7bWltZVR5cGV9JmhlaWdodD0ke2ltYWdlSW5mby5oZWlnaHR9JndpZHRoPSR7aW1hZ2VJbmZvLndpZHRofSJ9","dir":"images/","policy":"eyJleHBpcmF0aW9uIjoiMjAyMi0wNS0xOVQwMzowNzowNy42MTlaIiwiY29uZGl0aW9ucyI6W1siY29udGVudC1sZW5ndGgtcmFuZ2UiLDAsMTA0ODU3NjAwMF0sWyJzdGFydHMtd2l0aCIsIiRrZXkiLCJpbWFnZXMvIl1dfQ=="}
耗时:4
2022-05-19 11:02:09.428 [http-nio-8080-exec-10] INFO  com.x.config.mvc.LogRecordAspect 
GET请求/aliyun/oss/signature
参数:dir=images%2F
响应:{"accessId":"LTAI5tQQuPD1Fk7bhcEQbNWk","signature":"QF6OcDVhOyrwZ8pobGv9eJIGQlo=","expire":"1652929629","host":"https://lfs-image.oss-cn-chengdu.aliyuncs.com","callback":"eyJjYWxsYmFja0JvZHlUeXBlIjoiYXBwbGljYXRpb24veC13d3ctZm9ybS11cmxlbmNvZGVkIiwiY2FsbGJhY2tVcmwiOiIiLCJjYWxsYmFja0JvZHkiOiJmaWxlbmFtZT0ke29iamVjdH0mc2l6ZT0ke3NpemV9Jm1pbWVUeXBlPSR7bWltZVR5cGV9JmhlaWdodD0ke2ltYWdlSW5mby5oZWlnaHR9JndpZHRoPSR7aW1hZ2VJbmZvLndpZHRofSJ9","dir":"images/","policy":"eyJleHBpcmF0aW9uIjoiMjAyMi0wNS0xOVQwMzowNzowOS40MjdaIiwiY29uZGl0aW9ucyI6W1siY29udGVudC1sZW5ndGgtcmFuZ2UiLDAsMTA0ODU3NjAwMF0sWyJzdGFydHMtd2l0aCIsIiRrZXkiLCJpbWFnZXMvIl1dfQ=="}
耗时:1
2022-05-19 11:02:09.428 [http-nio-8080-exec-2] INFO  com.x.config.mvc.LogRecordAspect 
GET请求/aliyun/oss/signature
参数:dir=images%2F
响应:{"accessId":"LTAI5tQQuPD1Fk7bhcEQbNWk","signature":"QF6OcDVhOyrwZ8pobGv9eJIGQlo=","expire":"1652929629","host":"https://lfs-image.oss-cn-chengdu.aliyuncs.com","callback":"eyJjYWxsYmFja0JvZHlUeXBlIjoiYXBwbGljYXRpb24veC13d3ctZm9ybS11cmxlbmNvZGVkIiwiY2FsbGJhY2tVcmwiOiIiLCJjYWxsYmFja0JvZHkiOiJmaWxlbmFtZT0ke29iamVjdH0mc2l6ZT0ke3NpemV9Jm1pbWVUeXBlPSR7bWltZVR5cGV9JmhlaWdodD0ke2ltYWdlSW5mby5oZWlnaHR9JndpZHRoPSR7aW1hZ2VJbmZvLndpZHRofSJ9","dir":"images/","policy":"eyJleHBpcmF0aW9uIjoiMjAyMi0wNS0xOVQwMzowNzowOS40MjdaIiwiY29uZGl0aW9ucyI6W1siY29udGVudC1sZW5ndGgtcmFuZ2UiLDAsMTA0ODU3NjAwMF0sWyJzdGFydHMtd2l0aCIsIiRrZXkiLCJpbWFnZXMvIl1dfQ=="}
耗时:1
2022-05-19 11:02:14.200 [http-nio-8080-exec-4] INFO  com.x.config.mvc.LogRecordAspect 
GET请求/aliyun/oss/signature
参数:dir=images%2F
响应:{"accessId":"LTAI5tQQuPD1Fk7bhcEQbNWk","signature":"gFSXi1nlEIaQqFsL/zI2fJPhFpI=","expire":"1652929634","host":"https://lfs-image.oss-cn-chengdu.aliyuncs.com","callback":"eyJjYWxsYmFja0JvZHlUeXBlIjoiYXBwbGljYXRpb24veC13d3ctZm9ybS11cmxlbmNvZGVkIiwiY2FsbGJhY2tVcmwiOiIiLCJjYWxsYmFja0JvZHkiOiJmaWxlbmFtZT0ke29iamVjdH0mc2l6ZT0ke3NpemV9Jm1pbWVUeXBlPSR7bWltZVR5cGV9JmhlaWdodD0ke2ltYWdlSW5mby5oZWlnaHR9JndpZHRoPSR7aW1hZ2VJbmZvLndpZHRofSJ9","dir":"images/","policy":"eyJleHBpcmF0aW9uIjoiMjAyMi0wNS0xOVQwMzowNzoxNC4xOTlaIiwiY29uZGl0aW9ucyI6W1siY29udGVudC1sZW5ndGgtcmFuZ2UiLDAsMTA0ODU3NjAwMF0sWyJzdGFydHMtd2l0aCIsIiRrZXkiLCJpbWFnZXMvIl1dfQ=="}
耗时:1
2022-05-19 11:02:14.203 [http-nio-8080-exec-7] INFO  com.x.config.mvc.LogRecordAspect 
GET请求/aliyun/oss/signature
参数:dir=images%2F
响应:{"accessId":"LTAI5tQQuPD1Fk7bhcEQbNWk","signature":"cIZGep17bGelFdUCH+wDUyKQQuo=","expire":"1652929634","host":"https://lfs-image.oss-cn-chengdu.aliyuncs.com","callback":"eyJjYWxsYmFja0JvZHlUeXBlIjoiYXBwbGljYXRpb24veC13d3ctZm9ybS11cmxlbmNvZGVkIiwiY2FsbGJhY2tVcmwiOiIiLCJjYWxsYmFja0JvZHkiOiJmaWxlbmFtZT0ke29iamVjdH0mc2l6ZT0ke3NpemV9Jm1pbWVUeXBlPSR7bWltZVR5cGV9JmhlaWdodD0ke2ltYWdlSW5mby5oZWlnaHR9JndpZHRoPSR7aW1hZ2VJbmZvLndpZHRofSJ9","dir":"images/","policy":"eyJleHBpcmF0aW9uIjoiMjAyMi0wNS0xOVQwMzowNzoxNC4yMDFaIiwiY29uZGl0aW9ucyI6W1siY29udGVudC1sZW5ndGgtcmFuZ2UiLDAsMTA0ODU3NjAwMF0sWyJzdGFydHMtd2l0aCIsIiRrZXkiLCJpbWFnZXMvIl1dfQ=="}
耗时:2
2022-05-19 11:02:14.206 [http-nio-8080-exec-8] INFO  com.x.config.mvc.LogRecordAspect 
GET请求/aliyun/oss/signature
参数:dir=images%2F
响应:{"accessId":"LTAI5tQQuPD1Fk7bhcEQbNWk","signature":"300Ot8AT27xRviQg4PXHOY6eLiw=","expire":"1652929634","host":"https://lfs-image.oss-cn-chengdu.aliyuncs.com","callback":"eyJjYWxsYmFja0JvZHlUeXBlIjoiYXBwbGljYXRpb24veC13d3ctZm9ybS11cmxlbmNvZGVkIiwiY2FsbGJhY2tVcmwiOiIiLCJjYWxsYmFja0JvZHkiOiJmaWxlbmFtZT0ke29iamVjdH0mc2l6ZT0ke3NpemV9Jm1pbWVUeXBlPSR7bWltZVR5cGV9JmhlaWdodD0ke2ltYWdlSW5mby5oZWlnaHR9JndpZHRoPSR7aW1hZ2VJbmZvLndpZHRofSJ9","dir":"images/","policy":"eyJleHBpcmF0aW9uIjoiMjAyMi0wNS0xOVQwMzowNzoxNC4yMDRaIiwiY29uZGl0aW9ucyI6W1siY29udGVudC1sZW5ndGgtcmFuZ2UiLDAsMTA0ODU3NjAwMF0sWyJzdGFydHMtd2l0aCIsIiRrZXkiLCJpbWFnZXMvIl1dfQ=="}
耗时:2
2022-05-19 11:02:16.792 [http-nio-8080-exec-1] INFO  com.x.config.mvc.LogRecordAspect 
GET请求/aliyun/oss/signature
参数:dir=images%2F
响应:{"accessId":"LTAI5tQQuPD1Fk7bhcEQbNWk","signature":"KkOJooyJP1Gf1bthAflwG8F8sSE=","expire":"1652929636","host":"https://lfs-image.oss-cn-chengdu.aliyuncs.com","callback":"eyJjYWxsYmFja0JvZHlUeXBlIjoiYXBwbGljYXRpb24veC13d3ctZm9ybS11cmxlbmNvZGVkIiwiY2FsbGJhY2tVcmwiOiIiLCJjYWxsYmFja0JvZHkiOiJmaWxlbmFtZT0ke29iamVjdH0mc2l6ZT0ke3NpemV9Jm1pbWVUeXBlPSR7bWltZVR5cGV9JmhlaWdodD0ke2ltYWdlSW5mby5oZWlnaHR9JndpZHRoPSR7aW1hZ2VJbmZvLndpZHRofSJ9","dir":"images/","policy":"eyJleHBpcmF0aW9uIjoiMjAyMi0wNS0xOVQwMzowNzoxNi43OTFaIiwiY29uZGl0aW9ucyI6W1siY29udGVudC1sZW5ndGgtcmFuZ2UiLDAsMTA0ODU3NjAwMF0sWyJzdGFydHMtd2l0aCIsIiRrZXkiLCJpbWFnZXMvIl1dfQ=="}
耗时:1
2022-05-19 11:02:16.868 [http-nio-8080-exec-9] INFO  com.x.config.mvc.LogRecordAspect 
GET请求/aliyun/oss/signature
参数:dir=images%2F
响应:{"accessId":"LTAI5tQQuPD1Fk7bhcEQbNWk","signature":"6wGQZoVNDQPx8phe15isY/gL3E8=","expire":"1652929636","host":"https://lfs-image.oss-cn-chengdu.aliyuncs.com","callback":"eyJjYWxsYmFja0JvZHlUeXBlIjoiYXBwbGljYXRpb24veC13d3ctZm9ybS11cmxlbmNvZGVkIiwiY2FsbGJhY2tVcmwiOiIiLCJjYWxsYmFja0JvZHkiOiJmaWxlbmFtZT0ke29iamVjdH0mc2l6ZT0ke3NpemV9Jm1pbWVUeXBlPSR7bWltZVR5cGV9JmhlaWdodD0ke2ltYWdlSW5mby5oZWlnaHR9JndpZHRoPSR7aW1hZ2VJbmZvLndpZHRofSJ9","dir":"images/","policy":"eyJleHBpcmF0aW9uIjoiMjAyMi0wNS0xOVQwMzowNzoxNi43OTJaIiwiY29uZGl0aW9ucyI6W1siY29udGVudC1sZW5ndGgtcmFuZ2UiLDAsMTA0ODU3NjAwMF0sWyJzdGFydHMtd2l0aCIsIiRrZXkiLCJpbWFnZXMvIl1dfQ=="}
耗时:76
2022-05-19 11:02:16.868 [http-nio-8080-exec-5] INFO  com.x.config.mvc.LogRecordAspect 
GET请求/aliyun/oss/signature
参数:dir=images%2F
响应:{"accessId":"LTAI5tQQuPD1Fk7bhcEQbNWk","signature":"6wGQZoVNDQPx8phe15isY/gL3E8=","expire":"1652929636","host":"https://lfs-image.oss-cn-chengdu.aliyuncs.com","callback":"eyJjYWxsYmFja0JvZHlUeXBlIjoiYXBwbGljYXRpb24veC13d3ctZm9ybS11cmxlbmNvZGVkIiwiY2FsbGJhY2tVcmwiOiIiLCJjYWxsYmFja0JvZHkiOiJmaWxlbmFtZT0ke29iamVjdH0mc2l6ZT0ke3NpemV9Jm1pbWVUeXBlPSR7bWltZVR5cGV9JmhlaWdodD0ke2ltYWdlSW5mby5oZWlnaHR9JndpZHRoPSR7aW1hZ2VJbmZvLndpZHRofSJ9","dir":"images/","policy":"eyJleHBpcmF0aW9uIjoiMjAyMi0wNS0xOVQwMzowNzoxNi43OTJaIiwiY29uZGl0aW9ucyI6W1siY29udGVudC1sZW5ndGgtcmFuZ2UiLDAsMTA0ODU3NjAwMF0sWyJzdGFydHMtd2l0aCIsIiRrZXkiLCJpbWFnZXMvIl1dfQ=="}
耗时:76
2022-05-19 11:02:22.605 [http-nio-8080-exec-3] INFO  com.x.config.mvc.LogRecordAspect 
GET请求/aliyun/oss/signature
参数:dir=images%2F
响应:{"accessId":"LTAI5tQQuPD1Fk7bhcEQbNWk","signature":"in6TTJ+o9OlAqf2pt87vwSPQmiw=","expire":"1652929642","host":"https://lfs-image.oss-cn-chengdu.aliyuncs.com","callback":"eyJjYWxsYmFja0JvZHlUeXBlIjoiYXBwbGljYXRpb24veC13d3ctZm9ybS11cmxlbmNvZGVkIiwiY2FsbGJhY2tVcmwiOiIiLCJjYWxsYmFja0JvZHkiOiJmaWxlbmFtZT0ke29iamVjdH0mc2l6ZT0ke3NpemV9Jm1pbWVUeXBlPSR7bWltZVR5cGV9JmhlaWdodD0ke2ltYWdlSW5mby5oZWlnaHR9JndpZHRoPSR7aW1hZ2VJbmZvLndpZHRofSJ9","dir":"images/","policy":"eyJleHBpcmF0aW9uIjoiMjAyMi0wNS0xOVQwMzowNzoyMi42MDRaIiwiY29uZGl0aW9ucyI6W1siY29udGVudC1sZW5ndGgtcmFuZ2UiLDAsMTA0ODU3NjAwMF0sWyJzdGFydHMtd2l0aCIsIiRrZXkiLCJpbWFnZXMvIl1dfQ=="}
耗时:1
2022-05-19 11:02:22.607 [http-nio-8080-exec-2] INFO  com.x.config.mvc.LogRecordAspect 
GET请求/aliyun/oss/signature
参数:dir=images%2F
响应:{"accessId":"LTAI5tQQuPD1Fk7bhcEQbNWk","signature":"RBzaOJnwYm0HEACyJLp9HnBc2IE=","expire":"1652929642","host":"https://lfs-image.oss-cn-chengdu.aliyuncs.com","callback":"eyJjYWxsYmFja0JvZHlUeXBlIjoiYXBwbGljYXRpb24veC13d3ctZm9ybS11cmxlbmNvZGVkIiwiY2FsbGJhY2tVcmwiOiIiLCJjYWxsYmFja0JvZHkiOiJmaWxlbmFtZT0ke29iamVjdH0mc2l6ZT0ke3NpemV9Jm1pbWVUeXBlPSR7bWltZVR5cGV9JmhlaWdodD0ke2ltYWdlSW5mby5oZWlnaHR9JndpZHRoPSR7aW1hZ2VJbmZvLndpZHRofSJ9","dir":"images/","policy":"eyJleHBpcmF0aW9uIjoiMjAyMi0wNS0xOVQwMzowNzoyMi42MDZaIiwiY29uZGl0aW9ucyI6W1siY29udGVudC1sZW5ndGgtcmFuZ2UiLDAsMTA0ODU3NjAwMF0sWyJzdGFydHMtd2l0aCIsIiRrZXkiLCJpbWFnZXMvIl1dfQ=="}
耗时:1
2022-05-19 11:02:22.607 [http-nio-8080-exec-6] INFO  com.x.config.mvc.LogRecordAspect 
GET请求/aliyun/oss/signature
参数:dir=images%2F
响应:{"accessId":"LTAI5tQQuPD1Fk7bhcEQbNWk","signature":"RBzaOJnwYm0HEACyJLp9HnBc2IE=","expire":"1652929642","host":"https://lfs-image.oss-cn-chengdu.aliyuncs.com","callback":"eyJjYWxsYmFja0JvZHlUeXBlIjoiYXBwbGljYXRpb24veC13d3ctZm9ybS11cmxlbmNvZGVkIiwiY2FsbGJhY2tVcmwiOiIiLCJjYWxsYmFja0JvZHkiOiJmaWxlbmFtZT0ke29iamVjdH0mc2l6ZT0ke3NpemV9Jm1pbWVUeXBlPSR7bWltZVR5cGV9JmhlaWdodD0ke2ltYWdlSW5mby5oZWlnaHR9JndpZHRoPSR7aW1hZ2VJbmZvLndpZHRofSJ9","dir":"images/","policy":"eyJleHBpcmF0aW9uIjoiMjAyMi0wNS0xOVQwMzowNzoyMi42MDZaIiwiY29uZGl0aW9ucyI6W1siY29udGVudC1sZW5ndGgtcmFuZ2UiLDAsMTA0ODU3NjAwMF0sWyJzdGFydHMtd2l0aCIsIiRrZXkiLCJpbWFnZXMvIl1dfQ=="}
耗时:1
2022-05-19 11:02:25.759 [http-nio-8080-exec-10] INFO  com.x.config.mvc.LogRecordAspect 
GET请求/aliyun/oss/signature
参数:dir=images%2F
响应:{"accessId":"LTAI5tQQuPD1Fk7bhcEQbNWk","signature":"OeLlypwRC5yav039lsGRnNnAkxE=","expire":"1652929645","host":"https://lfs-image.oss-cn-chengdu.aliyuncs.com","callback":"eyJjYWxsYmFja0JvZHlUeXBlIjoiYXBwbGljYXRpb24veC13d3ctZm9ybS11cmxlbmNvZGVkIiwiY2FsbGJhY2tVcmwiOiIiLCJjYWxsYmFja0JvZHkiOiJmaWxlbmFtZT0ke29iamVjdH0mc2l6ZT0ke3NpemV9Jm1pbWVUeXBlPSR7bWltZVR5cGV9JmhlaWdodD0ke2ltYWdlSW5mby5oZWlnaHR9JndpZHRoPSR7aW1hZ2VJbmZvLndpZHRofSJ9","dir":"images/","policy":"eyJleHBpcmF0aW9uIjoiMjAyMi0wNS0xOVQwMzowNzoyNS43NThaIiwiY29uZGl0aW9ucyI6W1siY29udGVudC1sZW5ndGgtcmFuZ2UiLDAsMTA0ODU3NjAwMF0sWyJzdGFydHMtd2l0aCIsIiRrZXkiLCJpbWFnZXMvIl1dfQ=="}
耗时:1
2022-05-19 11:02:25.760 [http-nio-8080-exec-7] INFO  com.x.config.mvc.LogRecordAspect 
GET请求/aliyun/oss/signature
参数:dir=images%2F
响应:{"accessId":"LTAI5tQQuPD1Fk7bhcEQbNWk","signature":"gCk+sT3XJz84Smm6OX5bSXuVPvc=","expire":"1652929645","host":"https://lfs-image.oss-cn-chengdu.aliyuncs.com","callback":"eyJjYWxsYmFja0JvZHlUeXBlIjoiYXBwbGljYXRpb24veC13d3ctZm9ybS11cmxlbmNvZGVkIiwiY2FsbGJhY2tVcmwiOiIiLCJjYWxsYmFja0JvZHkiOiJmaWxlbmFtZT0ke29iamVjdH0mc2l6ZT0ke3NpemV9Jm1pbWVUeXBlPSR7bWltZVR5cGV9JmhlaWdodD0ke2ltYWdlSW5mby5oZWlnaHR9JndpZHRoPSR7aW1hZ2VJbmZvLndpZHRofSJ9","dir":"images/","policy":"eyJleHBpcmF0aW9uIjoiMjAyMi0wNS0xOVQwMzowNzoyNS43NTlaIiwiY29uZGl0aW9ucyI6W1siY29udGVudC1sZW5ndGgtcmFuZ2UiLDAsMTA0ODU3NjAwMF0sWyJzdGFydHMtd2l0aCIsIiRrZXkiLCJpbWFnZXMvIl1dfQ=="}
耗时:1
2022-05-19 11:02:25.761 [http-nio-8080-exec-4] INFO  com.x.config.mvc.LogRecordAspect 
GET请求/aliyun/oss/signature
参数:dir=images%2F
响应:{"accessId":"LTAI5tQQuPD1Fk7bhcEQbNWk","signature":"xhC+nkhzj4Rzg01dQqEuIUdOmt8=","expire":"1652929645","host":"https://lfs-image.oss-cn-chengdu.aliyuncs.com","callback":"eyJjYWxsYmFja0JvZHlUeXBlIjoiYXBwbGljYXRpb24veC13d3ctZm9ybS11cmxlbmNvZGVkIiwiY2FsbGJhY2tVcmwiOiIiLCJjYWxsYmFja0JvZHkiOiJmaWxlbmFtZT0ke29iamVjdH0mc2l6ZT0ke3NpemV9Jm1pbWVUeXBlPSR7bWltZVR5cGV9JmhlaWdodD0ke2ltYWdlSW5mby5oZWlnaHR9JndpZHRoPSR7aW1hZ2VJbmZvLndpZHRofSJ9","dir":"images/","policy":"eyJleHBpcmF0aW9uIjoiMjAyMi0wNS0xOVQwMzowNzoyNS43NjBaIiwiY29uZGl0aW9ucyI6W1siY29udGVudC1sZW5ndGgtcmFuZ2UiLDAsMTA0ODU3NjAwMF0sWyJzdGFydHMtd2l0aCIsIiRrZXkiLCJpbWFnZXMvIl1dfQ=="}
耗时:1
2022-05-19 11:02:29.680 [http-nio-8080-exec-8] INFO  com.x.config.mvc.LogRecordAspect 
GET请求/aliyun/oss/signature
参数:dir=images%2F
响应:{"accessId":"LTAI5tQQuPD1Fk7bhcEQbNWk","signature":"zYl/+oQ49OHIS+Y3gzsk0cEkUZw=","expire":"1652929649","host":"https://lfs-image.oss-cn-chengdu.aliyuncs.com","callback":"eyJjYWxsYmFja0JvZHlUeXBlIjoiYXBwbGljYXRpb24veC13d3ctZm9ybS11cmxlbmNvZGVkIiwiY2FsbGJhY2tVcmwiOiIiLCJjYWxsYmFja0JvZHkiOiJmaWxlbmFtZT0ke29iamVjdH0mc2l6ZT0ke3NpemV9Jm1pbWVUeXBlPSR7bWltZVR5cGV9JmhlaWdodD0ke2ltYWdlSW5mby5oZWlnaHR9JndpZHRoPSR7aW1hZ2VJbmZvLndpZHRofSJ9","dir":"images/","policy":"eyJleHBpcmF0aW9uIjoiMjAyMi0wNS0xOVQwMzowNzoyOS42NzlaIiwiY29uZGl0aW9ucyI6W1siY29udGVudC1sZW5ndGgtcmFuZ2UiLDAsMTA0ODU3NjAwMF0sWyJzdGFydHMtd2l0aCIsIiRrZXkiLCJpbWFnZXMvIl1dfQ=="}
耗时:1
2022-05-19 11:02:29.681 [http-nio-8080-exec-1] INFO  com.x.config.mvc.LogRecordAspect 
GET请求/aliyun/oss/signature
参数:dir=images%2F
响应:{"accessId":"LTAI5tQQuPD1Fk7bhcEQbNWk","signature":"Plh4lXlitIk9NimrLhGlLLnNjRI=","expire":"1652929649","host":"https://lfs-image.oss-cn-chengdu.aliyuncs.com","callback":"eyJjYWxsYmFja0JvZHlUeXBlIjoiYXBwbGljYXRpb24veC13d3ctZm9ybS11cmxlbmNvZGVkIiwiY2FsbGJhY2tVcmwiOiIiLCJjYWxsYmFja0JvZHkiOiJmaWxlbmFtZT0ke29iamVjdH0mc2l6ZT0ke3NpemV9Jm1pbWVUeXBlPSR7bWltZVR5cGV9JmhlaWdodD0ke2ltYWdlSW5mby5oZWlnaHR9JndpZHRoPSR7aW1hZ2VJbmZvLndpZHRofSJ9","dir":"images/","policy":"eyJleHBpcmF0aW9uIjoiMjAyMi0wNS0xOVQwMzowNzoyOS42ODBaIiwiY29uZGl0aW9ucyI6W1siY29udGVudC1sZW5ndGgtcmFuZ2UiLDAsMTA0ODU3NjAwMF0sWyJzdGFydHMtd2l0aCIsIiRrZXkiLCJpbWFnZXMvIl1dfQ=="}
耗时:1
2022-05-19 11:02:29.681 [http-nio-8080-exec-9] INFO  com.x.config.mvc.LogRecordAspect 
GET请求/aliyun/oss/signature
参数:dir=images%2F
响应:{"accessId":"LTAI5tQQuPD1Fk7bhcEQbNWk","signature":"Plh4lXlitIk9NimrLhGlLLnNjRI=","expire":"1652929649","host":"https://lfs-image.oss-cn-chengdu.aliyuncs.com","callback":"eyJjYWxsYmFja0JvZHlUeXBlIjoiYXBwbGljYXRpb24veC13d3ctZm9ybS11cmxlbmNvZGVkIiwiY2FsbGJhY2tVcmwiOiIiLCJjYWxsYmFja0JvZHkiOiJmaWxlbmFtZT0ke29iamVjdH0mc2l6ZT0ke3NpemV9Jm1pbWVUeXBlPSR7bWltZVR5cGV9JmhlaWdodD0ke2ltYWdlSW5mby5oZWlnaHR9JndpZHRoPSR7aW1hZ2VJbmZvLndpZHRofSJ9","dir":"images/","policy":"eyJleHBpcmF0aW9uIjoiMjAyMi0wNS0xOVQwMzowNzoyOS42ODBaIiwiY29uZGl0aW9ucyI6W1siY29udGVudC1sZW5ndGgtcmFuZ2UiLDAsMTA0ODU3NjAwMF0sWyJzdGFydHMtd2l0aCIsIiRrZXkiLCJpbWFnZXMvIl1dfQ=="}
耗时:1
2022-05-19 11:02:37.789 [http-nio-8080-exec-5] INFO  com.x.config.mvc.LogRecordAspect 
GET请求/aliyun/oss/signature
参数:dir=images%2F
响应:{"accessId":"LTAI5tQQuPD1Fk7bhcEQbNWk","signature":"q1oG+ijKwmQJ2EIwjNhI0aQF9pk=","expire":"1652929657","host":"https://lfs-image.oss-cn-chengdu.aliyuncs.com","callback":"eyJjYWxsYmFja0JvZHlUeXBlIjoiYXBwbGljYXRpb24veC13d3ctZm9ybS11cmxlbmNvZGVkIiwiY2FsbGJhY2tVcmwiOiIiLCJjYWxsYmFja0JvZHkiOiJmaWxlbmFtZT0ke29iamVjdH0mc2l6ZT0ke3NpemV9Jm1pbWVUeXBlPSR7bWltZVR5cGV9JmhlaWdodD0ke2ltYWdlSW5mby5oZWlnaHR9JndpZHRoPSR7aW1hZ2VJbmZvLndpZHRofSJ9","dir":"images/","policy":"eyJleHBpcmF0aW9uIjoiMjAyMi0wNS0xOVQwMzowNzozNy43ODhaIiwiY29uZGl0aW9ucyI6W1siY29udGVudC1sZW5ndGgtcmFuZ2UiLDAsMTA0ODU3NjAwMF0sWyJzdGFydHMtd2l0aCIsIiRrZXkiLCJpbWFnZXMvIl1dfQ=="}
耗时:1
2022-05-19 11:02:44.550 [http-nio-8080-exec-3] INFO  com.x.config.mvc.LogRecordAspect 
GET请求/aliyun/oss/signature
参数:dir=images%2F
响应:{"accessId":"LTAI5tQQuPD1Fk7bhcEQbNWk","signature":"Kw/Lhh4Hoibs0BKDkmnKYEndjdg=","expire":"1652929664","host":"https://lfs-image.oss-cn-chengdu.aliyuncs.com","callback":"eyJjYWxsYmFja0JvZHlUeXBlIjoiYXBwbGljYXRpb24veC13d3ctZm9ybS11cmxlbmNvZGVkIiwiY2FsbGJhY2tVcmwiOiIiLCJjYWxsYmFja0JvZHkiOiJmaWxlbmFtZT0ke29iamVjdH0mc2l6ZT0ke3NpemV9Jm1pbWVUeXBlPSR7bWltZVR5cGV9JmhlaWdodD0ke2ltYWdlSW5mby5oZWlnaHR9JndpZHRoPSR7aW1hZ2VJbmZvLndpZHRofSJ9","dir":"images/","policy":"eyJleHBpcmF0aW9uIjoiMjAyMi0wNS0xOVQwMzowNzo0NC41NTBaIiwiY29uZGl0aW9ucyI6W1siY29udGVudC1sZW5ndGgtcmFuZ2UiLDAsMTA0ODU3NjAwMF0sWyJzdGFydHMtd2l0aCIsIiRrZXkiLCJpbWFnZXMvIl1dfQ=="}
耗时:1
2022-05-19 11:02:47.161 [http-nio-8080-exec-6] INFO  com.x.config.mvc.LogRecordAspect 
GET请求/aliyun/oss/signature
参数:dir=images%2F
响应:{"accessId":"LTAI5tQQuPD1Fk7bhcEQbNWk","signature":"E8QzXYJxK/akzQtalOnO7KXcOG0=","expire":"1652929667","host":"https://lfs-image.oss-cn-chengdu.aliyuncs.com","callback":"eyJjYWxsYmFja0JvZHlUeXBlIjoiYXBwbGljYXRpb24veC13d3ctZm9ybS11cmxlbmNvZGVkIiwiY2FsbGJhY2tVcmwiOiIiLCJjYWxsYmFja0JvZHkiOiJmaWxlbmFtZT0ke29iamVjdH0mc2l6ZT0ke3NpemV9Jm1pbWVUeXBlPSR7bWltZVR5cGV9JmhlaWdodD0ke2ltYWdlSW5mby5oZWlnaHR9JndpZHRoPSR7aW1hZ2VJbmZvLndpZHRofSJ9","dir":"images/","policy":"eyJleHBpcmF0aW9uIjoiMjAyMi0wNS0xOVQwMzowNzo0Ny4xNjFaIiwiY29uZGl0aW9ucyI6W1siY29udGVudC1sZW5ndGgtcmFuZ2UiLDAsMTA0ODU3NjAwMF0sWyJzdGFydHMtd2l0aCIsIiRrZXkiLCJpbWFnZXMvIl1dfQ=="}
耗时:0
2022-05-19 11:02:49.395 [http-nio-8080-exec-10] INFO  com.x.config.mvc.LogRecordAspect 
GET请求/aliyun/oss/signature
参数:dir=images%2F
响应:{"accessId":"LTAI5tQQuPD1Fk7bhcEQbNWk","signature":"NJXmwiMhCMM4BKfqlDGTaOGU4Og=","expire":"1652929669","host":"https://lfs-image.oss-cn-chengdu.aliyuncs.com","callback":"eyJjYWxsYmFja0JvZHlUeXBlIjoiYXBwbGljYXRpb24veC13d3ctZm9ybS11cmxlbmNvZGVkIiwiY2FsbGJhY2tVcmwiOiIiLCJjYWxsYmFja0JvZHkiOiJmaWxlbmFtZT0ke29iamVjdH0mc2l6ZT0ke3NpemV9Jm1pbWVUeXBlPSR7bWltZVR5cGV9JmhlaWdodD0ke2ltYWdlSW5mby5oZWlnaHR9JndpZHRoPSR7aW1hZ2VJbmZvLndpZHRofSJ9","dir":"images/","policy":"eyJleHBpcmF0aW9uIjoiMjAyMi0wNS0xOVQwMzowNzo0OS4zOTRaIiwiY29uZGl0aW9ucyI6W1siY29udGVudC1sZW5ndGgtcmFuZ2UiLDAsMTA0ODU3NjAwMF0sWyJzdGFydHMtd2l0aCIsIiRrZXkiLCJpbWFnZXMvIl1dfQ=="}
耗时:1
2022-05-19 11:02:49.395 [http-nio-8080-exec-2] INFO  com.x.config.mvc.LogRecordAspect 
GET请求/aliyun/oss/signature
参数:dir=images%2F
响应:{"accessId":"LTAI5tQQuPD1Fk7bhcEQbNWk","signature":"iwzbH6Adaa1bO1PWuSyUR2St+vE=","expire":"1652929669","host":"https://lfs-image.oss-cn-chengdu.aliyuncs.com","callback":"eyJjYWxsYmFja0JvZHlUeXBlIjoiYXBwbGljYXRpb24veC13d3ctZm9ybS11cmxlbmNvZGVkIiwiY2FsbGJhY2tVcmwiOiIiLCJjYWxsYmFja0JvZHkiOiJmaWxlbmFtZT0ke29iamVjdH0mc2l6ZT0ke3NpemV9Jm1pbWVUeXBlPSR7bWltZVR5cGV9JmhlaWdodD0ke2ltYWdlSW5mby5oZWlnaHR9JndpZHRoPSR7aW1hZ2VJbmZvLndpZHRofSJ9","dir":"images/","policy":"eyJleHBpcmF0aW9uIjoiMjAyMi0wNS0xOVQwMzowNzo0OS4zOTVaIiwiY29uZGl0aW9ucyI6W1siY29udGVudC1sZW5ndGgtcmFuZ2UiLDAsMTA0ODU3NjAwMF0sWyJzdGFydHMtd2l0aCIsIiRrZXkiLCJpbWFnZXMvIl1dfQ=="}
耗时:0
2022-05-19 11:02:55.021 [http-nio-8080-exec-7] INFO  com.x.config.mvc.LogRecordAspect 
GET请求/aliyun/oss/signature
参数:dir=images%2F
响应:{"accessId":"LTAI5tQQuPD1Fk7bhcEQbNWk","signature":"YOaFZ5/6o39vD745lWjdWX9BAPg=","expire":"1652929675","host":"https://lfs-image.oss-cn-chengdu.aliyuncs.com","callback":"eyJjYWxsYmFja0JvZHlUeXBlIjoiYXBwbGljYXRpb24veC13d3ctZm9ybS11cmxlbmNvZGVkIiwiY2FsbGJhY2tVcmwiOiIiLCJjYWxsYmFja0JvZHkiOiJmaWxlbmFtZT0ke29iamVjdH0mc2l6ZT0ke3NpemV9Jm1pbWVUeXBlPSR7bWltZVR5cGV9JmhlaWdodD0ke2ltYWdlSW5mby5oZWlnaHR9JndpZHRoPSR7aW1hZ2VJbmZvLndpZHRofSJ9","dir":"images/","policy":"eyJleHBpcmF0aW9uIjoiMjAyMi0wNS0xOVQwMzowNzo1NS4wMTlaIiwiY29uZGl0aW9ucyI6W1siY29udGVudC1sZW5ndGgtcmFuZ2UiLDAsMTA0ODU3NjAwMF0sWyJzdGFydHMtd2l0aCIsIiRrZXkiLCJpbWFnZXMvIl1dfQ=="}
耗时:2
2022-05-19 11:02:55.029 [http-nio-8080-exec-4] INFO  com.x.config.mvc.LogRecordAspect 
GET请求/aliyun/oss/signature
参数:dir=images%2F
响应:{"accessId":"LTAI5tQQuPD1Fk7bhcEQbNWk","signature":"lq9kjjdrfobnrzt4UMDwUhvMFkU=","expire":"1652929675","host":"https://lfs-image.oss-cn-chengdu.aliyuncs.com","callback":"eyJjYWxsYmFja0JvZHlUeXBlIjoiYXBwbGljYXRpb24veC13d3ctZm9ybS11cmxlbmNvZGVkIiwiY2FsbGJhY2tVcmwiOiIiLCJjYWxsYmFja0JvZHkiOiJmaWxlbmFtZT0ke29iamVjdH0mc2l6ZT0ke3NpemV9Jm1pbWVUeXBlPSR7bWltZVR5cGV9JmhlaWdodD0ke2ltYWdlSW5mby5oZWlnaHR9JndpZHRoPSR7aW1hZ2VJbmZvLndpZHRofSJ9","dir":"images/","policy":"eyJleHBpcmF0aW9uIjoiMjAyMi0wNS0xOVQwMzowNzo1NS4wMjhaIiwiY29uZGl0aW9ucyI6W1siY29udGVudC1sZW5ndGgtcmFuZ2UiLDAsMTA0ODU3NjAwMF0sWyJzdGFydHMtd2l0aCIsIiRrZXkiLCJpbWFnZXMvIl1dfQ=="}
耗时:1
2022-05-19 11:02:56.825 [http-nio-8080-exec-9] INFO  com.x.config.mvc.LogRecordAspect 
GET请求/aliyun/oss/signature
参数:dir=images%2F
响应:{"accessId":"LTAI5tQQuPD1Fk7bhcEQbNWk","signature":"RfLL0JI+Vhug5haeNc6q2kB2fGI=","expire":"1652929676","host":"https://lfs-image.oss-cn-chengdu.aliyuncs.com","callback":"eyJjYWxsYmFja0JvZHlUeXBlIjoiYXBwbGljYXRpb24veC13d3ctZm9ybS11cmxlbmNvZGVkIiwiY2FsbGJhY2tVcmwiOiIiLCJjYWxsYmFja0JvZHkiOiJmaWxlbmFtZT0ke29iamVjdH0mc2l6ZT0ke3NpemV9Jm1pbWVUeXBlPSR7bWltZVR5cGV9JmhlaWdodD0ke2ltYWdlSW5mby5oZWlnaHR9JndpZHRoPSR7aW1hZ2VJbmZvLndpZHRofSJ9","dir":"images/","policy":"eyJleHBpcmF0aW9uIjoiMjAyMi0wNS0xOVQwMzowNzo1Ni44MjRaIiwiY29uZGl0aW9ucyI6W1siY29udGVudC1sZW5ndGgtcmFuZ2UiLDAsMTA0ODU3NjAwMF0sWyJzdGFydHMtd2l0aCIsIiRrZXkiLCJpbWFnZXMvIl1dfQ=="}
耗时:1
2022-05-19 11:02:56.832 [http-nio-8080-exec-8] INFO  com.x.config.mvc.LogRecordAspect 
GET请求/aliyun/oss/signature
参数:dir=images%2F
响应:{"accessId":"LTAI5tQQuPD1Fk7bhcEQbNWk","signature":"RfLL0JI+Vhug5haeNc6q2kB2fGI=","expire":"1652929676","host":"https://lfs-image.oss-cn-chengdu.aliyuncs.com","callback":"eyJjYWxsYmFja0JvZHlUeXBlIjoiYXBwbGljYXRpb24veC13d3ctZm9ybS11cmxlbmNvZGVkIiwiY2FsbGJhY2tVcmwiOiIiLCJjYWxsYmFja0JvZHkiOiJmaWxlbmFtZT0ke29iamVjdH0mc2l6ZT0ke3NpemV9Jm1pbWVUeXBlPSR7bWltZVR5cGV9JmhlaWdodD0ke2ltYWdlSW5mby5oZWlnaHR9JndpZHRoPSR7aW1hZ2VJbmZvLndpZHRofSJ9","dir":"images/","policy":"eyJleHBpcmF0aW9uIjoiMjAyMi0wNS0xOVQwMzowNzo1Ni44MjRaIiwiY29uZGl0aW9ucyI6W1siY29udGVudC1sZW5ndGgtcmFuZ2UiLDAsMTA0ODU3NjAwMF0sWyJzdGFydHMtd2l0aCIsIiRrZXkiLCJpbWFnZXMvIl1dfQ=="}
耗时:8
2022-05-19 11:02:59.277 [http-nio-8080-exec-5] INFO  com.x.config.mvc.LogRecordAspect 
GET请求/aliyun/oss/signature
参数:dir=images%2F
响应:{"accessId":"LTAI5tQQuPD1Fk7bhcEQbNWk","signature":"XWTQjrH4/Vjc95L/Bo+yNDcM7XI=","expire":"1652929679","host":"https://lfs-image.oss-cn-chengdu.aliyuncs.com","callback":"eyJjYWxsYmFja0JvZHlUeXBlIjoiYXBwbGljYXRpb24veC13d3ctZm9ybS11cmxlbmNvZGVkIiwiY2FsbGJhY2tVcmwiOiIiLCJjYWxsYmFja0JvZHkiOiJmaWxlbmFtZT0ke29iamVjdH0mc2l6ZT0ke3NpemV9Jm1pbWVUeXBlPSR7bWltZVR5cGV9JmhlaWdodD0ke2ltYWdlSW5mby5oZWlnaHR9JndpZHRoPSR7aW1hZ2VJbmZvLndpZHRofSJ9","dir":"images/","policy":"eyJleHBpcmF0aW9uIjoiMjAyMi0wNS0xOVQwMzowNzo1OS4yNjhaIiwiY29uZGl0aW9ucyI6W1siY29udGVudC1sZW5ndGgtcmFuZ2UiLDAsMTA0ODU3NjAwMF0sWyJzdGFydHMtd2l0aCIsIiRrZXkiLCJpbWFnZXMvIl1dfQ=="}
耗时:9
2022-05-19 11:02:59.279 [http-nio-8080-exec-1] INFO  com.x.config.mvc.LogRecordAspect 
GET请求/aliyun/oss/signature
参数:dir=images%2F
响应:{"accessId":"LTAI5tQQuPD1Fk7bhcEQbNWk","signature":"XWTQjrH4/Vjc95L/Bo+yNDcM7XI=","expire":"1652929679","host":"https://lfs-image.oss-cn-chengdu.aliyuncs.com","callback":"eyJjYWxsYmFja0JvZHlUeXBlIjoiYXBwbGljYXRpb24veC13d3ctZm9ybS11cmxlbmNvZGVkIiwiY2FsbGJhY2tVcmwiOiIiLCJjYWxsYmFja0JvZHkiOiJmaWxlbmFtZT0ke29iamVjdH0mc2l6ZT0ke3NpemV9Jm1pbWVUeXBlPSR7bWltZVR5cGV9JmhlaWdodD0ke2ltYWdlSW5mby5oZWlnaHR9JndpZHRoPSR7aW1hZ2VJbmZvLndpZHRofSJ9","dir":"images/","policy":"eyJleHBpcmF0aW9uIjoiMjAyMi0wNS0xOVQwMzowNzo1OS4yNjhaIiwiY29uZGl0aW9ucyI6W1siY29udGVudC1sZW5ndGgtcmFuZ2UiLDAsMTA0ODU3NjAwMF0sWyJzdGFydHMtd2l0aCIsIiRrZXkiLCJpbWFnZXMvIl1dfQ=="}
耗时:11
2022-05-19 11:03:59.981 [http-nio-8080-exec-3] INFO  com.x.config.mvc.LogRecordAspect 
GET请求/aliyun/oss/signature
参数:dir=images%2F
响应:{"accessId":"LTAI5tQQuPD1Fk7bhcEQbNWk","signature":"QYfIjdvmTbSjrVTXoVlpmQOGXI8=","expire":"1652929739","host":"https://lfs-image.oss-cn-chengdu.aliyuncs.com","callback":"eyJjYWxsYmFja0JvZHlUeXBlIjoiYXBwbGljYXRpb24veC13d3ctZm9ybS11cmxlbmNvZGVkIiwiY2FsbGJhY2tVcmwiOiIiLCJjYWxsYmFja0JvZHkiOiJmaWxlbmFtZT0ke29iamVjdH0mc2l6ZT0ke3NpemV9Jm1pbWVUeXBlPSR7bWltZVR5cGV9JmhlaWdodD0ke2ltYWdlSW5mby5oZWlnaHR9JndpZHRoPSR7aW1hZ2VJbmZvLndpZHRofSJ9","dir":"images/","policy":"eyJleHBpcmF0aW9uIjoiMjAyMi0wNS0xOVQwMzowODo1OS45ODBaIiwiY29uZGl0aW9ucyI6W1siY29udGVudC1sZW5ndGgtcmFuZ2UiLDAsMTA0ODU3NjAwMF0sWyJzdGFydHMtd2l0aCIsIiRrZXkiLCJpbWFnZXMvIl1dfQ=="}
耗时:1
2022-05-19 11:03:59.989 [http-nio-8080-exec-3] INFO  com.x.config.mvc.LogRecordAspect 
GET请求/aliyun/oss/signature
参数:dir=images%2F
响应:{"accessId":"LTAI5tQQuPD1Fk7bhcEQbNWk","signature":"iS/gtrE35lz6zCjV0HXIjNWX1gM=","expire":"1652929739","host":"https://lfs-image.oss-cn-chengdu.aliyuncs.com","callback":"eyJjYWxsYmFja0JvZHlUeXBlIjoiYXBwbGljYXRpb24veC13d3ctZm9ybS11cmxlbmNvZGVkIiwiY2FsbGJhY2tVcmwiOiIiLCJjYWxsYmFja0JvZHkiOiJmaWxlbmFtZT0ke29iamVjdH0mc2l6ZT0ke3NpemV9Jm1pbWVUeXBlPSR7bWltZVR5cGV9JmhlaWdodD0ke2ltYWdlSW5mby5oZWlnaHR9JndpZHRoPSR7aW1hZ2VJbmZvLndpZHRofSJ9","dir":"images/","policy":"eyJleHBpcmF0aW9uIjoiMjAyMi0wNS0xOVQwMzowODo1OS45ODhaIiwiY29uZGl0aW9ucyI6W1siY29udGVudC1sZW5ndGgtcmFuZ2UiLDAsMTA0ODU3NjAwMF0sWyJzdGFydHMtd2l0aCIsIiRrZXkiLCJpbWFnZXMvIl1dfQ=="}
耗时:1
2022-05-19 11:03:59.989 [http-nio-8080-exec-2] INFO  com.x.config.mvc.LogRecordAspect 
GET请求/aliyun/oss/signature
参数:dir=images%2F
响应:{"accessId":"LTAI5tQQuPD1Fk7bhcEQbNWk","signature":"iS/gtrE35lz6zCjV0HXIjNWX1gM=","expire":"1652929739","host":"https://lfs-image.oss-cn-chengdu.aliyuncs.com","callback":"eyJjYWxsYmFja0JvZHlUeXBlIjoiYXBwbGljYXRpb24veC13d3ctZm9ybS11cmxlbmNvZGVkIiwiY2FsbGJhY2tVcmwiOiIiLCJjYWxsYmFja0JvZHkiOiJmaWxlbmFtZT0ke29iamVjdH0mc2l6ZT0ke3NpemV9Jm1pbWVUeXBlPSR7bWltZVR5cGV9JmhlaWdodD0ke2ltYWdlSW5mby5oZWlnaHR9JndpZHRoPSR7aW1hZ2VJbmZvLndpZHRofSJ9","dir":"images/","policy":"eyJleHBpcmF0aW9uIjoiMjAyMi0wNS0xOVQwMzowODo1OS45ODhaIiwiY29uZGl0aW9ucyI6W1siY29udGVudC1sZW5ndGgtcmFuZ2UiLDAsMTA0ODU3NjAwMF0sWyJzdGFydHMtd2l0aCIsIiRrZXkiLCJpbWFnZXMvIl1dfQ=="}
耗时:1
2022-05-19 11:03:59.990 [http-nio-8080-exec-6] INFO  com.x.config.mvc.LogRecordAspect 
GET请求/aliyun/oss/signature
参数:dir=images%2F
响应:{"accessId":"LTAI5tQQuPD1Fk7bhcEQbNWk","signature":"UDiT0O5xNYL2z5QNZ8qz6NfEpm0=","expire":"1652929739","host":"https://lfs-image.oss-cn-chengdu.aliyuncs.com","callback":"eyJjYWxsYmFja0JvZHlUeXBlIjoiYXBwbGljYXRpb24veC13d3ctZm9ybS11cmxlbmNvZGVkIiwiY2FsbGJhY2tVcmwiOiIiLCJjYWxsYmFja0JvZHkiOiJmaWxlbmFtZT0ke29iamVjdH0mc2l6ZT0ke3NpemV9Jm1pbWVUeXBlPSR7bWltZVR5cGV9JmhlaWdodD0ke2ltYWdlSW5mby5oZWlnaHR9JndpZHRoPSR7aW1hZ2VJbmZvLndpZHRofSJ9","dir":"images/","policy":"eyJleHBpcmF0aW9uIjoiMjAyMi0wNS0xOVQwMzowODo1OS45ODZaIiwiY29uZGl0aW9ucyI6W1siY29udGVudC1sZW5ndGgtcmFuZ2UiLDAsMTA0ODU3NjAwMF0sWyJzdGFydHMtd2l0aCIsIiRrZXkiLCJpbWFnZXMvIl1dfQ=="}
耗时:4
2022-05-19 11:04:00.009 [http-nio-8080-exec-10] INFO  com.x.config.mvc.LogRecordAspect 
GET请求/aliyun/oss/signature
参数:dir=images%2F
响应:{"accessId":"LTAI5tQQuPD1Fk7bhcEQbNWk","signature":"NYxKrRNg94Gg6qGyAFY+YvDDSqQ=","expire":"1652929740","host":"https://lfs-image.oss-cn-chengdu.aliyuncs.com","callback":"eyJjYWxsYmFja0JvZHlUeXBlIjoiYXBwbGljYXRpb24veC13d3ctZm9ybS11cmxlbmNvZGVkIiwiY2FsbGJhY2tVcmwiOiIiLCJjYWxsYmFja0JvZHkiOiJmaWxlbmFtZT0ke29iamVjdH0mc2l6ZT0ke3NpemV9Jm1pbWVUeXBlPSR7bWltZVR5cGV9JmhlaWdodD0ke2ltYWdlSW5mby5oZWlnaHR9JndpZHRoPSR7aW1hZ2VJbmZvLndpZHRofSJ9","dir":"images/","policy":"eyJleHBpcmF0aW9uIjoiMjAyMi0wNS0xOVQwMzowOTowMC4wMDdaIiwiY29uZGl0aW9ucyI6W1siY29udGVudC1sZW5ndGgtcmFuZ2UiLDAsMTA0ODU3NjAwMF0sWyJzdGFydHMtd2l0aCIsIiRrZXkiLCJpbWFnZXMvIl1dfQ=="}
耗时:2
2022-05-19 11:14:02.293 [http-nio-8080-exec-4] INFO  com.x.config.mvc.LogRecordAspect 
GET请求/aliyun/oss/signature
参数:dir=images%2F
响应:{"accessId":"LTAI5tQQuPD1Fk7bhcEQbNWk","signature":"xYZ6Jj9bdm0m1EUJM8pnTASRtK4=","expire":"1652930342","host":"https://lfs-image.oss-cn-chengdu.aliyuncs.com","callback":"eyJjYWxsYmFja0JvZHlUeXBlIjoiYXBwbGljYXRpb24veC13d3ctZm9ybS11cmxlbmNvZGVkIiwiY2FsbGJhY2tVcmwiOiIiLCJjYWxsYmFja0JvZHkiOiJmaWxlbmFtZT0ke29iamVjdH0mc2l6ZT0ke3NpemV9Jm1pbWVUeXBlPSR7bWltZVR5cGV9JmhlaWdodD0ke2ltYWdlSW5mby5oZWlnaHR9JndpZHRoPSR7aW1hZ2VJbmZvLndpZHRofSJ9","dir":"images/","policy":"eyJleHBpcmF0aW9uIjoiMjAyMi0wNS0xOVQwMzoxOTowMi4yOTJaIiwiY29uZGl0aW9ucyI6W1siY29udGVudC1sZW5ndGgtcmFuZ2UiLDAsMTA0ODU3NjAwMF0sWyJzdGFydHMtd2l0aCIsIiRrZXkiLCJpbWFnZXMvIl1dfQ=="}
耗时:2
2022-05-19 11:14:02.296 [http-nio-8080-exec-5] INFO  com.x.config.mvc.LogRecordAspect 
GET请求/aliyun/oss/signature
参数:dir=images%2F
响应:{"accessId":"LTAI5tQQuPD1Fk7bhcEQbNWk","signature":"F4ldHri67E/zKcq+GYbR6ksAxls=","expire":"1652930342","host":"https://lfs-image.oss-cn-chengdu.aliyuncs.com","callback":"eyJjYWxsYmFja0JvZHlUeXBlIjoiYXBwbGljYXRpb24veC13d3ctZm9ybS11cmxlbmNvZGVkIiwiY2FsbGJhY2tVcmwiOiIiLCJjYWxsYmFja0JvZHkiOiJmaWxlbmFtZT0ke29iamVjdH0mc2l6ZT0ke3NpemV9Jm1pbWVUeXBlPSR7bWltZVR5cGV9JmhlaWdodD0ke2ltYWdlSW5mby5oZWlnaHR9JndpZHRoPSR7aW1hZ2VJbmZvLndpZHRofSJ9","dir":"images/","policy":"eyJleHBpcmF0aW9uIjoiMjAyMi0wNS0xOVQwMzoxOTowMi4yOTVaIiwiY29uZGl0aW9ucyI6W1siY29udGVudC1sZW5ndGgtcmFuZ2UiLDAsMTA0ODU3NjAwMF0sWyJzdGFydHMtd2l0aCIsIiRrZXkiLCJpbWFnZXMvIl1dfQ=="}
耗时:1
2022-05-19 11:14:02.296 [http-nio-8080-exec-9] INFO  com.x.config.mvc.LogRecordAspect 
GET请求/aliyun/oss/signature
参数:dir=images%2F
响应:{"accessId":"LTAI5tQQuPD1Fk7bhcEQbNWk","signature":"F4ldHri67E/zKcq+GYbR6ksAxls=","expire":"1652930342","host":"https://lfs-image.oss-cn-chengdu.aliyuncs.com","callback":"eyJjYWxsYmFja0JvZHlUeXBlIjoiYXBwbGljYXRpb24veC13d3ctZm9ybS11cmxlbmNvZGVkIiwiY2FsbGJhY2tVcmwiOiIiLCJjYWxsYmFja0JvZHkiOiJmaWxlbmFtZT0ke29iamVjdH0mc2l6ZT0ke3NpemV9Jm1pbWVUeXBlPSR7bWltZVR5cGV9JmhlaWdodD0ke2ltYWdlSW5mby5oZWlnaHR9JndpZHRoPSR7aW1hZ2VJbmZvLndpZHRofSJ9","dir":"images/","policy":"eyJleHBpcmF0aW9uIjoiMjAyMi0wNS0xOVQwMzoxOTowMi4yOTVaIiwiY29uZGl0aW9ucyI6W1siY29udGVudC1sZW5ndGgtcmFuZ2UiLDAsMTA0ODU3NjAwMF0sWyJzdGFydHMtd2l0aCIsIiRrZXkiLCJpbWFnZXMvIl1dfQ=="}
耗时:1
2022-05-19 11:14:02.300 [http-nio-8080-exec-8] INFO  com.x.config.mvc.LogRecordAspect 
GET请求/aliyun/oss/signature
参数:dir=images%2F
响应:{"accessId":"LTAI5tQQuPD1Fk7bhcEQbNWk","signature":"C50uRQrU5njp1Qxys4tLPK1ORF8=","expire":"1652930342","host":"https://lfs-image.oss-cn-chengdu.aliyuncs.com","callback":"eyJjYWxsYmFja0JvZHlUeXBlIjoiYXBwbGljYXRpb24veC13d3ctZm9ybS11cmxlbmNvZGVkIiwiY2FsbGJhY2tVcmwiOiIiLCJjYWxsYmFja0JvZHkiOiJmaWxlbmFtZT0ke29iamVjdH0mc2l6ZT0ke3NpemV9Jm1pbWVUeXBlPSR7bWltZVR5cGV9JmhlaWdodD0ke2ltYWdlSW5mby5oZWlnaHR9JndpZHRoPSR7aW1hZ2VJbmZvLndpZHRofSJ9","dir":"images/","policy":"eyJleHBpcmF0aW9uIjoiMjAyMi0wNS0xOVQwMzoxOTowMi4yOTdaIiwiY29uZGl0aW9ucyI6W1siY29udGVudC1sZW5ndGgtcmFuZ2UiLDAsMTA0ODU3NjAwMF0sWyJzdGFydHMtd2l0aCIsIiRrZXkiLCJpbWFnZXMvIl1dfQ=="}
耗时:3
2022-05-19 11:14:02.302 [http-nio-8080-exec-1] INFO  com.x.config.mvc.LogRecordAspect 
GET请求/aliyun/oss/signature
参数:dir=images%2F
响应:{"accessId":"LTAI5tQQuPD1Fk7bhcEQbNWk","signature":"F4ldHri67E/zKcq+GYbR6ksAxls=","expire":"1652930342","host":"https://lfs-image.oss-cn-chengdu.aliyuncs.com","callback":"eyJjYWxsYmFja0JvZHlUeXBlIjoiYXBwbGljYXRpb24veC13d3ctZm9ybS11cmxlbmNvZGVkIiwiY2FsbGJhY2tVcmwiOiIiLCJjYWxsYmFja0JvZHkiOiJmaWxlbmFtZT0ke29iamVjdH0mc2l6ZT0ke3NpemV9Jm1pbWVUeXBlPSR7bWltZVR5cGV9JmhlaWdodD0ke2ltYWdlSW5mby5oZWlnaHR9JndpZHRoPSR7aW1hZ2VJbmZvLndpZHRofSJ9","dir":"images/","policy":"eyJleHBpcmF0aW9uIjoiMjAyMi0wNS0xOVQwMzoxOTowMi4yOTVaIiwiY29uZGl0aW9ucyI6W1siY29udGVudC1sZW5ndGgtcmFuZ2UiLDAsMTA0ODU3NjAwMF0sWyJzdGFydHMtd2l0aCIsIiRrZXkiLCJpbWFnZXMvIl1dfQ=="}
耗时:7
2022-05-19 11:14:16.461 [http-nio-8080-exec-7] INFO  com.x.config.mvc.LogRecordAspect 
GET请求/aliyun/oss/signature
参数:dir=images%2F
响应:{"accessId":"LTAI5tQQuPD1Fk7bhcEQbNWk","signature":"FH4oo3hyfzUbT2hDxkmVxUgdE+Q=","expire":"1652930356","host":"https://lfs-image.oss-cn-chengdu.aliyuncs.com","callback":"eyJjYWxsYmFja0JvZHlUeXBlIjoiYXBwbGljYXRpb24veC13d3ctZm9ybS11cmxlbmNvZGVkIiwiY2FsbGJhY2tVcmwiOiIiLCJjYWxsYmFja0JvZHkiOiJmaWxlbmFtZT0ke29iamVjdH0mc2l6ZT0ke3NpemV9Jm1pbWVUeXBlPSR7bWltZVR5cGV9JmhlaWdodD0ke2ltYWdlSW5mby5oZWlnaHR9JndpZHRoPSR7aW1hZ2VJbmZvLndpZHRofSJ9","dir":"images/","policy":"eyJleHBpcmF0aW9uIjoiMjAyMi0wNS0xOVQwMzoxOToxNi40NTlaIiwiY29uZGl0aW9ucyI6W1siY29udGVudC1sZW5ndGgtcmFuZ2UiLDAsMTA0ODU3NjAwMF0sWyJzdGFydHMtd2l0aCIsIiRrZXkiLCJpbWFnZXMvIl1dfQ=="}
耗时:2
2022-05-19 11:14:16.462 [http-nio-8080-exec-2] INFO  com.x.config.mvc.LogRecordAspect 
GET请求/aliyun/oss/signature
参数:dir=images%2F
响应:{"accessId":"LTAI5tQQuPD1Fk7bhcEQbNWk","signature":"TAJALKXdkE9oy6RAfOy081H4FF0=","expire":"1652930356","host":"https://lfs-image.oss-cn-chengdu.aliyuncs.com","callback":"eyJjYWxsYmFja0JvZHlUeXBlIjoiYXBwbGljYXRpb24veC13d3ctZm9ybS11cmxlbmNvZGVkIiwiY2FsbGJhY2tVcmwiOiIiLCJjYWxsYmFja0JvZHkiOiJmaWxlbmFtZT0ke29iamVjdH0mc2l6ZT0ke3NpemV9Jm1pbWVUeXBlPSR7bWltZVR5cGV9JmhlaWdodD0ke2ltYWdlSW5mby5oZWlnaHR9JndpZHRoPSR7aW1hZ2VJbmZvLndpZHRofSJ9","dir":"images/","policy":"eyJleHBpcmF0aW9uIjoiMjAyMi0wNS0xOVQwMzoxOToxNi40NjFaIiwiY29uZGl0aW9ucyI6W1siY29udGVudC1sZW5ndGgtcmFuZ2UiLDAsMTA0ODU3NjAwMF0sWyJzdGFydHMtd2l0aCIsIiRrZXkiLCJpbWFnZXMvIl1dfQ=="}
耗时:1
2022-05-19 11:14:16.462 [http-nio-8080-exec-3] INFO  com.x.config.mvc.LogRecordAspect 
GET请求/aliyun/oss/signature
参数:dir=images%2F
响应:{"accessId":"LTAI5tQQuPD1Fk7bhcEQbNWk","signature":"TAJALKXdkE9oy6RAfOy081H4FF0=","expire":"1652930356","host":"https://lfs-image.oss-cn-chengdu.aliyuncs.com","callback":"eyJjYWxsYmFja0JvZHlUeXBlIjoiYXBwbGljYXRpb24veC13d3ctZm9ybS11cmxlbmNvZGVkIiwiY2FsbGJhY2tVcmwiOiIiLCJjYWxsYmFja0JvZHkiOiJmaWxlbmFtZT0ke29iamVjdH0mc2l6ZT0ke3NpemV9Jm1pbWVUeXBlPSR7bWltZVR5cGV9JmhlaWdodD0ke2ltYWdlSW5mby5oZWlnaHR9JndpZHRoPSR7aW1hZ2VJbmZvLndpZHRofSJ9","dir":"images/","policy":"eyJleHBpcmF0aW9uIjoiMjAyMi0wNS0xOVQwMzoxOToxNi40NjFaIiwiY29uZGl0aW9ucyI6W1siY29udGVudC1sZW5ndGgtcmFuZ2UiLDAsMTA0ODU3NjAwMF0sWyJzdGFydHMtd2l0aCIsIiRrZXkiLCJpbWFnZXMvIl1dfQ=="}
耗时:1
2022-05-19 11:14:17.004 [http-nio-8080-exec-6] INFO  com.x.config.mvc.LogRecordAspect 
GET请求/aliyun/oss/signature
参数:dir=images%2F
响应:{"accessId":"LTAI5tQQuPD1Fk7bhcEQbNWk","signature":"a/cAJqA2rmZauf3gGn2Rt/nULoA=","expire":"1652930357","host":"https://lfs-image.oss-cn-chengdu.aliyuncs.com","callback":"eyJjYWxsYmFja0JvZHlUeXBlIjoiYXBwbGljYXRpb24veC13d3ctZm9ybS11cmxlbmNvZGVkIiwiY2FsbGJhY2tVcmwiOiIiLCJjYWxsYmFja0JvZHkiOiJmaWxlbmFtZT0ke29iamVjdH0mc2l6ZT0ke3NpemV9Jm1pbWVUeXBlPSR7bWltZVR5cGV9JmhlaWdodD0ke2ltYWdlSW5mby5oZWlnaHR9JndpZHRoPSR7aW1hZ2VJbmZvLndpZHRofSJ9","dir":"images/","policy":"eyJleHBpcmF0aW9uIjoiMjAyMi0wNS0xOVQwMzoxOToxNy4wMDJaIiwiY29uZGl0aW9ucyI6W1siY29udGVudC1sZW5ndGgtcmFuZ2UiLDAsMTA0ODU3NjAwMF0sWyJzdGFydHMtd2l0aCIsIiRrZXkiLCJpbWFnZXMvIl1dfQ=="}
耗时:2
2022-05-19 11:14:17.012 [http-nio-8080-exec-10] INFO  com.x.config.mvc.LogRecordAspect 
GET请求/aliyun/oss/signature
参数:dir=images%2F
响应:{"accessId":"LTAI5tQQuPD1Fk7bhcEQbNWk","signature":"3QKFwrBOvCksyCLxD8FTMR4Pudw=","expire":"1652930357","host":"https://lfs-image.oss-cn-chengdu.aliyuncs.com","callback":"eyJjYWxsYmFja0JvZHlUeXBlIjoiYXBwbGljYXRpb24veC13d3ctZm9ybS11cmxlbmNvZGVkIiwiY2FsbGJhY2tVcmwiOiIiLCJjYWxsYmFja0JvZHkiOiJmaWxlbmFtZT0ke29iamVjdH0mc2l6ZT0ke3NpemV9Jm1pbWVUeXBlPSR7bWltZVR5cGV9JmhlaWdodD0ke2ltYWdlSW5mby5oZWlnaHR9JndpZHRoPSR7aW1hZ2VJbmZvLndpZHRofSJ9","dir":"images/","policy":"eyJleHBpcmF0aW9uIjoiMjAyMi0wNS0xOVQwMzoxOToxNy4wMTFaIiwiY29uZGl0aW9ucyI6W1siY29udGVudC1sZW5ndGgtcmFuZ2UiLDAsMTA0ODU3NjAwMF0sWyJzdGFydHMtd2l0aCIsIiRrZXkiLCJpbWFnZXMvIl1dfQ=="}
耗时:1
2022-05-19 11:14:17.012 [http-nio-8080-exec-4] INFO  com.x.config.mvc.LogRecordAspect 
GET请求/aliyun/oss/signature
参数:dir=images%2F
响应:{"accessId":"LTAI5tQQuPD1Fk7bhcEQbNWk","signature":"HqUYpOAkMfGKQqpj62y8yJk7bx0=","expire":"1652930357","host":"https://lfs-image.oss-cn-chengdu.aliyuncs.com","callback":"eyJjYWxsYmFja0JvZHlUeXBlIjoiYXBwbGljYXRpb24veC13d3ctZm9ybS11cmxlbmNvZGVkIiwiY2FsbGJhY2tVcmwiOiIiLCJjYWxsYmFja0JvZHkiOiJmaWxlbmFtZT0ke29iamVjdH0mc2l6ZT0ke3NpemV9Jm1pbWVUeXBlPSR7bWltZVR5cGV9JmhlaWdodD0ke2ltYWdlSW5mby5oZWlnaHR9JndpZHRoPSR7aW1hZ2VJbmZvLndpZHRofSJ9","dir":"images/","policy":"eyJleHBpcmF0aW9uIjoiMjAyMi0wNS0xOVQwMzoxOToxNy4wMTJaIiwiY29uZGl0aW9ucyI6W1siY29udGVudC1sZW5ndGgtcmFuZ2UiLDAsMTA0ODU3NjAwMF0sWyJzdGFydHMtd2l0aCIsIiRrZXkiLCJpbWFnZXMvIl1dfQ=="}
耗时:0
2022-05-19 11:14:18.602 [http-nio-8080-exec-9] INFO  com.x.config.mvc.LogRecordAspect 
GET请求/aliyun/oss/signature
参数:dir=images%2F
响应:{"accessId":"LTAI5tQQuPD1Fk7bhcEQbNWk","signature":"hTsHZ5SLpUXKIbzeShS3BWi58bw=","expire":"1652930358","host":"https://lfs-image.oss-cn-chengdu.aliyuncs.com","callback":"eyJjYWxsYmFja0JvZHlUeXBlIjoiYXBwbGljYXRpb24veC13d3ctZm9ybS11cmxlbmNvZGVkIiwiY2FsbGJhY2tVcmwiOiIiLCJjYWxsYmFja0JvZHkiOiJmaWxlbmFtZT0ke29iamVjdH0mc2l6ZT0ke3NpemV9Jm1pbWVUeXBlPSR7bWltZVR5cGV9JmhlaWdodD0ke2ltYWdlSW5mby5oZWlnaHR9JndpZHRoPSR7aW1hZ2VJbmZvLndpZHRofSJ9","dir":"images/","policy":"eyJleHBpcmF0aW9uIjoiMjAyMi0wNS0xOVQwMzoxOToxOC42MDJaIiwiY29uZGl0aW9ucyI6W1siY29udGVudC1sZW5ndGgtcmFuZ2UiLDAsMTA0ODU3NjAwMF0sWyJzdGFydHMtd2l0aCIsIiRrZXkiLCJpbWFnZXMvIl1dfQ=="}
耗时:0
2022-05-19 11:14:18.606 [http-nio-8080-exec-8] INFO  com.x.config.mvc.LogRecordAspect 
GET请求/aliyun/oss/signature
参数:dir=images%2F
响应:{"accessId":"LTAI5tQQuPD1Fk7bhcEQbNWk","signature":"6tCL+p46UE0Fi1cwVLOeITuF5rE=","expire":"1652930358","host":"https://lfs-image.oss-cn-chengdu.aliyuncs.com","callback":"eyJjYWxsYmFja0JvZHlUeXBlIjoiYXBwbGljYXRpb24veC13d3ctZm9ybS11cmxlbmNvZGVkIiwiY2FsbGJhY2tVcmwiOiIiLCJjYWxsYmFja0JvZHkiOiJmaWxlbmFtZT0ke29iamVjdH0mc2l6ZT0ke3NpemV9Jm1pbWVUeXBlPSR7bWltZVR5cGV9JmhlaWdodD0ke2ltYWdlSW5mby5oZWlnaHR9JndpZHRoPSR7aW1hZ2VJbmZvLndpZHRofSJ9","dir":"images/","policy":"eyJleHBpcmF0aW9uIjoiMjAyMi0wNS0xOVQwMzoxOToxOC42MDRaIiwiY29uZGl0aW9ucyI6W1siY29udGVudC1sZW5ndGgtcmFuZ2UiLDAsMTA0ODU3NjAwMF0sWyJzdGFydHMtd2l0aCIsIiRrZXkiLCJpbWFnZXMvIl1dfQ=="}
耗时:2
2022-05-19 11:14:18.612 [http-nio-8080-exec-5] INFO  com.x.config.mvc.LogRecordAspect 
GET请求/aliyun/oss/signature
参数:dir=images%2F
响应:{"accessId":"LTAI5tQQuPD1Fk7bhcEQbNWk","signature":"WGYh9DwieQtImlEI7wWKRhksDf0=","expire":"1652930358","host":"https://lfs-image.oss-cn-chengdu.aliyuncs.com","callback":"eyJjYWxsYmFja0JvZHlUeXBlIjoiYXBwbGljYXRpb24veC13d3ctZm9ybS11cmxlbmNvZGVkIiwiY2FsbGJhY2tVcmwiOiIiLCJjYWxsYmFja0JvZHkiOiJmaWxlbmFtZT0ke29iamVjdH0mc2l6ZT0ke3NpemV9Jm1pbWVUeXBlPSR7bWltZVR5cGV9JmhlaWdodD0ke2ltYWdlSW5mby5oZWlnaHR9JndpZHRoPSR7aW1hZ2VJbmZvLndpZHRofSJ9","dir":"images/","policy":"eyJleHBpcmF0aW9uIjoiMjAyMi0wNS0xOVQwMzoxOToxOC42MTFaIiwiY29uZGl0aW9ucyI6W1siY29udGVudC1sZW5ndGgtcmFuZ2UiLDAsMTA0ODU3NjAwMF0sWyJzdGFydHMtd2l0aCIsIiRrZXkiLCJpbWFnZXMvIl1dfQ=="}
耗时:1
2022-05-19 11:14:19.169 [http-nio-8080-exec-2] INFO  com.x.config.mvc.LogRecordAspect 
GET请求/aliyun/oss/signature
参数:dir=images%2F
响应:{"accessId":"LTAI5tQQuPD1Fk7bhcEQbNWk","signature":"YvEy3rmf2sK2ZXszxOf4Mfdg+Zk=","expire":"1652930359","host":"https://lfs-image.oss-cn-chengdu.aliyuncs.com","callback":"eyJjYWxsYmFja0JvZHlUeXBlIjoiYXBwbGljYXRpb24veC13d3ctZm9ybS11cmxlbmNvZGVkIiwiY2FsbGJhY2tVcmwiOiIiLCJjYWxsYmFja0JvZHkiOiJmaWxlbmFtZT0ke29iamVjdH0mc2l6ZT0ke3NpemV9Jm1pbWVUeXBlPSR7bWltZVR5cGV9JmhlaWdodD0ke2ltYWdlSW5mby5oZWlnaHR9JndpZHRoPSR7aW1hZ2VJbmZvLndpZHRofSJ9","dir":"images/","policy":"eyJleHBpcmF0aW9uIjoiMjAyMi0wNS0xOVQwMzoxOToxOS4xNjlaIiwiY29uZGl0aW9ucyI6W1siY29udGVudC1sZW5ndGgtcmFuZ2UiLDAsMTA0ODU3NjAwMF0sWyJzdGFydHMtd2l0aCIsIiRrZXkiLCJpbWFnZXMvIl1dfQ=="}
耗时:0
2022-05-19 11:14:19.169 [http-nio-8080-exec-1] INFO  com.x.config.mvc.LogRecordAspect 
GET请求/aliyun/oss/signature
参数:dir=images%2F
响应:{"accessId":"LTAI5tQQuPD1Fk7bhcEQbNWk","signature":"YvEy3rmf2sK2ZXszxOf4Mfdg+Zk=","expire":"1652930359","host":"https://lfs-image.oss-cn-chengdu.aliyuncs.com","callback":"eyJjYWxsYmFja0JvZHlUeXBlIjoiYXBwbGljYXRpb24veC13d3ctZm9ybS11cmxlbmNvZGVkIiwiY2FsbGJhY2tVcmwiOiIiLCJjYWxsYmFja0JvZHkiOiJmaWxlbmFtZT0ke29iamVjdH0mc2l6ZT0ke3NpemV9Jm1pbWVUeXBlPSR7bWltZVR5cGV9JmhlaWdodD0ke2ltYWdlSW5mby5oZWlnaHR9JndpZHRoPSR7aW1hZ2VJbmZvLndpZHRofSJ9","dir":"images/","policy":"eyJleHBpcmF0aW9uIjoiMjAyMi0wNS0xOVQwMzoxOToxOS4xNjlaIiwiY29uZGl0aW9ucyI6W1siY29udGVudC1sZW5ndGgtcmFuZ2UiLDAsMTA0ODU3NjAwMF0sWyJzdGFydHMtd2l0aCIsIiRrZXkiLCJpbWFnZXMvIl1dfQ=="}
耗时:0
2022-05-19 11:14:19.169 [http-nio-8080-exec-7] INFO  com.x.config.mvc.LogRecordAspect 
GET请求/aliyun/oss/signature
参数:dir=images%2F
响应:{"accessId":"LTAI5tQQuPD1Fk7bhcEQbNWk","signature":"YvEy3rmf2sK2ZXszxOf4Mfdg+Zk=","expire":"1652930359","host":"https://lfs-image.oss-cn-chengdu.aliyuncs.com","callback":"eyJjYWxsYmFja0JvZHlUeXBlIjoiYXBwbGljYXRpb24veC13d3ctZm9ybS11cmxlbmNvZGVkIiwiY2FsbGJhY2tVcmwiOiIiLCJjYWxsYmFja0JvZHkiOiJmaWxlbmFtZT0ke29iamVjdH0mc2l6ZT0ke3NpemV9Jm1pbWVUeXBlPSR7bWltZVR5cGV9JmhlaWdodD0ke2ltYWdlSW5mby5oZWlnaHR9JndpZHRoPSR7aW1hZ2VJbmZvLndpZHRofSJ9","dir":"images/","policy":"eyJleHBpcmF0aW9uIjoiMjAyMi0wNS0xOVQwMzoxOToxOS4xNjlaIiwiY29uZGl0aW9ucyI6W1siY29udGVudC1sZW5ndGgtcmFuZ2UiLDAsMTA0ODU3NjAwMF0sWyJzdGFydHMtd2l0aCIsIiRrZXkiLCJpbWFnZXMvIl1dfQ=="}
耗时:0
2022-05-19 11:14:20.435 [http-nio-8080-exec-3] INFO  com.x.config.mvc.LogRecordAspect 
GET请求/aliyun/oss/signature
参数:dir=images%2F
响应:{"accessId":"LTAI5tQQuPD1Fk7bhcEQbNWk","signature":"GaOs6oVlvvc/fub3dWMiFw2M/vY=","expire":"1652930360","host":"https://lfs-image.oss-cn-chengdu.aliyuncs.com","callback":"eyJjYWxsYmFja0JvZHlUeXBlIjoiYXBwbGljYXRpb24veC13d3ctZm9ybS11cmxlbmNvZGVkIiwiY2FsbGJhY2tVcmwiOiIiLCJjYWxsYmFja0JvZHkiOiJmaWxlbmFtZT0ke29iamVjdH0mc2l6ZT0ke3NpemV9Jm1pbWVUeXBlPSR7bWltZVR5cGV9JmhlaWdodD0ke2ltYWdlSW5mby5oZWlnaHR9JndpZHRoPSR7aW1hZ2VJbmZvLndpZHRofSJ9","dir":"images/","policy":"eyJleHBpcmF0aW9uIjoiMjAyMi0wNS0xOVQwMzoxOToyMC40MzNaIiwiY29uZGl0aW9ucyI6W1siY29udGVudC1sZW5ndGgtcmFuZ2UiLDAsMTA0ODU3NjAwMF0sWyJzdGFydHMtd2l0aCIsIiRrZXkiLCJpbWFnZXMvIl1dfQ=="}
耗时:2
2022-05-19 11:14:20.435 [http-nio-8080-exec-6] INFO  com.x.config.mvc.LogRecordAspect 
GET请求/aliyun/oss/signature
参数:dir=images%2F
响应:{"accessId":"LTAI5tQQuPD1Fk7bhcEQbNWk","signature":"pV/PoiM7iHAJvGZzgnfdQwRjh6Q=","expire":"1652930360","host":"https://lfs-image.oss-cn-chengdu.aliyuncs.com","callback":"eyJjYWxsYmFja0JvZHlUeXBlIjoiYXBwbGljYXRpb24veC13d3ctZm9ybS11cmxlbmNvZGVkIiwiY2FsbGJhY2tVcmwiOiIiLCJjYWxsYmFja0JvZHkiOiJmaWxlbmFtZT0ke29iamVjdH0mc2l6ZT0ke3NpemV9Jm1pbWVUeXBlPSR7bWltZVR5cGV9JmhlaWdodD0ke2ltYWdlSW5mby5oZWlnaHR9JndpZHRoPSR7aW1hZ2VJbmZvLndpZHRofSJ9","dir":"images/","policy":"eyJleHBpcmF0aW9uIjoiMjAyMi0wNS0xOVQwMzoxOToyMC40MzVaIiwiY29uZGl0aW9ucyI6W1siY29udGVudC1sZW5ndGgtcmFuZ2UiLDAsMTA0ODU3NjAwMF0sWyJzdGFydHMtd2l0aCIsIiRrZXkiLCJpbWFnZXMvIl1dfQ=="}
耗时:1
2022-05-19 11:14:20.438 [http-nio-8080-exec-10] INFO  com.x.config.mvc.LogRecordAspect 
GET请求/aliyun/oss/signature
参数:dir=images%2F
响应:{"accessId":"LTAI5tQQuPD1Fk7bhcEQbNWk","signature":"Hl2g4q0iKS9Pen7wLpy2IXe6j8A=","expire":"1652930360","host":"https://lfs-image.oss-cn-chengdu.aliyuncs.com","callback":"eyJjYWxsYmFja0JvZHlUeXBlIjoiYXBwbGljYXRpb24veC13d3ctZm9ybS11cmxlbmNvZGVkIiwiY2FsbGJhY2tVcmwiOiIiLCJjYWxsYmFja0JvZHkiOiJmaWxlbmFtZT0ke29iamVjdH0mc2l6ZT0ke3NpemV9Jm1pbWVUeXBlPSR7bWltZVR5cGV9JmhlaWdodD0ke2ltYWdlSW5mby5oZWlnaHR9JndpZHRoPSR7aW1hZ2VJbmZvLndpZHRofSJ9","dir":"images/","policy":"eyJleHBpcmF0aW9uIjoiMjAyMi0wNS0xOVQwMzoxOToyMC40MzdaIiwiY29uZGl0aW9ucyI6W1siY29udGVudC1sZW5ndGgtcmFuZ2UiLDAsMTA0ODU3NjAwMF0sWyJzdGFydHMtd2l0aCIsIiRrZXkiLCJpbWFnZXMvIl1dfQ=="}
耗时:1
2022-05-19 11:14:20.934 [http-nio-8080-exec-4] INFO  com.x.config.mvc.LogRecordAspect 
GET请求/aliyun/oss/signature
参数:dir=images%2F
响应:{"accessId":"LTAI5tQQuPD1Fk7bhcEQbNWk","signature":"CzbgB+HpzbU/0tlf4GcqPcIHALM=","expire":"1652930360","host":"https://lfs-image.oss-cn-chengdu.aliyuncs.com","callback":"eyJjYWxsYmFja0JvZHlUeXBlIjoiYXBwbGljYXRpb24veC13d3ctZm9ybS11cmxlbmNvZGVkIiwiY2FsbGJhY2tVcmwiOiIiLCJjYWxsYmFja0JvZHkiOiJmaWxlbmFtZT0ke29iamVjdH0mc2l6ZT0ke3NpemV9Jm1pbWVUeXBlPSR7bWltZVR5cGV9JmhlaWdodD0ke2ltYWdlSW5mby5oZWlnaHR9JndpZHRoPSR7aW1hZ2VJbmZvLndpZHRofSJ9","dir":"images/","policy":"eyJleHBpcmF0aW9uIjoiMjAyMi0wNS0xOVQwMzoxOToyMC45MzNaIiwiY29uZGl0aW9ucyI6W1siY29udGVudC1sZW5ndGgtcmFuZ2UiLDAsMTA0ODU3NjAwMF0sWyJzdGFydHMtd2l0aCIsIiRrZXkiLCJpbWFnZXMvIl1dfQ=="}
耗时:1
2022-05-19 11:14:20.935 [http-nio-8080-exec-8] INFO  com.x.config.mvc.LogRecordAspect 
GET请求/aliyun/oss/signature
参数:dir=images%2F
响应:{"accessId":"LTAI5tQQuPD1Fk7bhcEQbNWk","signature":"9SUKg/veOz8m55yzfr6MWr2SmHs=","expire":"1652930360","host":"https://lfs-image.oss-cn-chengdu.aliyuncs.com","callback":"eyJjYWxsYmFja0JvZHlUeXBlIjoiYXBwbGljYXRpb24veC13d3ctZm9ybS11cmxlbmNvZGVkIiwiY2FsbGJhY2tVcmwiOiIiLCJjYWxsYmFja0JvZHkiOiJmaWxlbmFtZT0ke29iamVjdH0mc2l6ZT0ke3NpemV9Jm1pbWVUeXBlPSR7bWltZVR5cGV9JmhlaWdodD0ke2ltYWdlSW5mby5oZWlnaHR9JndpZHRoPSR7aW1hZ2VJbmZvLndpZHRofSJ9","dir":"images/","policy":"eyJleHBpcmF0aW9uIjoiMjAyMi0wNS0xOVQwMzoxOToyMC45MzRaIiwiY29uZGl0aW9ucyI6W1siY29udGVudC1sZW5ndGgtcmFuZ2UiLDAsMTA0ODU3NjAwMF0sWyJzdGFydHMtd2l0aCIsIiRrZXkiLCJpbWFnZXMvIl1dfQ=="}
耗时:1
2022-05-19 11:14:20.935 [http-nio-8080-exec-9] INFO  com.x.config.mvc.LogRecordAspect 
GET请求/aliyun/oss/signature
参数:dir=images%2F
响应:{"accessId":"LTAI5tQQuPD1Fk7bhcEQbNWk","signature":"9SUKg/veOz8m55yzfr6MWr2SmHs=","expire":"1652930360","host":"https://lfs-image.oss-cn-chengdu.aliyuncs.com","callback":"eyJjYWxsYmFja0JvZHlUeXBlIjoiYXBwbGljYXRpb24veC13d3ctZm9ybS11cmxlbmNvZGVkIiwiY2FsbGJhY2tVcmwiOiIiLCJjYWxsYmFja0JvZHkiOiJmaWxlbmFtZT0ke29iamVjdH0mc2l6ZT0ke3NpemV9Jm1pbWVUeXBlPSR7bWltZVR5cGV9JmhlaWdodD0ke2ltYWdlSW5mby5oZWlnaHR9JndpZHRoPSR7aW1hZ2VJbmZvLndpZHRofSJ9","dir":"images/","policy":"eyJleHBpcmF0aW9uIjoiMjAyMi0wNS0xOVQwMzoxOToyMC45MzRaIiwiY29uZGl0aW9ucyI6W1siY29udGVudC1sZW5ndGgtcmFuZ2UiLDAsMTA0ODU3NjAwMF0sWyJzdGFydHMtd2l0aCIsIiRrZXkiLCJpbWFnZXMvIl1dfQ=="}
耗时:1
2022-05-19 11:14:22.805 [http-nio-8080-exec-5] INFO  com.x.config.mvc.LogRecordAspect 
GET请求/aliyun/oss/signature
参数:dir=images%2F
响应:{"accessId":"LTAI5tQQuPD1Fk7bhcEQbNWk","signature":"UFs46z9NvhLF7HD1CNnsOCrHGXo=","expire":"1652930362","host":"https://lfs-image.oss-cn-chengdu.aliyuncs.com","callback":"eyJjYWxsYmFja0JvZHlUeXBlIjoiYXBwbGljYXRpb24veC13d3ctZm9ybS11cmxlbmNvZGVkIiwiY2FsbGJhY2tVcmwiOiIiLCJjYWxsYmFja0JvZHkiOiJmaWxlbmFtZT0ke29iamVjdH0mc2l6ZT0ke3NpemV9Jm1pbWVUeXBlPSR7bWltZVR5cGV9JmhlaWdodD0ke2ltYWdlSW5mby5oZWlnaHR9JndpZHRoPSR7aW1hZ2VJbmZvLndpZHRofSJ9","dir":"images/","policy":"eyJleHBpcmF0aW9uIjoiMjAyMi0wNS0xOVQwMzoxOToyMi44MDRaIiwiY29uZGl0aW9ucyI6W1siY29udGVudC1sZW5ndGgtcmFuZ2UiLDAsMTA0ODU3NjAwMF0sWyJzdGFydHMtd2l0aCIsIiRrZXkiLCJpbWFnZXMvIl1dfQ=="}
耗时:1
2022-05-19 11:14:22.807 [http-nio-8080-exec-1] INFO  com.x.config.mvc.LogRecordAspect 
GET请求/aliyun/oss/signature
参数:dir=images%2F
响应:{"accessId":"LTAI5tQQuPD1Fk7bhcEQbNWk","signature":"boL0Uwj4gXyOn7iFh+bk3WPdtuM=","expire":"1652930362","host":"https://lfs-image.oss-cn-chengdu.aliyuncs.com","callback":"eyJjYWxsYmFja0JvZHlUeXBlIjoiYXBwbGljYXRpb24veC13d3ctZm9ybS11cmxlbmNvZGVkIiwiY2FsbGJhY2tVcmwiOiIiLCJjYWxsYmFja0JvZHkiOiJmaWxlbmFtZT0ke29iamVjdH0mc2l6ZT0ke3NpemV9Jm1pbWVUeXBlPSR7bWltZVR5cGV9JmhlaWdodD0ke2ltYWdlSW5mby5oZWlnaHR9JndpZHRoPSR7aW1hZ2VJbmZvLndpZHRofSJ9","dir":"images/","policy":"eyJleHBpcmF0aW9uIjoiMjAyMi0wNS0xOVQwMzoxOToyMi44MDZaIiwiY29uZGl0aW9ucyI6W1siY29udGVudC1sZW5ndGgtcmFuZ2UiLDAsMTA0ODU3NjAwMF0sWyJzdGFydHMtd2l0aCIsIiRrZXkiLCJpbWFnZXMvIl1dfQ=="}
耗时:1
2022-05-19 11:14:22.806 [http-nio-8080-exec-7] INFO  com.x.config.mvc.LogRecordAspect 
GET请求/aliyun/oss/signature
参数:dir=images%2F
响应:{"accessId":"LTAI5tQQuPD1Fk7bhcEQbNWk","signature":"Ze1XohfUK9UeqqbC9GOPcIJ5ajw=","expire":"1652930362","host":"https://lfs-image.oss-cn-chengdu.aliyuncs.com","callback":"eyJjYWxsYmFja0JvZHlUeXBlIjoiYXBwbGljYXRpb24veC13d3ctZm9ybS11cmxlbmNvZGVkIiwiY2FsbGJhY2tVcmwiOiIiLCJjYWxsYmFja0JvZHkiOiJmaWxlbmFtZT0ke29iamVjdH0mc2l6ZT0ke3NpemV9Jm1pbWVUeXBlPSR7bWltZVR5cGV9JmhlaWdodD0ke2ltYWdlSW5mby5oZWlnaHR9JndpZHRoPSR7aW1hZ2VJbmZvLndpZHRofSJ9","dir":"images/","policy":"eyJleHBpcmF0aW9uIjoiMjAyMi0wNS0xOVQwMzoxOToyMi44MDVaIiwiY29uZGl0aW9ucyI6W1siY29udGVudC1sZW5ndGgtcmFuZ2UiLDAsMTA0ODU3NjAwMF0sWyJzdGFydHMtd2l0aCIsIiRrZXkiLCJpbWFnZXMvIl1dfQ=="}
耗时:1
2022-05-19 11:14:22.808 [http-nio-8080-exec-2] INFO  com.x.config.mvc.LogRecordAspect 
GET请求/aliyun/oss/signature
参数:dir=images%2F
响应:{"accessId":"LTAI5tQQuPD1Fk7bhcEQbNWk","signature":"5o6/ztSjuFfYaqYVEoEsWua1d/4=","expire":"1652930362","host":"https://lfs-image.oss-cn-chengdu.aliyuncs.com","callback":"eyJjYWxsYmFja0JvZHlUeXBlIjoiYXBwbGljYXRpb24veC13d3ctZm9ybS11cmxlbmNvZGVkIiwiY2FsbGJhY2tVcmwiOiIiLCJjYWxsYmFja0JvZHkiOiJmaWxlbmFtZT0ke29iamVjdH0mc2l6ZT0ke3NpemV9Jm1pbWVUeXBlPSR7bWltZVR5cGV9JmhlaWdodD0ke2ltYWdlSW5mby5oZWlnaHR9JndpZHRoPSR7aW1hZ2VJbmZvLndpZHRofSJ9","dir":"images/","policy":"eyJleHBpcmF0aW9uIjoiMjAyMi0wNS0xOVQwMzoxOToyMi44MDdaIiwiY29uZGl0aW9ucyI6W1siY29udGVudC1sZW5ndGgtcmFuZ2UiLDAsMTA0ODU3NjAwMF0sWyJzdGFydHMtd2l0aCIsIiRrZXkiLCJpbWFnZXMvIl1dfQ=="}
耗时:1
2022-05-19 11:14:22.809 [http-nio-8080-exec-3] INFO  com.x.config.mvc.LogRecordAspect 
GET请求/aliyun/oss/signature
参数:dir=images%2F
响应:{"accessId":"LTAI5tQQuPD1Fk7bhcEQbNWk","signature":"boL0Uwj4gXyOn7iFh+bk3WPdtuM=","expire":"1652930362","host":"https://lfs-image.oss-cn-chengdu.aliyuncs.com","callback":"eyJjYWxsYmFja0JvZHlUeXBlIjoiYXBwbGljYXRpb24veC13d3ctZm9ybS11cmxlbmNvZGVkIiwiY2FsbGJhY2tVcmwiOiIiLCJjYWxsYmFja0JvZHkiOiJmaWxlbmFtZT0ke29iamVjdH0mc2l6ZT0ke3NpemV9Jm1pbWVUeXBlPSR7bWltZVR5cGV9JmhlaWdodD0ke2ltYWdlSW5mby5oZWlnaHR9JndpZHRoPSR7aW1hZ2VJbmZvLndpZHRofSJ9","dir":"images/","policy":"eyJleHBpcmF0aW9uIjoiMjAyMi0wNS0xOVQwMzoxOToyMi44MDZaIiwiY29uZGl0aW9ucyI6W1siY29udGVudC1sZW5ndGgtcmFuZ2UiLDAsMTA0ODU3NjAwMF0sWyJzdGFydHMtd2l0aCIsIiRrZXkiLCJpbWFnZXMvIl1dfQ=="}
耗时:2
2022-05-19 11:14:24.235 [http-nio-8080-exec-10] INFO  com.x.config.mvc.LogRecordAspect 
GET请求/aliyun/oss/signature
参数:dir=images%2F
响应:{"accessId":"LTAI5tQQuPD1Fk7bhcEQbNWk","signature":"XssjZ3NNTlCcc+k5hJWKSUzvb2c=","expire":"1652930364","host":"https://lfs-image.oss-cn-chengdu.aliyuncs.com","callback":"eyJjYWxsYmFja0JvZHlUeXBlIjoiYXBwbGljYXRpb24veC13d3ctZm9ybS11cmxlbmNvZGVkIiwiY2FsbGJhY2tVcmwiOiIiLCJjYWxsYmFja0JvZHkiOiJmaWxlbmFtZT0ke29iamVjdH0mc2l6ZT0ke3NpemV9Jm1pbWVUeXBlPSR7bWltZVR5cGV9JmhlaWdodD0ke2ltYWdlSW5mby5oZWlnaHR9JndpZHRoPSR7aW1hZ2VJbmZvLndpZHRofSJ9","dir":"images/","policy":"eyJleHBpcmF0aW9uIjoiMjAyMi0wNS0xOVQwMzoxOToyNC4yMzRaIiwiY29uZGl0aW9ucyI6W1siY29udGVudC1sZW5ndGgtcmFuZ2UiLDAsMTA0ODU3NjAwMF0sWyJzdGFydHMtd2l0aCIsIiRrZXkiLCJpbWFnZXMvIl1dfQ=="}
耗时:1
2022-05-19 11:14:24.235 [http-nio-8080-exec-6] INFO  com.x.config.mvc.LogRecordAspect 
GET请求/aliyun/oss/signature
参数:dir=images%2F
响应:{"accessId":"LTAI5tQQuPD1Fk7bhcEQbNWk","signature":"XssjZ3NNTlCcc+k5hJWKSUzvb2c=","expire":"1652930364","host":"https://lfs-image.oss-cn-chengdu.aliyuncs.com","callback":"eyJjYWxsYmFja0JvZHlUeXBlIjoiYXBwbGljYXRpb24veC13d3ctZm9ybS11cmxlbmNvZGVkIiwiY2FsbGJhY2tVcmwiOiIiLCJjYWxsYmFja0JvZHkiOiJmaWxlbmFtZT0ke29iamVjdH0mc2l6ZT0ke3NpemV9Jm1pbWVUeXBlPSR7bWltZVR5cGV9JmhlaWdodD0ke2ltYWdlSW5mby5oZWlnaHR9JndpZHRoPSR7aW1hZ2VJbmZvLndpZHRofSJ9","dir":"images/","policy":"eyJleHBpcmF0aW9uIjoiMjAyMi0wNS0xOVQwMzoxOToyNC4yMzRaIiwiY29uZGl0aW9ucyI6W1siY29udGVudC1sZW5ndGgtcmFuZ2UiLDAsMTA0ODU3NjAwMF0sWyJzdGFydHMtd2l0aCIsIiRrZXkiLCJpbWFnZXMvIl1dfQ=="}
耗时:1
2022-05-19 11:14:24.731 [http-nio-8080-exec-8] INFO  com.x.config.mvc.LogRecordAspect 
GET请求/aliyun/oss/signature
参数:dir=images%2F
响应:{"accessId":"LTAI5tQQuPD1Fk7bhcEQbNWk","signature":"pRpNVBOqyf9wXvGHeK0bCgK64Cg=","expire":"1652930364","host":"https://lfs-image.oss-cn-chengdu.aliyuncs.com","callback":"eyJjYWxsYmFja0JvZHlUeXBlIjoiYXBwbGljYXRpb24veC13d3ctZm9ybS11cmxlbmNvZGVkIiwiY2FsbGJhY2tVcmwiOiIiLCJjYWxsYmFja0JvZHkiOiJmaWxlbmFtZT0ke29iamVjdH0mc2l6ZT0ke3NpemV9Jm1pbWVUeXBlPSR7bWltZVR5cGV9JmhlaWdodD0ke2ltYWdlSW5mby5oZWlnaHR9JndpZHRoPSR7aW1hZ2VJbmZvLndpZHRofSJ9","dir":"images/","policy":"eyJleHBpcmF0aW9uIjoiMjAyMi0wNS0xOVQwMzoxOToyNC43MzBaIiwiY29uZGl0aW9ucyI6W1siY29udGVudC1sZW5ndGgtcmFuZ2UiLDAsMTA0ODU3NjAwMF0sWyJzdGFydHMtd2l0aCIsIiRrZXkiLCJpbWFnZXMvIl1dfQ=="}
耗时:1
2022-05-19 11:14:24.731 [http-nio-8080-exec-4] INFO  com.x.config.mvc.LogRecordAspect 
GET请求/aliyun/oss/signature
参数:dir=images%2F
响应:{"accessId":"LTAI5tQQuPD1Fk7bhcEQbNWk","signature":"pRpNVBOqyf9wXvGHeK0bCgK64Cg=","expire":"1652930364","host":"https://lfs-image.oss-cn-chengdu.aliyuncs.com","callback":"eyJjYWxsYmFja0JvZHlUeXBlIjoiYXBwbGljYXRpb24veC13d3ctZm9ybS11cmxlbmNvZGVkIiwiY2FsbGJhY2tVcmwiOiIiLCJjYWxsYmFja0JvZHkiOiJmaWxlbmFtZT0ke29iamVjdH0mc2l6ZT0ke3NpemV9Jm1pbWVUeXBlPSR7bWltZVR5cGV9JmhlaWdodD0ke2ltYWdlSW5mby5oZWlnaHR9JndpZHRoPSR7aW1hZ2VJbmZvLndpZHRofSJ9","dir":"images/","policy":"eyJleHBpcmF0aW9uIjoiMjAyMi0wNS0xOVQwMzoxOToyNC43MzBaIiwiY29uZGl0aW9ucyI6W1siY29udGVudC1sZW5ndGgtcmFuZ2UiLDAsMTA0ODU3NjAwMF0sWyJzdGFydHMtd2l0aCIsIiRrZXkiLCJpbWFnZXMvIl1dfQ=="}
耗时:1
2022-05-19 11:14:26.141 [http-nio-8080-exec-9] INFO  com.x.config.mvc.LogRecordAspect 
GET请求/aliyun/oss/signature
参数:dir=images%2F
响应:{"accessId":"LTAI5tQQuPD1Fk7bhcEQbNWk","signature":"Mq7hC8DBbxZGDer8fg981VxOH0s=","expire":"1652930366","host":"https://lfs-image.oss-cn-chengdu.aliyuncs.com","callback":"eyJjYWxsYmFja0JvZHlUeXBlIjoiYXBwbGljYXRpb24veC13d3ctZm9ybS11cmxlbmNvZGVkIiwiY2FsbGJhY2tVcmwiOiIiLCJjYWxsYmFja0JvZHkiOiJmaWxlbmFtZT0ke29iamVjdH0mc2l6ZT0ke3NpemV9Jm1pbWVUeXBlPSR7bWltZVR5cGV9JmhlaWdodD0ke2ltYWdlSW5mby5oZWlnaHR9JndpZHRoPSR7aW1hZ2VJbmZvLndpZHRofSJ9","dir":"images/","policy":"eyJleHBpcmF0aW9uIjoiMjAyMi0wNS0xOVQwMzoxOToyNi4xNDFaIiwiY29uZGl0aW9ucyI6W1siY29udGVudC1sZW5ndGgtcmFuZ2UiLDAsMTA0ODU3NjAwMF0sWyJzdGFydHMtd2l0aCIsIiRrZXkiLCJpbWFnZXMvIl1dfQ=="}
耗时:0
2022-05-19 11:14:26.144 [http-nio-8080-exec-5] INFO  com.x.config.mvc.LogRecordAspect 
GET请求/aliyun/oss/signature
参数:dir=images%2F
响应:{"accessId":"LTAI5tQQuPD1Fk7bhcEQbNWk","signature":"ZPBKRPeHJXgsUsnwDRqAHiuEttE=","expire":"1652930366","host":"https://lfs-image.oss-cn-chengdu.aliyuncs.com","callback":"eyJjYWxsYmFja0JvZHlUeXBlIjoiYXBwbGljYXRpb24veC13d3ctZm9ybS11cmxlbmNvZGVkIiwiY2FsbGJhY2tVcmwiOiIiLCJjYWxsYmFja0JvZHkiOiJmaWxlbmFtZT0ke29iamVjdH0mc2l6ZT0ke3NpemV9Jm1pbWVUeXBlPSR7bWltZVR5cGV9JmhlaWdodD0ke2ltYWdlSW5mby5oZWlnaHR9JndpZHRoPSR7aW1hZ2VJbmZvLndpZHRofSJ9","dir":"images/","policy":"eyJleHBpcmF0aW9uIjoiMjAyMi0wNS0xOVQwMzoxOToyNi4xNDNaIiwiY29uZGl0aW9ucyI6W1siY29udGVudC1sZW5ndGgtcmFuZ2UiLDAsMTA0ODU3NjAwMF0sWyJzdGFydHMtd2l0aCIsIiRrZXkiLCJpbWFnZXMvIl1dfQ=="}
耗时:1
2022-05-19 11:14:26.789 [http-nio-8080-exec-7] INFO  com.x.config.mvc.LogRecordAspect 
GET请求/aliyun/oss/signature
参数:dir=images%2F
响应:{"accessId":"LTAI5tQQuPD1Fk7bhcEQbNWk","signature":"8qbGDbROda9uMTREO9kG+4PDad0=","expire":"1652930366","host":"https://lfs-image.oss-cn-chengdu.aliyuncs.com","callback":"eyJjYWxsYmFja0JvZHlUeXBlIjoiYXBwbGljYXRpb24veC13d3ctZm9ybS11cmxlbmNvZGVkIiwiY2FsbGJhY2tVcmwiOiIiLCJjYWxsYmFja0JvZHkiOiJmaWxlbmFtZT0ke29iamVjdH0mc2l6ZT0ke3NpemV9Jm1pbWVUeXBlPSR7bWltZVR5cGV9JmhlaWdodD0ke2ltYWdlSW5mby5oZWlnaHR9JndpZHRoPSR7aW1hZ2VJbmZvLndpZHRofSJ9","dir":"images/","policy":"eyJleHBpcmF0aW9uIjoiMjAyMi0wNS0xOVQwMzoxOToyNi43ODhaIiwiY29uZGl0aW9ucyI6W1siY29udGVudC1sZW5ndGgtcmFuZ2UiLDAsMTA0ODU3NjAwMF0sWyJzdGFydHMtd2l0aCIsIiRrZXkiLCJpbWFnZXMvIl1dfQ=="}
耗时:1
2022-05-19 11:14:26.790 [http-nio-8080-exec-1] INFO  com.x.config.mvc.LogRecordAspect 
GET请求/aliyun/oss/signature
参数:dir=images%2F
响应:{"accessId":"LTAI5tQQuPD1Fk7bhcEQbNWk","signature":"8qbGDbROda9uMTREO9kG+4PDad0=","expire":"1652930366","host":"https://lfs-image.oss-cn-chengdu.aliyuncs.com","callback":"eyJjYWxsYmFja0JvZHlUeXBlIjoiYXBwbGljYXRpb24veC13d3ctZm9ybS11cmxlbmNvZGVkIiwiY2FsbGJhY2tVcmwiOiIiLCJjYWxsYmFja0JvZHkiOiJmaWxlbmFtZT0ke29iamVjdH0mc2l6ZT0ke3NpemV9Jm1pbWVUeXBlPSR7bWltZVR5cGV9JmhlaWdodD0ke2ltYWdlSW5mby5oZWlnaHR9JndpZHRoPSR7aW1hZ2VJbmZvLndpZHRofSJ9","dir":"images/","policy":"eyJleHBpcmF0aW9uIjoiMjAyMi0wNS0xOVQwMzoxOToyNi43ODhaIiwiY29uZGl0aW9ucyI6W1siY29udGVudC1sZW5ndGgtcmFuZ2UiLDAsMTA0ODU3NjAwMF0sWyJzdGFydHMtd2l0aCIsIiRrZXkiLCJpbWFnZXMvIl1dfQ=="}
耗时:2
2022-05-19 11:51:00.749 [http-nio-8080-exec-3] INFO  com.x.config.mvc.LogRecordAspect 
GET请求/aliyun/oss/signature
参数:dir=images%2F
响应:{"accessId":"LTAI5tQQuPD1Fk7bhcEQbNWk","signature":"cds/Va3IhjF+urIpC2Sbzo6nWoU=","expire":"1652932560","host":"https://lfs-image.oss-cn-chengdu.aliyuncs.com","callback":"eyJjYWxsYmFja0JvZHlUeXBlIjoiYXBwbGljYXRpb24veC13d3ctZm9ybS11cmxlbmNvZGVkIiwiY2FsbGJhY2tVcmwiOiIiLCJjYWxsYmFja0JvZHkiOiJmaWxlbmFtZT0ke29iamVjdH0mc2l6ZT0ke3NpemV9Jm1pbWVUeXBlPSR7bWltZVR5cGV9JmhlaWdodD0ke2ltYWdlSW5mby5oZWlnaHR9JndpZHRoPSR7aW1hZ2VJbmZvLndpZHRofSJ9","dir":"images/","policy":"eyJleHBpcmF0aW9uIjoiMjAyMi0wNS0xOVQwMzo1NjowMC43NDlaIiwiY29uZGl0aW9ucyI6W1siY29udGVudC1sZW5ndGgtcmFuZ2UiLDAsMTA0ODU3NjAwMF0sWyJzdGFydHMtd2l0aCIsIiRrZXkiLCJpbWFnZXMvIl1dfQ=="}
耗时:0
2022-05-19 11:51:00.753 [http-nio-8080-exec-10] INFO  com.x.config.mvc.LogRecordAspect 
GET请求/aliyun/oss/signature
参数:dir=images%2F
响应:{"accessId":"LTAI5tQQuPD1Fk7bhcEQbNWk","signature":"cds/Va3IhjF+urIpC2Sbzo6nWoU=","expire":"1652932560","host":"https://lfs-image.oss-cn-chengdu.aliyuncs.com","callback":"eyJjYWxsYmFja0JvZHlUeXBlIjoiYXBwbGljYXRpb24veC13d3ctZm9ybS11cmxlbmNvZGVkIiwiY2FsbGJhY2tVcmwiOiIiLCJjYWxsYmFja0JvZHkiOiJmaWxlbmFtZT0ke29iamVjdH0mc2l6ZT0ke3NpemV9Jm1pbWVUeXBlPSR7bWltZVR5cGV9JmhlaWdodD0ke2ltYWdlSW5mby5oZWlnaHR9JndpZHRoPSR7aW1hZ2VJbmZvLndpZHRofSJ9","dir":"images/","policy":"eyJleHBpcmF0aW9uIjoiMjAyMi0wNS0xOVQwMzo1NjowMC43NDlaIiwiY29uZGl0aW9ucyI6W1siY29udGVudC1sZW5ndGgtcmFuZ2UiLDAsMTA0ODU3NjAwMF0sWyJzdGFydHMtd2l0aCIsIiRrZXkiLCJpbWFnZXMvIl1dfQ=="}
耗时:4
2022-05-19 11:51:00.757 [http-nio-8080-exec-8] INFO  com.x.config.mvc.LogRecordAspect 
GET请求/aliyun/oss/signature
参数:dir=images%2F
响应:{"accessId":"LTAI5tQQuPD1Fk7bhcEQbNWk","signature":"y8WlEEMAg6JDly94ywsTLLR61WQ=","expire":"1652932560","host":"https://lfs-image.oss-cn-chengdu.aliyuncs.com","callback":"eyJjYWxsYmFja0JvZHlUeXBlIjoiYXBwbGljYXRpb24veC13d3ctZm9ybS11cmxlbmNvZGVkIiwiY2FsbGJhY2tVcmwiOiIiLCJjYWxsYmFja0JvZHkiOiJmaWxlbmFtZT0ke29iamVjdH0mc2l6ZT0ke3NpemV9Jm1pbWVUeXBlPSR7bWltZVR5cGV9JmhlaWdodD0ke2ltYWdlSW5mby5oZWlnaHR9JndpZHRoPSR7aW1hZ2VJbmZvLndpZHRofSJ9","dir":"images/","policy":"eyJleHBpcmF0aW9uIjoiMjAyMi0wNS0xOVQwMzo1NjowMC43NTZaIiwiY29uZGl0aW9ucyI6W1siY29udGVudC1sZW5ndGgtcmFuZ2UiLDAsMTA0ODU3NjAwMF0sWyJzdGFydHMtd2l0aCIsIiRrZXkiLCJpbWFnZXMvIl1dfQ=="}
耗时:1
2022-05-19 11:51:00.757 [http-nio-8080-exec-6] INFO  com.x.config.mvc.LogRecordAspect 
GET请求/aliyun/oss/signature
参数:dir=images%2F
响应:{"accessId":"LTAI5tQQuPD1Fk7bhcEQbNWk","signature":"y8WlEEMAg6JDly94ywsTLLR61WQ=","expire":"1652932560","host":"https://lfs-image.oss-cn-chengdu.aliyuncs.com","callback":"eyJjYWxsYmFja0JvZHlUeXBlIjoiYXBwbGljYXRpb24veC13d3ctZm9ybS11cmxlbmNvZGVkIiwiY2FsbGJhY2tVcmwiOiIiLCJjYWxsYmFja0JvZHkiOiJmaWxlbmFtZT0ke29iamVjdH0mc2l6ZT0ke3NpemV9Jm1pbWVUeXBlPSR7bWltZVR5cGV9JmhlaWdodD0ke2ltYWdlSW5mby5oZWlnaHR9JndpZHRoPSR7aW1hZ2VJbmZvLndpZHRofSJ9","dir":"images/","policy":"eyJleHBpcmF0aW9uIjoiMjAyMi0wNS0xOVQwMzo1NjowMC43NTZaIiwiY29uZGl0aW9ucyI6W1siY29udGVudC1sZW5ndGgtcmFuZ2UiLDAsMTA0ODU3NjAwMF0sWyJzdGFydHMtd2l0aCIsIiRrZXkiLCJpbWFnZXMvIl1dfQ=="}
耗时:1
2022-05-19 11:51:00.757 [http-nio-8080-exec-2] INFO  com.x.config.mvc.LogRecordAspect 
GET请求/aliyun/oss/signature
参数:dir=images%2F
响应:{"accessId":"LTAI5tQQuPD1Fk7bhcEQbNWk","signature":"y8WlEEMAg6JDly94ywsTLLR61WQ=","expire":"1652932560","host":"https://lfs-image.oss-cn-chengdu.aliyuncs.com","callback":"eyJjYWxsYmFja0JvZHlUeXBlIjoiYXBwbGljYXRpb24veC13d3ctZm9ybS11cmxlbmNvZGVkIiwiY2FsbGJhY2tVcmwiOiIiLCJjYWxsYmFja0JvZHkiOiJmaWxlbmFtZT0ke29iamVjdH0mc2l6ZT0ke3NpemV9Jm1pbWVUeXBlPSR7bWltZVR5cGV9JmhlaWdodD0ke2ltYWdlSW5mby5oZWlnaHR9JndpZHRoPSR7aW1hZ2VJbmZvLndpZHRofSJ9","dir":"images/","policy":"eyJleHBpcmF0aW9uIjoiMjAyMi0wNS0xOVQwMzo1NjowMC43NTZaIiwiY29uZGl0aW9ucyI6W1siY29udGVudC1sZW5ndGgtcmFuZ2UiLDAsMTA0ODU3NjAwMF0sWyJzdGFydHMtd2l0aCIsIiRrZXkiLCJpbWFnZXMvIl1dfQ=="}
耗时:1
2022-05-19 13:33:54.229 [http-nio-8080-exec-9] INFO  com.x.config.mvc.LogRecordAspect 
GET请求/aliyun/oss/signature
参数:dir=images%2F
响应:{"accessId":"LTAI5tQQuPD1Fk7bhcEQbNWk","signature":"6Z6CUxACA/ezQmmsnMjBLvelj+M=","expire":"1652938734","host":"https://lfs-image.oss-cn-chengdu.aliyuncs.com","callback":"eyJjYWxsYmFja0JvZHlUeXBlIjoiYXBwbGljYXRpb24veC13d3ctZm9ybS11cmxlbmNvZGVkIiwiY2FsbGJhY2tVcmwiOiIiLCJjYWxsYmFja0JvZHkiOiJmaWxlbmFtZT0ke29iamVjdH0mc2l6ZT0ke3NpemV9Jm1pbWVUeXBlPSR7bWltZVR5cGV9JmhlaWdodD0ke2ltYWdlSW5mby5oZWlnaHR9JndpZHRoPSR7aW1hZ2VJbmZvLndpZHRofSJ9","dir":"images/","policy":"eyJleHBpcmF0aW9uIjoiMjAyMi0wNS0xOVQwNTozODo1NC4yMjdaIiwiY29uZGl0aW9ucyI6W1siY29udGVudC1sZW5ndGgtcmFuZ2UiLDAsMTA0ODU3NjAwMF0sWyJzdGFydHMtd2l0aCIsIiRrZXkiLCJpbWFnZXMvIl1dfQ=="}
耗时:2
2022-05-19 13:33:54.230 [http-nio-8080-exec-5] INFO  com.x.config.mvc.LogRecordAspect 
GET请求/aliyun/oss/signature
参数:dir=images%2F
响应:{"accessId":"LTAI5tQQuPD1Fk7bhcEQbNWk","signature":"6Z6CUxACA/ezQmmsnMjBLvelj+M=","expire":"1652938734","host":"https://lfs-image.oss-cn-chengdu.aliyuncs.com","callback":"eyJjYWxsYmFja0JvZHlUeXBlIjoiYXBwbGljYXRpb24veC13d3ctZm9ybS11cmxlbmNvZGVkIiwiY2FsbGJhY2tVcmwiOiIiLCJjYWxsYmFja0JvZHkiOiJmaWxlbmFtZT0ke29iamVjdH0mc2l6ZT0ke3NpemV9Jm1pbWVUeXBlPSR7bWltZVR5cGV9JmhlaWdodD0ke2ltYWdlSW5mby5oZWlnaHR9JndpZHRoPSR7aW1hZ2VJbmZvLndpZHRofSJ9","dir":"images/","policy":"eyJleHBpcmF0aW9uIjoiMjAyMi0wNS0xOVQwNTozODo1NC4yMjdaIiwiY29uZGl0aW9ucyI6W1siY29udGVudC1sZW5ndGgtcmFuZ2UiLDAsMTA0ODU3NjAwMF0sWyJzdGFydHMtd2l0aCIsIiRrZXkiLCJpbWFnZXMvIl1dfQ=="}
耗时:3
2022-05-19 13:33:54.230 [http-nio-8080-exec-4] INFO  com.x.config.mvc.LogRecordAspect 
GET请求/aliyun/oss/signature
参数:dir=images%2F
响应:{"accessId":"LTAI5tQQuPD1Fk7bhcEQbNWk","signature":"6Z6CUxACA/ezQmmsnMjBLvelj+M=","expire":"1652938734","host":"https://lfs-image.oss-cn-chengdu.aliyuncs.com","callback":"eyJjYWxsYmFja0JvZHlUeXBlIjoiYXBwbGljYXRpb24veC13d3ctZm9ybS11cmxlbmNvZGVkIiwiY2FsbGJhY2tVcmwiOiIiLCJjYWxsYmFja0JvZHkiOiJmaWxlbmFtZT0ke29iamVjdH0mc2l6ZT0ke3NpemV9Jm1pbWVUeXBlPSR7bWltZVR5cGV9JmhlaWdodD0ke2ltYWdlSW5mby5oZWlnaHR9JndpZHRoPSR7aW1hZ2VJbmZvLndpZHRofSJ9","dir":"images/","policy":"eyJleHBpcmF0aW9uIjoiMjAyMi0wNS0xOVQwNTozODo1NC4yMjdaIiwiY29uZGl0aW9ucyI6W1siY29udGVudC1sZW5ndGgtcmFuZ2UiLDAsMTA0ODU3NjAwMF0sWyJzdGFydHMtd2l0aCIsIiRrZXkiLCJpbWFnZXMvIl1dfQ=="}
耗时:3
2022-05-19 13:34:10.878 [http-nio-8080-exec-1] INFO  com.x.config.mvc.LogRecordAspect 
GET请求/staff/session
参数:null
异常:还未登陆
耗时:6
2022-05-19 13:34:13.328 [http-nio-8080-exec-7] INFO  com.x.config.mvc.LogRecordAspect 
GET请求/aliyun/sts
参数:null
响应:{"accessKeyId":"STS.NUEq1UvnJqdsNSUcUfTLqZSDZ","accessKeySecret":"3ieCbjwxA65HuJU8TvxHbzq3WGccMpPTwxwKRq47KaeW","expiration":"2022-05-19T06:34:13Z","securityToken":"CAISuwJ1q6Ft5B2yfSjIr5bwOovhm7FrxqaYTHXkh1UzWMNdtZbvuDz2IH9Fe3NqCO0XtvowlWxZ6vwflqp3RYQdwOY03S4ovPpt6gqET9frT6XXhOV2dvTHdEGXDxnkpuCwB8zyUNLafNq0dlnAjVUd6LDmdDKkLRvHVJqSksxfc8gwVAu1ZiYkYdBNPVlNpdM9P3ncPurPVRnxmTj0DVF0nQB+hGhj8t6ToKum5wHZkUfxx8IMuo31OeLEVcR3O4plWNrHnI4Tf6HagilL8EoIpuUkzs478Dzc7NaGGAsTsVfUN+TPt9xqJQB0IeoYY/cf86OjyaAp4r2Lx9immk13ULsLA3iFdueJ29DZHe6lDNE9eIvgNm7FutL1bcak7Fl+MC9KbF0VKoZwdiUtE3IoRCrdMbS3Ud4Src1mm8IagAExbtB+x7JjsoWX0x9EDjCXRDNugqSTldHNQlvokq+8vizytggFNGYHJ5YyM8b7yzW7MYAcTumND9ROT4TGEZk4M/HQePyNK0cVM/IPM0pef34yCDzjcGR8S3XtFFesQqJAEFSKy1xknLuovz3SgZidkos1PHqc7CbreX6rAPaqAg=="}
耗时:2478
2022-05-19 15:44:12.915 [background-preinit] INFO  org.hibernate.validator.internal.util.Version HV000001: Hibernate Validator 6.1.7.Final
2022-05-19 15:44:12.957 [main] INFO  com.x.Application Starting Application using Java 11.0.10 on DESKTOP-6STQ666 with PID 11496 (C:\workspace\littlefish\lfs_admin_server\target\classes started by 老徐 in C:\workspace\littlefish\lfs_admin_server)
2022-05-19 15:44:12.959 [main] INFO  com.x.Application The following profiles are active: dev
2022-05-19 15:44:16.063 [main] INFO  o.s.d.r.config.RepositoryConfigurationDelegate Multiple Spring Data modules found, entering strict repository configuration mode!
2022-05-19 15:44:16.069 [main] INFO  o.s.d.r.config.RepositoryConfigurationDelegate Bootstrapping Spring Data MongoDB repositories in DEFAULT mode.
2022-05-19 15:44:16.158 [main] INFO  o.s.d.r.config.RepositoryConfigurationDelegate Finished Spring Data repository scanning in 80 ms. Found 0 MongoDB repository interfaces.
2022-05-19 15:44:16.189 [main] INFO  o.s.d.r.config.RepositoryConfigurationDelegate Multiple Spring Data modules found, entering strict repository configuration mode!
2022-05-19 15:44:16.192 [main] INFO  o.s.d.r.config.RepositoryConfigurationDelegate Bootstrapping Spring Data Redis repositories in DEFAULT mode.
2022-05-19 15:44:16.261 [main] INFO  o.s.d.r.config.RepositoryConfigurationDelegate Finished Spring Data repository scanning in 50 ms. Found 0 Redis repository interfaces.
2022-05-19 15:44:17.017 [main] INFO  o.s.c.s.PostProcessorRegistrationDelegate$BeanPostProcessorChecker Bean 'org.apache.shiro.spring.boot.autoconfigure.ShiroBeanAutoConfiguration' of type [org.apache.shiro.spring.boot.autoconfigure.ShiroBeanAutoConfiguration$$EnhancerBySpringCGLIB$$17ff08c3] is not eligible for getting processed by all BeanPostProcessors (for example: not eligible for auto-proxying)
2022-05-19 15:44:17.119 [main] INFO  o.s.c.s.PostProcessorRegistrationDelegate$BeanPostProcessorChecker Bean 'shiroConfig' of type [com.x.config.shiro.ShiroConfig$$EnhancerBySpringCGLIB$$923c00a5] is not eligible for getting processed by all BeanPostProcessors (for example: not eligible for auto-proxying)
2022-05-19 15:44:17.329 [main] INFO  o.s.c.s.PostProcessorRegistrationDelegate$BeanPostProcessorChecker Bean 'org.apache.shiro.spring.boot.autoconfigure.ShiroAnnotationProcessorAutoConfiguration' of type [org.apache.shiro.spring.boot.autoconfigure.ShiroAnnotationProcessorAutoConfiguration$$EnhancerBySpringCGLIB$$1a924768] is not eligible for getting processed by all BeanPostProcessors (for example: not eligible for auto-proxying)
2022-05-19 15:44:17.753 [main] INFO  o.s.c.s.PostProcessorRegistrationDelegate$BeanPostProcessorChecker Bean 'spring.redis-org.springframework.boot.autoconfigure.data.redis.RedisProperties' of type [org.springframework.boot.autoconfigure.data.redis.RedisProperties] is not eligible for getting processed by all BeanPostProcessors (for example: not eligible for auto-proxying)
2022-05-19 15:44:17.763 [main] INFO  o.s.c.s.PostProcessorRegistrationDelegate$BeanPostProcessorChecker Bean 'org.springframework.boot.autoconfigure.data.redis.LettuceConnectionConfiguration' of type [org.springframework.boot.autoconfigure.data.redis.LettuceConnectionConfiguration] is not eligible for getting processed by all BeanPostProcessors (for example: not eligible for auto-proxying)
2022-05-19 15:44:18.237 [main] INFO  o.s.c.s.PostProcessorRegistrationDelegate$BeanPostProcessorChecker Bean 'lettuceClientResources' of type [io.lettuce.core.resource.DefaultClientResources] is not eligible for getting processed by all BeanPostProcessors (for example: not eligible for auto-proxying)
2022-05-19 15:44:18.490 [main] INFO  o.s.c.s.PostProcessorRegistrationDelegate$BeanPostProcessorChecker Bean 'redisConnectionFactory' of type [org.springframework.data.redis.connection.lettuce.LettuceConnectionFactory] is not eligible for getting processed by all BeanPostProcessors (for example: not eligible for auto-proxying)
2022-05-19 15:44:18.664 [main] INFO  o.s.c.s.PostProcessorRegistrationDelegate$BeanPostProcessorChecker Bean 'shiroRedisTemplate' of type [org.springframework.data.redis.core.RedisTemplate] is not eligible for getting processed by all BeanPostProcessors (for example: not eligible for auto-proxying)
2022-05-19 15:44:18.753 [main] INFO  o.s.c.s.PostProcessorRegistrationDelegate$BeanPostProcessorChecker Bean 'shiroRedisCacheManager' of type [com.x.config.shiro.RedisCacheManager] is not eligible for getting processed by all BeanPostProcessors (for example: not eligible for auto-proxying)
2022-05-19 15:44:18.763 [main] INFO  o.s.c.s.PostProcessorRegistrationDelegate$BeanPostProcessorChecker Bean 'eventBus' of type [org.apache.shiro.event.support.DefaultEventBus] is not eligible for getting processed by all BeanPostProcessors (for example: not eligible for auto-proxying)
2022-05-19 15:44:18.866 [main] INFO  o.s.c.s.PostProcessorRegistrationDelegate$BeanPostProcessorChecker Bean 'org.apache.shiro.spring.config.web.autoconfigure.ShiroWebAutoConfiguration' of type [org.apache.shiro.spring.config.web.autoconfigure.ShiroWebAutoConfiguration$$EnhancerBySpringCGLIB$$3c9b692d] is not eligible for getting processed by all BeanPostProcessors (for example: not eligible for auto-proxying)
2022-05-19 15:44:18.902 [main] INFO  o.s.c.s.PostProcessorRegistrationDelegate$BeanPostProcessorChecker Bean 'myUserRealm' of type [com.x.config.shiro.MyStaffRealm] is not eligible for getting processed by all BeanPostProcessors (for example: not eligible for auto-proxying)
2022-05-19 15:44:20.738 [main] INFO  o.s.c.s.PostProcessorRegistrationDelegate$BeanPostProcessorChecker Bean 'sessionStorageEvaluator' of type [org.apache.shiro.web.mgt.DefaultWebSessionStorageEvaluator] is not eligible for getting processed by all BeanPostProcessors (for example: not eligible for auto-proxying)
2022-05-19 15:44:20.740 [main] INFO  o.s.c.s.PostProcessorRegistrationDelegate$BeanPostProcessorChecker Bean 'subjectDAO' of type [org.apache.shiro.mgt.DefaultSubjectDAO] is not eligible for getting processed by all BeanPostProcessors (for example: not eligible for auto-proxying)
2022-05-19 15:44:20.742 [main] INFO  o.s.c.s.PostProcessorRegistrationDelegate$BeanPostProcessorChecker Bean 'subjectFactory' of type [org.apache.shiro.web.mgt.DefaultWebSubjectFactory] is not eligible for getting processed by all BeanPostProcessors (for example: not eligible for auto-proxying)
2022-05-19 15:44:20.746 [main] INFO  o.s.c.s.PostProcessorRegistrationDelegate$BeanPostProcessorChecker Bean 'rememberMeCookieTemplate' of type [org.apache.shiro.web.servlet.SimpleCookie] is not eligible for getting processed by all BeanPostProcessors (for example: not eligible for auto-proxying)
2022-05-19 15:44:20.752 [main] INFO  o.s.c.s.PostProcessorRegistrationDelegate$BeanPostProcessorChecker Bean 'rememberMeManager' of type [org.apache.shiro.web.mgt.CookieRememberMeManager] is not eligible for getting processed by all BeanPostProcessors (for example: not eligible for auto-proxying)
2022-05-19 15:44:20.757 [main] INFO  o.s.c.s.PostProcessorRegistrationDelegate$BeanPostProcessorChecker Bean 'authenticationStrategy' of type [org.apache.shiro.authc.pam.AtLeastOneSuccessfulStrategy] is not eligible for getting processed by all BeanPostProcessors (for example: not eligible for auto-proxying)
2022-05-19 15:44:20.760 [main] INFO  o.s.c.s.PostProcessorRegistrationDelegate$BeanPostProcessorChecker Bean 'authenticator' of type [org.apache.shiro.authc.pam.ModularRealmAuthenticator] is not eligible for getting processed by all BeanPostProcessors (for example: not eligible for auto-proxying)
2022-05-19 15:44:20.764 [main] INFO  o.s.c.s.PostProcessorRegistrationDelegate$BeanPostProcessorChecker Bean 'authorizer' of type [org.apache.shiro.authz.ModularRealmAuthorizer] is not eligible for getting processed by all BeanPostProcessors (for example: not eligible for auto-proxying)
2022-05-19 15:44:20.773 [main] INFO  o.s.c.s.PostProcessorRegistrationDelegate$BeanPostProcessorChecker Bean 'sessionManager' of type [org.apache.shiro.web.session.mgt.ServletContainerSessionManager] is not eligible for getting processed by all BeanPostProcessors (for example: not eligible for auto-proxying)
2022-05-19 15:44:20.777 [main] INFO  o.s.c.s.PostProcessorRegistrationDelegate$BeanPostProcessorChecker Bean 'securityManager' of type [org.apache.shiro.web.mgt.DefaultWebSecurityManager] is not eligible for getting processed by all BeanPostProcessors (for example: not eligible for auto-proxying)
2022-05-19 15:44:20.817 [main] INFO  o.s.c.s.PostProcessorRegistrationDelegate$BeanPostProcessorChecker Bean 'authorizationAttributeSourceAdvisor' of type [org.apache.shiro.spring.security.interceptor.AuthorizationAttributeSourceAdvisor] is not eligible for getting processed by all BeanPostProcessors (for example: not eligible for auto-proxying)
2022-05-19 15:44:20.825 [main] INFO  o.s.c.s.PostProcessorRegistrationDelegate$BeanPostProcessorChecker Bean 'lock4j-com.baomidou.lock.spring.boot.autoconfigure.Lock4jProperties' of type [com.baomidou.lock.spring.boot.autoconfigure.Lock4jProperties] is not eligible for getting processed by all BeanPostProcessors (for example: not eligible for auto-proxying)
2022-05-19 15:44:20.830 [main] INFO  o.s.c.s.PostProcessorRegistrationDelegate$BeanPostProcessorChecker Bean 'com.baomidou.lock.spring.boot.autoconfigure.LockAutoConfiguration' of type [com.baomidou.lock.spring.boot.autoconfigure.LockAutoConfiguration$$EnhancerBySpringCGLIB$$338011c2] is not eligible for getting processed by all BeanPostProcessors (for example: not eligible for auto-proxying)
2022-05-19 15:44:20.849 [main] INFO  o.s.c.s.PostProcessorRegistrationDelegate$BeanPostProcessorChecker Bean 'lockFailureStrategy' of type [com.baomidou.lock.DefaultLockFailureStrategy] is not eligible for getting processed by all BeanPostProcessors (for example: not eligible for auto-proxying)
2022-05-19 15:44:20.853 [main] INFO  o.s.c.s.PostProcessorRegistrationDelegate$BeanPostProcessorChecker Bean 'com.baomidou.lock.spring.boot.autoconfigure.RedisTemplateLockAutoConfiguration' of type [com.baomidou.lock.spring.boot.autoconfigure.RedisTemplateLockAutoConfiguration$$EnhancerBySpringCGLIB$$7a764271] is not eligible for getting processed by all BeanPostProcessors (for example: not eligible for auto-proxying)
2022-05-19 15:44:20.858 [main] INFO  o.s.c.s.PostProcessorRegistrationDelegate$BeanPostProcessorChecker Bean 'org.springframework.boot.autoconfigure.data.redis.RedisAutoConfiguration' of type [org.springframework.boot.autoconfigure.data.redis.RedisAutoConfiguration] is not eligible for getting processed by all BeanPostProcessors (for example: not eligible for auto-proxying)
2022-05-19 15:44:20.861 [main] INFO  o.s.c.s.PostProcessorRegistrationDelegate$BeanPostProcessorChecker Bean 'stringRedisTemplate' of type [org.springframework.data.redis.core.StringRedisTemplate] is not eligible for getting processed by all BeanPostProcessors (for example: not eligible for auto-proxying)
2022-05-19 15:44:20.918 [main] INFO  o.s.c.s.PostProcessorRegistrationDelegate$BeanPostProcessorChecker Bean 'redisTemplateLockExecutor' of type [com.baomidou.lock.executor.RedisTemplateLockExecutor] is not eligible for getting processed by all BeanPostProcessors (for example: not eligible for auto-proxying)
2022-05-19 15:44:20.926 [main] INFO  o.s.c.s.PostProcessorRegistrationDelegate$BeanPostProcessorChecker Bean 'lockTemplate' of type [com.baomidou.lock.LockTemplate] is not eligible for getting processed by all BeanPostProcessors (for example: not eligible for auto-proxying)
2022-05-19 15:44:20.932 [main] INFO  o.s.c.s.PostProcessorRegistrationDelegate$BeanPostProcessorChecker Bean 'lockKeyBuilder' of type [com.baomidou.lock.DefaultLockKeyBuilder] is not eligible for getting processed by all BeanPostProcessors (for example: not eligible for auto-proxying)
2022-05-19 15:44:20.933 [main] INFO  o.s.c.s.PostProcessorRegistrationDelegate$BeanPostProcessorChecker Bean 'lockInterceptor' of type [com.baomidou.lock.aop.LockInterceptor] is not eligible for getting processed by all BeanPostProcessors (for example: not eligible for auto-proxying)
2022-05-19 15:44:20.937 [main] INFO  o.s.c.s.PostProcessorRegistrationDelegate$BeanPostProcessorChecker Bean 'lockAnnotationAdvisor' of type [com.baomidou.lock.aop.LockAnnotationAdvisor] is not eligible for getting processed by all BeanPostProcessors (for example: not eligible for auto-proxying)
2022-05-19 15:44:21.214 [main] INFO  o.s.c.s.PostProcessorRegistrationDelegate$BeanPostProcessorChecker Bean 'shiroFilterChainDefinition' of type [org.apache.shiro.spring.web.config.DefaultShiroFilterChainDefinition] is not eligible for getting processed by all BeanPostProcessors (for example: not eligible for auto-proxying)
2022-05-19 15:44:21.249 [main] INFO  o.s.c.s.PostProcessorRegistrationDelegate$BeanPostProcessorChecker Bean 'org.springframework.boot.autoconfigure.session.SessionAutoConfiguration$ServletSessionConfiguration' of type [org.springframework.boot.autoconfigure.session.SessionAutoConfiguration$ServletSessionConfiguration] is not eligible for getting processed by all BeanPostProcessors (for example: not eligible for auto-proxying)
2022-05-19 15:44:21.328 [main] INFO  o.s.c.s.PostProcessorRegistrationDelegate$BeanPostProcessorChecker Bean 'server-org.springframework.boot.autoconfigure.web.ServerProperties' of type [org.springframework.boot.autoconfigure.web.ServerProperties] is not eligible for getting processed by all BeanPostProcessors (for example: not eligible for auto-proxying)
2022-05-19 15:44:21.357 [main] INFO  o.s.c.s.PostProcessorRegistrationDelegate$BeanPostProcessorChecker Bean 'cookieSerializer' of type [org.springframework.session.web.http.DefaultCookieSerializer] is not eligible for getting processed by all BeanPostProcessors (for example: not eligible for auto-proxying)
2022-05-19 15:44:21.393 [main] INFO  o.s.c.s.PostProcessorRegistrationDelegate$BeanPostProcessorChecker Bean 'redisSessionConfig' of type [com.x.config.mvc.RedisSessionConfig$$EnhancerBySpringCGLIB$$d3f93ef2] is not eligible for getting processed by all BeanPostProcessors (for example: not eligible for auto-proxying)
2022-05-19 15:44:21.433 [main] INFO  o.s.c.s.PostProcessorRegistrationDelegate$BeanPostProcessorChecker Bean 'springSessionDefaultRedisSerializer' of type [com.x.config.shiro.ShiroRedisSerializer] is not eligible for getting processed by all BeanPostProcessors (for example: not eligible for auto-proxying)
2022-05-19 15:44:21.464 [main] INFO  o.s.c.s.PostProcessorRegistrationDelegate$BeanPostProcessorChecker Bean 'org.springframework.session.data.redis.config.annotation.web.http.RedisHttpSessionConfiguration' of type [org.springframework.session.data.redis.config.annotation.web.http.RedisHttpSessionConfiguration] is not eligible for getting processed by all BeanPostProcessors (for example: not eligible for auto-proxying)
2022-05-19 15:44:21.560 [main] INFO  o.s.c.s.PostProcessorRegistrationDelegate$BeanPostProcessorChecker Bean 'sessionRepository' of type [org.springframework.session.data.redis.RedisIndexedSessionRepository] is not eligible for getting processed by all BeanPostProcessors (for example: not eligible for auto-proxying)
2022-05-19 15:44:21.628 [main] INFO  o.s.c.s.PostProcessorRegistrationDelegate$BeanPostProcessorChecker Bean 'springSessionRepositoryFilter' of type [org.springframework.session.web.http.SessionRepositoryFilter] is not eligible for getting processed by all BeanPostProcessors (for example: not eligible for auto-proxying)
2022-05-19 15:44:21.642 [main] INFO  o.s.c.s.PostProcessorRegistrationDelegate$BeanPostProcessorChecker Bean 'requestContextFilter' of type [org.springframework.boot.web.servlet.filter.OrderedRequestContextFilter] is not eligible for getting processed by all BeanPostProcessors (for example: not eligible for auto-proxying)
2022-05-19 15:44:21.665 [main] INFO  o.s.c.s.PostProcessorRegistrationDelegate$BeanPostProcessorChecker Bean 'org.springframework.boot.autoconfigure.web.servlet.WebMvcAutoConfiguration' of type [org.springframework.boot.autoconfigure.web.servlet.WebMvcAutoConfiguration] is not eligible for getting processed by all BeanPostProcessors (for example: not eligible for auto-proxying)
2022-05-19 15:44:21.676 [main] INFO  o.s.c.s.PostProcessorRegistrationDelegate$BeanPostProcessorChecker Bean 'formContentFilter' of type [org.springframework.boot.web.servlet.filter.OrderedFormContentFilter] is not eligible for getting processed by all BeanPostProcessors (for example: not eligible for auto-proxying)
2022-05-19 15:44:21.699 [main] INFO  o.s.c.s.PostProcessorRegistrationDelegate$BeanPostProcessorChecker Bean 'org.springframework.boot.autoconfigure.web.servlet.HttpEncodingAutoConfiguration' of type [org.springframework.boot.autoconfigure.web.servlet.HttpEncodingAutoConfiguration] is not eligible for getting processed by all BeanPostProcessors (for example: not eligible for auto-proxying)
2022-05-19 15:44:21.714 [main] INFO  o.s.c.s.PostProcessorRegistrationDelegate$BeanPostProcessorChecker Bean 'characterEncodingFilter' of type [org.springframework.boot.web.servlet.filter.OrderedCharacterEncodingFilter] is not eligible for getting processed by all BeanPostProcessors (for example: not eligible for auto-proxying)
2022-05-19 15:44:21.791 [main] INFO  o.s.c.s.PostProcessorRegistrationDelegate$BeanPostProcessorChecker Bean 'org.apache.shiro.spring.config.web.autoconfigure.ShiroWebFilterConfiguration' of type [org.apache.shiro.spring.config.web.autoconfigure.ShiroWebFilterConfiguration$$EnhancerBySpringCGLIB$$6f05ce64] is not eligible for getting processed by all BeanPostProcessors (for example: not eligible for auto-proxying)
2022-05-19 15:44:21.870 [main] INFO  o.s.c.s.PostProcessorRegistrationDelegate$BeanPostProcessorChecker Bean 'globalFilters' of type [java.util.Collections$SingletonList] is not eligible for getting processed by all BeanPostProcessors (for example: not eligible for auto-proxying)
2022-05-19 15:44:23.236 [main] INFO  o.s.boot.web.embedded.tomcat.TomcatWebServer Tomcat initialized with port(s): 8080 (http)
2022-05-19 15:44:23.276 [main] INFO  org.apache.coyote.http11.Http11NioProtocol Initializing ProtocolHandler ["http-nio-8080"]
2022-05-19 15:44:23.278 [main] INFO  org.apache.catalina.core.StandardService Starting service [Tomcat]
2022-05-19 15:44:23.278 [main] INFO  org.apache.catalina.core.StandardEngine Starting Servlet engine: [Apache Tomcat/9.0.43]
2022-05-19 15:44:23.703 [main] INFO  o.a.c.core.ContainerBase.[Tomcat].[localhost].[/] Initializing Spring embedded WebApplicationContext
2022-05-19 15:44:23.704 [main] INFO  o.s.b.w.s.c.ServletWebServerApplicationContext Root WebApplicationContext: initialization completed in 10621 ms
2022-05-19 15:44:24.255 [main] INFO  org.mongodb.driver.cluster Cluster created with settings {hosts=[127.0.0.1:13001], mode=SINGLE, requiredClusterType=UNKNOWN, serverSelectionTimeout='30000 ms'}
2022-05-19 15:44:24.564 [cluster-rtt-ClusterId{value='6285f5587b983f1faeee0bd6', description='null'}-127.0.0.1:13001] INFO  org.mongodb.driver.connection Opened connection [connectionId{localValue:2, serverValue:6}] to 127.0.0.1:13001
2022-05-19 15:44:24.564 [cluster-ClusterId{value='6285f5587b983f1faeee0bd6', description='null'}-127.0.0.1:13001] INFO  org.mongodb.driver.connection Opened connection [connectionId{localValue:1, serverValue:7}] to 127.0.0.1:13001
2022-05-19 15:44:24.565 [cluster-ClusterId{value='6285f5587b983f1faeee0bd6', description='null'}-127.0.0.1:13001] INFO  org.mongodb.driver.cluster Monitor thread successfully connected to server with description ServerDescription{address=127.0.0.1:13001, type=STANDALONE, state=CONNECTED, ok=true, minWireVersion=0, maxWireVersion=7, maxDocumentSize=16777216, logicalSessionTimeoutMinutes=30, roundTripTimeNanos=122574900}
2022-05-19 15:44:27.190 [main] INFO  c.a.d.s.b.a.DruidDataSourceAutoConfigure Init DruidDataSource
2022-05-19 15:44:28.317 [main] INFO  com.alibaba.druid.pool.DruidDataSource {dataSource-1} inited
2022-05-19 15:44:32.631 [main] WARN  c.baomidou.mybatisplus.core.toolkit.ReflectionKit Warn: StaffServiceImpl not set the actual class on superclass generic parameter
2022-05-19 15:44:32.660 [main] WARN  c.baomidou.mybatisplus.core.toolkit.ReflectionKit Warn: StaffRoleServiceImpl not set the actual class on superclass generic parameter
2022-05-19 15:44:32.667 [main] WARN  c.b.mybatisplus.core.metadata.TableInfoHelper Can not find table primary key in Class: "com.x.data.po.StaffRole".
2022-05-19 15:44:33.242 [main] INFO  com.x.service.impl.WxPayServiceImpl wxPayService init success
2022-05-19 15:44:39.569 [main] INFO  o.s.scheduling.concurrent.ThreadPoolTaskExecutor Initializing ExecutorService 'applicationTaskExecutor'
2022-05-19 15:44:40.762 [main] INFO  org.apache.coyote.http11.Http11NioProtocol Starting ProtocolHandler ["http-nio-8080"]
2022-05-19 15:44:40.824 [main] INFO  o.s.boot.web.embedded.tomcat.TomcatWebServer Tomcat started on port(s): 8080 (http) with context path ''
2022-05-19 15:44:42.651 [main] INFO  o.s.s.a.ScheduledAnnotationBeanPostProcessor No TaskScheduler/ScheduledExecutorService bean found for scheduled processing
2022-05-19 15:44:42.673 [main] INFO  com.x.Application Started Application in 31.436 seconds (JVM running for 33.127)
