2022-06-02 08:17:10.001 [springSessionRedisMessageListenerContainer-26] WARN  o.s.s.data.redis.RedisIndexedSessionRepository Unable to publish SessionDestroyedEvent for session 413a2057-31ef-4239-9b3e-9f1243461c3a
2022-06-02 08:40:03.449 [http-nio-8080-exec-4] INFO  com.x.config.mvc.LogRecordAspect 
PUT请求/product/sku
参数:{"id":"629728e7da667d6000146db0","name":"套餐2","properties":"{\"交通车型\":\"保姆车\",\"住宿标准\":\"三星或同级\"}"}
响应:{"id":"629728e7da667d6000146db0","name":"套餐2","productId":"628ca7e45f2a87006fd75a46","properties":{"交通车型":"保姆车","住宿标准":"三星或同级"},"state":0}
耗时:16
2022-06-02 08:40:34.430 [http-nio-8080-exec-6] INFO  com.x.config.mvc.LogRecordAspect 
PUT请求/product/sku
参数:{"id":"629728e7da667d6000146db0","name":"套餐2","properties":"{\"交通车型\":\"保姆车\",\"住宿标准\":\"三星或同级1\"}"}
响应:{"id":"629728e7da667d6000146db0","name":"套餐2","productId":"628ca7e45f2a87006fd75a46","properties":{"交通车型":"保姆车","住宿标准":"三星或同级1"},"state":0}
耗时:4
2022-06-02 08:45:17.905 [http-nio-8080-exec-8] INFO  com.x.config.mvc.LogRecordAspect 
GET请求/product/sku
参数:productId=628ca7e45f2a87006fd75a46
响应:[{"id":"6297291fda667d6000146db1","name":"套餐1","productId":"628ca7e45f2a87006fd75a46","properties":{"交通车型":"普通大巴","住宿标准":"三星或同级"},"state":0},{"id":"629728e7da667d6000146db0","name":"套餐2","productId":"628ca7e45f2a87006fd75a46","properties":{"交通车型":"保姆车","住宿标准":"三星或同级1"},"state":0}]
耗时:12
2022-06-02 08:46:28.224 [http-nio-8080-exec-7] INFO  com.x.config.mvc.LogRecordAspect 
GET请求/product/sku
参数:productId=628ca7e45f2a87006fd75a46
响应:[{"id":"6297291fda667d6000146db1","name":"套餐1","productId":"628ca7e45f2a87006fd75a46","properties":{"交通车型":"普通大巴","住宿标准":"三星或同级"},"state":0},{"id":"629728e7da667d6000146db0","name":"套餐2","productId":"628ca7e45f2a87006fd75a46","properties":{"交通车型":"保姆车","住宿标准":"三星或同级1"},"state":0}]
耗时:5
2022-06-02 08:47:04.341 [http-nio-8080-exec-10] INFO  com.x.config.mvc.LogRecordAspect 
GET请求/staff/session
参数:null
异常:还未登陆
耗时:3
2022-06-02 08:47:04.884 [http-nio-8080-exec-1] INFO  com.x.config.mvc.LogRecordAspect 
GET请求/aliyun/sts
参数:null
响应:{"accessKeyId":"STS.NTJWK9df3GiE4Z1KujhuApf12","accessKeySecret":"AeZVAXFGdryJCQ7hfndcpDktfKiQeNu5rta6pF2zEdsz","expiration":"2022-06-02T01:47:04Z","securityToken":"CAISuwJ1q6Ft5B2yfSjIr5f/HPGNibkS8KuuNnyAr3U/ZPptn6Oa0Dz2IH9Fe3NqCO0XtvowlWxZ6vwflqp3RYQdp65NlTEovPpt6gqET9frT6XXhOV2dvTHdEGXDxnkpuCwB8zyUNLafNq0dlnAjVUd6LDmdDKkLRvHVJqSksxfc8gwVAu1ZiYkYdBNPVlNpdM9P3ncPurPVRnxmTj0DVF0nQB+hGhj8t6ToKum5wHZkUfxx8IMuo31OeLEVcR3O4plWNrHnI4Tf6HagilL8EoIpuUkzs478Dzc7NaGGAsTsVfUN+TPt9xqJQB0IeoYY/cf86OjyaAp4r2Lx9immk13ULsLA3iFdueJ29DZHe6lDNE9eIvgNm7FutL1bcak7Fl+MC9KbF0VKoZwdiUtE3IoRCrdMbS3Ud4Src1mm8IagAGms9EDpPKIZveyc8P9t0R03D0vYU2Z2yq89nJnDxJIQUyIonS+Tf+Jwsm5Uo7cQZgc/jPVZzQs30cNQb7jDINasLETHor8MP0qNjl8iYfOsy5IhhVMJOaFszMPJOIqpvudgEllOXfmUzVOUhcs0OsWJSa3HlMluA+hzrG1FUm9/g=="}
耗时:617
2022-06-02 08:47:09.841 [http-nio-8080-exec-9] INFO  com.x.config.mvc.LogRecordAspect 
POST请求/staff/session
参数:{"password":"7dd75c55c0f3a84969cacc5fcdbbd980","phone":"13880605659"}
响应:{"createTime":"2021-12-29 16:00:36","id":1,"name":"徐竟浩","phone":"13880605659","roles":[{"id":1,"key":"admin","name":"系统管理员"}],"state":1}
耗时:1820
2022-06-02 08:47:09.908 [http-nio-8080-exec-5] INFO  com.x.config.mvc.LogRecordAspect 
GET请求/staff/session
参数:null
响应:{"createTime":"2021-12-29 16:00:36","id":1,"name":"徐竟浩","phone":"13880605659","roles":[{"id":1,"key":"admin","name":"系统管理员"}],"state":1}
耗时:1
2022-06-02 08:47:17.989 [http-nio-8080-exec-6] INFO  com.x.config.mvc.LogRecordAspect 
GET请求/product
参数:current=1&pageSize=20
响应:{"data":[{"days":3,"departPlace":["四川省","成都市"],"destination":["四川省","成都市"],"id":"628ca7e45f2a87006fd75a46","imageUrls":["http://lfs-image.oss-cn-chengdu.aliyuncs.com/images/8349051042433.jpg?Expires=1654134437&OSSAccessKeyId=LTAI5tQQuPD1Fk7bhcEQbNWk&Signature=KOYr03rLWTD2h4g3oxfiuS4mYjA%3D","http://lfs-image.oss-cn-chengdu.aliyuncs.com/images/8349054711605.jpg?Expires=1654134437&OSSAccessKeyId=LTAI5tQQuPD1Fk7bhcEQbNWk&Signature=WG%2Fj1rOrFIbSfmOxvpgnNo%2FdVEY%3D"],"nights":2,"state":0,"title":"九寨沟+黄龙风景名胜区3日2晚跟团游9:30晚出发+国旅真纯玩+【升级五星品牌Hilton希尔顿酒店/天源豪生/千鹤国际/携程5钻酒店可选】【松潘古城】+可升『头等舱保姆车』+升级五钻酒店美食+24小时客服+成都三环内免费接"},{"days":3,"departPlace":["四川省","成都市"],"destination":["四川省","成都市"],"id":"628cebf8de5bc62c3a2d97ac","imageUrls":["http://lfs-image.oss-cn-chengdu.aliyuncs.com/images/8349051042433.jpg?Expires=1654134437&OSSAccessKeyId=LTAI5tQQuPD1Fk7bhcEQbNWk&Signature=KOYr03rLWTD2h4g3oxfiuS4mYjA%3D","http://lfs-image.oss-cn-chengdu.aliyuncs.com/images/8349054711605.jpg?Expires=1654134437&OSSAccessKeyId=LTAI5tQQuPD1Fk7bhcEQbNWk&Signature=WG%2Fj1rOrFIbSfmOxvpgnNo%2FdVEY%3D"],"nights":2,"state":0,"title":"九寨沟+黄龙风景名胜区3日2晚跟团游9:30晚出发+国旅真纯玩+【升级五星品牌Hilton希尔顿酒店/天源豪生/千鹤国际/携程5钻酒店可选】【松潘古城】+可升『头等舱保姆车』+升级五钻酒店美食+24小时客服+成都三环内免费接"},{"days":3,"departPlace":["四川省","成都市"],"destination":["四川省","成都市"],"id":"628cec1ade5bc62c3a2d97ad","imageUrls":["http://lfs-image.oss-cn-chengdu.aliyuncs.com/images/8349051042433.jpg?Expires=1654134437&OSSAccessKeyId=LTAI5tQQuPD1Fk7bhcEQbNWk&Signature=KOYr03rLWTD2h4g3oxfiuS4mYjA%3D","http://lfs-image.oss-cn-chengdu.aliyuncs.com/images/8349054711605.jpg?Expires=1654134437&OSSAccessKeyId=LTAI5tQQuPD1Fk7bhcEQbNWk&Signature=WG%2Fj1rOrFIbSfmOxvpgnNo%2FdVEY%3D"],"nights":2,"state":0,"title":"九寨沟+黄龙风景名胜区3日2晚跟团游9:30晚出发+国旅真纯玩+【升级五星品牌Hilton希尔顿酒店/天源豪生/千鹤国际/携程5钻酒店可选】【松潘古城】+可升『头等舱保姆车』+升级五钻酒店美食+24小时客服+成都三环内免费接"},{"days":3,"departPlace":["四川省","成都市"],"destination":["四川省","成都市"],"id":"6293836cd64fff5f278b332c","imageUrls":["http://lfs-image.oss-cn-chengdu.aliyuncs.com/images/8349051042433.jpg?Expires=1654134437&OSSAccessKeyId=LTAI5tQQuPD1Fk7bhcEQbNWk&Signature=KOYr03rLWTD2h4g3oxfiuS4mYjA%3D","http://lfs-image.oss-cn-chengdu.aliyuncs.com/images/8349054711605.jpg?Expires=1654134437&OSSAccessKeyId=LTAI5tQQuPD1Fk7bhcEQbNWk&Signature=WG%2Fj1rOrFIbSfmOxvpgnNo%2FdVEY%3D"],"nights":2,"state":0,"title":"九寨沟+黄龙风景名胜区3日2晚"}],"success":true,"total":4}
耗时:773
2022-06-02 08:47:22.073 [http-nio-8080-exec-8] INFO  com.x.config.mvc.LogRecordAspect 
GET请求/product/sku
参数:productId=628ca7e45f2a87006fd75a46
响应:[{"id":"6297291fda667d6000146db1","name":"套餐1","productId":"628ca7e45f2a87006fd75a46","properties":{"交通车型":"普通大巴","住宿标准":"三星或同级"},"state":0},{"id":"629728e7da667d6000146db0","name":"套餐2","productId":"628ca7e45f2a87006fd75a46","properties":{"交通车型":"保姆车","住宿标准":"三星或同级1"},"state":0}]
耗时:4
2022-06-02 08:48:20.379 [http-nio-8080-exec-7] INFO  com.x.config.mvc.LogRecordAspect 
PUT请求/product/sku
参数:{"id":"629728e7da667d6000146db0","name":"套餐2","properties":"{\"交通车型\":\"保姆车\",\"住宿标准\":\"三星或同级1\"}"}
响应:{"id":"629728e7da667d6000146db0","name":"套餐2","productId":"628ca7e45f2a87006fd75a46","properties":{"交通车型":"保姆车","住宿标准":"三星或同级1"},"state":0}
耗时:10
2022-06-02 08:50:27.680 [http-nio-8080-exec-10] INFO  com.x.config.mvc.LogRecordAspect 
PUT请求/product/sku
参数:{"id":"629728e7da667d6000146db0","name":"套餐2","properties":"{\"交通车型\":\"保姆车\",\"住宿标准\":\"三星或同级1\"}"}
响应:{"id":"629728e7da667d6000146db0","name":"套餐2","productId":"628ca7e45f2a87006fd75a46","properties":{"交通车型":"保姆车","住宿标准":"三星或同级1"},"state":0}
耗时:6
2022-06-02 08:52:00.001 [http-nio-8080-exec-1] INFO  com.x.config.mvc.LogRecordAspect 
GET请求/product/sku
参数:productId=628ca7e45f2a87006fd75a46
响应:[{"id":"6297291fda667d6000146db1","name":"套餐1","productId":"628ca7e45f2a87006fd75a46","properties":{"交通车型":"普通大巴","住宿标准":"三星或同级"},"state":0},{"id":"629728e7da667d6000146db0","name":"套餐2","productId":"628ca7e45f2a87006fd75a46","properties":{"交通车型":"保姆车","住宿标准":"三星或同级1"},"state":0}]
耗时:10
2022-06-02 08:52:00.082 [http-nio-8080-exec-9] INFO  com.x.config.mvc.LogRecordAspect 
GET请求/product/sku
参数:productId=628ca7e45f2a87006fd75a46
响应:[{"id":"6297291fda667d6000146db1","name":"套餐1","productId":"628ca7e45f2a87006fd75a46","properties":{"交通车型":"普通大巴","住宿标准":"三星或同级"},"state":0},{"id":"629728e7da667d6000146db0","name":"套餐2","productId":"628ca7e45f2a87006fd75a46","properties":{"交通车型":"保姆车","住宿标准":"三星或同级1"},"state":0}]
耗时:6
2022-06-02 08:52:07.007 [http-nio-8080-exec-5] INFO  com.x.config.mvc.LogRecordAspect 
GET请求/aliyun/sts
参数:null
响应:{"accessKeyId":"STS.NTz9TbSUy78YbkSiEz7q1Jqox","accessKeySecret":"ASPLizuuk3THv5fuxx6gcj2xWr6s44mgnJKhJLzWTkAi","expiration":"2022-06-02T01:52:06Z","securityToken":"CAISuwJ1q6Ft5B2yfSjIr5fPcu7WvopYgPqyYE3ijUUvO/4dpbTEmjz2IH9Fe3NqCO0XtvowlWxZ6vwflqp3RYQd4eZflTEovPpt6gqET9frT6XXhOV2dvTHdEGXDxnkpuCwB8zyUNLafNq0dlnAjVUd6LDmdDKkLRvHVJqSksxfc8gwVAu1ZiYkYdBNPVlNpdM9P3ncPurPVRnxmTj0DVF0nQB+hGhj8t6ToKum5wHZkUfxx8IMuo31OeLEVcR3O4plWNrHnI4Tf6HagilL8EoIpuUkzs478Dzc7NaGGAsTsVfUN+TPt9xqJQB0IeoYY/cf86OjyaAp4r2Lx9immk13ULsLA3iFdueJ29DZHe6lDNE9eIvgNm7FutL1bcak7Fl+MC9KbF0VKoZwdiUtE3IoRCrdMbS3Ud4Src1mm8IagAEMZiNZkYYafJstJCeHrWNb22qJ/46Hf361O+eGvVDh0uByRfYzo0eXBUrZbCTTcR+tUm2tmAproccJOgnhziViylTuMRRCRMnkvKW7g6SGoYk0Ja+IGb9UERY2dJahDxWgbf6k2ry266xLGy/P78xPdQjlEUpBnRFK4hujOie34w=="}
耗时:463
2022-06-02 08:52:07.114 [http-nio-8080-exec-4] INFO  com.x.config.mvc.LogRecordAspect 
GET请求/staff/session
参数:null
响应:{"createTime":"2021-12-29 16:00:36","id":1,"name":"徐竟浩","phone":"13880605659","roles":[{"id":1,"key":"admin","name":"系统管理员"}],"state":1}
耗时:1
2022-06-02 08:52:10.344 [http-nio-8080-exec-3] INFO  com.x.config.mvc.LogRecordAspect 
GET请求/product/sku
参数:productId=628ca7e45f2a87006fd75a46
响应:[{"id":"6297291fda667d6000146db1","name":"套餐1","productId":"628ca7e45f2a87006fd75a46","properties":{"交通车型":"普通大巴","住宿标准":"三星或同级"},"state":0},{"id":"629728e7da667d6000146db0","name":"套餐2","productId":"628ca7e45f2a87006fd75a46","properties":{"交通车型":"保姆车","住宿标准":"三星或同级1"},"state":0}]
耗时:8
2022-06-02 09:00:29.673 [http-nio-8080-exec-2] INFO  com.x.config.mvc.LogRecordAspect 
GET请求/product/sku
参数:productId=628ca7e45f2a87006fd75a46
响应:[{"id":"6297291fda667d6000146db1","name":"套餐1","productId":"628ca7e45f2a87006fd75a46","properties":{"交通车型":"普通大巴","住宿标准":"三星或同级"},"state":0},{"id":"629728e7da667d6000146db0","name":"套餐2","productId":"628ca7e45f2a87006fd75a46","properties":{"交通车型":"保姆车","住宿标准":"三星或同级1"},"state":0}]
耗时:5
2022-06-02 09:01:36.725 [http-nio-8080-exec-8] INFO  com.x.config.mvc.LogRecordAspect 
GET请求/staff/session
参数:null
响应:{"createTime":"2021-12-29 16:00:36","id":1,"name":"徐竟浩","phone":"13880605659","roles":[{"id":1,"key":"admin","name":"系统管理员"}],"state":1}
耗时:1
2022-06-02 09:01:37.178 [http-nio-8080-exec-6] INFO  com.x.config.mvc.LogRecordAspect 
GET请求/aliyun/sts
参数:null
响应:{"accessKeyId":"STS.NTN9bxpSZoAjS19n5S3hNUvwB","accessKeySecret":"FnYzzDPadUokoCvYwEPZPTE4d6qYpPev2sk1hGiTwY8","expiration":"2022-06-02T02:01:37Z","securityToken":"CAISuwJ1q6Ft5B2yfSjIr5f7ctjMnYx72IOBUReIijUGP+diurPcoDz2IH9Fe3NqCO0XtvowlWxZ6vwflqp3RYQduo06lDEovPpt6gqET9frT6XXhOV2dvTHdEGXDxnkpuCwB8zyUNLafNq0dlnAjVUd6LDmdDKkLRvHVJqSksxfc8gwVAu1ZiYkYdBNPVlNpdM9P3ncPurPVRnxmTj0DVF0nQB+hGhj8t6ToKum5wHZkUfxx8IMuo31OeLEVcR3O4plWNrHnI4Tf6HagilL8EoIpuUkzs478Dzc7NaGGAsTsVfUN+TPt9xqJQB0IeoYY/cf86OjyaAp4r2Lx9immk13ULsLA3iFdueJ29DZHe6lDNE9eIvgNm7FutL1bcak7Fl+MC9KbF0VKoZwdiUtE3IoRCrdMbS3Ud4Src1mm8IagAE2AnPIPfsBmluVcHwIGTSw+MUqg8nSWI8mCk8CDY59PR6ki7FkrCo1S97uboVp8nB5PNj5XqELykoo71S1zLT2ikgmV9T70FXevV4DkRnZZvXvfZbN+u+r/qviNfeiqy+JQ4ytlSNBcUcHVAF3uwkbYlsWGgf14NhZpbIK/kgFJA=="}
耗时:440
2022-06-02 09:01:38.694 [http-nio-8080-exec-7] INFO  com.x.config.mvc.LogRecordAspect 
GET请求/product/sku
参数:productId=628ca7e45f2a87006fd75a46
响应:[{"id":"6297291fda667d6000146db1","name":"套餐1","productId":"628ca7e45f2a87006fd75a46","properties":{"交通车型":"普通大巴","住宿标准":"三星或同级"},"state":0},{"id":"629728e7da667d6000146db0","name":"套餐2","productId":"628ca7e45f2a87006fd75a46","properties":{"交通车型":"保姆车","住宿标准":"三星或同级1"},"state":0}]
耗时:8
2022-06-02 09:02:01.821 [http-nio-8080-exec-10] INFO  com.x.config.mvc.LogRecordAspect 
PUT请求/product/sku
参数:{"id":"629728e7da667d6000146db0","name":"套餐2","properties":"{\"交通车型\":\"保姆车\",\"住宿标准\":\"四星或同级\"}"}
响应:{"id":"629728e7da667d6000146db0","name":"套餐2","productId":"628ca7e45f2a87006fd75a46","properties":{"交通车型":"保姆车","住宿标准":"四星或同级"},"state":0}
耗时:20
2022-06-02 09:03:04.861 [http-nio-8080-exec-1] INFO  com.x.config.mvc.LogRecordAspect 
GET请求/product/sku
参数:productId=628ca7e45f2a87006fd75a46
响应:[{"id":"6297291fda667d6000146db1","name":"套餐1","productId":"628ca7e45f2a87006fd75a46","properties":{"交通车型":"普通大巴","住宿标准":"三星或同级"},"state":0},{"id":"629728e7da667d6000146db0","name":"套餐2","productId":"628ca7e45f2a87006fd75a46","properties":{"交通车型":"保姆车","住宿标准":"四星或同级"},"state":0}]
耗时:4
2022-06-02 09:21:10.008 [http-nio-8080-exec-5] INFO  com.x.config.mvc.LogRecordAspect 
GET请求/staff/session
参数:null
响应:{"createTime":"2021-12-29 16:00:36","id":1,"name":"徐竟浩","phone":"13880605659","roles":[{"id":1,"key":"admin","name":"系统管理员"}],"state":1}
耗时:10
2022-06-02 09:21:11.794 [http-nio-8080-exec-9] INFO  com.x.config.mvc.LogRecordAspect 
GET请求/aliyun/sts
参数:null
响应:{"accessKeyId":"STS.NTaJeFGFD8eMCtffLuqcQrENz","accessKeySecret":"Fcjc96KZixkexgCDNc5Pwk2k1u1eqsMBxpPcMt91LkH6","expiration":"2022-06-02T02:21:11Z","securityToken":"CAISuwJ1q6Ft5B2yfSjIr5fUAd/yqpllj6emQVLXgkwgfex9nYDlmDz2IH9Fe3NqCO0XtvowlWxZ6vwflqp3RYQd9KVylDEovPpt6gqET9frT6XXhOV2dvTHdEGXDxnkpuCwB8zyUNLafNq0dlnAjVUd6LDmdDKkLRvHVJqSksxfc8gwVAu1ZiYkYdBNPVlNpdM9P3ncPurPVRnxmTj0DVF0nQB+hGhj8t6ToKum5wHZkUfxx8IMuo31OeLEVcR3O4plWNrHnI4Tf6HagilL8EoIpuUkzs478Dzc7NaGGAsTsVfUN+TPt9xqJQB0IeoYY/cf86OjyaAp4r2Lx9immk13ULsLA3iFdueJ29DZHe6lDNE9eIvgNm7FutL1bcak7Fl+MC9KbF0VKoZwdiUtE3IoRCrdMbS3Ud4Src1mm8IagAGIDbuskRLT0NMqqPrUrFmQPIkNUJxEHktd+alkVKEoVRONg+r+hreBYwVHxSPX3SGQ5CxXcSf+P+XybDK870O04qlgzOyLrnhfx+wU97xB37gJUGp5Q28SmTi3G5WUyHAxLQcHE0JZ0gjohJPbcm0ON7E0Uz3BUe2qlZodhj9XSg=="}
耗时:1916
2022-06-02 09:21:12.154 [http-nio-8080-exec-4] INFO  com.x.config.mvc.LogRecordAspect 
GET请求/product/sku
参数:productId=628ca7e45f2a87006fd75a46
响应:[{"id":"6297291fda667d6000146db1","name":"套餐1","productId":"628ca7e45f2a87006fd75a46","properties":{"交通车型":"普通大巴","住宿标准":"三星或同级"},"state":0},{"id":"629728e7da667d6000146db0","name":"套餐2","productId":"628ca7e45f2a87006fd75a46","properties":{"交通车型":"保姆车","住宿标准":"四星或同级"},"state":0}]
耗时:14
2022-06-02 09:21:19.583 [http-nio-8080-exec-3] INFO  com.x.config.mvc.LogRecordAspect 
PUT请求/product/sku
参数:{"id":"629728e7da667d6000146db0","name":"套餐2","properties":"{\"交通车型\":\"保姆车\",\"住宿标准\":\"四星或同级\"}"}
响应:{"id":"629728e7da667d6000146db0","name":"套餐2","productId":"628ca7e45f2a87006fd75a46","properties":{"交通车型":"保姆车","住宿标准":"四星或同级"},"state":0}
耗时:9
2022-06-02 09:21:25.328 [http-nio-8080-exec-8] INFO  com.x.config.mvc.LogRecordAspect 
GET请求/staff/session
参数:null
响应:{"createTime":"2021-12-29 16:00:36","id":1,"name":"徐竟浩","phone":"13880605659","roles":[{"id":1,"key":"admin","name":"系统管理员"}],"state":1}
耗时:1
2022-06-02 09:21:25.576 [http-nio-8080-exec-2] INFO  com.x.config.mvc.LogRecordAspect 
GET请求/aliyun/sts
参数:null
响应:{"accessKeyId":"STS.NSm3NKbZiaVujhhxbnR2i8BLo","accessKeySecret":"8UsvZMZSvXG89UzCzctZ51acjaHjZQkifvRVxzWQDocy","expiration":"2022-06-02T02:21:25Z","securityToken":"CAISuwJ1q6Ft5B2yfSjIr5DYePT/j4VI1pSeaE7ZnGI7Xr1F14fnjTz2IH9Fe3NqCO0XtvowlWxZ6vwflqp3RYQd+MlylDEovPpt6gqET9frT6XXhOV2dvTHdEGXDxnkpuCwB8zyUNLafNq0dlnAjVUd6LDmdDKkLRvHVJqSksxfc8gwVAu1ZiYkYdBNPVlNpdM9P3ncPurPVRnxmTj0DVF0nQB+hGhj8t6ToKum5wHZkUfxx8IMuo31OeLEVcR3O4plWNrHnI4Tf6HagilL8EoIpuUkzs478Dzc7NaGGAsTsVfUN+TPt9xqJQB0IeoYY/cf86OjyaAp4r2Lx9immk13ULsLA3iFdueJ29DZHe6lDNE9eIvgNm7FutL1bcak7Fl+MC9KbF0VKoZwdiUtE3IoRCrdMbS3Ud4Src1mm8IagAEwGfETNvt8nAZz40BIuiyhkJRjEuXyGEPC1W3+iSa2RCVSOaCQM0586DVk/lFdsUDv5ZDpzWCDGbB1uB0auJrdkOXJH/yC/V6Z//rDGaP9FN4zcKl1p3vpLsbizgGi0Bxwaac+/2fe0+Mos1TQBEvJof20XkyWzBcyEXbt/kx47w=="}
耗时:314
2022-06-02 09:21:27.329 [http-nio-8080-exec-6] INFO  com.x.config.mvc.LogRecordAspect 
GET请求/product/sku
参数:productId=628ca7e45f2a87006fd75a46
响应:[{"id":"6297291fda667d6000146db1","name":"套餐1","productId":"628ca7e45f2a87006fd75a46","properties":{"交通车型":"普通大巴","住宿标准":"三星或同级"},"state":0},{"id":"629728e7da667d6000146db0","name":"套餐2","productId":"628ca7e45f2a87006fd75a46","properties":{"交通车型":"保姆车","住宿标准":"四星或同级"},"state":0}]
耗时:5
2022-06-02 09:33:04.998 [http-nio-8080-exec-10] INFO  com.x.config.mvc.LogRecordAspect 
GET请求/staff/session
参数:null
响应:{"createTime":"2021-12-29 16:00:36","id":1,"name":"徐竟浩","phone":"13880605659","roles":[{"id":1,"key":"admin","name":"系统管理员"}],"state":1}
耗时:2
2022-06-02 09:33:05.435 [http-nio-8080-exec-7] INFO  com.x.config.mvc.LogRecordAspect 
GET请求/aliyun/sts
参数:null
响应:{"accessKeyId":"STS.NTuhw9Atmr2SDSBaqzwHwxXtU","accessKeySecret":"2y7nKBsHTb6josZgZBYaSZAG5q6dC13Huyvk1rn84ZTQ","expiration":"2022-06-02T02:33:05Z","securityToken":"CAISuwJ1q6Ft5B2yfSjIr5fAI82NrKtMxfC4RnXzhXEve8dbl53ftzz2IH9Fe3NqCO0XtvowlWxZ6vwflqp3RYQdge0llzEovPpt6gqET9frT6XXhOV2dvTHdEGXDxnkpuCwB8zyUNLafNq0dlnAjVUd6LDmdDKkLRvHVJqSksxfc8gwVAu1ZiYkYdBNPVlNpdM9P3ncPurPVRnxmTj0DVF0nQB+hGhj8t6ToKum5wHZkUfxx8IMuo31OeLEVcR3O4plWNrHnI4Tf6HagilL8EoIpuUkzs478Dzc7NaGGAsTsVfUN+TPt9xqJQB0IeoYY/cf86OjyaAp4r2Lx9immk13ULsLA3iFdueJ29DZHe6lDNE9eIvgNm7FutL1bcak7Fl+MC9KbF0VKoZwdiUtE3IoRCrdMbS3Ud4Src1mm8IagAE4CaJXFSWXn0xd5+H/ixx8o7q2TrGM6Fc7+LPel2lD6wqw5dvkGtlEmL5E8goYQoiezIJD2H/MXQCyJrPaZuDwNratPQIUMQao49j3OoD6PkYJHM7VZ3Vhk2RQkWMiYFjF7DvoESEbPjfmd051vkglzddYsT+HE2t21W7dyZJA+w=="}
耗时:464
2022-06-02 09:33:06.391 [http-nio-8080-exec-1] INFO  com.x.config.mvc.LogRecordAspect 
GET请求/product/sku
参数:productId=628ca7e45f2a87006fd75a46
响应:[{"id":"6297291fda667d6000146db1","name":"套餐1","productId":"628ca7e45f2a87006fd75a46","properties":{"交通车型":"普通大巴","住宿标准":"三星或同级"},"state":0},{"id":"629728e7da667d6000146db0","name":"套餐2","productId":"628ca7e45f2a87006fd75a46","properties":{"交通车型":"保姆车","住宿标准":"四星或同级"},"state":0}]
耗时:7
2022-06-02 09:33:31.361 [background-preinit] INFO  org.hibernate.validator.internal.util.Version HV000001: Hibernate Validator 6.1.7.Final
2022-06-02 09:33:31.426 [main] INFO  com.x.Application Starting Application using Java 11.0.10 on DESKTOP-6STQ666 with PID 7028 (C:\workspace\littlefish\lfs_admin_server\target\classes started by 老徐 in C:\workspace\littlefish\lfs_admin_server)
2022-06-02 09:33:31.460 [main] INFO  com.x.Application The following profiles are active: dev
2022-06-02 09:33:41.690 [main] INFO  o.s.d.r.config.RepositoryConfigurationDelegate Multiple Spring Data modules found, entering strict repository configuration mode!
2022-06-02 09:33:41.700 [main] INFO  o.s.d.r.config.RepositoryConfigurationDelegate Bootstrapping Spring Data MongoDB repositories in DEFAULT mode.
2022-06-02 09:33:41.998 [main] INFO  o.s.d.r.config.RepositoryConfigurationDelegate Finished Spring Data repository scanning in 280 ms. Found 0 MongoDB repository interfaces.
2022-06-02 09:33:42.075 [main] INFO  o.s.d.r.config.RepositoryConfigurationDelegate Multiple Spring Data modules found, entering strict repository configuration mode!
2022-06-02 09:33:42.092 [main] INFO  o.s.d.r.config.RepositoryConfigurationDelegate Bootstrapping Spring Data Redis repositories in DEFAULT mode.
2022-06-02 09:33:42.311 [main] INFO  o.s.d.r.config.RepositoryConfigurationDelegate Finished Spring Data repository scanning in 144 ms. Found 0 Redis repository interfaces.
2022-06-02 09:33:44.234 [main] INFO  o.s.c.s.PostProcessorRegistrationDelegate$BeanPostProcessorChecker Bean 'org.apache.shiro.spring.boot.autoconfigure.ShiroBeanAutoConfiguration' of type [org.apache.shiro.spring.boot.autoconfigure.ShiroBeanAutoConfiguration$$EnhancerBySpringCGLIB$$e19685c6] is not eligible for getting processed by all BeanPostProcessors (for example: not eligible for auto-proxying)
2022-06-02 09:33:44.512 [main] INFO  o.s.c.s.PostProcessorRegistrationDelegate$BeanPostProcessorChecker Bean 'shiroConfig' of type [com.x.config.shiro.ShiroConfig$$EnhancerBySpringCGLIB$$5bd37da8] is not eligible for getting processed by all BeanPostProcessors (for example: not eligible for auto-proxying)
2022-06-02 09:33:45.070 [main] INFO  o.s.c.s.PostProcessorRegistrationDelegate$BeanPostProcessorChecker Bean 'org.apache.shiro.spring.boot.autoconfigure.ShiroAnnotationProcessorAutoConfiguration' of type [org.apache.shiro.spring.boot.autoconfigure.ShiroAnnotationProcessorAutoConfiguration$$EnhancerBySpringCGLIB$$e429c46b] is not eligible for getting processed by all BeanPostProcessors (for example: not eligible for auto-proxying)
2022-06-02 09:33:46.140 [main] INFO  o.s.c.s.PostProcessorRegistrationDelegate$BeanPostProcessorChecker Bean 'spring.redis-org.springframework.boot.autoconfigure.data.redis.RedisProperties' of type [org.springframework.boot.autoconfigure.data.redis.RedisProperties] is not eligible for getting processed by all BeanPostProcessors (for example: not eligible for auto-proxying)
2022-06-02 09:33:46.174 [main] INFO  o.s.c.s.PostProcessorRegistrationDelegate$BeanPostProcessorChecker Bean 'org.springframework.boot.autoconfigure.data.redis.LettuceConnectionConfiguration' of type [org.springframework.boot.autoconfigure.data.redis.LettuceConnectionConfiguration] is not eligible for getting processed by all BeanPostProcessors (for example: not eligible for auto-proxying)
2022-06-02 09:33:47.352 [main] INFO  o.s.c.s.PostProcessorRegistrationDelegate$BeanPostProcessorChecker Bean 'lettuceClientResources' of type [io.lettuce.core.resource.DefaultClientResources] is not eligible for getting processed by all BeanPostProcessors (for example: not eligible for auto-proxying)
2022-06-02 09:33:48.175 [main] INFO  o.s.c.s.PostProcessorRegistrationDelegate$BeanPostProcessorChecker Bean 'redisConnectionFactory' of type [org.springframework.data.redis.connection.lettuce.LettuceConnectionFactory] is not eligible for getting processed by all BeanPostProcessors (for example: not eligible for auto-proxying)
2022-06-02 09:33:48.660 [main] INFO  o.s.c.s.PostProcessorRegistrationDelegate$BeanPostProcessorChecker Bean 'shiroRedisTemplate' of type [org.springframework.data.redis.core.RedisTemplate] is not eligible for getting processed by all BeanPostProcessors (for example: not eligible for auto-proxying)
2022-06-02 09:33:48.938 [main] INFO  o.s.c.s.PostProcessorRegistrationDelegate$BeanPostProcessorChecker Bean 'shiroRedisCacheManager' of type [com.x.config.shiro.RedisCacheManager] is not eligible for getting processed by all BeanPostProcessors (for example: not eligible for auto-proxying)
2022-06-02 09:33:48.974 [main] INFO  o.s.c.s.PostProcessorRegistrationDelegate$BeanPostProcessorChecker Bean 'eventBus' of type [org.apache.shiro.event.support.DefaultEventBus] is not eligible for getting processed by all BeanPostProcessors (for example: not eligible for auto-proxying)
2022-06-02 09:33:49.240 [main] INFO  o.s.c.s.PostProcessorRegistrationDelegate$BeanPostProcessorChecker Bean 'org.apache.shiro.spring.config.web.autoconfigure.ShiroWebAutoConfiguration' of type [org.apache.shiro.spring.config.web.autoconfigure.ShiroWebAutoConfiguration$$EnhancerBySpringCGLIB$$632e630] is not eligible for getting processed by all BeanPostProcessors (for example: not eligible for auto-proxying)
2022-06-02 09:33:49.337 [main] INFO  o.s.c.s.PostProcessorRegistrationDelegate$BeanPostProcessorChecker Bean 'myUserRealm' of type [com.x.config.shiro.MyStaffRealm] is not eligible for getting processed by all BeanPostProcessors (for example: not eligible for auto-proxying)
2022-06-02 09:33:52.932 [main] INFO  o.s.c.s.PostProcessorRegistrationDelegate$BeanPostProcessorChecker Bean 'sessionStorageEvaluator' of type [org.apache.shiro.web.mgt.DefaultWebSessionStorageEvaluator] is not eligible for getting processed by all BeanPostProcessors (for example: not eligible for auto-proxying)
2022-06-02 09:33:52.939 [main] INFO  o.s.c.s.PostProcessorRegistrationDelegate$BeanPostProcessorChecker Bean 'subjectDAO' of type [org.apache.shiro.mgt.DefaultSubjectDAO] is not eligible for getting processed by all BeanPostProcessors (for example: not eligible for auto-proxying)
2022-06-02 09:33:52.946 [main] INFO  o.s.c.s.PostProcessorRegistrationDelegate$BeanPostProcessorChecker Bean 'subjectFactory' of type [org.apache.shiro.web.mgt.DefaultWebSubjectFactory] is not eligible for getting processed by all BeanPostProcessors (for example: not eligible for auto-proxying)
2022-06-02 09:33:52.962 [main] INFO  o.s.c.s.PostProcessorRegistrationDelegate$BeanPostProcessorChecker Bean 'rememberMeCookieTemplate' of type [org.apache.shiro.web.servlet.SimpleCookie] is not eligible for getting processed by all BeanPostProcessors (for example: not eligible for auto-proxying)
2022-06-02 09:33:52.983 [main] INFO  o.s.c.s.PostProcessorRegistrationDelegate$BeanPostProcessorChecker Bean 'rememberMeManager' of type [org.apache.shiro.web.mgt.CookieRememberMeManager] is not eligible for getting processed by all BeanPostProcessors (for example: not eligible for auto-proxying)
2022-06-02 09:33:52.993 [main] INFO  o.s.c.s.PostProcessorRegistrationDelegate$BeanPostProcessorChecker Bean 'authenticationStrategy' of type [org.apache.shiro.authc.pam.AtLeastOneSuccessfulStrategy] is not eligible for getting processed by all BeanPostProcessors (for example: not eligible for auto-proxying)
2022-06-02 09:33:52.999 [main] INFO  o.s.c.s.PostProcessorRegistrationDelegate$BeanPostProcessorChecker Bean 'authenticator' of type [org.apache.shiro.authc.pam.ModularRealmAuthenticator] is not eligible for getting processed by all BeanPostProcessors (for example: not eligible for auto-proxying)
2022-06-02 09:33:53.004 [main] INFO  o.s.c.s.PostProcessorRegistrationDelegate$BeanPostProcessorChecker Bean 'authorizer' of type [org.apache.shiro.authz.ModularRealmAuthorizer] is not eligible for getting processed by all BeanPostProcessors (for example: not eligible for auto-proxying)
2022-06-02 09:33:53.012 [main] INFO  o.s.c.s.PostProcessorRegistrationDelegate$BeanPostProcessorChecker Bean 'sessionManager' of type [org.apache.shiro.web.session.mgt.ServletContainerSessionManager] is not eligible for getting processed by all BeanPostProcessors (for example: not eligible for auto-proxying)
2022-06-02 09:33:53.041 [main] INFO  o.s.c.s.PostProcessorRegistrationDelegate$BeanPostProcessorChecker Bean 'securityManager' of type [org.apache.shiro.web.mgt.DefaultWebSecurityManager] is not eligible for getting processed by all BeanPostProcessors (for example: not eligible for auto-proxying)
2022-06-02 09:33:53.202 [main] INFO  o.s.c.s.PostProcessorRegistrationDelegate$BeanPostProcessorChecker Bean 'authorizationAttributeSourceAdvisor' of type [org.apache.shiro.spring.security.interceptor.AuthorizationAttributeSourceAdvisor] is not eligible for getting processed by all BeanPostProcessors (for example: not eligible for auto-proxying)
2022-06-02 09:33:53.237 [main] INFO  o.s.c.s.PostProcessorRegistrationDelegate$BeanPostProcessorChecker Bean 'lock4j-com.baomidou.lock.spring.boot.autoconfigure.Lock4jProperties' of type [com.baomidou.lock.spring.boot.autoconfigure.Lock4jProperties] is not eligible for getting processed by all BeanPostProcessors (for example: not eligible for auto-proxying)
2022-06-02 09:33:53.245 [main] INFO  o.s.c.s.PostProcessorRegistrationDelegate$BeanPostProcessorChecker Bean 'com.baomidou.lock.spring.boot.autoconfigure.LockAutoConfiguration' of type [com.baomidou.lock.spring.boot.autoconfigure.LockAutoConfiguration$$EnhancerBySpringCGLIB$$fd178ec5] is not eligible for getting processed by all BeanPostProcessors (for example: not eligible for auto-proxying)
2022-06-02 09:33:53.306 [main] INFO  o.s.c.s.PostProcessorRegistrationDelegate$BeanPostProcessorChecker Bean 'lockFailureStrategy' of type [com.baomidou.lock.DefaultLockFailureStrategy] is not eligible for getting processed by all BeanPostProcessors (for example: not eligible for auto-proxying)
2022-06-02 09:33:53.326 [main] INFO  o.s.c.s.PostProcessorRegistrationDelegate$BeanPostProcessorChecker Bean 'com.baomidou.lock.spring.boot.autoconfigure.RedisTemplateLockAutoConfiguration' of type [com.baomidou.lock.spring.boot.autoconfigure.RedisTemplateLockAutoConfiguration$$EnhancerBySpringCGLIB$$440dbf74] is not eligible for getting processed by all BeanPostProcessors (for example: not eligible for auto-proxying)
2022-06-02 09:33:53.338 [main] INFO  o.s.c.s.PostProcessorRegistrationDelegate$BeanPostProcessorChecker Bean 'org.springframework.boot.autoconfigure.data.redis.RedisAutoConfiguration' of type [org.springframework.boot.autoconfigure.data.redis.RedisAutoConfiguration] is not eligible for getting processed by all BeanPostProcessors (for example: not eligible for auto-proxying)
2022-06-02 09:33:53.350 [main] INFO  o.s.c.s.PostProcessorRegistrationDelegate$BeanPostProcessorChecker Bean 'stringRedisTemplate' of type [org.springframework.data.redis.core.StringRedisTemplate] is not eligible for getting processed by all BeanPostProcessors (for example: not eligible for auto-proxying)
2022-06-02 09:33:53.480 [main] INFO  o.s.c.s.PostProcessorRegistrationDelegate$BeanPostProcessorChecker Bean 'redisTemplateLockExecutor' of type [com.baomidou.lock.executor.RedisTemplateLockExecutor] is not eligible for getting processed by all BeanPostProcessors (for example: not eligible for auto-proxying)
2022-06-02 09:33:53.505 [main] INFO  o.s.c.s.PostProcessorRegistrationDelegate$BeanPostProcessorChecker Bean 'lockTemplate' of type [com.baomidou.lock.LockTemplate] is not eligible for getting processed by all BeanPostProcessors (for example: not eligible for auto-proxying)
2022-06-02 09:33:53.520 [main] INFO  o.s.c.s.PostProcessorRegistrationDelegate$BeanPostProcessorChecker Bean 'lockKeyBuilder' of type [com.baomidou.lock.DefaultLockKeyBuilder] is not eligible for getting processed by all BeanPostProcessors (for example: not eligible for auto-proxying)
2022-06-02 09:33:53.527 [main] INFO  o.s.c.s.PostProcessorRegistrationDelegate$BeanPostProcessorChecker Bean 'lockInterceptor' of type [com.baomidou.lock.aop.LockInterceptor] is not eligible for getting processed by all BeanPostProcessors (for example: not eligible for auto-proxying)
2022-06-02 09:33:53.538 [main] INFO  o.s.c.s.PostProcessorRegistrationDelegate$BeanPostProcessorChecker Bean 'lockAnnotationAdvisor' of type [com.baomidou.lock.aop.LockAnnotationAdvisor] is not eligible for getting processed by all BeanPostProcessors (for example: not eligible for auto-proxying)
2022-06-02 09:33:54.243 [main] INFO  o.s.c.s.PostProcessorRegistrationDelegate$BeanPostProcessorChecker Bean 'shiroFilterChainDefinition' of type [org.apache.shiro.spring.web.config.DefaultShiroFilterChainDefinition] is not eligible for getting processed by all BeanPostProcessors (for example: not eligible for auto-proxying)
2022-06-02 09:33:54.319 [main] INFO  o.s.c.s.PostProcessorRegistrationDelegate$BeanPostProcessorChecker Bean 'org.springframework.boot.autoconfigure.session.SessionAutoConfiguration$ServletSessionConfiguration' of type [org.springframework.boot.autoconfigure.session.SessionAutoConfiguration$ServletSessionConfiguration] is not eligible for getting processed by all BeanPostProcessors (for example: not eligible for auto-proxying)
2022-06-02 09:33:54.447 [main] INFO  o.s.c.s.PostProcessorRegistrationDelegate$BeanPostProcessorChecker Bean 'server-org.springframework.boot.autoconfigure.web.ServerProperties' of type [org.springframework.boot.autoconfigure.web.ServerProperties] is not eligible for getting processed by all BeanPostProcessors (for example: not eligible for auto-proxying)
2022-06-02 09:33:54.547 [main] INFO  o.s.c.s.PostProcessorRegistrationDelegate$BeanPostProcessorChecker Bean 'cookieSerializer' of type [org.springframework.session.web.http.DefaultCookieSerializer] is not eligible for getting processed by all BeanPostProcessors (for example: not eligible for auto-proxying)
2022-06-02 09:33:54.631 [main] INFO  o.s.c.s.PostProcessorRegistrationDelegate$BeanPostProcessorChecker Bean 'redisSessionConfig' of type [com.x.config.mvc.RedisSessionConfig$$EnhancerBySpringCGLIB$$9d90bbf5] is not eligible for getting processed by all BeanPostProcessors (for example: not eligible for auto-proxying)
2022-06-02 09:33:54.674 [main] INFO  o.s.c.s.PostProcessorRegistrationDelegate$BeanPostProcessorChecker Bean 'springSessionDefaultRedisSerializer' of type [com.x.config.shiro.ShiroRedisSerializer] is not eligible for getting processed by all BeanPostProcessors (for example: not eligible for auto-proxying)
2022-06-02 09:33:54.766 [main] INFO  o.s.c.s.PostProcessorRegistrationDelegate$BeanPostProcessorChecker Bean 'org.springframework.session.data.redis.config.annotation.web.http.RedisHttpSessionConfiguration' of type [org.springframework.session.data.redis.config.annotation.web.http.RedisHttpSessionConfiguration] is not eligible for getting processed by all BeanPostProcessors (for example: not eligible for auto-proxying)
2022-06-02 09:33:54.850 [main] INFO  o.s.c.s.PostProcessorRegistrationDelegate$BeanPostProcessorChecker Bean 'sessionRepository' of type [org.springframework.session.data.redis.RedisIndexedSessionRepository] is not eligible for getting processed by all BeanPostProcessors (for example: not eligible for auto-proxying)
2022-06-02 09:33:54.927 [main] INFO  o.s.c.s.PostProcessorRegistrationDelegate$BeanPostProcessorChecker Bean 'springSessionRepositoryFilter' of type [org.springframework.session.web.http.SessionRepositoryFilter] is not eligible for getting processed by all BeanPostProcessors (for example: not eligible for auto-proxying)
2022-06-02 09:33:54.970 [main] INFO  o.s.c.s.PostProcessorRegistrationDelegate$BeanPostProcessorChecker Bean 'requestContextFilter' of type [org.springframework.boot.web.servlet.filter.OrderedRequestContextFilter] is not eligible for getting processed by all BeanPostProcessors (for example: not eligible for auto-proxying)
2022-06-02 09:33:55.014 [main] INFO  o.s.c.s.PostProcessorRegistrationDelegate$BeanPostProcessorChecker Bean 'org.springframework.boot.autoconfigure.web.servlet.WebMvcAutoConfiguration' of type [org.springframework.boot.autoconfigure.web.servlet.WebMvcAutoConfiguration] is not eligible for getting processed by all BeanPostProcessors (for example: not eligible for auto-proxying)
2022-06-02 09:33:55.039 [main] INFO  o.s.c.s.PostProcessorRegistrationDelegate$BeanPostProcessorChecker Bean 'formContentFilter' of type [org.springframework.boot.web.servlet.filter.OrderedFormContentFilter] is not eligible for getting processed by all BeanPostProcessors (for example: not eligible for auto-proxying)
2022-06-02 09:33:55.129 [main] INFO  o.s.c.s.PostProcessorRegistrationDelegate$BeanPostProcessorChecker Bean 'org.springframework.boot.autoconfigure.web.servlet.HttpEncodingAutoConfiguration' of type [org.springframework.boot.autoconfigure.web.servlet.HttpEncodingAutoConfiguration] is not eligible for getting processed by all BeanPostProcessors (for example: not eligible for auto-proxying)
2022-06-02 09:33:55.182 [main] INFO  o.s.c.s.PostProcessorRegistrationDelegate$BeanPostProcessorChecker Bean 'characterEncodingFilter' of type [org.springframework.boot.web.servlet.filter.OrderedCharacterEncodingFilter] is not eligible for getting processed by all BeanPostProcessors (for example: not eligible for auto-proxying)
2022-06-02 09:33:55.276 [main] INFO  o.s.c.s.PostProcessorRegistrationDelegate$BeanPostProcessorChecker Bean 'org.apache.shiro.spring.config.web.autoconfigure.ShiroWebFilterConfiguration' of type [org.apache.shiro.spring.config.web.autoconfigure.ShiroWebFilterConfiguration$$EnhancerBySpringCGLIB$$389d4b67] is not eligible for getting processed by all BeanPostProcessors (for example: not eligible for auto-proxying)
2022-06-02 09:33:55.371 [main] INFO  o.s.c.s.PostProcessorRegistrationDelegate$BeanPostProcessorChecker Bean 'globalFilters' of type [java.util.Collections$SingletonList] is not eligible for getting processed by all BeanPostProcessors (for example: not eligible for auto-proxying)
2022-06-02 09:33:57.991 [main] INFO  o.s.boot.web.embedded.tomcat.TomcatWebServer Tomcat initialized with port(s): 8080 (http)
2022-06-02 09:33:58.045 [main] INFO  org.apache.coyote.http11.Http11NioProtocol Initializing ProtocolHandler ["http-nio-8080"]
2022-06-02 09:33:58.047 [main] INFO  org.apache.catalina.core.StandardService Starting service [Tomcat]
2022-06-02 09:33:58.048 [main] INFO  org.apache.catalina.core.StandardEngine Starting Servlet engine: [Apache Tomcat/9.0.43]
2022-06-02 09:33:58.627 [main] INFO  o.a.c.core.ContainerBase.[Tomcat].[localhost].[/] Initializing Spring embedded WebApplicationContext
2022-06-02 09:33:58.630 [main] INFO  o.s.b.w.s.c.ServletWebServerApplicationContext Root WebApplicationContext: initialization completed in 26681 ms
2022-06-02 09:34:00.006 [main] INFO  org.mongodb.driver.cluster Cluster created with settings {hosts=[127.0.0.1:13001], mode=SINGLE, requiredClusterType=UNKNOWN, serverSelectionTimeout='30000 ms'}
2022-06-02 09:34:00.708 [cluster-ClusterId{value='629813873aa8774bc93c9187', description='null'}-127.0.0.1:13001] INFO  org.mongodb.driver.connection Opened connection [connectionId{localValue:2, serverValue:15}] to 127.0.0.1:13001
2022-06-02 09:34:00.712 [cluster-ClusterId{value='629813873aa8774bc93c9187', description='null'}-127.0.0.1:13001] INFO  org.mongodb.driver.cluster Monitor thread successfully connected to server with description ServerDescription{address=127.0.0.1:13001, type=STANDALONE, state=CONNECTED, ok=true, minWireVersion=0, maxWireVersion=7, maxDocumentSize=16777216, logicalSessionTimeoutMinutes=30, roundTripTimeNanos=217809000}
2022-06-02 09:34:00.724 [cluster-rtt-ClusterId{value='629813873aa8774bc93c9187', description='null'}-127.0.0.1:13001] INFO  org.mongodb.driver.connection Opened connection [connectionId{localValue:1, serverValue:14}] to 127.0.0.1:13001
2022-06-02 09:34:06.882 [main] INFO  c.a.d.s.b.a.DruidDataSourceAutoConfigure Init DruidDataSource
2022-06-02 09:34:09.216 [main] INFO  com.alibaba.druid.pool.DruidDataSource {dataSource-1} inited
2022-06-02 09:34:19.964 [main] WARN  c.baomidou.mybatisplus.core.toolkit.ReflectionKit Warn: StaffServiceImpl not set the actual class on superclass generic parameter
2022-06-02 09:34:20.048 [main] WARN  c.baomidou.mybatisplus.core.toolkit.ReflectionKit Warn: StaffRoleServiceImpl not set the actual class on superclass generic parameter
2022-06-02 09:34:20.087 [main] WARN  c.b.mybatisplus.core.metadata.TableInfoHelper Can not find table primary key in Class: "com.x.data.po.StaffRole".
2022-06-02 09:34:20.969 [main] INFO  com.x.service.impl.WxPayServiceImpl wxPayService init success
2022-06-02 09:34:38.726 [main] INFO  o.s.scheduling.concurrent.ThreadPoolTaskExecutor Initializing ExecutorService 'applicationTaskExecutor'
2022-06-02 09:34:43.194 [main] INFO  org.apache.coyote.http11.Http11NioProtocol Starting ProtocolHandler ["http-nio-8080"]
2022-06-02 09:34:43.305 [main] INFO  o.s.boot.web.embedded.tomcat.TomcatWebServer Tomcat started on port(s): 8080 (http) with context path ''
2022-06-02 09:34:48.707 [main] INFO  o.s.s.a.ScheduledAnnotationBeanPostProcessor No TaskScheduler/ScheduledExecutorService bean found for scheduled processing
2022-06-02 09:34:48.764 [main] INFO  com.x.Application Started Application in 81.465 seconds (JVM running for 84.947)
2022-06-02 09:50:40.098 [http-nio-8080-exec-1] INFO  o.a.c.core.ContainerBase.[Tomcat].[localhost].[/] Initializing Spring DispatcherServlet 'dispatcherServlet'
2022-06-02 09:50:40.100 [http-nio-8080-exec-1] INFO  org.springframework.web.servlet.DispatcherServlet Initializing Servlet 'dispatcherServlet'
2022-06-02 09:50:40.110 [http-nio-8080-exec-1] INFO  org.springframework.web.servlet.DispatcherServlet Completed initialization in 10 ms
2022-06-02 09:50:41.206 [http-nio-8080-exec-1] INFO  org.mongodb.driver.connection Opened connection [connectionId{localValue:3, serverValue:16}] to 127.0.0.1:13001
2022-06-02 09:50:42.241 [http-nio-8080-exec-1] INFO  com.x.config.mvc.LogRecordAspect 
PUT请求/product/sku
参数:{"id":"629728e7da667d6000146db0","name":"套餐2","properties":"{\"交通车型\":\"保姆车\",\"住宿标准\":\"四星或同级\"}","state":"VALID"}
响应:{"id":"629728e7da667d6000146db0","name":"套餐2","productId":"628ca7e45f2a87006fd75a46","properties":{"交通车型":"保姆车","住宿标准":"四星或同级"},"state":1}
耗时:1357
2022-06-02 09:51:02.633 [http-nio-8080-exec-4] INFO  com.x.config.mvc.LogRecordAspect 
GET请求/staff/session
参数:null
响应:{"createTime":"2021-12-29 16:00:36","id":1,"name":"徐竟浩","phone":"13880605659","roles":[{"id":1,"key":"admin","name":"系统管理员"}],"state":1}
耗时:212
2022-06-02 09:51:04.437 [http-nio-8080-exec-5] INFO  com.x.config.mvc.LogRecordAspect 
GET请求/aliyun/sts
参数:null
响应:{"accessKeyId":"STS.NUVWShHJyeG4SpiXWSYCyQfaH","accessKeySecret":"7syu7QcC13DQ5T2riSUePS6VxGmsMV1V55qSizqHjAaF","expiration":"2022-06-02T02:51:04Z","securityToken":"CAISuwJ1q6Ft5B2yfSjIr5bjHOncpZVY0oXfUVbYvFcGVcxVvqPKqjz2IH9Fe3NqCO0XtvowlWxZ6vwflqp3RYQdm5JnlzEovPpt6gqET9frT6XXhOV2dvTHdEGXDxnkpuCwB8zyUNLafNq0dlnAjVUd6LDmdDKkLRvHVJqSksxfc8gwVAu1ZiYkYdBNPVlNpdM9P3ncPurPVRnxmTj0DVF0nQB+hGhj8t6ToKum5wHZkUfxx8IMuo31OeLEVcR3O4plWNrHnI4Tf6HagilL8EoIpuUkzs478Dzc7NaGGAsTsVfUN+TPt9xqJQB0IeoYY/cf86OjyaAp4r2Lx9immk13ULsLA3iFdueJ29DZHe6lDNE9eIvgNm7FutL1bcak7Fl+MC9KbF0VKoZwdiUtE3IoRCrdMbS3Ud4Src1mm8IagAGykOy10Q1qWj4sXP4lAPuLJnab+YxOW9KtkgYGs7vvXpwG6n1kZ6BdaiAlSMzlGgkDBmarQfVOP6WExIv/0Xu3BYoMC0rXCOIHDw399ObzPLWBajIDgA9IVanb9oz9Rsr3ps0CtpcKOZX5wU++v2oGLQuqUEFUuHoJ2YJEGITbhg=="}
耗时:2034
2022-06-02 09:51:04.916 [http-nio-8080-exec-8] INFO  com.x.config.mvc.LogRecordAspect 
GET请求/product/sku
参数:productId=628ca7e45f2a87006fd75a46
响应:[{"id":"6297291fda667d6000146db1","name":"套餐1","productId":"628ca7e45f2a87006fd75a46","properties":{"交通车型":"普通大巴","住宿标准":"三星或同级"},"state":0},{"id":"629728e7da667d6000146db0","name":"套餐2","productId":"628ca7e45f2a87006fd75a46","properties":{"交通车型":"保姆车","住宿标准":"四星或同级"},"state":1}]
耗时:30
2022-06-02 09:52:40.383 [http-nio-8080-exec-2] INFO  com.x.config.mvc.LogRecordAspect 
GET请求/staff/session
参数:null
响应:{"createTime":"2021-12-29 16:00:36","id":1,"name":"徐竟浩","phone":"13880605659","roles":[{"id":1,"key":"admin","name":"系统管理员"}],"state":1}
耗时:1
2022-06-02 09:52:41.787 [http-nio-8080-exec-3] INFO  com.x.config.mvc.LogRecordAspect 
GET请求/product/sku
参数:productId=628ca7e45f2a87006fd75a46
响应:[{"id":"6297291fda667d6000146db1","name":"套餐1","productId":"628ca7e45f2a87006fd75a46","properties":{"交通车型":"普通大巴","住宿标准":"三星或同级"},"state":0},{"id":"629728e7da667d6000146db0","name":"套餐2","productId":"628ca7e45f2a87006fd75a46","properties":{"交通车型":"保姆车","住宿标准":"四星或同级"},"state":1}]
耗时:8
2022-06-02 09:52:41.798 [http-nio-8080-exec-9] INFO  com.x.config.mvc.LogRecordAspect 
GET请求/aliyun/sts
参数:null
响应:{"accessKeyId":"STS.NUAkEuer4D61fa2gNoPKYHFhn","accessKeySecret":"9DPswR6BhtSPATiuLTtmmVfr9XFmX8ka8X191A3Sugbq","expiration":"2022-06-02T02:52:41Z","securityToken":"CAISuwJ1q6Ft5B2yfSjIr5b0IP/BiK0V8/TaZEeDg046XMR1p4PDjDz2IH9Fe3NqCO0XtvowlWxZ6vwflqp3RYQd94t9lzEovPpt6gqET9frT6XXhOV2dvTHdEGXDxnkpuCwB8zyUNLafNq0dlnAjVUd6LDmdDKkLRvHVJqSksxfc8gwVAu1ZiYkYdBNPVlNpdM9P3ncPurPVRnxmTj0DVF0nQB+hGhj8t6ToKum5wHZkUfxx8IMuo31OeLEVcR3O4plWNrHnI4Tf6HagilL8EoIpuUkzs478Dzc7NaGGAsTsVfUN+TPt9xqJQB0IeoYY/cf86OjyaAp4r2Lx9immk13ULsLA3iFdueJ29DZHe6lDNE9eIvgNm7FutL1bcak7Fl+MC9KbF0VKoZwdiUtE3IoRCrdMbS3Ud4Src1mm8IagAGxeslom9PcV4XV9uIZsffCAsr7KITXb04vaAjoV87ipPUOcp8cAEivsEFqJt3cuk/J0UuSNrTPYJHfiZcHvjh4YTzSBqys7+qkQl9t1ldFe+zXgbQJB6C4rfDcqDQlnLD6MtTEvMsSktBIBUM52pLNpITnuRsSURn6l75RKHYsYQ=="}
耗时:1469
2022-06-02 09:53:26.112 [http-nio-8080-exec-6] INFO  com.x.config.mvc.LogRecordAspect 
POST请求/product/sku
参数:{"name":"套餐3","productId":"628ca7e45f2a87006fd75a46","properties":"{\"交通车型\":\"保姆车\",\"住宿标准\":\"三星或同级\"}"}
响应:{"id":"629818163aa8774bc93c9188","name":"套餐3","productId":"628ca7e45f2a87006fd75a46","properties":{"交通车型":"保姆车","住宿标准":"三星或同级"},"state":0}
耗时:92
2022-06-02 09:53:56.675 [http-nio-8080-exec-7] INFO  com.x.config.mvc.LogRecordAspect 
GET请求/aliyun/sts
参数:null
响应:{"accessKeyId":"STS.NV14iEpEKeAwMsbh5du7ZRC2T","accessKeySecret":"DzRr2Cib3KeWvLyE3reqdzDWnM6yWk3PgH76fdJrywXu","expiration":"2022-06-02T02:53:56Z","securityToken":"CAISuwJ1q6Ft5B2yfSjIr5WEf9PxnZpq0oOcT1XTjDUxebh2vYaZtjz2IH9Fe3NqCO0XtvowlWxZ6vwflqp3RYQdztx5lzEovPpt6gqET9frT6XXhOV2dvTHdEGXDxnkpuCwB8zyUNLafNq0dlnAjVUd6LDmdDKkLRvHVJqSksxfc8gwVAu1ZiYkYdBNPVlNpdM9P3ncPurPVRnxmTj0DVF0nQB+hGhj8t6ToKum5wHZkUfxx8IMuo31OeLEVcR3O4plWNrHnI4Tf6HagilL8EoIpuUkzs478Dzc7NaGGAsTsVfUN+TPt9xqJQB0IeoYY/cf86OjyaAp4r2Lx9immk13ULsLA3iFdueJ29DZHe6lDNE9eIvgNm7FutL1bcak7Fl+MC9KbF0VKoZwdiUtE3IoRCrdMbS3Ud4Src1mm8IagAGEjd2VthUle3/zrgoZ7vCB2aMIFX4d6ib/n7xuCxeeoYDzjsxqQFUWLrUUsYUnCmUZBFbjicijNFSzEt5MUgNbbxLwQkMmODnYwrVBD5iyU7l+RyRWwPdIOfUoQBi47N7sPsbm7utb/Ji3Utr6/mu6/LckyCXx2ugFqSH2C6YOjw=="}
耗时:292
2022-06-02 09:53:56.690 [http-nio-8080-exec-10] INFO  com.x.config.mvc.LogRecordAspect 
GET请求/staff/session
参数:null
响应:{"createTime":"2021-12-29 16:00:36","id":1,"name":"徐竟浩","phone":"13880605659","roles":[{"id":1,"key":"admin","name":"系统管理员"}],"state":1}
耗时:1
2022-06-02 09:53:57.991 [http-nio-8080-exec-1] INFO  com.x.config.mvc.LogRecordAspect 
GET请求/product/sku
参数:productId=628ca7e45f2a87006fd75a46
响应:[{"id":"629818163aa8774bc93c9188","name":"套餐3","productId":"628ca7e45f2a87006fd75a46","properties":{"交通车型":"保姆车","住宿标准":"三星或同级"},"state":0},{"id":"6297291fda667d6000146db1","name":"套餐1","productId":"628ca7e45f2a87006fd75a46","properties":{"交通车型":"普通大巴","住宿标准":"三星或同级"},"state":0},{"id":"629728e7da667d6000146db0","name":"套餐2","productId":"628ca7e45f2a87006fd75a46","properties":{"交通车型":"保姆车","住宿标准":"四星或同级"},"state":1}]
耗时:11
2022-06-02 11:35:00.741 [http-nio-8080-exec-5] INFO  com.x.config.mvc.LogRecordAspect 
GET请求/staff/session
参数:null
响应:{"createTime":"2021-12-29 16:00:36","id":1,"name":"徐竟浩","phone":"13880605659","roles":[{"id":1,"key":"admin","name":"系统管理员"}],"state":1}
耗时:1
2022-06-02 11:35:01.035 [http-nio-8080-exec-4] INFO  com.x.config.mvc.LogRecordAspect 
GET请求/aliyun/sts
参数:null
响应:{"accessKeyId":"STS.NTYzqn8HC19mv1nH131KEL7dZ","accessKeySecret":"VqpfZ3XtpNPkUJSnCh5xdFckQ8pdsdg1WwcBNoPMdwZ","expiration":"2022-06-02T04:35:01Z","securityToken":"CAISuwJ1q6Ft5B2yfSjIr5fsMcva1ZdihvuGdBffrDFmPcRpo/LPuDz2IH9Fe3NqCO0XtvowlWxZ6vwflqp3RYQdxatkkDEovPpt6gqET9frT6XXhOV2dvTHdEGXDxnkpuCwB8zyUNLafNq0dlnAjVUd6LDmdDKkLRvHVJqSksxfc8gwVAu1ZiYkYdBNPVlNpdM9P3ncPurPVRnxmTj0DVF0nQB+hGhj8t6ToKum5wHZkUfxx8IMuo31OeLEVcR3O4plWNrHnI4Tf6HagilL8EoIpuUkzs478Dzc7NaGGAsTsVfUN+TPt9xqJQB0IeoYY/cf86OjyaAp4r2Lx9immk13ULsLA3iFdueJ29DZHe6lDNE9eIvgNm7FutL1bcak7Fl+MC9KbF0VKoZwdiUtE3IoRCrdMbS3Ud4Src1mm8IagAErXnMwsxyI/hUJ7q95f8VLD9K/RLQQ8LpH4L3YBIewCfxuai40tKX3Igtfk6qS/LBr4EsZG4INGXP6dZohS5PDL+CX2mvuqmFWgheDrgp+mJznAijEh1/UMoO9x2m0Dm1TOZeyRlCx6G6TZM89/sf5+Po8iAOwWWQR052liBTGQQ=="}
耗时:295
2022-06-02 11:35:01.244 [http-nio-8080-exec-8] INFO  com.x.config.mvc.LogRecordAspect 
GET请求/product/sku
参数:productId=628ca7e45f2a87006fd75a46
响应:[{"id":"629728e7da667d6000146db0","name":"套餐2","productId":"628ca7e45f2a87006fd75a46","properties":{"交通车型":"保姆车","住宿标准":"四星或同级"},"state":1},{"id":"6297291fda667d6000146db1","name":"套餐1","productId":"628ca7e45f2a87006fd75a46","properties":{"交通车型":"普通大巴","住宿标准":"三星或同级"},"state":0},{"id":"629818163aa8774bc93c9188","name":"套餐3","productId":"628ca7e45f2a87006fd75a46","properties":{"交通车型":"保姆车","住宿标准":"三星或同级"},"state":0}]
耗时:5
2022-06-02 11:43:27.582 [http-nio-8080-exec-2] INFO  com.x.config.mvc.LogRecordAspect 
POST请求/product/sku
参数:{"name":"套餐4","productId":"628ca7e45f2a87006fd75a46","properties":"{\"交通车型\":\"普通大巴\",\"住宿标准\":\"四星或同级\"}"}
响应:{"id":"629831df3aa8774bc93c9189","name":"套餐4","productId":"628ca7e45f2a87006fd75a46","properties":{"交通车型":"普通大巴","住宿标准":"四星或同级"},"state":0}
耗时:3
2022-06-02 11:44:41.786 [http-nio-8080-exec-3] INFO  com.x.config.mvc.LogRecordAspect 
GET请求/staff/session
参数:null
响应:{"createTime":"2021-12-29 16:00:36","id":1,"name":"徐竟浩","phone":"13880605659","roles":[{"id":1,"key":"admin","name":"系统管理员"}],"state":1}
耗时:1
2022-06-02 11:44:42.173 [http-nio-8080-exec-9] INFO  com.x.config.mvc.LogRecordAspect 
GET请求/aliyun/sts
参数:null
响应:{"accessKeyId":"STS.NUzuRfmdTg2sXPFBAvS2u3Df2","accessKeySecret":"3bF7w9Nd1DePUj7K21W5ZSvyaKKaF2ENb4rST69GpaMq","expiration":"2022-06-02T04:44:42Z","securityToken":"CAISuwJ1q6Ft5B2yfSjIr5bPPujSgLt10PCYWnb3pkEjX71Z3IHN0Dz2IH9Fe3NqCO0XtvowlWxZ6vwflqp3RYQdvOhHkDEovPpt6gqET9frT6XXhOV2dvTHdEGXDxnkpuCwB8zyUNLafNq0dlnAjVUd6LDmdDKkLRvHVJqSksxfc8gwVAu1ZiYkYdBNPVlNpdM9P3ncPurPVRnxmTj0DVF0nQB+hGhj8t6ToKum5wHZkUfxx8IMuo31OeLEVcR3O4plWNrHnI4Tf6HagilL8EoIpuUkzs478Dzc7NaGGAsTsVfUN+TPt9xqJQB0IeoYY/cf86OjyaAp4r2Lx9immk13ULsLA3iFdueJ29DZHe6lDNE9eIvgNm7FutL1bcak7Fl+MC9KbF0VKoZwdiUtE3IoRCrdMbS3Ud4Src1mm8IagAEIpPrR5tnJ64LvlFZSCI55cbuT9/1UuBsakX/M4vLGDGXeURj0sg92FsO/nawydhMFwvdBnfa+f32bUGIPYJou/VzHAE7LGF6UIApWU/G5UCdohhZzwRvezbxgFtdDb1GPqjl5tTey5sP4U8lRlP65kjgAYZvEMARI8AIAVMUCFQ=="}
耗时:410
2022-06-02 11:44:42.654 [http-nio-8080-exec-6] INFO  com.x.config.mvc.LogRecordAspect 
GET请求/product/sku
参数:productId=628ca7e45f2a87006fd75a46
响应:[{"id":"629728e7da667d6000146db0","name":"套餐2","productId":"628ca7e45f2a87006fd75a46","properties":{"交通车型":"保姆车","住宿标准":"四星或同级"},"state":1},{"id":"6297291fda667d6000146db1","name":"套餐1","productId":"628ca7e45f2a87006fd75a46","properties":{"交通车型":"普通大巴","住宿标准":"三星或同级"},"state":0},{"id":"629818163aa8774bc93c9188","name":"套餐3","productId":"628ca7e45f2a87006fd75a46","properties":{"交通车型":"保姆车","住宿标准":"三星或同级"},"state":0},{"id":"629831df3aa8774bc93c9189","name":"套餐4","productId":"628ca7e45f2a87006fd75a46","properties":{"交通车型":"普通大巴","住宿标准":"四星或同级"},"state":0}]
耗时:4
2022-06-02 11:44:47.941 [http-nio-8080-exec-7] INFO  com.x.config.mvc.LogRecordAspect 
GET请求/product
参数:current=1&pageSize=20
响应:{"data":[{"days":3,"departPlace":["四川省","成都市"],"destination":["四川省","成都市"],"id":"628ca7e45f2a87006fd75a46","imageUrls":["http://lfs-image.oss-cn-chengdu.aliyuncs.com/images/8349051042433.jpg?Expires=1654145087&OSSAccessKeyId=LTAI5tQQuPD1Fk7bhcEQbNWk&Signature=nz7xHY8Rl6LQRCuPdHpI6KI5sVM%3D","http://lfs-image.oss-cn-chengdu.aliyuncs.com/images/8349054711605.jpg?Expires=1654145087&OSSAccessKeyId=LTAI5tQQuPD1Fk7bhcEQbNWk&Signature=6Oq%2BZsY5TaDRbvVan%2FvmHjMpuGw%3D"],"nights":2,"state":0,"title":"九寨沟+黄龙风景名胜区3日2晚跟团游9:30晚出发+国旅真纯玩+【升级五星品牌Hilton希尔顿酒店/天源豪生/千鹤国际/携程5钻酒店可选】【松潘古城】+可升『头等舱保姆车』+升级五钻酒店美食+24小时客服+成都三环内免费接"},{"days":3,"departPlace":["四川省","成都市"],"destination":["四川省","成都市"],"id":"628cebf8de5bc62c3a2d97ac","imageUrls":["http://lfs-image.oss-cn-chengdu.aliyuncs.com/images/8349051042433.jpg?Expires=1654145087&OSSAccessKeyId=LTAI5tQQuPD1Fk7bhcEQbNWk&Signature=nz7xHY8Rl6LQRCuPdHpI6KI5sVM%3D","http://lfs-image.oss-cn-chengdu.aliyuncs.com/images/8349054711605.jpg?Expires=1654145087&OSSAccessKeyId=LTAI5tQQuPD1Fk7bhcEQbNWk&Signature=6Oq%2BZsY5TaDRbvVan%2FvmHjMpuGw%3D"],"nights":2,"state":0,"title":"九寨沟+黄龙风景名胜区3日2晚跟团游9:30晚出发+国旅真纯玩+【升级五星品牌Hilton希尔顿酒店/天源豪生/千鹤国际/携程5钻酒店可选】【松潘古城】+可升『头等舱保姆车』+升级五钻酒店美食+24小时客服+成都三环内免费接"},{"days":3,"departPlace":["四川省","成都市"],"destination":["四川省","成都市"],"id":"628cec1ade5bc62c3a2d97ad","imageUrls":["http://lfs-image.oss-cn-chengdu.aliyuncs.com/images/8349051042433.jpg?Expires=1654145087&OSSAccessKeyId=LTAI5tQQuPD1Fk7bhcEQbNWk&Signature=nz7xHY8Rl6LQRCuPdHpI6KI5sVM%3D","http://lfs-image.oss-cn-chengdu.aliyuncs.com/images/8349054711605.jpg?Expires=1654145087&OSSAccessKeyId=LTAI5tQQuPD1Fk7bhcEQbNWk&Signature=6Oq%2BZsY5TaDRbvVan%2FvmHjMpuGw%3D"],"nights":2,"state":0,"title":"九寨沟+黄龙风景名胜区3日2晚跟团游9:30晚出发+国旅真纯玩+【升级五星品牌Hilton希尔顿酒店/天源豪生/千鹤国际/携程5钻酒店可选】【松潘古城】+可升『头等舱保姆车』+升级五钻酒店美食+24小时客服+成都三环内免费接"},{"days":3,"departPlace":["四川省","成都市"],"destination":["四川省","成都市"],"id":"6293836cd64fff5f278b332c","imageUrls":["http://lfs-image.oss-cn-chengdu.aliyuncs.com/images/8349051042433.jpg?Expires=1654145087&OSSAccessKeyId=LTAI5tQQuPD1Fk7bhcEQbNWk&Signature=nz7xHY8Rl6LQRCuPdHpI6KI5sVM%3D","http://lfs-image.oss-cn-chengdu.aliyuncs.com/images/8349054711605.jpg?Expires=1654145087&OSSAccessKeyId=LTAI5tQQuPD1Fk7bhcEQbNWk&Signature=6Oq%2BZsY5TaDRbvVan%2FvmHjMpuGw%3D"],"nights":2,"state":0,"title":"九寨沟+黄龙风景名胜区3日2晚"}],"success":true,"total":4}
耗时:190
2022-06-02 11:44:50.040 [http-nio-8080-exec-10] INFO  com.x.config.mvc.LogRecordAspect 
GET请求/product/sku
参数:productId=628cebf8de5bc62c3a2d97ac
响应:[]
耗时:2
2022-06-02 11:46:11.033 [http-nio-8080-exec-1] INFO  com.x.config.mvc.LogRecordAspect 
POST请求/product/sku
参数:{"name":"套餐1","productId":"628cebf8de5bc62c3a2d97ac","properties":"{\"交通车型\":\"大巴\",\"住宿标准\":\"三星\"}"}
响应:{"id":"629832833aa8774bc93c918a","name":"套餐1","productId":"628cebf8de5bc62c3a2d97ac","properties":{"交通车型":"大巴","住宿标准":"三星"},"state":0}
耗时:3
2022-06-02 13:46:15.420 [http-nio-8080-exec-5] INFO  com.x.config.mvc.LogRecordAspect 
GET请求/product/sku
参数:productId=628cebf8de5bc62c3a2d97ac
响应:[{"id":"629832833aa8774bc93c918a","name":"套餐1","productId":"628cebf8de5bc62c3a2d97ac","properties":{"交通车型":"大巴","住宿标准":"三星"},"state":0}]
耗时:6
2022-06-02 13:46:18.490 [http-nio-8080-exec-4] INFO  com.x.config.mvc.LogRecordAspect 
GET请求/product/sku
参数:productId=628cebf8de5bc62c3a2d97ac
响应:[{"id":"629832833aa8774bc93c918a","name":"套餐1","productId":"628cebf8de5bc62c3a2d97ac","properties":{"交通车型":"大巴","住宿标准":"三星"},"state":0}]
耗时:4
2022-06-02 13:46:30.385 [http-nio-8080-exec-2] INFO  com.x.config.mvc.LogRecordAspect 
GET请求/staff/session
参数:null
响应:{"createTime":"2021-12-29 16:00:36","id":1,"name":"徐竟浩","phone":"13880605659","roles":[{"id":1,"key":"admin","name":"系统管理员"}],"state":1}
耗时:2
2022-06-02 13:46:31.240 [http-nio-8080-exec-8] INFO  com.x.config.mvc.LogRecordAspect 
GET请求/aliyun/sts
参数:null
响应:{"accessKeyId":"STS.NSxJ23coGnzYkxEF4ubBSG6hB","accessKeySecret":"AZGGYbeUuh5M4Z1qTDxp7u6zXHXopxGdwxbwScAVhpRE","expiration":"2022-06-02T06:46:32Z","securityToken":"CAISuwJ1q6Ft5B2yfSjIr5DNAYiHjrBm2biyaV70ojQgbs1/qPPDoDz2IH9Fe3NqCO0XtvowlWxZ6vwflqp3RYQdzf4FnDEovPpt6gqET9frT6XXhOV2dvTHdEGXDxnkpuCwB8zyUNLafNq0dlnAjVUd6LDmdDKkLRvHVJqSksxfc8gwVAu1ZiYkYdBNPVlNpdM9P3ncPurPVRnxmTj0DVF0nQB+hGhj8t6ToKum5wHZkUfxx8IMuo31OeLEVcR3O4plWNrHnI4Tf6HagilL8EoIpuUkzs478Dzc7NaGGAsTsVfUN+TPt9xqJQB0IeoYY/cf86OjyaAp4r2Lx9immk13ULsLA3iFdueJ29DZHe6lDNE9eIvgNm7FutL1bcak7Fl+MC9KbF0VKoZwdiUtE3IoRCrdMbS3Ud4Src1mm8IagAGFMNI4boMx/c/HITc4GRC6dTAtkbg1Oq27sM2pWX728cU94QXCxhFe4qSIKT9V3AAT9lwATyCmML85VYBPta1YSzOY66SDZ7V73HeWti6vHyBc9YhZ26E8c7ddHvwkXgFtPgk5VUE31oA8biFpkDh/y6obO9ZuVvsbNhnetG9HYw=="}
耗时:884
2022-06-02 13:46:33.116 [http-nio-8080-exec-3] INFO  com.x.config.mvc.LogRecordAspect 
GET请求/product/sku
参数:productId=628cebf8de5bc62c3a2d97ac
响应:[{"id":"629832833aa8774bc93c918a","name":"套餐1","productId":"628cebf8de5bc62c3a2d97ac","properties":{"交通车型":"大巴","住宿标准":"三星"},"state":0}]
耗时:2
2022-06-02 13:46:41.184 [http-nio-8080-exec-9] INFO  com.x.config.mvc.LogRecordAspect 
PUT请求/product/sku
参数:{"id":"629832833aa8774bc93c918a","name":"套餐1","properties":"{\"交通车型\":\"大巴1\",\"住宿标准\":\"三星\"}","state":"INVALID"}
响应:{"id":"629832833aa8774bc93c918a","name":"套餐1","productId":"628cebf8de5bc62c3a2d97ac","properties":{"交通车型":"大巴1","住宿标准":"三星"},"state":0}
耗时:3
2022-06-02 13:47:21.621 [http-nio-8080-exec-6] INFO  com.x.config.mvc.LogRecordAspect 
PUT请求/product/sku
参数:{"id":"629832833aa8774bc93c918a","name":"套餐1","properties":"{\"交通车型\":\"大巴1\",\"住宿标准\":\"三星\"}","state":"INVALID"}
响应:{"id":"629832833aa8774bc93c918a","name":"套餐1","productId":"628cebf8de5bc62c3a2d97ac","properties":{"交通车型":"大巴1","住宿标准":"三星"},"state":0}
耗时:3
2022-06-02 13:47:44.155 [http-nio-8080-exec-7] INFO  com.x.config.mvc.LogRecordAspect 
GET请求/product/sku
参数:productId=628cebf8de5bc62c3a2d97ac
响应:[{"id":"629832833aa8774bc93c918a","name":"套餐1","productId":"628cebf8de5bc62c3a2d97ac","properties":{"交通车型":"大巴1","住宿标准":"三星"},"state":0}]
耗时:4
2022-06-02 13:47:54.762 [http-nio-8080-exec-10] INFO  com.x.config.mvc.LogRecordAspect 
PUT请求/product/sku
参数:{"id":"629832833aa8774bc93c918a","name":"套餐1","properties":"{\"交通车型\":\"大巴2\",\"住宿标准\":\"三星\"}","state":"INVALID"}
响应:{"id":"629832833aa8774bc93c918a","name":"套餐1","productId":"628cebf8de5bc62c3a2d97ac","properties":{"交通车型":"大巴2","住宿标准":"三星"},"state":0}
耗时:4
2022-06-02 13:50:13.360 [http-nio-8080-exec-1] INFO  com.x.config.mvc.LogRecordAspect 
POST请求/product/sku
参数:{"name":"套餐2","productId":"628cebf8de5bc62c3a2d97ac","properties":"{\"交通车型\":\"大巴\",\"住宿标准\":\"三星\"}"}
响应:{"id":"62984f953aa8774bc93c918b","name":"套餐2","productId":"628cebf8de5bc62c3a2d97ac","properties":{"交通车型":"大巴","住宿标准":"三星"},"state":0}
耗时:3
2022-06-02 15:14:43.417 [http-nio-8080-exec-5] INFO  com.x.config.mvc.LogRecordAspect 
GET请求/product/sku
参数:productId=628cebf8de5bc62c3a2d97ac
响应:[{"id":"629832833aa8774bc93c918a","name":"套餐1","productId":"628cebf8de5bc62c3a2d97ac","properties":{"交通车型":"大巴2","住宿标准":"三星"},"state":0},{"id":"62984f953aa8774bc93c918b","name":"套餐2","productId":"628cebf8de5bc62c3a2d97ac","properties":{"交通车型":"大巴","住宿标准":"三星"},"state":0}]
耗时:27
2022-06-02 17:51:42.026 [http-nio-8080-exec-4] INFO  com.x.config.mvc.LogRecordAspect 
GET请求/product/sku
参数:productId=628cebf8de5bc62c3a2d97ac
响应:[{"id":"629832833aa8774bc93c918a","name":"套餐1","productId":"628cebf8de5bc62c3a2d97ac","properties":{"交通车型":"大巴2","住宿标准":"三星"},"state":0},{"id":"62984f953aa8774bc93c918b","name":"套餐2","productId":"628cebf8de5bc62c3a2d97ac","properties":{"交通车型":"大巴","住宿标准":"三星"},"state":0}]
耗时:28
