2021-06-03 00:00:29.498 [http-nio-8080-exec-9] INFO  com.x.lfs.config.mvc.LogRecordAspect 请求=====>GET /admin
2021-06-03 00:00:29.506 [http-nio-8080-exec-9] INFO  com.x.lfs.config.mvc.LogRecordAspect 请求参数==>:null
2021-06-03 00:00:29.506 [http-nio-8080-exec-9] INFO  com.x.lfs.config.mvc.LogRecordAspect 响应=====>:{"id":"60827d0fd33c901297c895e5","name":"老徐","password":"7dd75c55c0f3a84969cacc5fcdbbd980","phone":"13880605659","roles":[{"id":"60827d051bd0cb10049a7480","name":"admin","permissions":[]}],"state":1}
2021-06-03 00:00:29.506 [http-nio-8080-exec-9] INFO  com.x.lfs.config.mvc.LogRecordAspect 耗时=====>8
2021-06-03 00:00:30.123 [http-nio-8080-exec-1] INFO  com.x.lfs.config.mvc.LogRecordAspect 请求=====>GET /aliyun/oss/signature
2021-06-03 00:00:30.123 [http-nio-8080-exec-10] INFO  com.x.lfs.config.mvc.LogRecordAspect 请求=====>GET /aliyun/oss/signature
2021-06-03 00:00:30.124 [http-nio-8080-exec-1] INFO  com.x.lfs.config.mvc.LogRecordAspect 请求参数==>:null
2021-06-03 00:00:30.124 [http-nio-8080-exec-10] INFO  com.x.lfs.config.mvc.LogRecordAspect 请求参数==>:null
2021-06-03 00:00:30.124 [http-nio-8080-exec-10] INFO  com.x.lfs.config.mvc.LogRecordAspect 响应=====>:{"accessId":"LTAI5tQQuPD1Fk7bhcEQbNWk","signature":"bXhkbyGrHyoZKkpHxvQlQyxZYIE=","expire":"1622649660","host":"https://lfs-image.oss-cn-chengdu.aliyuncs.com","callback":"eyJjYWxsYmFja0JvZHlUeXBlIjoiYXBwbGljYXRpb24veC13d3ctZm9ybS11cmxlbmNvZGVkIiwiY2FsbGJhY2tVcmwiOiIiLCJjYWxsYmFja0JvZHkiOiJmaWxlbmFtZT0ke29iamVjdH0mc2l6ZT0ke3NpemV9Jm1pbWVUeXBlPSR7bWltZVR5cGV9JmhlaWdodD0ke2ltYWdlSW5mby5oZWlnaHR9JndpZHRoPSR7aW1hZ2VJbmZvLndpZHRofSJ9","dir":"images/","policy":"eyJleHBpcmF0aW9uIjoiMjAyMS0wNi0wMlQxNjowMTowMC4wODRaIiwiY29uZGl0aW9ucyI6W1siY29udGVudC1sZW5ndGgtcmFuZ2UiLDAsMTA0ODU3NjAwMF0sWyJzdGFydHMtd2l0aCIsIiRrZXkiLCJpbWFnZXMvIl1dfQ=="}
2021-06-03 00:00:30.124 [http-nio-8080-exec-1] INFO  com.x.lfs.config.mvc.LogRecordAspect 响应=====>:{"accessId":"LTAI5tQQuPD1Fk7bhcEQbNWk","signature":"bXhkbyGrHyoZKkpHxvQlQyxZYIE=","expire":"1622649660","host":"https://lfs-image.oss-cn-chengdu.aliyuncs.com","callback":"eyJjYWxsYmFja0JvZHlUeXBlIjoiYXBwbGljYXRpb24veC13d3ctZm9ybS11cmxlbmNvZGVkIiwiY2FsbGJhY2tVcmwiOiIiLCJjYWxsYmFja0JvZHkiOiJmaWxlbmFtZT0ke29iamVjdH0mc2l6ZT0ke3NpemV9Jm1pbWVUeXBlPSR7bWltZVR5cGV9JmhlaWdodD0ke2ltYWdlSW5mby5oZWlnaHR9JndpZHRoPSR7aW1hZ2VJbmZvLndpZHRofSJ9","dir":"images/","policy":"eyJleHBpcmF0aW9uIjoiMjAyMS0wNi0wMlQxNjowMTowMC4wODRaIiwiY29uZGl0aW9ucyI6W1siY29udGVudC1sZW5ndGgtcmFuZ2UiLDAsMTA0ODU3NjAwMF0sWyJzdGFydHMtd2l0aCIsIiRrZXkiLCJpbWFnZXMvIl1dfQ=="}
2021-06-03 00:00:30.124 [http-nio-8080-exec-10] INFO  com.x.lfs.config.mvc.LogRecordAspect 耗时=====>48
2021-06-03 00:00:30.124 [http-nio-8080-exec-1] INFO  com.x.lfs.config.mvc.LogRecordAspect 耗时=====>48
2021-06-03 00:00:46.768 [http-nio-8080-exec-2] INFO  com.x.lfs.config.mvc.LogRecordAspect 请求=====>GET /aliyun/oss/signature
2021-06-03 00:00:46.768 [http-nio-8080-exec-2] INFO  com.x.lfs.config.mvc.LogRecordAspect 请求参数==>:null
2021-06-03 00:00:46.769 [http-nio-8080-exec-2] INFO  com.x.lfs.config.mvc.LogRecordAspect 响应=====>:{"accessId":"LTAI5tQQuPD1Fk7bhcEQbNWk","signature":"OsYc0Q3Y6Q59xzeUTQ9/7ATCkyc=","expire":"1622649676","host":"https://lfs-image.oss-cn-chengdu.aliyuncs.com","callback":"eyJjYWxsYmFja0JvZHlUeXBlIjoiYXBwbGljYXRpb24veC13d3ctZm9ybS11cmxlbmNvZGVkIiwiY2FsbGJhY2tVcmwiOiIiLCJjYWxsYmFja0JvZHkiOiJmaWxlbmFtZT0ke29iamVjdH0mc2l6ZT0ke3NpemV9Jm1pbWVUeXBlPSR7bWltZVR5cGV9JmhlaWdodD0ke2ltYWdlSW5mby5oZWlnaHR9JndpZHRoPSR7aW1hZ2VJbmZvLndpZHRofSJ9","dir":"images/","policy":"eyJleHBpcmF0aW9uIjoiMjAyMS0wNi0wMlQxNjowMToxNi43NjdaIiwiY29uZGl0aW9ucyI6W1siY29udGVudC1sZW5ndGgtcmFuZ2UiLDAsMTA0ODU3NjAwMF0sWyJzdGFydHMtd2l0aCIsIiRrZXkiLCJpbWFnZXMvIl1dfQ=="}
2021-06-03 00:00:46.769 [http-nio-8080-exec-2] INFO  com.x.lfs.config.mvc.LogRecordAspect 耗时=====>2
2021-06-03 00:00:46.769 [http-nio-8080-exec-3] INFO  com.x.lfs.config.mvc.LogRecordAspect 请求=====>GET /aliyun/oss/signature
2021-06-03 00:00:46.769 [http-nio-8080-exec-3] INFO  com.x.lfs.config.mvc.LogRecordAspect 请求参数==>:null
2021-06-03 00:00:46.770 [http-nio-8080-exec-3] INFO  com.x.lfs.config.mvc.LogRecordAspect 响应=====>:{"accessId":"LTAI5tQQuPD1Fk7bhcEQbNWk","signature":"f2p2mEDm+5inEKRgMnQct3J4oHo=","expire":"1622649676","host":"https://lfs-image.oss-cn-chengdu.aliyuncs.com","callback":"eyJjYWxsYmFja0JvZHlUeXBlIjoiYXBwbGljYXRpb24veC13d3ctZm9ybS11cmxlbmNvZGVkIiwiY2FsbGJhY2tVcmwiOiIiLCJjYWxsYmFja0JvZHkiOiJmaWxlbmFtZT0ke29iamVjdH0mc2l6ZT0ke3NpemV9Jm1pbWVUeXBlPSR7bWltZVR5cGV9JmhlaWdodD0ke2ltYWdlSW5mby5oZWlnaHR9JndpZHRoPSR7aW1hZ2VJbmZvLndpZHRofSJ9","dir":"images/","policy":"eyJleHBpcmF0aW9uIjoiMjAyMS0wNi0wMlQxNjowMToxNi43NjhaIiwiY29uZGl0aW9ucyI6W1siY29udGVudC1sZW5ndGgtcmFuZ2UiLDAsMTA0ODU3NjAwMF0sWyJzdGFydHMtd2l0aCIsIiRrZXkiLCJpbWFnZXMvIl1dfQ=="}
2021-06-03 00:00:46.770 [http-nio-8080-exec-3] INFO  com.x.lfs.config.mvc.LogRecordAspect 耗时=====>2
2021-06-03 00:01:50.271 [http-nio-8080-exec-6] INFO  com.x.lfs.config.mvc.LogRecordAspect 请求=====>GET /aliyun/oss/signature
2021-06-03 00:01:50.271 [http-nio-8080-exec-5] INFO  com.x.lfs.config.mvc.LogRecordAspect 请求=====>GET /aliyun/oss/signature
2021-06-03 00:01:50.271 [http-nio-8080-exec-6] INFO  com.x.lfs.config.mvc.LogRecordAspect 请求参数==>:null
2021-06-03 00:01:50.271 [http-nio-8080-exec-5] INFO  com.x.lfs.config.mvc.LogRecordAspect 请求参数==>:null
2021-06-03 00:01:50.271 [http-nio-8080-exec-6] INFO  com.x.lfs.config.mvc.LogRecordAspect 响应=====>:{"accessId":"LTAI5tQQuPD1Fk7bhcEQbNWk","signature":"nyK3PR3YBfwuBwZnUWOF5lgW94U=","expire":"1622649740","host":"https://lfs-image.oss-cn-chengdu.aliyuncs.com","callback":"eyJjYWxsYmFja0JvZHlUeXBlIjoiYXBwbGljYXRpb24veC13d3ctZm9ybS11cmxlbmNvZGVkIiwiY2FsbGJhY2tVcmwiOiIiLCJjYWxsYmFja0JvZHkiOiJmaWxlbmFtZT0ke29iamVjdH0mc2l6ZT0ke3NpemV9Jm1pbWVUeXBlPSR7bWltZVR5cGV9JmhlaWdodD0ke2ltYWdlSW5mby5oZWlnaHR9JndpZHRoPSR7aW1hZ2VJbmZvLndpZHRofSJ9","dir":"images/","policy":"eyJleHBpcmF0aW9uIjoiMjAyMS0wNi0wMlQxNjowMjoyMC4yNjJaIiwiY29uZGl0aW9ucyI6W1siY29udGVudC1sZW5ndGgtcmFuZ2UiLDAsMTA0ODU3NjAwMF0sWyJzdGFydHMtd2l0aCIsIiRrZXkiLCJpbWFnZXMvIl1dfQ=="}
2021-06-03 00:01:50.271 [http-nio-8080-exec-5] INFO  com.x.lfs.config.mvc.LogRecordAspect 响应=====>:{"accessId":"LTAI5tQQuPD1Fk7bhcEQbNWk","signature":"nyK3PR3YBfwuBwZnUWOF5lgW94U=","expire":"1622649740","host":"https://lfs-image.oss-cn-chengdu.aliyuncs.com","callback":"eyJjYWxsYmFja0JvZHlUeXBlIjoiYXBwbGljYXRpb24veC13d3ctZm9ybS11cmxlbmNvZGVkIiwiY2FsbGJhY2tVcmwiOiIiLCJjYWxsYmFja0JvZHkiOiJmaWxlbmFtZT0ke29iamVjdH0mc2l6ZT0ke3NpemV9Jm1pbWVUeXBlPSR7bWltZVR5cGV9JmhlaWdodD0ke2ltYWdlSW5mby5oZWlnaHR9JndpZHRoPSR7aW1hZ2VJbmZvLndpZHRofSJ9","dir":"images/","policy":"eyJleHBpcmF0aW9uIjoiMjAyMS0wNi0wMlQxNjowMjoyMC4yNjJaIiwiY29uZGl0aW9ucyI6W1siY29udGVudC1sZW5ndGgtcmFuZ2UiLDAsMTA0ODU3NjAwMF0sWyJzdGFydHMtd2l0aCIsIiRrZXkiLCJpbWFnZXMvIl1dfQ=="}
2021-06-03 00:01:50.272 [http-nio-8080-exec-6] INFO  com.x.lfs.config.mvc.LogRecordAspect 耗时=====>10
2021-06-03 00:01:50.272 [http-nio-8080-exec-5] INFO  com.x.lfs.config.mvc.LogRecordAspect 耗时=====>10
2021-06-03 00:02:26.604 [http-nio-8080-exec-4] INFO  com.x.lfs.config.mvc.LogRecordAspect 请求=====>GET /aliyun/oss/signature
2021-06-03 00:02:26.604 [http-nio-8080-exec-4] INFO  com.x.lfs.config.mvc.LogRecordAspect 请求参数==>:null
2021-06-03 00:02:26.604 [http-nio-8080-exec-8] INFO  com.x.lfs.config.mvc.LogRecordAspect 请求=====>GET /aliyun/oss/signature
2021-06-03 00:02:26.604 [http-nio-8080-exec-8] INFO  com.x.lfs.config.mvc.LogRecordAspect 请求参数==>:null
2021-06-03 00:02:26.604 [http-nio-8080-exec-4] INFO  com.x.lfs.config.mvc.LogRecordAspect 响应=====>:{"accessId":"LTAI5tQQuPD1Fk7bhcEQbNWk","signature":"EhCDKTB4bAp51HqHymbiB6eLw3w=","expire":"1622649776","host":"https://lfs-image.oss-cn-chengdu.aliyuncs.com","callback":"eyJjYWxsYmFja0JvZHlUeXBlIjoiYXBwbGljYXRpb24veC13d3ctZm9ybS11cmxlbmNvZGVkIiwiY2FsbGJhY2tVcmwiOiIiLCJjYWxsYmFja0JvZHkiOiJmaWxlbmFtZT0ke29iamVjdH0mc2l6ZT0ke3NpemV9Jm1pbWVUeXBlPSR7bWltZVR5cGV9JmhlaWdodD0ke2ltYWdlSW5mby5oZWlnaHR9JndpZHRoPSR7aW1hZ2VJbmZvLndpZHRofSJ9","dir":"images/","policy":"eyJleHBpcmF0aW9uIjoiMjAyMS0wNi0wMlQxNjowMjo1Ni42MDBaIiwiY29uZGl0aW9ucyI6W1siY29udGVudC1sZW5ndGgtcmFuZ2UiLDAsMTA0ODU3NjAwMF0sWyJzdGFydHMtd2l0aCIsIiRrZXkiLCJpbWFnZXMvIl1dfQ=="}
2021-06-03 00:02:26.604 [http-nio-8080-exec-8] INFO  com.x.lfs.config.mvc.LogRecordAspect 响应=====>:{"accessId":"LTAI5tQQuPD1Fk7bhcEQbNWk","signature":"QINGUl/D6ePBWy1381J1kUneqFU=","expire":"1622649776","host":"https://lfs-image.oss-cn-chengdu.aliyuncs.com","callback":"eyJjYWxsYmFja0JvZHlUeXBlIjoiYXBwbGljYXRpb24veC13d3ctZm9ybS11cmxlbmNvZGVkIiwiY2FsbGJhY2tVcmwiOiIiLCJjYWxsYmFja0JvZHkiOiJmaWxlbmFtZT0ke29iamVjdH0mc2l6ZT0ke3NpemV9Jm1pbWVUeXBlPSR7bWltZVR5cGV9JmhlaWdodD0ke2ltYWdlSW5mby5oZWlnaHR9JndpZHRoPSR7aW1hZ2VJbmZvLndpZHRofSJ9","dir":"images/","policy":"eyJleHBpcmF0aW9uIjoiMjAyMS0wNi0wMlQxNjowMjo1Ni42MDFaIiwiY29uZGl0aW9ucyI6W1siY29udGVudC1sZW5ndGgtcmFuZ2UiLDAsMTA0ODU3NjAwMF0sWyJzdGFydHMtd2l0aCIsIiRrZXkiLCJpbWFnZXMvIl1dfQ=="}
2021-06-03 00:02:26.604 [http-nio-8080-exec-4] INFO  com.x.lfs.config.mvc.LogRecordAspect 耗时=====>4
2021-06-03 00:02:26.604 [http-nio-8080-exec-8] INFO  com.x.lfs.config.mvc.LogRecordAspect 耗时=====>3
2021-06-03 00:06:52.134 [http-nio-8080-exec-7] INFO  com.x.lfs.config.mvc.LogRecordAspect 请求=====>GET /aliyun/oss/signature
2021-06-03 00:06:52.134 [http-nio-8080-exec-7] INFO  com.x.lfs.config.mvc.LogRecordAspect 请求参数==>:null
2021-06-03 00:06:52.134 [http-nio-8080-exec-7] INFO  com.x.lfs.config.mvc.LogRecordAspect 响应=====>:{"accessId":"LTAI5tQQuPD1Fk7bhcEQbNWk","signature":"DoCG3eA4Wc0drmowtgk+9VC9a9o=","expire":"1622650042","host":"https://lfs-image.oss-cn-chengdu.aliyuncs.com","callback":"eyJjYWxsYmFja0JvZHlUeXBlIjoiYXBwbGljYXRpb24veC13d3ctZm9ybS11cmxlbmNvZGVkIiwiY2FsbGJhY2tVcmwiOiIiLCJjYWxsYmFja0JvZHkiOiJmaWxlbmFtZT0ke29iamVjdH0mc2l6ZT0ke3NpemV9Jm1pbWVUeXBlPSR7bWltZVR5cGV9JmhlaWdodD0ke2ltYWdlSW5mby5oZWlnaHR9JndpZHRoPSR7aW1hZ2VJbmZvLndpZHRofSJ9","dir":"images/","policy":"eyJleHBpcmF0aW9uIjoiMjAyMS0wNi0wMlQxNjowNzoyMi4xMzJaIiwiY29uZGl0aW9ucyI6W1siY29udGVudC1sZW5ndGgtcmFuZ2UiLDAsMTA0ODU3NjAwMF0sWyJzdGFydHMtd2l0aCIsIiRrZXkiLCJpbWFnZXMvIl1dfQ=="}
2021-06-03 00:06:52.143 [http-nio-8080-exec-7] INFO  com.x.lfs.config.mvc.LogRecordAspect 耗时=====>11
2021-06-03 00:06:52.146 [http-nio-8080-exec-9] INFO  com.x.lfs.config.mvc.LogRecordAspect 请求=====>GET /aliyun/oss/signature
2021-06-03 00:06:52.147 [http-nio-8080-exec-9] INFO  com.x.lfs.config.mvc.LogRecordAspect 请求参数==>:null
2021-06-03 00:06:52.147 [http-nio-8080-exec-9] INFO  com.x.lfs.config.mvc.LogRecordAspect 响应=====>:{"accessId":"LTAI5tQQuPD1Fk7bhcEQbNWk","signature":"v35vfh7xRfb2H4qO5/lHL4isUlY=","expire":"1622650042","host":"https://lfs-image.oss-cn-chengdu.aliyuncs.com","callback":"eyJjYWxsYmFja0JvZHlUeXBlIjoiYXBwbGljYXRpb24veC13d3ctZm9ybS11cmxlbmNvZGVkIiwiY2FsbGJhY2tVcmwiOiIiLCJjYWxsYmFja0JvZHkiOiJmaWxlbmFtZT0ke29iamVjdH0mc2l6ZT0ke3NpemV9Jm1pbWVUeXBlPSR7bWltZVR5cGV9JmhlaWdodD0ke2ltYWdlSW5mby5oZWlnaHR9JndpZHRoPSR7aW1hZ2VJbmZvLndpZHRofSJ9","dir":"images/","policy":"eyJleHBpcmF0aW9uIjoiMjAyMS0wNi0wMlQxNjowNzoyMi4xNDVaIiwiY29uZGl0aW9ucyI6W1siY29udGVudC1sZW5ndGgtcmFuZ2UiLDAsMTA0ODU3NjAwMF0sWyJzdGFydHMtd2l0aCIsIiRrZXkiLCJpbWFnZXMvIl1dfQ=="}
2021-06-03 00:06:52.147 [http-nio-8080-exec-9] INFO  com.x.lfs.config.mvc.LogRecordAspect 耗时=====>2
2021-06-03 00:07:10.540 [http-nio-8080-exec-1] INFO  com.x.lfs.config.mvc.LogRecordAspect 请求=====>GET /aliyun/oss/signature
2021-06-03 00:07:10.541 [http-nio-8080-exec-1] INFO  com.x.lfs.config.mvc.LogRecordAspect 请求参数==>:null
2021-06-03 00:07:10.541 [http-nio-8080-exec-1] INFO  com.x.lfs.config.mvc.LogRecordAspect 响应=====>:{"accessId":"LTAI5tQQuPD1Fk7bhcEQbNWk","signature":"HuFThhMO9TXdtmL75HWr14KvTBs=","expire":"1622650060","host":"https://lfs-image.oss-cn-chengdu.aliyuncs.com","callback":"eyJjYWxsYmFja0JvZHlUeXBlIjoiYXBwbGljYXRpb24veC13d3ctZm9ybS11cmxlbmNvZGVkIiwiY2FsbGJhY2tVcmwiOiIiLCJjYWxsYmFja0JvZHkiOiJmaWxlbmFtZT0ke29iamVjdH0mc2l6ZT0ke3NpemV9Jm1pbWVUeXBlPSR7bWltZVR5cGV9JmhlaWdodD0ke2ltYWdlSW5mby5oZWlnaHR9JndpZHRoPSR7aW1hZ2VJbmZvLndpZHRofSJ9","dir":"images/","policy":"eyJleHBpcmF0aW9uIjoiMjAyMS0wNi0wMlQxNjowNzo0MC41NDBaIiwiY29uZGl0aW9ucyI6W1siY29udGVudC1sZW5ndGgtcmFuZ2UiLDAsMTA0ODU3NjAwMF0sWyJzdGFydHMtd2l0aCIsIiRrZXkiLCJpbWFnZXMvIl1dfQ=="}
2021-06-03 00:07:10.541 [http-nio-8080-exec-1] INFO  com.x.lfs.config.mvc.LogRecordAspect 耗时=====>1
2021-06-03 00:07:10.541 [http-nio-8080-exec-10] INFO  com.x.lfs.config.mvc.LogRecordAspect 请求=====>GET /aliyun/oss/signature
2021-06-03 00:07:10.541 [http-nio-8080-exec-10] INFO  com.x.lfs.config.mvc.LogRecordAspect 请求参数==>:null
2021-06-03 00:07:10.541 [http-nio-8080-exec-10] INFO  com.x.lfs.config.mvc.LogRecordAspect 响应=====>:{"accessId":"LTAI5tQQuPD1Fk7bhcEQbNWk","signature":"HuFThhMO9TXdtmL75HWr14KvTBs=","expire":"1622650060","host":"https://lfs-image.oss-cn-chengdu.aliyuncs.com","callback":"eyJjYWxsYmFja0JvZHlUeXBlIjoiYXBwbGljYXRpb24veC13d3ctZm9ybS11cmxlbmNvZGVkIiwiY2FsbGJhY2tVcmwiOiIiLCJjYWxsYmFja0JvZHkiOiJmaWxlbmFtZT0ke29iamVjdH0mc2l6ZT0ke3NpemV9Jm1pbWVUeXBlPSR7bWltZVR5cGV9JmhlaWdodD0ke2ltYWdlSW5mby5oZWlnaHR9JndpZHRoPSR7aW1hZ2VJbmZvLndpZHRofSJ9","dir":"images/","policy":"eyJleHBpcmF0aW9uIjoiMjAyMS0wNi0wMlQxNjowNzo0MC41NDBaIiwiY29uZGl0aW9ucyI6W1siY29udGVudC1sZW5ndGgtcmFuZ2UiLDAsMTA0ODU3NjAwMF0sWyJzdGFydHMtd2l0aCIsIiRrZXkiLCJpbWFnZXMvIl1dfQ=="}
2021-06-03 00:07:10.541 [http-nio-8080-exec-10] INFO  com.x.lfs.config.mvc.LogRecordAspect 耗时=====>1
2021-06-03 00:19:25.327 [http-nio-8080-exec-2] INFO  com.x.lfs.config.mvc.LogRecordAspect 请求=====>GET /aliyun/oss/signature
2021-06-03 00:19:25.327 [http-nio-8080-exec-3] INFO  com.x.lfs.config.mvc.LogRecordAspect 请求=====>GET /aliyun/oss/signature
2021-06-03 00:19:25.327 [http-nio-8080-exec-2] INFO  com.x.lfs.config.mvc.LogRecordAspect 请求参数==>:null
2021-06-03 00:19:25.327 [http-nio-8080-exec-3] INFO  com.x.lfs.config.mvc.LogRecordAspect 请求参数==>:null
2021-06-03 00:19:25.327 [http-nio-8080-exec-3] INFO  com.x.lfs.config.mvc.LogRecordAspect 响应=====>:{"accessId":"LTAI5tQQuPD1Fk7bhcEQbNWk","signature":"VMlKHiPS1W0zaXE2HtfWxpDHBLo=","expire":"1622650795","host":"https://lfs-image.oss-cn-chengdu.aliyuncs.com","callback":"eyJjYWxsYmFja0JvZHlUeXBlIjoiYXBwbGljYXRpb24veC13d3ctZm9ybS11cmxlbmNvZGVkIiwiY2FsbGJhY2tVcmwiOiIiLCJjYWxsYmFja0JvZHkiOiJmaWxlbmFtZT0ke29iamVjdH0mc2l6ZT0ke3NpemV9Jm1pbWVUeXBlPSR7bWltZVR5cGV9JmhlaWdodD0ke2ltYWdlSW5mby5oZWlnaHR9JndpZHRoPSR7aW1hZ2VJbmZvLndpZHRofSJ9","dir":"images/","policy":"eyJleHBpcmF0aW9uIjoiMjAyMS0wNi0wMlQxNjoxOTo1NS4zMjZaIiwiY29uZGl0aW9ucyI6W1siY29udGVudC1sZW5ndGgtcmFuZ2UiLDAsMTA0ODU3NjAwMF0sWyJzdGFydHMtd2l0aCIsIiRrZXkiLCJpbWFnZXMvIl1dfQ=="}
2021-06-03 00:19:25.328 [http-nio-8080-exec-3] INFO  com.x.lfs.config.mvc.LogRecordAspect 耗时=====>2
2021-06-03 00:19:25.327 [http-nio-8080-exec-2] INFO  com.x.lfs.config.mvc.LogRecordAspect 响应=====>:{"accessId":"LTAI5tQQuPD1Fk7bhcEQbNWk","signature":"VMlKHiPS1W0zaXE2HtfWxpDHBLo=","expire":"1622650795","host":"https://lfs-image.oss-cn-chengdu.aliyuncs.com","callback":"eyJjYWxsYmFja0JvZHlUeXBlIjoiYXBwbGljYXRpb24veC13d3ctZm9ybS11cmxlbmNvZGVkIiwiY2FsbGJhY2tVcmwiOiIiLCJjYWxsYmFja0JvZHkiOiJmaWxlbmFtZT0ke29iamVjdH0mc2l6ZT0ke3NpemV9Jm1pbWVUeXBlPSR7bWltZVR5cGV9JmhlaWdodD0ke2ltYWdlSW5mby5oZWlnaHR9JndpZHRoPSR7aW1hZ2VJbmZvLndpZHRofSJ9","dir":"images/","policy":"eyJleHBpcmF0aW9uIjoiMjAyMS0wNi0wMlQxNjoxOTo1NS4zMjZaIiwiY29uZGl0aW9ucyI6W1siY29udGVudC1sZW5ndGgtcmFuZ2UiLDAsMTA0ODU3NjAwMF0sWyJzdGFydHMtd2l0aCIsIiRrZXkiLCJpbWFnZXMvIl1dfQ=="}
2021-06-03 00:19:25.329 [http-nio-8080-exec-2] INFO  com.x.lfs.config.mvc.LogRecordAspect 耗时=====>3
2021-06-03 00:20:44.339 [http-nio-8080-exec-5] INFO  com.x.lfs.config.mvc.LogRecordAspect 请求=====>GET /aliyun/oss/signature
2021-06-03 00:20:44.339 [http-nio-8080-exec-5] INFO  com.x.lfs.config.mvc.LogRecordAspect 请求参数==>:null
2021-06-03 00:20:44.339 [http-nio-8080-exec-5] INFO  com.x.lfs.config.mvc.LogRecordAspect 响应=====>:{"accessId":"LTAI5tQQuPD1Fk7bhcEQbNWk","signature":"TfZmW9x61Of8In82tIJ54V6yN00=","expire":"1622650874","host":"https://lfs-image.oss-cn-chengdu.aliyuncs.com","callback":"eyJjYWxsYmFja0JvZHlUeXBlIjoiYXBwbGljYXRpb24veC13d3ctZm9ybS11cmxlbmNvZGVkIiwiY2FsbGJhY2tVcmwiOiIiLCJjYWxsYmFja0JvZHkiOiJmaWxlbmFtZT0ke29iamVjdH0mc2l6ZT0ke3NpemV9Jm1pbWVUeXBlPSR7bWltZVR5cGV9JmhlaWdodD0ke2ltYWdlSW5mby5oZWlnaHR9JndpZHRoPSR7aW1hZ2VJbmZvLndpZHRofSJ9","dir":"images/","policy":"eyJleHBpcmF0aW9uIjoiMjAyMS0wNi0wMlQxNjoyMToxNC4zMzhaIiwiY29uZGl0aW9ucyI6W1siY29udGVudC1sZW5ndGgtcmFuZ2UiLDAsMTA0ODU3NjAwMF0sWyJzdGFydHMtd2l0aCIsIiRrZXkiLCJpbWFnZXMvIl1dfQ=="}
2021-06-03 00:20:44.340 [http-nio-8080-exec-5] INFO  com.x.lfs.config.mvc.LogRecordAspect 耗时=====>2
2021-06-03 00:20:44.340 [http-nio-8080-exec-6] INFO  com.x.lfs.config.mvc.LogRecordAspect 请求=====>GET /aliyun/oss/signature
2021-06-03 00:20:44.340 [http-nio-8080-exec-6] INFO  com.x.lfs.config.mvc.LogRecordAspect 请求参数==>:null
2021-06-03 00:20:44.340 [http-nio-8080-exec-6] INFO  com.x.lfs.config.mvc.LogRecordAspect 响应=====>:{"accessId":"LTAI5tQQuPD1Fk7bhcEQbNWk","signature":"2SjLuo2P4bB+afgqSvu5RZWwmPY=","expire":"1622650874","host":"https://lfs-image.oss-cn-chengdu.aliyuncs.com","callback":"eyJjYWxsYmFja0JvZHlUeXBlIjoiYXBwbGljYXRpb24veC13d3ctZm9ybS11cmxlbmNvZGVkIiwiY2FsbGJhY2tVcmwiOiIiLCJjYWxsYmFja0JvZHkiOiJmaWxlbmFtZT0ke29iamVjdH0mc2l6ZT0ke3NpemV9Jm1pbWVUeXBlPSR7bWltZVR5cGV9JmhlaWdodD0ke2ltYWdlSW5mby5oZWlnaHR9JndpZHRoPSR7aW1hZ2VJbmZvLndpZHRofSJ9","dir":"images/","policy":"eyJleHBpcmF0aW9uIjoiMjAyMS0wNi0wMlQxNjoyMToxNC4zMzlaIiwiY29uZGl0aW9ucyI6W1siY29udGVudC1sZW5ndGgtcmFuZ2UiLDAsMTA0ODU3NjAwMF0sWyJzdGFydHMtd2l0aCIsIiRrZXkiLCJpbWFnZXMvIl1dfQ=="}
2021-06-03 00:20:44.340 [http-nio-8080-exec-6] INFO  com.x.lfs.config.mvc.LogRecordAspect 耗时=====>1
2021-06-03 00:21:39.798 [http-nio-8080-exec-4] INFO  com.x.lfs.config.mvc.LogRecordAspect 请求=====>GET /aliyun/oss/signature
2021-06-03 00:21:39.801 [http-nio-8080-exec-4] INFO  com.x.lfs.config.mvc.LogRecordAspect 请求参数==>:null
2021-06-03 00:21:39.801 [http-nio-8080-exec-4] INFO  com.x.lfs.config.mvc.LogRecordAspect 响应=====>:{"accessId":"LTAI5tQQuPD1Fk7bhcEQbNWk","signature":"WYJ8r9RwUWuTF67MVecfGhYdDAo=","expire":"1622650929","host":"https://lfs-image.oss-cn-chengdu.aliyuncs.com","callback":"eyJjYWxsYmFja0JvZHlUeXBlIjoiYXBwbGljYXRpb24veC13d3ctZm9ybS11cmxlbmNvZGVkIiwiY2FsbGJhY2tVcmwiOiIiLCJjYWxsYmFja0JvZHkiOiJmaWxlbmFtZT0ke29iamVjdH0mc2l6ZT0ke3NpemV9Jm1pbWVUeXBlPSR7bWltZVR5cGV9JmhlaWdodD0ke2ltYWdlSW5mby5oZWlnaHR9JndpZHRoPSR7aW1hZ2VJbmZvLndpZHRofSJ9","dir":"images/","policy":"eyJleHBpcmF0aW9uIjoiMjAyMS0wNi0wMlQxNjoyMjowOS43OTdaIiwiY29uZGl0aW9ucyI6W1siY29udGVudC1sZW5ndGgtcmFuZ2UiLDAsMTA0ODU3NjAwMF0sWyJzdGFydHMtd2l0aCIsIiRrZXkiLCJpbWFnZXMvIl1dfQ=="}
2021-06-03 00:21:39.801 [http-nio-8080-exec-4] INFO  com.x.lfs.config.mvc.LogRecordAspect 耗时=====>4
2021-06-03 00:21:39.801 [http-nio-8080-exec-8] INFO  com.x.lfs.config.mvc.LogRecordAspect 请求=====>GET /aliyun/oss/signature
2021-06-03 00:21:39.801 [http-nio-8080-exec-8] INFO  com.x.lfs.config.mvc.LogRecordAspect 请求参数==>:null
2021-06-03 00:21:39.801 [http-nio-8080-exec-8] INFO  com.x.lfs.config.mvc.LogRecordAspect 响应=====>:{"accessId":"LTAI5tQQuPD1Fk7bhcEQbNWk","signature":"WYJ8r9RwUWuTF67MVecfGhYdDAo=","expire":"1622650929","host":"https://lfs-image.oss-cn-chengdu.aliyuncs.com","callback":"eyJjYWxsYmFja0JvZHlUeXBlIjoiYXBwbGljYXRpb24veC13d3ctZm9ybS11cmxlbmNvZGVkIiwiY2FsbGJhY2tVcmwiOiIiLCJjYWxsYmFja0JvZHkiOiJmaWxlbmFtZT0ke29iamVjdH0mc2l6ZT0ke3NpemV9Jm1pbWVUeXBlPSR7bWltZVR5cGV9JmhlaWdodD0ke2ltYWdlSW5mby5oZWlnaHR9JndpZHRoPSR7aW1hZ2VJbmZvLndpZHRofSJ9","dir":"images/","policy":"eyJleHBpcmF0aW9uIjoiMjAyMS0wNi0wMlQxNjoyMjowOS43OTdaIiwiY29uZGl0aW9ucyI6W1siY29udGVudC1sZW5ndGgtcmFuZ2UiLDAsMTA0ODU3NjAwMF0sWyJzdGFydHMtd2l0aCIsIiRrZXkiLCJpbWFnZXMvIl1dfQ=="}
2021-06-03 00:21:39.801 [http-nio-8080-exec-8] INFO  com.x.lfs.config.mvc.LogRecordAspect 耗时=====>4
2021-06-03 00:23:27.425 [http-nio-8080-exec-7] INFO  com.x.lfs.config.mvc.LogRecordAspect 请求=====>GET /aliyun/oss/signature
2021-06-03 00:23:27.425 [http-nio-8080-exec-7] INFO  com.x.lfs.config.mvc.LogRecordAspect 请求参数==>:null
2021-06-03 00:23:27.425 [http-nio-8080-exec-7] INFO  com.x.lfs.config.mvc.LogRecordAspect 响应=====>:{"accessId":"LTAI5tQQuPD1Fk7bhcEQbNWk","signature":"L8jhaMcqdMciiAqOprCNfHH6WVM=","expire":"1622651037","host":"https://lfs-image.oss-cn-chengdu.aliyuncs.com","callback":"eyJjYWxsYmFja0JvZHlUeXBlIjoiYXBwbGljYXRpb24veC13d3ctZm9ybS11cmxlbmNvZGVkIiwiY2FsbGJhY2tVcmwiOiIiLCJjYWxsYmFja0JvZHkiOiJmaWxlbmFtZT0ke29iamVjdH0mc2l6ZT0ke3NpemV9Jm1pbWVUeXBlPSR7bWltZVR5cGV9JmhlaWdodD0ke2ltYWdlSW5mby5oZWlnaHR9JndpZHRoPSR7aW1hZ2VJbmZvLndpZHRofSJ9","dir":"images/","policy":"eyJleHBpcmF0aW9uIjoiMjAyMS0wNi0wMlQxNjoyMzo1Ny40MjNaIiwiY29uZGl0aW9ucyI6W1siY29udGVudC1sZW5ndGgtcmFuZ2UiLDAsMTA0ODU3NjAwMF0sWyJzdGFydHMtd2l0aCIsIiRrZXkiLCJpbWFnZXMvIl1dfQ=="}
2021-06-03 00:23:27.425 [http-nio-8080-exec-7] INFO  com.x.lfs.config.mvc.LogRecordAspect 耗时=====>2
2021-06-03 00:23:27.433 [http-nio-8080-exec-9] INFO  com.x.lfs.config.mvc.LogRecordAspect 请求=====>GET /aliyun/oss/signature
2021-06-03 00:23:27.433 [http-nio-8080-exec-9] INFO  com.x.lfs.config.mvc.LogRecordAspect 请求参数==>:null
2021-06-03 00:23:27.433 [http-nio-8080-exec-9] INFO  com.x.lfs.config.mvc.LogRecordAspect 响应=====>:{"accessId":"LTAI5tQQuPD1Fk7bhcEQbNWk","signature":"L8jhaMcqdMciiAqOprCNfHH6WVM=","expire":"1622651037","host":"https://lfs-image.oss-cn-chengdu.aliyuncs.com","callback":"eyJjYWxsYmFja0JvZHlUeXBlIjoiYXBwbGljYXRpb24veC13d3ctZm9ybS11cmxlbmNvZGVkIiwiY2FsbGJhY2tVcmwiOiIiLCJjYWxsYmFja0JvZHkiOiJmaWxlbmFtZT0ke29iamVjdH0mc2l6ZT0ke3NpemV9Jm1pbWVUeXBlPSR7bWltZVR5cGV9JmhlaWdodD0ke2ltYWdlSW5mby5oZWlnaHR9JndpZHRoPSR7aW1hZ2VJbmZvLndpZHRofSJ9","dir":"images/","policy":"eyJleHBpcmF0aW9uIjoiMjAyMS0wNi0wMlQxNjoyMzo1Ny40MjNaIiwiY29uZGl0aW9ucyI6W1siY29udGVudC1sZW5ndGgtcmFuZ2UiLDAsMTA0ODU3NjAwMF0sWyJzdGFydHMtd2l0aCIsIiRrZXkiLCJpbWFnZXMvIl1dfQ=="}
2021-06-03 00:23:27.434 [http-nio-8080-exec-9] INFO  com.x.lfs.config.mvc.LogRecordAspect 耗时=====>11
2021-06-03 00:33:18.580 [http-nio-8080-exec-10] INFO  com.x.lfs.config.mvc.LogRecordAspect 请求=====>GET /admin
2021-06-03 00:33:18.580 [http-nio-8080-exec-10] INFO  com.x.lfs.config.mvc.LogRecordAspect 请求参数==>:null
2021-06-03 00:33:18.580 [http-nio-8080-exec-10] INFO  com.x.lfs.config.mvc.LogRecordAspect 响应=====>:{"id":"60827d0fd33c901297c895e5","name":"老徐","password":"7dd75c55c0f3a84969cacc5fcdbbd980","phone":"13880605659","roles":[{"id":"60827d051bd0cb10049a7480","name":"admin","permissions":[]}],"state":1}
2021-06-03 00:33:18.580 [http-nio-8080-exec-10] INFO  com.x.lfs.config.mvc.LogRecordAspect 耗时=====>0
2021-06-03 00:33:19.449 [http-nio-8080-exec-1] INFO  com.x.lfs.config.mvc.LogRecordAspect 请求=====>GET /admin
2021-06-03 00:33:19.450 [http-nio-8080-exec-1] INFO  com.x.lfs.config.mvc.LogRecordAspect 请求参数==>:null
2021-06-03 00:33:19.450 [http-nio-8080-exec-1] INFO  com.x.lfs.config.mvc.LogRecordAspect 响应=====>:{"id":"60827d0fd33c901297c895e5","name":"老徐","password":"7dd75c55c0f3a84969cacc5fcdbbd980","phone":"13880605659","roles":[{"id":"60827d051bd0cb10049a7480","name":"admin","permissions":[]}],"state":1}
2021-06-03 00:33:19.451 [http-nio-8080-exec-1] INFO  com.x.lfs.config.mvc.LogRecordAspect 耗时=====>2
2021-06-03 00:33:20.150 [http-nio-8080-exec-2] INFO  com.x.lfs.config.mvc.LogRecordAspect 请求=====>GET /aliyun/oss/signature
2021-06-03 00:33:20.150 [http-nio-8080-exec-2] INFO  com.x.lfs.config.mvc.LogRecordAspect 请求参数==>:null
2021-06-03 00:33:20.151 [http-nio-8080-exec-2] INFO  com.x.lfs.config.mvc.LogRecordAspect 响应=====>:{"accessId":"LTAI5tQQuPD1Fk7bhcEQbNWk","signature":"BPjaZPagXOBU6dghJj39fjzViQA=","expire":"1622651630","host":"https://lfs-image.oss-cn-chengdu.aliyuncs.com","callback":"eyJjYWxsYmFja0JvZHlUeXBlIjoiYXBwbGljYXRpb24veC13d3ctZm9ybS11cmxlbmNvZGVkIiwiY2FsbGJhY2tVcmwiOiIiLCJjYWxsYmFja0JvZHkiOiJmaWxlbmFtZT0ke29iamVjdH0mc2l6ZT0ke3NpemV9Jm1pbWVUeXBlPSR7bWltZVR5cGV9JmhlaWdodD0ke2ltYWdlSW5mby5oZWlnaHR9JndpZHRoPSR7aW1hZ2VJbmZvLndpZHRofSJ9","dir":"images/","policy":"eyJleHBpcmF0aW9uIjoiMjAyMS0wNi0wMlQxNjozMzo1MC4xNDlaIiwiY29uZGl0aW9ucyI6W1siY29udGVudC1sZW5ndGgtcmFuZ2UiLDAsMTA0ODU3NjAwMF0sWyJzdGFydHMtd2l0aCIsIiRrZXkiLCJpbWFnZXMvIl1dfQ=="}
2021-06-03 00:33:20.151 [http-nio-8080-exec-3] INFO  com.x.lfs.config.mvc.LogRecordAspect 请求=====>GET /aliyun/oss/signature
2021-06-03 00:33:20.151 [http-nio-8080-exec-3] INFO  com.x.lfs.config.mvc.LogRecordAspect 请求参数==>:null
2021-06-03 00:33:20.151 [http-nio-8080-exec-2] INFO  com.x.lfs.config.mvc.LogRecordAspect 耗时=====>2
2021-06-03 00:33:20.151 [http-nio-8080-exec-3] INFO  com.x.lfs.config.mvc.LogRecordAspect 响应=====>:{"accessId":"LTAI5tQQuPD1Fk7bhcEQbNWk","signature":"eUAdITKvjAdw73ps+arVijRw+zU=","expire":"1622651630","host":"https://lfs-image.oss-cn-chengdu.aliyuncs.com","callback":"eyJjYWxsYmFja0JvZHlUeXBlIjoiYXBwbGljYXRpb24veC13d3ctZm9ybS11cmxlbmNvZGVkIiwiY2FsbGJhY2tVcmwiOiIiLCJjYWxsYmFja0JvZHkiOiJmaWxlbmFtZT0ke29iamVjdH0mc2l6ZT0ke3NpemV9Jm1pbWVUeXBlPSR7bWltZVR5cGV9JmhlaWdodD0ke2ltYWdlSW5mby5oZWlnaHR9JndpZHRoPSR7aW1hZ2VJbmZvLndpZHRofSJ9","dir":"images/","policy":"eyJleHBpcmF0aW9uIjoiMjAyMS0wNi0wMlQxNjozMzo1MC4xNTBaIiwiY29uZGl0aW9ucyI6W1siY29udGVudC1sZW5ndGgtcmFuZ2UiLDAsMTA0ODU3NjAwMF0sWyJzdGFydHMtd2l0aCIsIiRrZXkiLCJpbWFnZXMvIl1dfQ=="}
2021-06-03 00:33:20.152 [http-nio-8080-exec-3] INFO  com.x.lfs.config.mvc.LogRecordAspect 耗时=====>2
2021-06-03 00:34:44.446 [http-nio-8080-exec-5] INFO  com.x.lfs.config.mvc.LogRecordAspect 请求=====>GET /aliyun/oss/signature
2021-06-03 00:34:44.448 [http-nio-8080-exec-6] INFO  com.x.lfs.config.mvc.LogRecordAspect 请求=====>GET /aliyun/oss/signature
2021-06-03 00:34:44.456 [http-nio-8080-exec-6] INFO  com.x.lfs.config.mvc.LogRecordAspect 请求参数==>:null
2021-06-03 00:34:44.456 [http-nio-8080-exec-5] INFO  com.x.lfs.config.mvc.LogRecordAspect 请求参数==>:null
2021-06-03 00:34:44.456 [http-nio-8080-exec-6] INFO  com.x.lfs.config.mvc.LogRecordAspect 响应=====>:{"accessId":"LTAI5tQQuPD1Fk7bhcEQbNWk","signature":"96GcWQFdgkuuwdF1jCzPoK6CnoM=","expire":"1622651714","host":"https://lfs-image.oss-cn-chengdu.aliyuncs.com","callback":"eyJjYWxsYmFja0JvZHlUeXBlIjoiYXBwbGljYXRpb24veC13d3ctZm9ybS11cmxlbmNvZGVkIiwiY2FsbGJhY2tVcmwiOiIiLCJjYWxsYmFja0JvZHkiOiJmaWxlbmFtZT0ke29iamVjdH0mc2l6ZT0ke3NpemV9Jm1pbWVUeXBlPSR7bWltZVR5cGV9JmhlaWdodD0ke2ltYWdlSW5mby5oZWlnaHR9JndpZHRoPSR7aW1hZ2VJbmZvLndpZHRofSJ9","dir":"images/","policy":"eyJleHBpcmF0aW9uIjoiMjAyMS0wNi0wMlQxNjozNToxNC40NDdaIiwiY29uZGl0aW9ucyI6W1siY29udGVudC1sZW5ndGgtcmFuZ2UiLDAsMTA0ODU3NjAwMF0sWyJzdGFydHMtd2l0aCIsIiRrZXkiLCJpbWFnZXMvIl1dfQ=="}
2021-06-03 00:34:44.456 [http-nio-8080-exec-6] INFO  com.x.lfs.config.mvc.LogRecordAspect 耗时=====>9
2021-06-03 00:34:44.456 [http-nio-8080-exec-5] INFO  com.x.lfs.config.mvc.LogRecordAspect 响应=====>:{"accessId":"LTAI5tQQuPD1Fk7bhcEQbNWk","signature":"+PXlQCej3ZhL56PT+A1Nvm5XjNs=","expire":"1622651714","host":"https://lfs-image.oss-cn-chengdu.aliyuncs.com","callback":"eyJjYWxsYmFja0JvZHlUeXBlIjoiYXBwbGljYXRpb24veC13d3ctZm9ybS11cmxlbmNvZGVkIiwiY2FsbGJhY2tVcmwiOiIiLCJjYWxsYmFja0JvZHkiOiJmaWxlbmFtZT0ke29iamVjdH0mc2l6ZT0ke3NpemV9Jm1pbWVUeXBlPSR7bWltZVR5cGV9JmhlaWdodD0ke2ltYWdlSW5mby5oZWlnaHR9JndpZHRoPSR7aW1hZ2VJbmZvLndpZHRofSJ9","dir":"images/","policy":"eyJleHBpcmF0aW9uIjoiMjAyMS0wNi0wMlQxNjozNToxNC40NDVaIiwiY29uZGl0aW9ucyI6W1siY29udGVudC1sZW5ndGgtcmFuZ2UiLDAsMTA0ODU3NjAwMF0sWyJzdGFydHMtd2l0aCIsIiRrZXkiLCJpbWFnZXMvIl1dfQ=="}
2021-06-03 00:34:44.457 [http-nio-8080-exec-5] INFO  com.x.lfs.config.mvc.LogRecordAspect 耗时=====>12
2021-06-03 00:38:20.995 [http-nio-8080-exec-8] INFO  com.x.lfs.config.mvc.LogRecordAspect 请求=====>GET /aliyun/oss/signature
2021-06-03 00:38:20.995 [http-nio-8080-exec-8] INFO  com.x.lfs.config.mvc.LogRecordAspect 请求参数==>:null
2021-06-03 00:38:21.002 [http-nio-8080-exec-8] INFO  com.x.lfs.config.mvc.LogRecordAspect 响应=====>:{"accessId":"LTAI5tQQuPD1Fk7bhcEQbNWk","signature":"yFki7XGYyoFVoMyoYWabLX19nnk=","expire":"1622651930","host":"https://lfs-image.oss-cn-chengdu.aliyuncs.com","callback":"eyJjYWxsYmFja0JvZHlUeXBlIjoiYXBwbGljYXRpb24veC13d3ctZm9ybS11cmxlbmNvZGVkIiwiY2FsbGJhY2tVcmwiOiIiLCJjYWxsYmFja0JvZHkiOiJmaWxlbmFtZT0ke29iamVjdH0mc2l6ZT0ke3NpemV9Jm1pbWVUeXBlPSR7bWltZVR5cGV9JmhlaWdodD0ke2ltYWdlSW5mby5oZWlnaHR9JndpZHRoPSR7aW1hZ2VJbmZvLndpZHRofSJ9","dir":"images/","policy":"eyJleHBpcmF0aW9uIjoiMjAyMS0wNi0wMlQxNjozODo1MC45OTRaIiwiY29uZGl0aW9ucyI6W1siY29udGVudC1sZW5ndGgtcmFuZ2UiLDAsMTA0ODU3NjAwMF0sWyJzdGFydHMtd2l0aCIsIiRrZXkiLCJpbWFnZXMvIl1dfQ=="}
2021-06-03 00:38:21.003 [http-nio-8080-exec-8] INFO  com.x.lfs.config.mvc.LogRecordAspect 耗时=====>9
2021-06-03 00:38:21.004 [http-nio-8080-exec-4] INFO  com.x.lfs.config.mvc.LogRecordAspect 请求=====>GET /aliyun/oss/signature
2021-06-03 00:38:21.004 [http-nio-8080-exec-4] INFO  com.x.lfs.config.mvc.LogRecordAspect 请求参数==>:null
2021-06-03 00:38:21.004 [http-nio-8080-exec-4] INFO  com.x.lfs.config.mvc.LogRecordAspect 响应=====>:{"accessId":"LTAI5tQQuPD1Fk7bhcEQbNWk","signature":"yFki7XGYyoFVoMyoYWabLX19nnk=","expire":"1622651930","host":"https://lfs-image.oss-cn-chengdu.aliyuncs.com","callback":"eyJjYWxsYmFja0JvZHlUeXBlIjoiYXBwbGljYXRpb24veC13d3ctZm9ybS11cmxlbmNvZGVkIiwiY2FsbGJhY2tVcmwiOiIiLCJjYWxsYmFja0JvZHkiOiJmaWxlbmFtZT0ke29iamVjdH0mc2l6ZT0ke3NpemV9Jm1pbWVUeXBlPSR7bWltZVR5cGV9JmhlaWdodD0ke2ltYWdlSW5mby5oZWlnaHR9JndpZHRoPSR7aW1hZ2VJbmZvLndpZHRofSJ9","dir":"images/","policy":"eyJleHBpcmF0aW9uIjoiMjAyMS0wNi0wMlQxNjozODo1MC45OTRaIiwiY29uZGl0aW9ucyI6W1siY29udGVudC1sZW5ndGgtcmFuZ2UiLDAsMTA0ODU3NjAwMF0sWyJzdGFydHMtd2l0aCIsIiRrZXkiLCJpbWFnZXMvIl1dfQ=="}
2021-06-03 00:38:21.004 [http-nio-8080-exec-4] INFO  com.x.lfs.config.mvc.LogRecordAspect 耗时=====>10
2021-06-03 00:38:52.097 [http-nio-8080-exec-7] INFO  com.x.lfs.config.mvc.LogRecordAspect 请求=====>GET /aliyun/oss/signature
2021-06-03 00:38:52.097 [http-nio-8080-exec-7] INFO  com.x.lfs.config.mvc.LogRecordAspect 请求参数==>:null
2021-06-03 00:38:52.097 [http-nio-8080-exec-9] INFO  com.x.lfs.config.mvc.LogRecordAspect 请求=====>GET /aliyun/oss/signature
2021-06-03 00:38:52.098 [http-nio-8080-exec-9] INFO  com.x.lfs.config.mvc.LogRecordAspect 请求参数==>:null
2021-06-03 00:38:52.098 [http-nio-8080-exec-9] INFO  com.x.lfs.config.mvc.LogRecordAspect 响应=====>:{"accessId":"LTAI5tQQuPD1Fk7bhcEQbNWk","signature":"euZKym3Xmi+sK6zYYZ2jmXSdPoA=","expire":"1622651962","host":"https://lfs-image.oss-cn-chengdu.aliyuncs.com","callback":"eyJjYWxsYmFja0JvZHlUeXBlIjoiYXBwbGljYXRpb24veC13d3ctZm9ybS11cmxlbmNvZGVkIiwiY2FsbGJhY2tVcmwiOiIiLCJjYWxsYmFja0JvZHkiOiJmaWxlbmFtZT0ke29iamVjdH0mc2l6ZT0ke3NpemV9Jm1pbWVUeXBlPSR7bWltZVR5cGV9JmhlaWdodD0ke2ltYWdlSW5mby5oZWlnaHR9JndpZHRoPSR7aW1hZ2VJbmZvLndpZHRofSJ9","dir":"images/","policy":"eyJleHBpcmF0aW9uIjoiMjAyMS0wNi0wMlQxNjozOToyMi4wOTZaIiwiY29uZGl0aW9ucyI6W1siY29udGVudC1sZW5ndGgtcmFuZ2UiLDAsMTA0ODU3NjAwMF0sWyJzdGFydHMtd2l0aCIsIiRrZXkiLCJpbWFnZXMvIl1dfQ=="}
2021-06-03 00:38:52.098 [http-nio-8080-exec-9] INFO  com.x.lfs.config.mvc.LogRecordAspect 耗时=====>2
2021-06-03 00:38:52.097 [http-nio-8080-exec-7] INFO  com.x.lfs.config.mvc.LogRecordAspect 响应=====>:{"accessId":"LTAI5tQQuPD1Fk7bhcEQbNWk","signature":"euZKym3Xmi+sK6zYYZ2jmXSdPoA=","expire":"1622651962","host":"https://lfs-image.oss-cn-chengdu.aliyuncs.com","callback":"eyJjYWxsYmFja0JvZHlUeXBlIjoiYXBwbGljYXRpb24veC13d3ctZm9ybS11cmxlbmNvZGVkIiwiY2FsbGJhY2tVcmwiOiIiLCJjYWxsYmFja0JvZHkiOiJmaWxlbmFtZT0ke29iamVjdH0mc2l6ZT0ke3NpemV9Jm1pbWVUeXBlPSR7bWltZVR5cGV9JmhlaWdodD0ke2ltYWdlSW5mby5oZWlnaHR9JndpZHRoPSR7aW1hZ2VJbmZvLndpZHRofSJ9","dir":"images/","policy":"eyJleHBpcmF0aW9uIjoiMjAyMS0wNi0wMlQxNjozOToyMi4wOTZaIiwiY29uZGl0aW9ucyI6W1siY29udGVudC1sZW5ndGgtcmFuZ2UiLDAsMTA0ODU3NjAwMF0sWyJzdGFydHMtd2l0aCIsIiRrZXkiLCJpbWFnZXMvIl1dfQ=="}
2021-06-03 00:38:52.098 [http-nio-8080-exec-7] INFO  com.x.lfs.config.mvc.LogRecordAspect 耗时=====>2
2021-06-03 00:39:38.364 [http-nio-8080-exec-10] INFO  com.x.lfs.config.mvc.LogRecordAspect 请求=====>GET /aliyun/oss/signature
2021-06-03 00:39:38.364 [http-nio-8080-exec-10] INFO  com.x.lfs.config.mvc.LogRecordAspect 请求参数==>:null
2021-06-03 00:39:38.364 [http-nio-8080-exec-10] INFO  com.x.lfs.config.mvc.LogRecordAspect 响应=====>:{"accessId":"LTAI5tQQuPD1Fk7bhcEQbNWk","signature":"zFHUZuJaySL9/IsUiIXzwhBXldc=","expire":"1622652008","host":"https://lfs-image.oss-cn-chengdu.aliyuncs.com","callback":"eyJjYWxsYmFja0JvZHlUeXBlIjoiYXBwbGljYXRpb24veC13d3ctZm9ybS11cmxlbmNvZGVkIiwiY2FsbGJhY2tVcmwiOiIiLCJjYWxsYmFja0JvZHkiOiJmaWxlbmFtZT0ke29iamVjdH0mc2l6ZT0ke3NpemV9Jm1pbWVUeXBlPSR7bWltZVR5cGV9JmhlaWdodD0ke2ltYWdlSW5mby5oZWlnaHR9JndpZHRoPSR7aW1hZ2VJbmZvLndpZHRofSJ9","dir":"images/","policy":"eyJleHBpcmF0aW9uIjoiMjAyMS0wNi0wMlQxNjo0MDowOC4zNTVaIiwiY29uZGl0aW9ucyI6W1siY29udGVudC1sZW5ndGgtcmFuZ2UiLDAsMTA0ODU3NjAwMF0sWyJzdGFydHMtd2l0aCIsIiRrZXkiLCJpbWFnZXMvIl1dfQ=="}
2021-06-03 00:39:38.365 [http-nio-8080-exec-10] INFO  com.x.lfs.config.mvc.LogRecordAspect 耗时=====>10
2021-06-03 00:39:38.365 [http-nio-8080-exec-1] INFO  com.x.lfs.config.mvc.LogRecordAspect 请求=====>GET /aliyun/oss/signature
2021-06-03 00:39:38.365 [http-nio-8080-exec-1] INFO  com.x.lfs.config.mvc.LogRecordAspect 请求参数==>:null
2021-06-03 00:39:38.365 [http-nio-8080-exec-1] INFO  com.x.lfs.config.mvc.LogRecordAspect 响应=====>:{"accessId":"LTAI5tQQuPD1Fk7bhcEQbNWk","signature":"zIhSHb0qLcmUbKGNIbJ0BxtZJes=","expire":"1622652008","host":"https://lfs-image.oss-cn-chengdu.aliyuncs.com","callback":"eyJjYWxsYmFja0JvZHlUeXBlIjoiYXBwbGljYXRpb24veC13d3ctZm9ybS11cmxlbmNvZGVkIiwiY2FsbGJhY2tVcmwiOiIiLCJjYWxsYmFja0JvZHkiOiJmaWxlbmFtZT0ke29iamVjdH0mc2l6ZT0ke3NpemV9Jm1pbWVUeXBlPSR7bWltZVR5cGV9JmhlaWdodD0ke2ltYWdlSW5mby5oZWlnaHR9JndpZHRoPSR7aW1hZ2VJbmZvLndpZHRofSJ9","dir":"images/","policy":"eyJleHBpcmF0aW9uIjoiMjAyMS0wNi0wMlQxNjo0MDowOC4zNjRaIiwiY29uZGl0aW9ucyI6W1siY29udGVudC1sZW5ndGgtcmFuZ2UiLDAsMTA0ODU3NjAwMF0sWyJzdGFydHMtd2l0aCIsIiRrZXkiLCJpbWFnZXMvIl1dfQ=="}
2021-06-03 00:39:38.365 [http-nio-8080-exec-1] INFO  com.x.lfs.config.mvc.LogRecordAspect 耗时=====>1
2021-06-03 00:42:20.698 [http-nio-8080-exec-2] INFO  com.x.lfs.config.mvc.LogRecordAspect 请求=====>GET /aliyun/oss/signature
2021-06-03 00:42:20.699 [http-nio-8080-exec-2] INFO  com.x.lfs.config.mvc.LogRecordAspect 请求参数==>:null
2021-06-03 00:42:20.699 [http-nio-8080-exec-3] INFO  com.x.lfs.config.mvc.LogRecordAspect 请求=====>GET /aliyun/oss/signature
2021-06-03 00:42:20.699 [http-nio-8080-exec-2] INFO  com.x.lfs.config.mvc.LogRecordAspect 响应=====>:{"accessId":"LTAI5tQQuPD1Fk7bhcEQbNWk","signature":"XAE8i4H05499+DjIT8UR6mCfUm0=","expire":"1622652170","host":"https://lfs-image.oss-cn-chengdu.aliyuncs.com","callback":"eyJjYWxsYmFja0JvZHlUeXBlIjoiYXBwbGljYXRpb24veC13d3ctZm9ybS11cmxlbmNvZGVkIiwiY2FsbGJhY2tVcmwiOiIiLCJjYWxsYmFja0JvZHkiOiJmaWxlbmFtZT0ke29iamVjdH0mc2l6ZT0ke3NpemV9Jm1pbWVUeXBlPSR7bWltZVR5cGV9JmhlaWdodD0ke2ltYWdlSW5mby5oZWlnaHR9JndpZHRoPSR7aW1hZ2VJbmZvLndpZHRofSJ9","dir":"images/","policy":"eyJleHBpcmF0aW9uIjoiMjAyMS0wNi0wMlQxNjo0Mjo1MC42OThaIiwiY29uZGl0aW9ucyI6W1siY29udGVudC1sZW5ndGgtcmFuZ2UiLDAsMTA0ODU3NjAwMF0sWyJzdGFydHMtd2l0aCIsIiRrZXkiLCJpbWFnZXMvIl1dfQ=="}
2021-06-03 00:42:20.699 [http-nio-8080-exec-3] INFO  com.x.lfs.config.mvc.LogRecordAspect 请求参数==>:null
2021-06-03 00:42:20.699 [http-nio-8080-exec-2] INFO  com.x.lfs.config.mvc.LogRecordAspect 耗时=====>1
2021-06-03 00:42:20.699 [http-nio-8080-exec-3] INFO  com.x.lfs.config.mvc.LogRecordAspect 响应=====>:{"accessId":"LTAI5tQQuPD1Fk7bhcEQbNWk","signature":"UyY6Vyh+BDHJ2DRUwNWlkPx+OAA=","expire":"1622652170","host":"https://lfs-image.oss-cn-chengdu.aliyuncs.com","callback":"eyJjYWxsYmFja0JvZHlUeXBlIjoiYXBwbGljYXRpb24veC13d3ctZm9ybS11cmxlbmNvZGVkIiwiY2FsbGJhY2tVcmwiOiIiLCJjYWxsYmFja0JvZHkiOiJmaWxlbmFtZT0ke29iamVjdH0mc2l6ZT0ke3NpemV9Jm1pbWVUeXBlPSR7bWltZVR5cGV9JmhlaWdodD0ke2ltYWdlSW5mby5oZWlnaHR9JndpZHRoPSR7aW1hZ2VJbmZvLndpZHRofSJ9","dir":"images/","policy":"eyJleHBpcmF0aW9uIjoiMjAyMS0wNi0wMlQxNjo0Mjo1MC42OTdaIiwiY29uZGl0aW9ucyI6W1siY29udGVudC1sZW5ndGgtcmFuZ2UiLDAsMTA0ODU3NjAwMF0sWyJzdGFydHMtd2l0aCIsIiRrZXkiLCJpbWFnZXMvIl1dfQ=="}
2021-06-03 00:42:20.699 [http-nio-8080-exec-3] INFO  com.x.lfs.config.mvc.LogRecordAspect 耗时=====>2
2021-06-03 00:44:08.653 [http-nio-8080-exec-6] INFO  com.x.lfs.config.mvc.LogRecordAspect 请求=====>GET /admin
2021-06-03 00:44:08.654 [http-nio-8080-exec-6] INFO  com.x.lfs.config.mvc.LogRecordAspect 请求参数==>:null
2021-06-03 00:44:08.654 [http-nio-8080-exec-6] INFO  com.x.lfs.config.mvc.LogRecordAspect 响应=====>:{"id":"60827d0fd33c901297c895e5","name":"老徐","password":"7dd75c55c0f3a84969cacc5fcdbbd980","phone":"13880605659","roles":[{"id":"60827d051bd0cb10049a7480","name":"admin","permissions":[]}],"state":1}
2021-06-03 00:44:08.655 [http-nio-8080-exec-6] INFO  com.x.lfs.config.mvc.LogRecordAspect 耗时=====>1
2021-06-03 00:44:26.395 [http-nio-8080-exec-5] INFO  com.x.lfs.config.mvc.LogRecordAspect 请求=====>GET /admin
2021-06-03 00:44:26.395 [http-nio-8080-exec-5] INFO  com.x.lfs.config.mvc.LogRecordAspect 请求参数==>:null
2021-06-03 00:44:26.396 [http-nio-8080-exec-5] INFO  com.x.lfs.config.mvc.LogRecordAspect 响应=====>:{"id":"60827d0fd33c901297c895e5","name":"老徐","password":"7dd75c55c0f3a84969cacc5fcdbbd980","phone":"13880605659","roles":[{"id":"60827d051bd0cb10049a7480","name":"admin","permissions":[]}],"state":1}
2021-06-03 00:44:26.396 [http-nio-8080-exec-5] INFO  com.x.lfs.config.mvc.LogRecordAspect 耗时=====>1
2021-06-03 00:44:27.476 [http-nio-8080-exec-8] INFO  com.x.lfs.config.mvc.LogRecordAspect 请求=====>GET /admin
2021-06-03 00:44:27.476 [http-nio-8080-exec-8] INFO  com.x.lfs.config.mvc.LogRecordAspect 请求参数==>:null
2021-06-03 00:44:27.477 [http-nio-8080-exec-8] INFO  com.x.lfs.config.mvc.LogRecordAspect 响应=====>:{"id":"60827d0fd33c901297c895e5","name":"老徐","password":"7dd75c55c0f3a84969cacc5fcdbbd980","phone":"13880605659","roles":[{"id":"60827d051bd0cb10049a7480","name":"admin","permissions":[]}],"state":1}
2021-06-03 00:44:27.477 [http-nio-8080-exec-8] INFO  com.x.lfs.config.mvc.LogRecordAspect 耗时=====>1
2021-06-03 00:44:28.080 [http-nio-8080-exec-4] INFO  com.x.lfs.config.mvc.LogRecordAspect 请求=====>GET /aliyun/oss/signature
2021-06-03 00:44:28.080 [http-nio-8080-exec-4] INFO  com.x.lfs.config.mvc.LogRecordAspect 请求参数==>:null
2021-06-03 00:44:28.080 [http-nio-8080-exec-4] INFO  com.x.lfs.config.mvc.LogRecordAspect 响应=====>:{"accessId":"LTAI5tQQuPD1Fk7bhcEQbNWk","signature":"sH6mLf6iPUmIjwMm1S1WznqG2J4=","expire":"1622652298","host":"https://lfs-image.oss-cn-chengdu.aliyuncs.com","callback":"eyJjYWxsYmFja0JvZHlUeXBlIjoiYXBwbGljYXRpb24veC13d3ctZm9ybS11cmxlbmNvZGVkIiwiY2FsbGJhY2tVcmwiOiIiLCJjYWxsYmFja0JvZHkiOiJmaWxlbmFtZT0ke29iamVjdH0mc2l6ZT0ke3NpemV9Jm1pbWVUeXBlPSR7bWltZVR5cGV9JmhlaWdodD0ke2ltYWdlSW5mby5oZWlnaHR9JndpZHRoPSR7aW1hZ2VJbmZvLndpZHRofSJ9","dir":"images/","policy":"eyJleHBpcmF0aW9uIjoiMjAyMS0wNi0wMlQxNjo0NDo1OC4wNzlaIiwiY29uZGl0aW9ucyI6W1siY29udGVudC1sZW5ndGgtcmFuZ2UiLDAsMTA0ODU3NjAwMF0sWyJzdGFydHMtd2l0aCIsIiRrZXkiLCJpbWFnZXMvIl1dfQ=="}
2021-06-03 00:44:28.080 [http-nio-8080-exec-4] INFO  com.x.lfs.config.mvc.LogRecordAspect 耗时=====>1
2021-06-03 00:44:28.083 [http-nio-8080-exec-7] INFO  com.x.lfs.config.mvc.LogRecordAspect 请求=====>GET /aliyun/oss/signature
2021-06-03 00:44:28.083 [http-nio-8080-exec-7] INFO  com.x.lfs.config.mvc.LogRecordAspect 请求参数==>:null
2021-06-03 00:44:28.083 [http-nio-8080-exec-7] INFO  com.x.lfs.config.mvc.LogRecordAspect 响应=====>:{"accessId":"LTAI5tQQuPD1Fk7bhcEQbNWk","signature":"lrYnIUYUdSBMLsqaUfNO7BNps8o=","expire":"1622652298","host":"https://lfs-image.oss-cn-chengdu.aliyuncs.com","callback":"eyJjYWxsYmFja0JvZHlUeXBlIjoiYXBwbGljYXRpb24veC13d3ctZm9ybS11cmxlbmNvZGVkIiwiY2FsbGJhY2tVcmwiOiIiLCJjYWxsYmFja0JvZHkiOiJmaWxlbmFtZT0ke29iamVjdH0mc2l6ZT0ke3NpemV9Jm1pbWVUeXBlPSR7bWltZVR5cGV9JmhlaWdodD0ke2ltYWdlSW5mby5oZWlnaHR9JndpZHRoPSR7aW1hZ2VJbmZvLndpZHRofSJ9","dir":"images/","policy":"eyJleHBpcmF0aW9uIjoiMjAyMS0wNi0wMlQxNjo0NDo1OC4wODFaIiwiY29uZGl0aW9ucyI6W1siY29udGVudC1sZW5ndGgtcmFuZ2UiLDAsMTA0ODU3NjAwMF0sWyJzdGFydHMtd2l0aCIsIiRrZXkiLCJpbWFnZXMvIl1dfQ=="}
2021-06-03 00:44:28.083 [http-nio-8080-exec-7] INFO  com.x.lfs.config.mvc.LogRecordAspect 耗时=====>2
2021-06-03 00:46:17.251 [http-nio-8080-exec-9] INFO  com.x.lfs.config.mvc.LogRecordAspect 请求=====>GET /aliyun/oss/signature
2021-06-03 00:46:17.252 [http-nio-8080-exec-9] INFO  com.x.lfs.config.mvc.LogRecordAspect 请求参数==>:null
2021-06-03 00:46:17.252 [http-nio-8080-exec-9] INFO  com.x.lfs.config.mvc.LogRecordAspect 响应=====>:{"accessId":"LTAI5tQQuPD1Fk7bhcEQbNWk","signature":"RUhn4/3JUi2uTD6wRQZ1wSGaV3s=","expire":"1622652407","host":"https://lfs-image.oss-cn-chengdu.aliyuncs.com","callback":"eyJjYWxsYmFja0JvZHlUeXBlIjoiYXBwbGljYXRpb24veC13d3ctZm9ybS11cmxlbmNvZGVkIiwiY2FsbGJhY2tVcmwiOiIiLCJjYWxsYmFja0JvZHkiOiJmaWxlbmFtZT0ke29iamVjdH0mc2l6ZT0ke3NpemV9Jm1pbWVUeXBlPSR7bWltZVR5cGV9JmhlaWdodD0ke2ltYWdlSW5mby5oZWlnaHR9JndpZHRoPSR7aW1hZ2VJbmZvLndpZHRofSJ9","dir":"images/","policy":"eyJleHBpcmF0aW9uIjoiMjAyMS0wNi0wMlQxNjo0Njo0Ny4yNTBaIiwiY29uZGl0aW9ucyI6W1siY29udGVudC1sZW5ndGgtcmFuZ2UiLDAsMTA0ODU3NjAwMF0sWyJzdGFydHMtd2l0aCIsIiRrZXkiLCJpbWFnZXMvIl1dfQ=="}
2021-06-03 00:46:17.253 [http-nio-8080-exec-9] INFO  com.x.lfs.config.mvc.LogRecordAspect 耗时=====>2
2021-06-03 00:46:17.253 [http-nio-8080-exec-1] INFO  com.x.lfs.config.mvc.LogRecordAspect 请求=====>GET /aliyun/oss/signature
2021-06-03 00:46:17.253 [http-nio-8080-exec-1] INFO  com.x.lfs.config.mvc.LogRecordAspect 请求参数==>:null
2021-06-03 00:46:17.254 [http-nio-8080-exec-1] INFO  com.x.lfs.config.mvc.LogRecordAspect 响应=====>:{"accessId":"LTAI5tQQuPD1Fk7bhcEQbNWk","signature":"8Dr++ogWW6M6MCxCtH/qJNttpZk=","expire":"1622652407","host":"https://lfs-image.oss-cn-chengdu.aliyuncs.com","callback":"eyJjYWxsYmFja0JvZHlUeXBlIjoiYXBwbGljYXRpb24veC13d3ctZm9ybS11cmxlbmNvZGVkIiwiY2FsbGJhY2tVcmwiOiIiLCJjYWxsYmFja0JvZHkiOiJmaWxlbmFtZT0ke29iamVjdH0mc2l6ZT0ke3NpemV9Jm1pbWVUeXBlPSR7bWltZVR5cGV9JmhlaWdodD0ke2ltYWdlSW5mby5oZWlnaHR9JndpZHRoPSR7aW1hZ2VJbmZvLndpZHRofSJ9","dir":"images/","policy":"eyJleHBpcmF0aW9uIjoiMjAyMS0wNi0wMlQxNjo0Njo0Ny4yNTJaIiwiY29uZGl0aW9ucyI6W1siY29udGVudC1sZW5ndGgtcmFuZ2UiLDAsMTA0ODU3NjAwMF0sWyJzdGFydHMtd2l0aCIsIiRrZXkiLCJpbWFnZXMvIl1dfQ=="}
2021-06-03 00:46:17.254 [http-nio-8080-exec-1] INFO  com.x.lfs.config.mvc.LogRecordAspect 耗时=====>2
2021-06-03 00:47:51.859 [http-nio-8080-exec-3] INFO  com.x.lfs.config.mvc.LogRecordAspect 请求=====>GET /aliyun/oss/signature
2021-06-03 00:47:51.859 [http-nio-8080-exec-3] INFO  com.x.lfs.config.mvc.LogRecordAspect 请求参数==>:null
2021-06-03 00:47:51.857 [http-nio-8080-exec-10] INFO  com.x.lfs.config.mvc.LogRecordAspect 请求=====>GET /aliyun/oss/signature
2021-06-03 00:47:51.867 [http-nio-8080-exec-3] INFO  com.x.lfs.config.mvc.LogRecordAspect 响应=====>:{"accessId":"LTAI5tQQuPD1Fk7bhcEQbNWk","signature":"MgEdPwFCuFt0FXu2hurYgl/lfM0=","expire":"1622652501","host":"https://lfs-image.oss-cn-chengdu.aliyuncs.com","callback":"eyJjYWxsYmFja0JvZHlUeXBlIjoiYXBwbGljYXRpb24veC13d3ctZm9ybS11cmxlbmNvZGVkIiwiY2FsbGJhY2tVcmwiOiIiLCJjYWxsYmFja0JvZHkiOiJmaWxlbmFtZT0ke29iamVjdH0mc2l6ZT0ke3NpemV9Jm1pbWVUeXBlPSR7bWltZVR5cGV9JmhlaWdodD0ke2ltYWdlSW5mby5oZWlnaHR9JndpZHRoPSR7aW1hZ2VJbmZvLndpZHRofSJ9","dir":"images/","policy":"eyJleHBpcmF0aW9uIjoiMjAyMS0wNi0wMlQxNjo0ODoyMS44NThaIiwiY29uZGl0aW9ucyI6W1siY29udGVudC1sZW5ndGgtcmFuZ2UiLDAsMTA0ODU3NjAwMF0sWyJzdGFydHMtd2l0aCIsIiRrZXkiLCJpbWFnZXMvIl1dfQ=="}
2021-06-03 00:47:51.867 [http-nio-8080-exec-10] INFO  com.x.lfs.config.mvc.LogRecordAspect 请求参数==>:null
2021-06-03 00:47:51.867 [http-nio-8080-exec-3] INFO  com.x.lfs.config.mvc.LogRecordAspect 耗时=====>9
2021-06-03 00:47:51.867 [http-nio-8080-exec-10] INFO  com.x.lfs.config.mvc.LogRecordAspect 响应=====>:{"accessId":"LTAI5tQQuPD1Fk7bhcEQbNWk","signature":"oD9kFIUeCOaOCw39JL2o6AmIwAA=","expire":"1622652501","host":"https://lfs-image.oss-cn-chengdu.aliyuncs.com","callback":"eyJjYWxsYmFja0JvZHlUeXBlIjoiYXBwbGljYXRpb24veC13d3ctZm9ybS11cmxlbmNvZGVkIiwiY2FsbGJhY2tVcmwiOiIiLCJjYWxsYmFja0JvZHkiOiJmaWxlbmFtZT0ke29iamVjdH0mc2l6ZT0ke3NpemV9Jm1pbWVUeXBlPSR7bWltZVR5cGV9JmhlaWdodD0ke2ltYWdlSW5mby5oZWlnaHR9JndpZHRoPSR7aW1hZ2VJbmZvLndpZHRofSJ9","dir":"images/","policy":"eyJleHBpcmF0aW9uIjoiMjAyMS0wNi0wMlQxNjo0ODoyMS44NTZaIiwiY29uZGl0aW9ucyI6W1siY29udGVudC1sZW5ndGgtcmFuZ2UiLDAsMTA0ODU3NjAwMF0sWyJzdGFydHMtd2l0aCIsIiRrZXkiLCJpbWFnZXMvIl1dfQ=="}
2021-06-03 00:47:51.867 [http-nio-8080-exec-10] INFO  com.x.lfs.config.mvc.LogRecordAspect 耗时=====>11
2021-06-03 00:53:55.334 [http-nio-8080-exec-2] INFO  com.x.lfs.config.mvc.LogRecordAspect 请求=====>GET /aliyun/oss/signature
2021-06-03 00:53:55.334 [http-nio-8080-exec-6] INFO  com.x.lfs.config.mvc.LogRecordAspect 请求=====>GET /aliyun/oss/signature
2021-06-03 00:53:55.335 [http-nio-8080-exec-2] INFO  com.x.lfs.config.mvc.LogRecordAspect 请求参数==>:null
2021-06-03 00:53:55.335 [http-nio-8080-exec-6] INFO  com.x.lfs.config.mvc.LogRecordAspect 请求参数==>:null
2021-06-03 00:53:55.335 [http-nio-8080-exec-2] INFO  com.x.lfs.config.mvc.LogRecordAspect 响应=====>:{"accessId":"LTAI5tQQuPD1Fk7bhcEQbNWk","signature":"sdJHphIDIWNzLBcfOlRZie+J38s=","expire":"1622652865","host":"https://lfs-image.oss-cn-chengdu.aliyuncs.com","callback":"eyJjYWxsYmFja0JvZHlUeXBlIjoiYXBwbGljYXRpb24veC13d3ctZm9ybS11cmxlbmNvZGVkIiwiY2FsbGJhY2tVcmwiOiIiLCJjYWxsYmFja0JvZHkiOiJmaWxlbmFtZT0ke29iamVjdH0mc2l6ZT0ke3NpemV9Jm1pbWVUeXBlPSR7bWltZVR5cGV9JmhlaWdodD0ke2ltYWdlSW5mby5oZWlnaHR9JndpZHRoPSR7aW1hZ2VJbmZvLndpZHRofSJ9","dir":"images/","policy":"eyJleHBpcmF0aW9uIjoiMjAyMS0wNi0wMlQxNjo1NDoyNS4zMzNaIiwiY29uZGl0aW9ucyI6W1siY29udGVudC1sZW5ndGgtcmFuZ2UiLDAsMTA0ODU3NjAwMF0sWyJzdGFydHMtd2l0aCIsIiRrZXkiLCJpbWFnZXMvIl1dfQ=="}
2021-06-03 00:53:55.335 [http-nio-8080-exec-2] INFO  com.x.lfs.config.mvc.LogRecordAspect 耗时=====>2
2021-06-03 00:53:55.335 [http-nio-8080-exec-6] INFO  com.x.lfs.config.mvc.LogRecordAspect 响应=====>:{"accessId":"LTAI5tQQuPD1Fk7bhcEQbNWk","signature":"sdJHphIDIWNzLBcfOlRZie+J38s=","expire":"1622652865","host":"https://lfs-image.oss-cn-chengdu.aliyuncs.com","callback":"eyJjYWxsYmFja0JvZHlUeXBlIjoiYXBwbGljYXRpb24veC13d3ctZm9ybS11cmxlbmNvZGVkIiwiY2FsbGJhY2tVcmwiOiIiLCJjYWxsYmFja0JvZHkiOiJmaWxlbmFtZT0ke29iamVjdH0mc2l6ZT0ke3NpemV9Jm1pbWVUeXBlPSR7bWltZVR5cGV9JmhlaWdodD0ke2ltYWdlSW5mby5oZWlnaHR9JndpZHRoPSR7aW1hZ2VJbmZvLndpZHRofSJ9","dir":"images/","policy":"eyJleHBpcmF0aW9uIjoiMjAyMS0wNi0wMlQxNjo1NDoyNS4zMzNaIiwiY29uZGl0aW9ucyI6W1siY29udGVudC1sZW5ndGgtcmFuZ2UiLDAsMTA0ODU3NjAwMF0sWyJzdGFydHMtd2l0aCIsIiRrZXkiLCJpbWFnZXMvIl1dfQ=="}
2021-06-03 00:53:55.335 [http-nio-8080-exec-6] INFO  com.x.lfs.config.mvc.LogRecordAspect 耗时=====>2
2021-06-03 00:55:05.764 [http-nio-8080-exec-5] INFO  com.x.lfs.config.mvc.LogRecordAspect 请求=====>GET /aliyun/oss/signature
2021-06-03 00:55:05.764 [http-nio-8080-exec-5] INFO  com.x.lfs.config.mvc.LogRecordAspect 请求参数==>:null
2021-06-03 00:55:05.765 [http-nio-8080-exec-5] INFO  com.x.lfs.config.mvc.LogRecordAspect 响应=====>:{"accessId":"LTAI5tQQuPD1Fk7bhcEQbNWk","signature":"GJZi0mLLOEFuT/Icdp+xEW+MBfw=","expire":"1622652935","host":"https://lfs-image.oss-cn-chengdu.aliyuncs.com","callback":"eyJjYWxsYmFja0JvZHlUeXBlIjoiYXBwbGljYXRpb24veC13d3ctZm9ybS11cmxlbmNvZGVkIiwiY2FsbGJhY2tVcmwiOiIiLCJjYWxsYmFja0JvZHkiOiJmaWxlbmFtZT0ke29iamVjdH0mc2l6ZT0ke3NpemV9Jm1pbWVUeXBlPSR7bWltZVR5cGV9JmhlaWdodD0ke2ltYWdlSW5mby5oZWlnaHR9JndpZHRoPSR7aW1hZ2VJbmZvLndpZHRofSJ9","dir":"images/","policy":"eyJleHBpcmF0aW9uIjoiMjAyMS0wNi0wMlQxNjo1NTozNS43NjNaIiwiY29uZGl0aW9ucyI6W1siY29udGVudC1sZW5ndGgtcmFuZ2UiLDAsMTA0ODU3NjAwMF0sWyJzdGFydHMtd2l0aCIsIiRrZXkiLCJpbWFnZXMvIl1dfQ=="}
2021-06-03 00:55:05.765 [http-nio-8080-exec-5] INFO  com.x.lfs.config.mvc.LogRecordAspect 耗时=====>2
2021-06-03 00:55:05.774 [http-nio-8080-exec-8] INFO  com.x.lfs.config.mvc.LogRecordAspect 请求=====>GET /aliyun/oss/signature
2021-06-03 00:55:05.775 [http-nio-8080-exec-8] INFO  com.x.lfs.config.mvc.LogRecordAspect 请求参数==>:null
2021-06-03 00:55:05.775 [http-nio-8080-exec-8] INFO  com.x.lfs.config.mvc.LogRecordAspect 响应=====>:{"accessId":"LTAI5tQQuPD1Fk7bhcEQbNWk","signature":"VtL90A6XhlpCRQ72o8nW9vEDY20=","expire":"1622652935","host":"https://lfs-image.oss-cn-chengdu.aliyuncs.com","callback":"eyJjYWxsYmFja0JvZHlUeXBlIjoiYXBwbGljYXRpb24veC13d3ctZm9ybS11cmxlbmNvZGVkIiwiY2FsbGJhY2tVcmwiOiIiLCJjYWxsYmFja0JvZHkiOiJmaWxlbmFtZT0ke29iamVjdH0mc2l6ZT0ke3NpemV9Jm1pbWVUeXBlPSR7bWltZVR5cGV9JmhlaWdodD0ke2ltYWdlSW5mby5oZWlnaHR9JndpZHRoPSR7aW1hZ2VJbmZvLndpZHRofSJ9","dir":"images/","policy":"eyJleHBpcmF0aW9uIjoiMjAyMS0wNi0wMlQxNjo1NTozNS43NjZaIiwiY29uZGl0aW9ucyI6W1siY29udGVudC1sZW5ndGgtcmFuZ2UiLDAsMTA0ODU3NjAwMF0sWyJzdGFydHMtd2l0aCIsIiRrZXkiLCJpbWFnZXMvIl1dfQ=="}
2021-06-03 00:55:05.775 [http-nio-8080-exec-8] INFO  com.x.lfs.config.mvc.LogRecordAspect 耗时=====>9
2021-06-03 17:14:28.550 [http-nio-8080-exec-4] INFO  com.x.lfs.config.mvc.LogRecordAspect 请求=====>GET /price
2021-06-03 17:14:28.556 [http-nio-8080-exec-4] INFO  com.x.lfs.config.mvc.LogRecordAspect 请求参数==>:myprice=220&ratio=0.03&distance=9&chratio=0.03
2021-06-03 17:14:28.557 [http-nio-8080-exec-4] INFO  com.x.lfs.config.mvc.LogRecordAspect 响应=====>:171.0
2021-06-03 17:14:28.557 [http-nio-8080-exec-4] INFO  com.x.lfs.config.mvc.LogRecordAspect 耗时=====>9
2021-06-03 17:14:41.320 [http-nio-8080-exec-7] INFO  com.x.lfs.config.mvc.LogRecordAspect 请求=====>GET /price
2021-06-03 17:14:41.321 [http-nio-8080-exec-7] INFO  com.x.lfs.config.mvc.LogRecordAspect 请求参数==>:myprice=210&ratio=0.03&distance=9&chratio=0.03
2021-06-03 17:14:41.322 [http-nio-8080-exec-7] INFO  com.x.lfs.config.mvc.LogRecordAspect 响应=====>:163.0
2021-06-03 17:14:41.322 [http-nio-8080-exec-7] INFO  com.x.lfs.config.mvc.LogRecordAspect 耗时=====>2
2021-06-03 19:20:40.103 [http-nio-8080-exec-1] INFO  com.x.lfs.config.mvc.LogRecordAspect 请求=====>GET /aliyun/oss/signature
2021-06-03 19:20:40.104 [http-nio-8080-exec-1] INFO  com.x.lfs.config.mvc.LogRecordAspect 请求参数==>:null
2021-06-03 19:20:40.104 [http-nio-8080-exec-1] INFO  com.x.lfs.config.mvc.LogRecordAspect 响应=====>:{"accessId":"LTAI5tQQuPD1Fk7bhcEQbNWk","signature":"vuU6XXd9qvoZNNnAQ2xjR8nFvRI=","expire":"1622719270","host":"https://lfs-image.oss-cn-chengdu.aliyuncs.com","callback":"eyJjYWxsYmFja0JvZHlUeXBlIjoiYXBwbGljYXRpb24veC13d3ctZm9ybS11cmxlbmNvZGVkIiwiY2FsbGJhY2tVcmwiOiIiLCJjYWxsYmFja0JvZHkiOiJmaWxlbmFtZT0ke29iamVjdH0mc2l6ZT0ke3NpemV9Jm1pbWVUeXBlPSR7bWltZVR5cGV9JmhlaWdodD0ke2ltYWdlSW5mby5oZWlnaHR9JndpZHRoPSR7aW1hZ2VJbmZvLndpZHRofSJ9","dir":"images/","policy":"eyJleHBpcmF0aW9uIjoiMjAyMS0wNi0wM1QxMToyMToxMC4wODZaIiwiY29uZGl0aW9ucyI6W1siY29udGVudC1sZW5ndGgtcmFuZ2UiLDAsMTA0ODU3NjAwMF0sWyJzdGFydHMtd2l0aCIsIiRrZXkiLCJpbWFnZXMvIl1dfQ=="}
2021-06-03 19:20:40.104 [http-nio-8080-exec-1] INFO  com.x.lfs.config.mvc.LogRecordAspect 耗时=====>19
2021-06-03 19:20:40.131 [http-nio-8080-exec-10] INFO  com.x.lfs.config.mvc.LogRecordAspect 请求=====>GET /aliyun/oss/signature
2021-06-03 19:20:40.131 [http-nio-8080-exec-10] INFO  com.x.lfs.config.mvc.LogRecordAspect 请求参数==>:null
2021-06-03 19:20:40.132 [http-nio-8080-exec-10] INFO  com.x.lfs.config.mvc.LogRecordAspect 响应=====>:{"accessId":"LTAI5tQQuPD1Fk7bhcEQbNWk","signature":"UFOZRueFsLBL29Rd1StlWGK0zzI=","expire":"1622719270","host":"https://lfs-image.oss-cn-chengdu.aliyuncs.com","callback":"eyJjYWxsYmFja0JvZHlUeXBlIjoiYXBwbGljYXRpb24veC13d3ctZm9ybS11cmxlbmNvZGVkIiwiY2FsbGJhY2tVcmwiOiIiLCJjYWxsYmFja0JvZHkiOiJmaWxlbmFtZT0ke29iamVjdH0mc2l6ZT0ke3NpemV9Jm1pbWVUeXBlPSR7bWltZVR5cGV9JmhlaWdodD0ke2ltYWdlSW5mby5oZWlnaHR9JndpZHRoPSR7aW1hZ2VJbmZvLndpZHRofSJ9","dir":"images/","policy":"eyJleHBpcmF0aW9uIjoiMjAyMS0wNi0wM1QxMToyMToxMC4xMjlaIiwiY29uZGl0aW9ucyI6W1siY29udGVudC1sZW5ndGgtcmFuZ2UiLDAsMTA0ODU3NjAwMF0sWyJzdGFydHMtd2l0aCIsIiRrZXkiLCJpbWFnZXMvIl1dfQ=="}
2021-06-03 19:20:40.132 [http-nio-8080-exec-10] INFO  com.x.lfs.config.mvc.LogRecordAspect 耗时=====>3
2021-06-03 19:20:46.521 [http-nio-8080-exec-3] INFO  com.x.lfs.config.mvc.LogRecordAspect 请求=====>GET /aliyun/oss/signature
2021-06-03 19:20:46.522 [http-nio-8080-exec-3] INFO  com.x.lfs.config.mvc.LogRecordAspect 请求参数==>:null
2021-06-03 19:20:46.522 [http-nio-8080-exec-3] INFO  com.x.lfs.config.mvc.LogRecordAspect 响应=====>:{"accessId":"LTAI5tQQuPD1Fk7bhcEQbNWk","signature":"YaQtU7qMwfTrTw54MuiSLLCA5Aw=","expire":"1622719276","host":"https://lfs-image.oss-cn-chengdu.aliyuncs.com","callback":"eyJjYWxsYmFja0JvZHlUeXBlIjoiYXBwbGljYXRpb24veC13d3ctZm9ybS11cmxlbmNvZGVkIiwiY2FsbGJhY2tVcmwiOiIiLCJjYWxsYmFja0JvZHkiOiJmaWxlbmFtZT0ke29iamVjdH0mc2l6ZT0ke3NpemV9Jm1pbWVUeXBlPSR7bWltZVR5cGV9JmhlaWdodD0ke2ltYWdlSW5mby5oZWlnaHR9JndpZHRoPSR7aW1hZ2VJbmZvLndpZHRofSJ9","dir":"images/","policy":"eyJleHBpcmF0aW9uIjoiMjAyMS0wNi0wM1QxMToyMToxNi41MjBaIiwiY29uZGl0aW9ucyI6W1siY29udGVudC1sZW5ndGgtcmFuZ2UiLDAsMTA0ODU3NjAwMF0sWyJzdGFydHMtd2l0aCIsIiRrZXkiLCJpbWFnZXMvIl1dfQ=="}
2021-06-03 19:20:46.522 [http-nio-8080-exec-3] INFO  com.x.lfs.config.mvc.LogRecordAspect 耗时=====>2
2021-06-03 19:20:46.532 [http-nio-8080-exec-6] INFO  com.x.lfs.config.mvc.LogRecordAspect 请求=====>GET /aliyun/oss/signature
2021-06-03 19:20:46.532 [http-nio-8080-exec-6] INFO  com.x.lfs.config.mvc.LogRecordAspect 请求参数==>:null
2021-06-03 19:20:46.533 [http-nio-8080-exec-6] INFO  com.x.lfs.config.mvc.LogRecordAspect 响应=====>:{"accessId":"LTAI5tQQuPD1Fk7bhcEQbNWk","signature":"koYGzxTaZs9T5wXqVUzHZ1HojxA=","expire":"1622719276","host":"https://lfs-image.oss-cn-chengdu.aliyuncs.com","callback":"eyJjYWxsYmFja0JvZHlUeXBlIjoiYXBwbGljYXRpb24veC13d3ctZm9ybS11cmxlbmNvZGVkIiwiY2FsbGJhY2tVcmwiOiIiLCJjYWxsYmFja0JvZHkiOiJmaWxlbmFtZT0ke29iamVjdH0mc2l6ZT0ke3NpemV9Jm1pbWVUeXBlPSR7bWltZVR5cGV9JmhlaWdodD0ke2ltYWdlSW5mby5oZWlnaHR9JndpZHRoPSR7aW1hZ2VJbmZvLndpZHRofSJ9","dir":"images/","policy":"eyJleHBpcmF0aW9uIjoiMjAyMS0wNi0wM1QxMToyMToxNi41MzFaIiwiY29uZGl0aW9ucyI6W1siY29udGVudC1sZW5ndGgtcmFuZ2UiLDAsMTA0ODU3NjAwMF0sWyJzdGFydHMtd2l0aCIsIiRrZXkiLCJpbWFnZXMvIl1dfQ=="}
2021-06-03 19:20:46.533 [http-nio-8080-exec-6] INFO  com.x.lfs.config.mvc.LogRecordAspect 耗时=====>2
2021-06-03 19:21:36.721 [http-nio-8080-exec-2] INFO  com.x.lfs.config.mvc.LogRecordAspect 请求=====>GET /admin
2021-06-03 19:21:36.721 [http-nio-8080-exec-2] INFO  com.x.lfs.config.mvc.LogRecordAspect 请求参数==>:null
2021-06-03 19:21:36.722 [http-nio-8080-exec-2] INFO  com.x.lfs.config.mvc.LogRecordAspect 异常====>还未登陆
2021-06-03 19:21:36.722 [http-nio-8080-exec-2] INFO  com.x.lfs.config.mvc.LogRecordAspect 耗时=====>5
2021-06-03 19:21:37.606 [http-nio-8080-exec-5] INFO  com.x.lfs.config.mvc.LogRecordAspect 请求=====>GET /admin
2021-06-03 19:21:37.607 [http-nio-8080-exec-5] INFO  com.x.lfs.config.mvc.LogRecordAspect 请求参数==>:null
2021-06-03 19:21:37.607 [http-nio-8080-exec-5] INFO  com.x.lfs.config.mvc.LogRecordAspect 异常====>还未登陆
2021-06-03 19:21:37.607 [http-nio-8080-exec-5] INFO  com.x.lfs.config.mvc.LogRecordAspect 耗时=====>1
2021-06-03 19:35:53.898 [http-nio-8080-exec-8] INFO  com.x.lfs.config.mvc.LogRecordAspect 请求=====>POST /admin/session
2021-06-03 19:35:53.898 [http-nio-8080-exec-8] INFO  com.x.lfs.config.mvc.LogRecordAspect 请求参数==>:{"password":"7dd75c55c0f3a84969cacc5fcdbbd980","phone":"13880605659"}
2021-06-03 19:35:53.900 [http-nio-8080-exec-8] INFO  com.x.lfs.config.mvc.LogRecordAspect 响应=====>:{"id":"60827d0fd33c901297c895e5","name":"老徐","password":"7dd75c55c0f3a84969cacc5fcdbbd980","phone":"13880605659","roles":[{"id":"60827d051bd0cb10049a7480","name":"admin","permissions":[]}],"state":1}
2021-06-03 19:35:53.900 [http-nio-8080-exec-8] INFO  com.x.lfs.config.mvc.LogRecordAspect 耗时=====>104
2021-06-03 19:35:53.955 [http-nio-8080-exec-4] INFO  com.x.lfs.config.mvc.LogRecordAspect 请求=====>GET /admin
2021-06-03 19:35:53.956 [http-nio-8080-exec-4] INFO  com.x.lfs.config.mvc.LogRecordAspect 请求参数==>:null
2021-06-03 19:35:53.957 [http-nio-8080-exec-4] INFO  com.x.lfs.config.mvc.LogRecordAspect 响应=====>:{"id":"60827d0fd33c901297c895e5","name":"老徐","password":"7dd75c55c0f3a84969cacc5fcdbbd980","phone":"13880605659","roles":[{"id":"60827d051bd0cb10049a7480","name":"admin","permissions":[]}],"state":1}
2021-06-03 19:35:53.957 [http-nio-8080-exec-4] INFO  com.x.lfs.config.mvc.LogRecordAspect 耗时=====>2
2021-06-03 19:37:00.646 [http-nio-8080-exec-7] INFO  com.x.lfs.config.mvc.LogRecordAspect 请求=====>GET /grouptour
2021-06-03 19:37:00.647 [http-nio-8080-exec-7] INFO  com.x.lfs.config.mvc.LogRecordAspect 请求参数==>:current=1&pageSize=20
2021-06-03 19:37:00.653 [http-nio-8080-exec-7] INFO  com.x.lfs.config.mvc.LogRecordAspect 响应=====>:{"data":[{"id":"5fd9b5ac1adc380258c2d16a","imageUrls":["http://b1-q.mafengwo.net/s17/M00/16/E3/CoUBXl-GVM2AC1GxAANlur2bmuE64.jpeg?imageMogr2%2Fthumbnail%2F%21440x260r%2Fgravity%2FCenter%2Fcrop%2F%21440x260%2Fquality%2F100","http://b1-q.mafengwo.net/s12/M00/3D/36/wKgED1vuQCSAUxxGAA8Olv_YUTQ674.png?imageMogr2%2Fthumbnail%2F%21440x260r%2Fgravity%2FCenter%2Fcrop%2F%21440x260%2Fquality%2F100","http://p1-q.mafengwo.net/s12/M00/94/77/wKgED1v7oHmABJOSAALG5thmt_w03.jpeg?imageMogr2%2Fthumbnail%2F%21440x260r%2Fgravity%2FCenter%2Fcrop%2F%21440x260%2Fquality%2F100"],"maxPrice":0,"minPrice":0,"tags":["买一送一","强消赔2000","儿童免团费","五星温泉SPA"],"title":"【年终特卖 无一人差评】云南昆明大理丽江6日游（国际五星级酒店+强一赔百+送西双版纳4日+洱海吉普车旅拍+玉龙雪山大索道+名族美食+游船）"},{"id":"6007c226a374a85f1ce351c7","imageUrls":["http://b1-q.mafengwo.net/s17/M00/16/E3/CoUBXl-GVM2AC1GxAANlur2bmuE64.jpeg?imageMogr2%2Fthumbnail%2F%21440x260r%2Fgravity%2FCenter%2Fcrop%2F%21440x260%2Fquality%2F100","http://b1-q.mafengwo.net/s12/M00/3D/36/wKgED1vuQCSAUxxGAA8Olv_YUTQ674.png?imageMogr2%2Fthumbnail%2F%21440x260r%2Fgravity%2FCenter%2Fcrop%2F%21440x260%2Fquality%2F100","http://p1-q.mafengwo.net/s12/M00/94/77/wKgED1v7oHmABJOSAALG5thmt_w03.jpeg?imageMogr2%2Fthumbnail%2F%21440x260r%2Fgravity%2FCenter%2Fcrop%2F%21440x260%2Fquality%2F100"],"maxPrice":0,"minPrice":0,"tags":["买一送一","强消赔2000","儿童免团费","五星温泉SPA"],"title":"【年终特卖 无一人差评】云南昆明大理丽江6日游（国际五星级酒店+强一赔百+送西双版纳4日+洱海吉普车旅拍+玉龙雪山大索道+名族美食+游船）"},{"id":"6007c22ca374a85f1ce351c9","imageUrls":["http://b1-q.mafengwo.net/s17/M00/16/E3/CoUBXl-GVM2AC1GxAANlur2bmuE64.jpeg?imageMogr2%2Fthumbnail%2F%21440x260r%2Fgravity%2FCenter%2Fcrop%2F%21440x260%2Fquality%2F100","http://b1-q.mafengwo.net/s12/M00/3D/36/wKgED1vuQCSAUxxGAA8Olv_YUTQ674.png?imageMogr2%2Fthumbnail%2F%21440x260r%2Fgravity%2FCenter%2Fcrop%2F%21440x260%2Fquality%2F100","http://p1-q.mafengwo.net/s12/M00/94/77/wKgED1v7oHmABJOSAALG5thmt_w03.jpeg?imageMogr2%2Fthumbnail%2F%21440x260r%2Fgravity%2FCenter%2Fcrop%2F%21440x260%2Fquality%2F100"],"maxPrice":0,"minPrice":0,"tags":["买一送一","强消赔2000","儿童免团费","五星温泉SPA"],"title":"【年终特卖 无一人差评】云南昆明大理丽江6日游（国际五星级酒店+强一赔百+送西双版纳4日+洱海吉普车旅拍+玉龙雪山大索道+名族美食+游船）"},{"id":"6007c22ca374a85f1ce351cb","imageUrls":["http://b1-q.mafengwo.net/s17/M00/16/E3/CoUBXl-GVM2AC1GxAANlur2bmuE64.jpeg?imageMogr2%2Fthumbnail%2F%21440x260r%2Fgravity%2FCenter%2Fcrop%2F%21440x260%2Fquality%2F100","http://b1-q.mafengwo.net/s12/M00/3D/36/wKgED1vuQCSAUxxGAA8Olv_YUTQ674.png?imageMogr2%2Fthumbnail%2F%21440x260r%2Fgravity%2FCenter%2Fcrop%2F%21440x260%2Fquality%2F100","http://p1-q.mafengwo.net/s12/M00/94/77/wKgED1v7oHmABJOSAALG5thmt_w03.jpeg?imageMogr2%2Fthumbnail%2F%21440x260r%2Fgravity%2FCenter%2Fcrop%2F%21440x260%2Fquality%2F100"],"maxPrice":0,"minPrice":0,"tags":["买一送一","强消赔2000","儿童免团费","五星温泉SPA"],"title":"【年终特卖 无一人差评】云南昆明大理丽江6日游（国际五星级酒店+强一赔百+送西双版纳4日+洱海吉普车旅拍+玉龙雪山大索道+名族美食+游船）"},{"id":"6007c22da374a85f1ce351cd","imageUrls":["http://b1-q.mafengwo.net/s17/M00/16/E3/CoUBXl-GVM2AC1GxAANlur2bmuE64.jpeg?imageMogr2%2Fthumbnail%2F%21440x260r%2Fgravity%2FCenter%2Fcrop%2F%21440x260%2Fquality%2F100","http://b1-q.mafengwo.net/s12/M00/3D/36/wKgED1vuQCSAUxxGAA8Olv_YUTQ674.png?imageMogr2%2Fthumbnail%2F%21440x260r%2Fgravity%2FCenter%2Fcrop%2F%21440x260%2Fquality%2F100","http://p1-q.mafengwo.net/s12/M00/94/77/wKgED1v7oHmABJOSAALG5thmt_w03.jpeg?imageMogr2%2Fthumbnail%2F%21440x260r%2Fgravity%2FCenter%2Fcrop%2F%21440x260%2Fquality%2F100"],"maxPrice":0,"minPrice":0,"tags":["买一送一","强消赔2000","儿童免团费","五星温泉SPA"],"title":"【年终特卖 无一人差评】云南昆明大理丽江6日游（国际五星级酒店+强一赔百+送西双版纳4日+洱海吉普车旅拍+玉龙雪山大索道+名族美食+游船）"},{"id":"6007c22da374a85f1ce351cf","imageUrls":["http://b1-q.mafengwo.net/s17/M00/16/E3/CoUBXl-GVM2AC1GxAANlur2bmuE64.jpeg?imageMogr2%2Fthumbnail%2F%21440x260r%2Fgravity%2FCenter%2Fcrop%2F%21440x260%2Fquality%2F100","http://b1-q.mafengwo.net/s12/M00/3D/36/wKgED1vuQCSAUxxGAA8Olv_YUTQ674.png?imageMogr2%2Fthumbnail%2F%21440x260r%2Fgravity%2FCenter%2Fcrop%2F%21440x260%2Fquality%2F100","http://p1-q.mafengwo.net/s12/M00/94/77/wKgED1v7oHmABJOSAALG5thmt_w03.jpeg?imageMogr2%2Fthumbnail%2F%21440x260r%2Fgravity%2FCenter%2Fcrop%2F%21440x260%2Fquality%2F100"],"maxPrice":0,"minPrice":0,"tags":["买一送一","强消赔2000","儿童免团费","五星温泉SPA"],"title":"【年终特卖 无一人差评】云南昆明大理丽江6日游（国际五星级酒店+强一赔百+送西双版纳4日+洱海吉普车旅拍+玉龙雪山大索道+名族美食+游船）"},{"id":"6007c22da374a85f1ce351d1","imageUrls":["http://b1-q.mafengwo.net/s17/M00/16/E3/CoUBXl-GVM2AC1GxAANlur2bmuE64.jpeg?imageMogr2%2Fthumbnail%2F%21440x260r%2Fgravity%2FCenter%2Fcrop%2F%21440x260%2Fquality%2F100","http://b1-q.mafengwo.net/s12/M00/3D/36/wKgED1vuQCSAUxxGAA8Olv_YUTQ674.png?imageMogr2%2Fthumbnail%2F%21440x260r%2Fgravity%2FCenter%2Fcrop%2F%21440x260%2Fquality%2F100","http://p1-q.mafengwo.net/s12/M00/94/77/wKgED1v7oHmABJOSAALG5thmt_w03.jpeg?imageMogr2%2Fthumbnail%2F%21440x260r%2Fgravity%2FCenter%2Fcrop%2F%21440x260%2Fquality%2F100"],"maxPrice":0,"minPrice":0,"tags":["买一送一","强消赔2000","儿童免团费","五星温泉SPA"],"title":"【年终特卖 无一人差评】云南昆明大理丽江6日游（国际五星级酒店+强一赔百+送西双版纳4日+洱海吉普车旅拍+玉龙雪山大索道+名族美食+游船）"},{"id":"6007c22da374a85f1ce351d3","imageUrls":["http://b1-q.mafengwo.net/s17/M00/16/E3/CoUBXl-GVM2AC1GxAANlur2bmuE64.jpeg?imageMogr2%2Fthumbnail%2F%21440x260r%2Fgravity%2FCenter%2Fcrop%2F%21440x260%2Fquality%2F100","http://b1-q.mafengwo.net/s12/M00/3D/36/wKgED1vuQCSAUxxGAA8Olv_YUTQ674.png?imageMogr2%2Fthumbnail%2F%21440x260r%2Fgravity%2FCenter%2Fcrop%2F%21440x260%2Fquality%2F100","http://p1-q.mafengwo.net/s12/M00/94/77/wKgED1v7oHmABJOSAALG5thmt_w03.jpeg?imageMogr2%2Fthumbnail%2F%21440x260r%2Fgravity%2FCenter%2Fcrop%2F%21440x260%2Fquality%2F100"],"maxPrice":0,"minPrice":0,"tags":["买一送一","强消赔2000","儿童免团费","五星温泉SPA"],"title":"【年终特卖 无一人差评】云南昆明大理丽江6日游（国际五星级酒店+强一赔百+送西双版纳4日+洱海吉普车旅拍+玉龙雪山大索道+名族美食+游船）"},{"id":"6007c22da374a85f1ce351d5","imageUrls":["http://b1-q.mafengwo.net/s17/M00/16/E3/CoUBXl-GVM2AC1GxAANlur2bmuE64.jpeg?imageMogr2%2Fthumbnail%2F%21440x260r%2Fgravity%2FCenter%2Fcrop%2F%21440x260%2Fquality%2F100","http://b1-q.mafengwo.net/s12/M00/3D/36/wKgED1vuQCSAUxxGAA8Olv_YUTQ674.png?imageMogr2%2Fthumbnail%2F%21440x260r%2Fgravity%2FCenter%2Fcrop%2F%21440x260%2Fquality%2F100","http://p1-q.mafengwo.net/s12/M00/94/77/wKgED1v7oHmABJOSAALG5thmt_w03.jpeg?imageMogr2%2Fthumbnail%2F%21440x260r%2Fgravity%2FCenter%2Fcrop%2F%21440x260%2Fquality%2F100"],"maxPrice":0,"minPrice":0,"tags":["买一送一","强消赔2000","儿童免团费","五星温泉SPA"],"title":"【年终特卖 无一人差评】云南昆明大理丽江6日游（国际五星级酒店+强一赔百+送西双版纳4日+洱海吉普车旅拍+玉龙雪山大索道+名族美食+游船）"},{"id":"6007c22ea374a85f1ce351d7","imageUrls":["http://b1-q.mafengwo.net/s17/M00/16/E3/CoUBXl-GVM2AC1GxAANlur2bmuE64.jpeg?imageMogr2%2Fthumbnail%2F%21440x260r%2Fgravity%2FCenter%2Fcrop%2F%21440x260%2Fquality%2F100","http://b1-q.mafengwo.net/s12/M00/3D/36/wKgED1vuQCSAUxxGAA8Olv_YUTQ674.png?imageMogr2%2Fthumbnail%2F%21440x260r%2Fgravity%2FCenter%2Fcrop%2F%21440x260%2Fquality%2F100","http://p1-q.mafengwo.net/s12/M00/94/77/wKgED1v7oHmABJOSAALG5thmt_w03.jpeg?imageMogr2%2Fthumbnail%2F%21440x260r%2Fgravity%2FCenter%2Fcrop%2F%21440x260%2Fquality%2F100"],"maxPrice":0,"minPrice":0,"tags":["买一送一","强消赔2000","儿童免团费","五星温泉SPA"],"title":"【年终特卖 无一人差评】云南昆明大理丽江6日游（国际五星级酒店+强一赔百+送西双版纳4日+洱海吉普车旅拍+玉龙雪山大索道+名族美食+游船）"},{"id":"6007c22ea374a85f1ce351d9","imageUrls":["http://b1-q.mafengwo.net/s17/M00/16/E3/CoUBXl-GVM2AC1GxAANlur2bmuE64.jpeg?imageMogr2%2Fthumbnail%2F%21440x260r%2Fgravity%2FCenter%2Fcrop%2F%21440x260%2Fquality%2F100","http://b1-q.mafengwo.net/s12/M00/3D/36/wKgED1vuQCSAUxxGAA8Olv_YUTQ674.png?imageMogr2%2Fthumbnail%2F%21440x260r%2Fgravity%2FCenter%2Fcrop%2F%21440x260%2Fquality%2F100","http://p1-q.mafengwo.net/s12/M00/94/77/wKgED1v7oHmABJOSAALG5thmt_w03.jpeg?imageMogr2%2Fthumbnail%2F%21440x260r%2Fgravity%2FCenter%2Fcrop%2F%21440x260%2Fquality%2F100"],"maxPrice":0,"minPrice":0,"tags":["买一送一","强消赔2000","儿童免团费","五星温泉SPA"],"title":"【年终特卖 无一人差评】云南昆明大理丽江6日游（国际五星级酒店+强一赔百+送西双版纳4日+洱海吉普车旅拍+玉龙雪山大索道+名族美食+游船）"},{"id":"6007c22ea374a85f1ce351db","imageUrls":["http://b1-q.mafengwo.net/s17/M00/16/E3/CoUBXl-GVM2AC1GxAANlur2bmuE64.jpeg?imageMogr2%2Fthumbnail%2F%21440x260r%2Fgravity%2FCenter%2Fcrop%2F%21440x260%2Fquality%2F100","http://b1-q.mafengwo.net/s12/M00/3D/36/wKgED1vuQCSAUxxGAA8Olv_YUTQ674.png?imageMogr2%2Fthumbnail%2F%21440x260r%2Fgravity%2FCenter%2Fcrop%2F%21440x260%2Fquality%2F100","http://p1-q.mafengwo.net/s12/M00/94/77/wKgED1v7oHmABJOSAALG5thmt_w03.jpeg?imageMogr2%2Fthumbnail%2F%21440x260r%2Fgravity%2FCenter%2Fcrop%2F%21440x260%2Fquality%2F100"],"maxPrice":0,"minPrice":0,"tags":["买一送一","强消赔2000","儿童免团费","五星温泉SPA"],"title":"【年终特卖 无一人差评】云南昆明大理丽江6日游（国际五星级酒店+强一赔百+送西双版纳4日+洱海吉普车旅拍+玉龙雪山大索道+名族美食+游船）"},{"id":"6007c22ea374a85f1ce351dd","imageUrls":["http://b1-q.mafengwo.net/s17/M00/16/E3/CoUBXl-GVM2AC1GxAANlur2bmuE64.jpeg?imageMogr2%2Fthumbnail%2F%21440x260r%2Fgravity%2FCenter%2Fcrop%2F%21440x260%2Fquality%2F100","http://b1-q.mafengwo.net/s12/M00/3D/36/wKgED1vuQCSAUxxGAA8Olv_YUTQ674.png?imageMogr2%2Fthumbnail%2F%21440x260r%2Fgravity%2FCenter%2Fcrop%2F%21440x260%2Fquality%2F100","http://p1-q.mafengwo.net/s12/M00/94/77/wKgED1v7oHmABJOSAALG5thmt_w03.jpeg?imageMogr2%2Fthumbnail%2F%21440x260r%2Fgravity%2FCenter%2Fcrop%2F%21440x260%2Fquality%2F100"],"maxPrice":0,"minPrice":0,"tags":["买一送一","强消赔2000","儿童免团费","五星温泉SPA"],"title":"【年终特卖 无一人差评】云南昆明大理丽江6日游（国际五星级酒店+强一赔百+送西双版纳4日+洱海吉普车旅拍+玉龙雪山大索道+名族美食+游船）"},{"id":"6007c22ea374a85f1ce351df","imageUrls":["http://b1-q.mafengwo.net/s17/M00/16/E3/CoUBXl-GVM2AC1GxAANlur2bmuE64.jpeg?imageMogr2%2Fthumbnail%2F%21440x260r%2Fgravity%2FCenter%2Fcrop%2F%21440x260%2Fquality%2F100","http://b1-q.mafengwo.net/s12/M00/3D/36/wKgED1vuQCSAUxxGAA8Olv_YUTQ674.png?imageMogr2%2Fthumbnail%2F%21440x260r%2Fgravity%2FCenter%2Fcrop%2F%21440x260%2Fquality%2F100","http://p1-q.mafengwo.net/s12/M00/94/77/wKgED1v7oHmABJOSAALG5thmt_w03.jpeg?imageMogr2%2Fthumbnail%2F%21440x260r%2Fgravity%2FCenter%2Fcrop%2F%21440x260%2Fquality%2F100"],"maxPrice":0,"minPrice":0,"tags":["买一送一","强消赔2000","儿童免团费","五星温泉SPA"],"title":"【年终特卖 无一人差评】云南昆明大理丽江6日游（国际五星级酒店+强一赔百+送西双版纳4日+洱海吉普车旅拍+玉龙雪山大索道+名族美食+游船）"},{"id":"6007c22ea374a85f1ce351e1","imageUrls":["http://b1-q.mafengwo.net/s17/M00/16/E3/CoUBXl-GVM2AC1GxAANlur2bmuE64.jpeg?imageMogr2%2Fthumbnail%2F%21440x260r%2Fgravity%2FCenter%2Fcrop%2F%21440x260%2Fquality%2F100","http://b1-q.mafengwo.net/s12/M00/3D/36/wKgED1vuQCSAUxxGAA8Olv_YUTQ674.png?imageMogr2%2Fthumbnail%2F%21440x260r%2Fgravity%2FCenter%2Fcrop%2F%21440x260%2Fquality%2F100","http://p1-q.mafengwo.net/s12/M00/94/77/wKgED1v7oHmABJOSAALG5thmt_w03.jpeg?imageMogr2%2Fthumbnail%2F%21440x260r%2Fgravity%2FCenter%2Fcrop%2F%21440x260%2Fquality%2F100"],"maxPrice":0,"minPrice":0,"tags":["买一送一","强消赔2000","儿童免团费","五星温泉SPA"],"title":"【年终特卖 无一人差评】云南昆明大理丽江6日游（国际五星级酒店+强一赔百+送西双版纳4日+洱海吉普车旅拍+玉龙雪山大索道+名族美食+游船）"},{"id":"6007c22fa374a85f1ce351e3","imageUrls":["http://b1-q.mafengwo.net/s17/M00/16/E3/CoUBXl-GVM2AC1GxAANlur2bmuE64.jpeg?imageMogr2%2Fthumbnail%2F%21440x260r%2Fgravity%2FCenter%2Fcrop%2F%21440x260%2Fquality%2F100","http://b1-q.mafengwo.net/s12/M00/3D/36/wKgED1vuQCSAUxxGAA8Olv_YUTQ674.png?imageMogr2%2Fthumbnail%2F%21440x260r%2Fgravity%2FCenter%2Fcrop%2F%21440x260%2Fquality%2F100","http://p1-q.mafengwo.net/s12/M00/94/77/wKgED1v7oHmABJOSAALG5thmt_w03.jpeg?imageMogr2%2Fthumbnail%2F%21440x260r%2Fgravity%2FCenter%2Fcrop%2F%21440x260%2Fquality%2F100"],"maxPrice":0,"minPrice":0,"tags":["买一送一","强消赔2000","儿童免团费","五星温泉SPA"],"title":"【年终特卖 无一人差评】云南昆明大理丽江6日游（国际五星级酒店+强一赔百+送西双版纳4日+洱海吉普车旅拍+玉龙雪山大索道+名族美食+游船）"},{"id":"6007c22fa374a85f1ce351e5","imageUrls":["http://b1-q.mafengwo.net/s17/M00/16/E3/CoUBXl-GVM2AC1GxAANlur2bmuE64.jpeg?imageMogr2%2Fthumbnail%2F%21440x260r%2Fgravity%2FCenter%2Fcrop%2F%21440x260%2Fquality%2F100","http://b1-q.mafengwo.net/s12/M00/3D/36/wKgED1vuQCSAUxxGAA8Olv_YUTQ674.png?imageMogr2%2Fthumbnail%2F%21440x260r%2Fgravity%2FCenter%2Fcrop%2F%21440x260%2Fquality%2F100","http://p1-q.mafengwo.net/s12/M00/94/77/wKgED1v7oHmABJOSAALG5thmt_w03.jpeg?imageMogr2%2Fthumbnail%2F%21440x260r%2Fgravity%2FCenter%2Fcrop%2F%21440x260%2Fquality%2F100"],"maxPrice":0,"minPrice":0,"tags":["买一送一","强消赔2000","儿童免团费","五星温泉SPA"],"title":"【年终特卖 无一人差评】云南昆明大理丽江6日游（国际五星级酒店+强一赔百+送西双版纳4日+洱海吉普车旅拍+玉龙雪山大索道+名族美食+游船）"},{"id":"6007c22fa374a85f1ce351e7","imageUrls":["http://b1-q.mafengwo.net/s17/M00/16/E3/CoUBXl-GVM2AC1GxAANlur2bmuE64.jpeg?imageMogr2%2Fthumbnail%2F%21440x260r%2Fgravity%2FCenter%2Fcrop%2F%21440x260%2Fquality%2F100","http://b1-q.mafengwo.net/s12/M00/3D/36/wKgED1vuQCSAUxxGAA8Olv_YUTQ674.png?imageMogr2%2Fthumbnail%2F%21440x260r%2Fgravity%2FCenter%2Fcrop%2F%21440x260%2Fquality%2F100","http://p1-q.mafengwo.net/s12/M00/94/77/wKgED1v7oHmABJOSAALG5thmt_w03.jpeg?imageMogr2%2Fthumbnail%2F%21440x260r%2Fgravity%2FCenter%2Fcrop%2F%21440x260%2Fquality%2F100"],"maxPrice":0,"minPrice":0,"tags":["买一送一","强消赔2000","儿童免团费","五星温泉SPA"],"title":"【年终特卖 无一人差评】云南昆明大理丽江6日游（国际五星级酒店+强一赔百+送西双版纳4日+洱海吉普车旅拍+玉龙雪山大索道+名族美食+游船）"},{"id":"6007c22fa374a85f1ce351e9","imageUrls":["http://b1-q.mafengwo.net/s17/M00/16/E3/CoUBXl-GVM2AC1GxAANlur2bmuE64.jpeg?imageMogr2%2Fthumbnail%2F%21440x260r%2Fgravity%2FCenter%2Fcrop%2F%21440x260%2Fquality%2F100","http://b1-q.mafengwo.net/s12/M00/3D/36/wKgED1vuQCSAUxxGAA8Olv_YUTQ674.png?imageMogr2%2Fthumbnail%2F%21440x260r%2Fgravity%2FCenter%2Fcrop%2F%21440x260%2Fquality%2F100","http://p1-q.mafengwo.net/s12/M00/94/77/wKgED1v7oHmABJOSAALG5thmt_w03.jpeg?imageMogr2%2Fthumbnail%2F%21440x260r%2Fgravity%2FCenter%2Fcrop%2F%21440x260%2Fquality%2F100"],"maxPrice":0,"minPrice":0,"tags":["买一送一","强消赔2000","儿童免团费","五星温泉SPA"],"title":"【年终特卖 无一人差评】云南昆明大理丽江6日游（国际五星级酒店+强一赔百+送西双版纳4日+洱海吉普车旅拍+玉龙雪山大索道+名族美食+游船）"},{"id":"6007c22fa374a85f1ce351eb","imageUrls":["http://b1-q.mafengwo.net/s17/M00/16/E3/CoUBXl-GVM2AC1GxAANlur2bmuE64.jpeg?imageMogr2%2Fthumbnail%2F%21440x260r%2Fgravity%2FCenter%2Fcrop%2F%21440x260%2Fquality%2F100","http://b1-q.mafengwo.net/s12/M00/3D/36/wKgED1vuQCSAUxxGAA8Olv_YUTQ674.png?imageMogr2%2Fthumbnail%2F%21440x260r%2Fgravity%2FCenter%2Fcrop%2F%21440x260%2Fquality%2F100","http://p1-q.mafengwo.net/s12/M00/94/77/wKgED1v7oHmABJOSAALG5thmt_w03.jpeg?imageMogr2%2Fthumbnail%2F%21440x260r%2Fgravity%2FCenter%2Fcrop%2F%21440x260%2Fquality%2F100"],"maxPrice":0,"minPrice":0,"tags":["买一送一","强消赔2000","儿童免团费","五星温泉SPA"],"title":"【年终特卖 无一人差评】云南昆明大理丽江6日游（国际五星级酒店+强一赔百+送西双版纳4日+洱海吉普车旅拍+玉龙雪山大索道+名族美食+游船）"}],"pagination":{"current":1,"pageSize":20,"pages":6,"total":101},"success":true,"total":101}
2021-06-03 19:37:00.661 [http-nio-8080-exec-7] INFO  com.x.lfs.config.mvc.LogRecordAspect 耗时=====>194
2021-06-03 19:37:34.225 [http-nio-8080-exec-9] INFO  com.x.lfs.config.mvc.LogRecordAspect 请求=====>GET /admin
2021-06-03 19:37:34.226 [http-nio-8080-exec-9] INFO  com.x.lfs.config.mvc.LogRecordAspect 请求参数==>:null
2021-06-03 19:37:34.226 [http-nio-8080-exec-9] INFO  com.x.lfs.config.mvc.LogRecordAspect 响应=====>:{"id":"60827d0fd33c901297c895e5","name":"老徐","password":"7dd75c55c0f3a84969cacc5fcdbbd980","phone":"13880605659","roles":[{"id":"60827d051bd0cb10049a7480","name":"admin","permissions":[]}],"state":1}
2021-06-03 19:37:34.227 [http-nio-8080-exec-9] INFO  com.x.lfs.config.mvc.LogRecordAspect 耗时=====>2
2021-06-03 19:37:36.309 [http-nio-8080-exec-1] INFO  com.x.lfs.config.mvc.LogRecordAspect 请求=====>GET /admin
2021-06-03 19:37:36.310 [http-nio-8080-exec-1] INFO  com.x.lfs.config.mvc.LogRecordAspect 请求参数==>:null
2021-06-03 19:37:36.310 [http-nio-8080-exec-1] INFO  com.x.lfs.config.mvc.LogRecordAspect 响应=====>:{"id":"60827d0fd33c901297c895e5","name":"老徐","password":"7dd75c55c0f3a84969cacc5fcdbbd980","phone":"13880605659","roles":[{"id":"60827d051bd0cb10049a7480","name":"admin","permissions":[]}],"state":1}
2021-06-03 19:37:36.310 [http-nio-8080-exec-1] INFO  com.x.lfs.config.mvc.LogRecordAspect 耗时=====>1
2021-06-03 19:37:37.388 [http-nio-8080-exec-10] INFO  com.x.lfs.config.mvc.LogRecordAspect 请求=====>GET /aliyun/oss/signature
2021-06-03 19:37:37.388 [http-nio-8080-exec-10] INFO  com.x.lfs.config.mvc.LogRecordAspect 请求参数==>:null
2021-06-03 19:37:37.388 [http-nio-8080-exec-10] INFO  com.x.lfs.config.mvc.LogRecordAspect 响应=====>:{"accessId":"LTAI5tQQuPD1Fk7bhcEQbNWk","signature":"QiToH2+mSmrJ9271UPoL588IHIU=","expire":"1622720287","host":"https://lfs-image.oss-cn-chengdu.aliyuncs.com","callback":"eyJjYWxsYmFja0JvZHlUeXBlIjoiYXBwbGljYXRpb24veC13d3ctZm9ybS11cmxlbmNvZGVkIiwiY2FsbGJhY2tVcmwiOiIiLCJjYWxsYmFja0JvZHkiOiJmaWxlbmFtZT0ke29iamVjdH0mc2l6ZT0ke3NpemV9Jm1pbWVUeXBlPSR7bWltZVR5cGV9JmhlaWdodD0ke2ltYWdlSW5mby5oZWlnaHR9JndpZHRoPSR7aW1hZ2VJbmZvLndpZHRofSJ9","dir":"images/","policy":"eyJleHBpcmF0aW9uIjoiMjAyMS0wNi0wM1QxMTozODowNy4zODdaIiwiY29uZGl0aW9ucyI6W1siY29udGVudC1sZW5ndGgtcmFuZ2UiLDAsMTA0ODU3NjAwMF0sWyJzdGFydHMtd2l0aCIsIiRrZXkiLCJpbWFnZXMvIl1dfQ=="}
2021-06-03 19:37:37.389 [http-nio-8080-exec-10] INFO  com.x.lfs.config.mvc.LogRecordAspect 耗时=====>2
2021-06-03 19:37:37.396 [http-nio-8080-exec-3] INFO  com.x.lfs.config.mvc.LogRecordAspect 请求=====>GET /aliyun/oss/signature
2021-06-03 19:37:37.396 [http-nio-8080-exec-3] INFO  com.x.lfs.config.mvc.LogRecordAspect 请求参数==>:null
2021-06-03 19:37:37.396 [http-nio-8080-exec-3] INFO  com.x.lfs.config.mvc.LogRecordAspect 响应=====>:{"accessId":"LTAI5tQQuPD1Fk7bhcEQbNWk","signature":"RPKS1RuqScb8iB2U98h3pEbnYXg=","expire":"1622720287","host":"https://lfs-image.oss-cn-chengdu.aliyuncs.com","callback":"eyJjYWxsYmFja0JvZHlUeXBlIjoiYXBwbGljYXRpb24veC13d3ctZm9ybS11cmxlbmNvZGVkIiwiY2FsbGJhY2tVcmwiOiIiLCJjYWxsYmFja0JvZHkiOiJmaWxlbmFtZT0ke29iamVjdH0mc2l6ZT0ke3NpemV9Jm1pbWVUeXBlPSR7bWltZVR5cGV9JmhlaWdodD0ke2ltYWdlSW5mby5oZWlnaHR9JndpZHRoPSR7aW1hZ2VJbmZvLndpZHRofSJ9","dir":"images/","policy":"eyJleHBpcmF0aW9uIjoiMjAyMS0wNi0wM1QxMTozODowNy4zOTVaIiwiY29uZGl0aW9ucyI6W1siY29udGVudC1sZW5ndGgtcmFuZ2UiLDAsMTA0ODU3NjAwMF0sWyJzdGFydHMtd2l0aCIsIiRrZXkiLCJpbWFnZXMvIl1dfQ=="}
2021-06-03 19:37:37.397 [http-nio-8080-exec-3] INFO  com.x.lfs.config.mvc.LogRecordAspect 耗时=====>2
