2022-06-10 13:03:53.285 [background-preinit] INFO  org.hibernate.validator.internal.util.Version HV000001: Hibernate Validator 6.1.7.Final
2022-06-10 13:03:53.314 [main] INFO  com.x.Application Starting Application using Java 11.0.10 on DESKTOP-6STQ666 with PID 17916 (C:\workspace\littlefish\lfs_admin_server\target\classes started by 老徐 in C:\workspace\littlefish\lfs_admin_server)
2022-06-10 13:03:53.316 [main] INFO  com.x.Application The following profiles are active: dev
2022-06-10 13:03:55.552 [main] INFO  o.s.d.r.config.RepositoryConfigurationDelegate Multiple Spring Data modules found, entering strict repository configuration mode!
2022-06-10 13:03:55.556 [main] INFO  o.s.d.r.config.RepositoryConfigurationDelegate Bootstrapping Spring Data MongoDB repositories in DEFAULT mode.
2022-06-10 13:03:55.647 [main] INFO  o.s.d.r.config.RepositoryConfigurationDelegate Finished Spring Data repository scanning in 78 ms. Found 0 MongoDB repository interfaces.
2022-06-10 13:03:55.677 [main] INFO  o.s.d.r.config.RepositoryConfigurationDelegate Multiple Spring Data modules found, entering strict repository configuration mode!
2022-06-10 13:03:55.680 [main] INFO  o.s.d.r.config.RepositoryConfigurationDelegate Bootstrapping Spring Data Redis repositories in DEFAULT mode.
2022-06-10 13:03:55.746 [main] INFO  o.s.d.r.config.RepositoryConfigurationDelegate Finished Spring Data repository scanning in 45 ms. Found 0 Redis repository interfaces.
2022-06-10 13:03:56.436 [main] INFO  o.s.c.s.PostProcessorRegistrationDelegate$BeanPostProcessorChecker Bean 'org.apache.shiro.spring.boot.autoconfigure.ShiroBeanAutoConfiguration' of type [org.apache.shiro.spring.boot.autoconfigure.ShiroBeanAutoConfiguration$$EnhancerBySpringCGLIB$$c75feb8d] is not eligible for getting processed by all BeanPostProcessors (for example: not eligible for auto-proxying)
2022-06-10 13:03:56.534 [main] INFO  o.s.c.s.PostProcessorRegistrationDelegate$BeanPostProcessorChecker Bean 'shiroConfig' of type [com.x.config.shiro.ShiroConfig$$EnhancerBySpringCGLIB$$419ce36f] is not eligible for getting processed by all BeanPostProcessors (for example: not eligible for auto-proxying)
2022-06-10 13:03:56.778 [main] INFO  o.s.c.s.PostProcessorRegistrationDelegate$BeanPostProcessorChecker Bean 'org.apache.shiro.spring.boot.autoconfigure.ShiroAnnotationProcessorAutoConfiguration' of type [org.apache.shiro.spring.boot.autoconfigure.ShiroAnnotationProcessorAutoConfiguration$$EnhancerBySpringCGLIB$$c9f32a32] is not eligible for getting processed by all BeanPostProcessors (for example: not eligible for auto-proxying)
2022-06-10 13:03:57.175 [main] INFO  o.s.c.s.PostProcessorRegistrationDelegate$BeanPostProcessorChecker Bean 'spring.redis-org.springframework.boot.autoconfigure.data.redis.RedisProperties' of type [org.springframework.boot.autoconfigure.data.redis.RedisProperties] is not eligible for getting processed by all BeanPostProcessors (for example: not eligible for auto-proxying)
2022-06-10 13:03:57.182 [main] INFO  o.s.c.s.PostProcessorRegistrationDelegate$BeanPostProcessorChecker Bean 'org.springframework.boot.autoconfigure.data.redis.LettuceConnectionConfiguration' of type [org.springframework.boot.autoconfigure.data.redis.LettuceConnectionConfiguration] is not eligible for getting processed by all BeanPostProcessors (for example: not eligible for auto-proxying)
2022-06-10 13:03:57.616 [main] INFO  o.s.c.s.PostProcessorRegistrationDelegate$BeanPostProcessorChecker Bean 'lettuceClientResources' of type [io.lettuce.core.resource.DefaultClientResources] is not eligible for getting processed by all BeanPostProcessors (for example: not eligible for auto-proxying)
2022-06-10 13:03:57.854 [main] INFO  o.s.c.s.PostProcessorRegistrationDelegate$BeanPostProcessorChecker Bean 'redisConnectionFactory' of type [org.springframework.data.redis.connection.lettuce.LettuceConnectionFactory] is not eligible for getting processed by all BeanPostProcessors (for example: not eligible for auto-proxying)
2022-06-10 13:03:57.997 [main] INFO  o.s.c.s.PostProcessorRegistrationDelegate$BeanPostProcessorChecker Bean 'shiroRedisTemplate' of type [org.springframework.data.redis.core.RedisTemplate] is not eligible for getting processed by all BeanPostProcessors (for example: not eligible for auto-proxying)
2022-06-10 13:03:58.066 [main] INFO  o.s.c.s.PostProcessorRegistrationDelegate$BeanPostProcessorChecker Bean 'shiroRedisCacheManager' of type [com.x.config.shiro.RedisCacheManager] is not eligible for getting processed by all BeanPostProcessors (for example: not eligible for auto-proxying)
2022-06-10 13:03:58.074 [main] INFO  o.s.c.s.PostProcessorRegistrationDelegate$BeanPostProcessorChecker Bean 'eventBus' of type [org.apache.shiro.event.support.DefaultEventBus] is not eligible for getting processed by all BeanPostProcessors (for example: not eligible for auto-proxying)
2022-06-10 13:03:58.183 [main] INFO  o.s.c.s.PostProcessorRegistrationDelegate$BeanPostProcessorChecker Bean 'org.apache.shiro.spring.config.web.autoconfigure.ShiroWebAutoConfiguration' of type [org.apache.shiro.spring.config.web.autoconfigure.ShiroWebAutoConfiguration$$EnhancerBySpringCGLIB$$ebfc4bf7] is not eligible for getting processed by all BeanPostProcessors (for example: not eligible for auto-proxying)
2022-06-10 13:03:58.214 [main] INFO  o.s.c.s.PostProcessorRegistrationDelegate$BeanPostProcessorChecker Bean 'myUserRealm' of type [com.x.config.shiro.MyStaffRealm] is not eligible for getting processed by all BeanPostProcessors (for example: not eligible for auto-proxying)
2022-06-10 13:03:59.792 [main] INFO  o.s.c.s.PostProcessorRegistrationDelegate$BeanPostProcessorChecker Bean 'sessionStorageEvaluator' of type [org.apache.shiro.web.mgt.DefaultWebSessionStorageEvaluator] is not eligible for getting processed by all BeanPostProcessors (for example: not eligible for auto-proxying)
2022-06-10 13:03:59.794 [main] INFO  o.s.c.s.PostProcessorRegistrationDelegate$BeanPostProcessorChecker Bean 'subjectDAO' of type [org.apache.shiro.mgt.DefaultSubjectDAO] is not eligible for getting processed by all BeanPostProcessors (for example: not eligible for auto-proxying)
2022-06-10 13:03:59.797 [main] INFO  o.s.c.s.PostProcessorRegistrationDelegate$BeanPostProcessorChecker Bean 'subjectFactory' of type [org.apache.shiro.web.mgt.DefaultWebSubjectFactory] is not eligible for getting processed by all BeanPostProcessors (for example: not eligible for auto-proxying)
2022-06-10 13:03:59.801 [main] INFO  o.s.c.s.PostProcessorRegistrationDelegate$BeanPostProcessorChecker Bean 'rememberMeCookieTemplate' of type [org.apache.shiro.web.servlet.SimpleCookie] is not eligible for getting processed by all BeanPostProcessors (for example: not eligible for auto-proxying)
2022-06-10 13:03:59.808 [main] INFO  o.s.c.s.PostProcessorRegistrationDelegate$BeanPostProcessorChecker Bean 'rememberMeManager' of type [org.apache.shiro.web.mgt.CookieRememberMeManager] is not eligible for getting processed by all BeanPostProcessors (for example: not eligible for auto-proxying)
2022-06-10 13:03:59.812 [main] INFO  o.s.c.s.PostProcessorRegistrationDelegate$BeanPostProcessorChecker Bean 'authenticationStrategy' of type [org.apache.shiro.authc.pam.AtLeastOneSuccessfulStrategy] is not eligible for getting processed by all BeanPostProcessors (for example: not eligible for auto-proxying)
2022-06-10 13:03:59.815 [main] INFO  o.s.c.s.PostProcessorRegistrationDelegate$BeanPostProcessorChecker Bean 'authenticator' of type [org.apache.shiro.authc.pam.ModularRealmAuthenticator] is not eligible for getting processed by all BeanPostProcessors (for example: not eligible for auto-proxying)
2022-06-10 13:03:59.819 [main] INFO  o.s.c.s.PostProcessorRegistrationDelegate$BeanPostProcessorChecker Bean 'authorizer' of type [org.apache.shiro.authz.ModularRealmAuthorizer] is not eligible for getting processed by all BeanPostProcessors (for example: not eligible for auto-proxying)
2022-06-10 13:03:59.823 [main] INFO  o.s.c.s.PostProcessorRegistrationDelegate$BeanPostProcessorChecker Bean 'sessionManager' of type [org.apache.shiro.web.session.mgt.ServletContainerSessionManager] is not eligible for getting processed by all BeanPostProcessors (for example: not eligible for auto-proxying)
2022-06-10 13:03:59.827 [main] INFO  o.s.c.s.PostProcessorRegistrationDelegate$BeanPostProcessorChecker Bean 'securityManager' of type [org.apache.shiro.web.mgt.DefaultWebSecurityManager] is not eligible for getting processed by all BeanPostProcessors (for example: not eligible for auto-proxying)
2022-06-10 13:03:59.869 [main] INFO  o.s.c.s.PostProcessorRegistrationDelegate$BeanPostProcessorChecker Bean 'authorizationAttributeSourceAdvisor' of type [org.apache.shiro.spring.security.interceptor.AuthorizationAttributeSourceAdvisor] is not eligible for getting processed by all BeanPostProcessors (for example: not eligible for auto-proxying)
2022-06-10 13:03:59.878 [main] INFO  o.s.c.s.PostProcessorRegistrationDelegate$BeanPostProcessorChecker Bean 'lock4j-com.baomidou.lock.spring.boot.autoconfigure.Lock4jProperties' of type [com.baomidou.lock.spring.boot.autoconfigure.Lock4jProperties] is not eligible for getting processed by all BeanPostProcessors (for example: not eligible for auto-proxying)
2022-06-10 13:03:59.882 [main] INFO  o.s.c.s.PostProcessorRegistrationDelegate$BeanPostProcessorChecker Bean 'com.baomidou.lock.spring.boot.autoconfigure.LockAutoConfiguration' of type [com.baomidou.lock.spring.boot.autoconfigure.LockAutoConfiguration$$EnhancerBySpringCGLIB$$e2e0f48c] is not eligible for getting processed by all BeanPostProcessors (for example: not eligible for auto-proxying)
2022-06-10 13:03:59.901 [main] INFO  o.s.c.s.PostProcessorRegistrationDelegate$BeanPostProcessorChecker Bean 'lockFailureStrategy' of type [com.baomidou.lock.DefaultLockFailureStrategy] is not eligible for getting processed by all BeanPostProcessors (for example: not eligible for auto-proxying)
2022-06-10 13:03:59.908 [main] INFO  o.s.c.s.PostProcessorRegistrationDelegate$BeanPostProcessorChecker Bean 'com.baomidou.lock.spring.boot.autoconfigure.RedisTemplateLockAutoConfiguration' of type [com.baomidou.lock.spring.boot.autoconfigure.RedisTemplateLockAutoConfiguration$$EnhancerBySpringCGLIB$$29d7253b] is not eligible for getting processed by all BeanPostProcessors (for example: not eligible for auto-proxying)
2022-06-10 13:03:59.914 [main] INFO  o.s.c.s.PostProcessorRegistrationDelegate$BeanPostProcessorChecker Bean 'org.springframework.boot.autoconfigure.data.redis.RedisAutoConfiguration' of type [org.springframework.boot.autoconfigure.data.redis.RedisAutoConfiguration] is not eligible for getting processed by all BeanPostProcessors (for example: not eligible for auto-proxying)
2022-06-10 13:03:59.919 [main] INFO  o.s.c.s.PostProcessorRegistrationDelegate$BeanPostProcessorChecker Bean 'stringRedisTemplate' of type [org.springframework.data.redis.core.StringRedisTemplate] is not eligible for getting processed by all BeanPostProcessors (for example: not eligible for auto-proxying)
2022-06-10 13:03:59.982 [main] INFO  o.s.c.s.PostProcessorRegistrationDelegate$BeanPostProcessorChecker Bean 'redisTemplateLockExecutor' of type [com.baomidou.lock.executor.RedisTemplateLockExecutor] is not eligible for getting processed by all BeanPostProcessors (for example: not eligible for auto-proxying)
2022-06-10 13:03:59.989 [main] INFO  o.s.c.s.PostProcessorRegistrationDelegate$BeanPostProcessorChecker Bean 'lockTemplate' of type [com.baomidou.lock.LockTemplate] is not eligible for getting processed by all BeanPostProcessors (for example: not eligible for auto-proxying)
2022-06-10 13:03:59.996 [main] INFO  o.s.c.s.PostProcessorRegistrationDelegate$BeanPostProcessorChecker Bean 'lockKeyBuilder' of type [com.baomidou.lock.DefaultLockKeyBuilder] is not eligible for getting processed by all BeanPostProcessors (for example: not eligible for auto-proxying)
2022-06-10 13:04:00.002 [main] INFO  o.s.c.s.PostProcessorRegistrationDelegate$BeanPostProcessorChecker Bean 'lockInterceptor' of type [com.baomidou.lock.aop.LockInterceptor] is not eligible for getting processed by all BeanPostProcessors (for example: not eligible for auto-proxying)
2022-06-10 13:04:00.010 [main] INFO  o.s.c.s.PostProcessorRegistrationDelegate$BeanPostProcessorChecker Bean 'lockAnnotationAdvisor' of type [com.baomidou.lock.aop.LockAnnotationAdvisor] is not eligible for getting processed by all BeanPostProcessors (for example: not eligible for auto-proxying)
2022-06-10 13:04:00.309 [main] INFO  o.s.c.s.PostProcessorRegistrationDelegate$BeanPostProcessorChecker Bean 'shiroFilterChainDefinition' of type [org.apache.shiro.spring.web.config.DefaultShiroFilterChainDefinition] is not eligible for getting processed by all BeanPostProcessors (for example: not eligible for auto-proxying)
2022-06-10 13:04:00.345 [main] INFO  o.s.c.s.PostProcessorRegistrationDelegate$BeanPostProcessorChecker Bean 'org.springframework.boot.autoconfigure.session.SessionAutoConfiguration$ServletSessionConfiguration' of type [org.springframework.boot.autoconfigure.session.SessionAutoConfiguration$ServletSessionConfiguration] is not eligible for getting processed by all BeanPostProcessors (for example: not eligible for auto-proxying)
2022-06-10 13:04:00.385 [main] INFO  o.s.c.s.PostProcessorRegistrationDelegate$BeanPostProcessorChecker Bean 'server-org.springframework.boot.autoconfigure.web.ServerProperties' of type [org.springframework.boot.autoconfigure.web.ServerProperties] is not eligible for getting processed by all BeanPostProcessors (for example: not eligible for auto-proxying)
2022-06-10 13:04:00.407 [main] INFO  o.s.c.s.PostProcessorRegistrationDelegate$BeanPostProcessorChecker Bean 'cookieSerializer' of type [org.springframework.session.web.http.DefaultCookieSerializer] is not eligible for getting processed by all BeanPostProcessors (for example: not eligible for auto-proxying)
2022-06-10 13:04:00.423 [main] INFO  o.s.c.s.PostProcessorRegistrationDelegate$BeanPostProcessorChecker Bean 'redisSessionConfig' of type [com.x.config.mvc.RedisSessionConfig$$EnhancerBySpringCGLIB$$835a21bc] is not eligible for getting processed by all BeanPostProcessors (for example: not eligible for auto-proxying)
2022-06-10 13:04:00.439 [main] INFO  o.s.c.s.PostProcessorRegistrationDelegate$BeanPostProcessorChecker Bean 'springSessionDefaultRedisSerializer' of type [com.x.config.shiro.ShiroRedisSerializer] is not eligible for getting processed by all BeanPostProcessors (for example: not eligible for auto-proxying)
2022-06-10 13:04:00.473 [main] INFO  o.s.c.s.PostProcessorRegistrationDelegate$BeanPostProcessorChecker Bean 'org.springframework.session.data.redis.config.annotation.web.http.RedisHttpSessionConfiguration' of type [org.springframework.session.data.redis.config.annotation.web.http.RedisHttpSessionConfiguration] is not eligible for getting processed by all BeanPostProcessors (for example: not eligible for auto-proxying)
2022-06-10 13:04:00.516 [main] INFO  o.s.c.s.PostProcessorRegistrationDelegate$BeanPostProcessorChecker Bean 'sessionRepository' of type [org.springframework.session.data.redis.RedisIndexedSessionRepository] is not eligible for getting processed by all BeanPostProcessors (for example: not eligible for auto-proxying)
2022-06-10 13:04:00.544 [main] INFO  o.s.c.s.PostProcessorRegistrationDelegate$BeanPostProcessorChecker Bean 'springSessionRepositoryFilter' of type [org.springframework.session.web.http.SessionRepositoryFilter] is not eligible for getting processed by all BeanPostProcessors (for example: not eligible for auto-proxying)
2022-06-10 13:04:00.560 [main] INFO  o.s.c.s.PostProcessorRegistrationDelegate$BeanPostProcessorChecker Bean 'requestContextFilter' of type [org.springframework.boot.web.servlet.filter.OrderedRequestContextFilter] is not eligible for getting processed by all BeanPostProcessors (for example: not eligible for auto-proxying)
2022-06-10 13:04:00.584 [main] INFO  o.s.c.s.PostProcessorRegistrationDelegate$BeanPostProcessorChecker Bean 'org.springframework.boot.autoconfigure.web.servlet.WebMvcAutoConfiguration' of type [org.springframework.boot.autoconfigure.web.servlet.WebMvcAutoConfiguration] is not eligible for getting processed by all BeanPostProcessors (for example: not eligible for auto-proxying)
2022-06-10 13:04:00.597 [main] INFO  o.s.c.s.PostProcessorRegistrationDelegate$BeanPostProcessorChecker Bean 'formContentFilter' of type [org.springframework.boot.web.servlet.filter.OrderedFormContentFilter] is not eligible for getting processed by all BeanPostProcessors (for example: not eligible for auto-proxying)
2022-06-10 13:04:00.619 [main] INFO  o.s.c.s.PostProcessorRegistrationDelegate$BeanPostProcessorChecker Bean 'org.springframework.boot.autoconfigure.web.servlet.HttpEncodingAutoConfiguration' of type [org.springframework.boot.autoconfigure.web.servlet.HttpEncodingAutoConfiguration] is not eligible for getting processed by all BeanPostProcessors (for example: not eligible for auto-proxying)
2022-06-10 13:04:00.624 [main] INFO  o.s.c.s.PostProcessorRegistrationDelegate$BeanPostProcessorChecker Bean 'characterEncodingFilter' of type [org.springframework.boot.web.servlet.filter.OrderedCharacterEncodingFilter] is not eligible for getting processed by all BeanPostProcessors (for example: not eligible for auto-proxying)
2022-06-10 13:04:00.643 [main] INFO  o.s.c.s.PostProcessorRegistrationDelegate$BeanPostProcessorChecker Bean 'org.apache.shiro.spring.config.web.autoconfigure.ShiroWebFilterConfiguration' of type [org.apache.shiro.spring.config.web.autoconfigure.ShiroWebFilterConfiguration$$EnhancerBySpringCGLIB$$1e66b12e] is not eligible for getting processed by all BeanPostProcessors (for example: not eligible for auto-proxying)
2022-06-10 13:04:00.677 [main] INFO  o.s.c.s.PostProcessorRegistrationDelegate$BeanPostProcessorChecker Bean 'globalFilters' of type [java.util.Collections$SingletonList] is not eligible for getting processed by all BeanPostProcessors (for example: not eligible for auto-proxying)
2022-06-10 13:04:01.402 [main] INFO  o.s.boot.web.embedded.tomcat.TomcatWebServer Tomcat initialized with port(s): 8080 (http)
2022-06-10 13:04:01.422 [main] INFO  org.apache.coyote.http11.Http11NioProtocol Initializing ProtocolHandler ["http-nio-8080"]
2022-06-10 13:04:01.423 [main] INFO  org.apache.catalina.core.StandardService Starting service [Tomcat]
2022-06-10 13:04:01.423 [main] INFO  org.apache.catalina.core.StandardEngine Starting Servlet engine: [Apache Tomcat/9.0.43]
2022-06-10 13:04:01.674 [main] INFO  o.a.c.core.ContainerBase.[Tomcat].[localhost].[/] Initializing Spring embedded WebApplicationContext
2022-06-10 13:04:01.675 [main] INFO  o.s.b.w.s.c.ServletWebServerApplicationContext Root WebApplicationContext: initialization completed in 8271 ms
2022-06-10 13:04:02.183 [main] INFO  org.mongodb.driver.cluster Cluster created with settings {hosts=[127.0.0.1:13001], mode=SINGLE, requiredClusterType=UNKNOWN, serverSelectionTimeout='30000 ms'}
2022-06-10 13:04:02.391 [cluster-ClusterId{value='62a2d0c29229880752b5fe51', description='null'}-127.0.0.1:13001] INFO  org.mongodb.driver.connection Opened connection [connectionId{localValue:1, serverValue:7}] to 127.0.0.1:13001
2022-06-10 13:04:02.392 [cluster-rtt-ClusterId{value='62a2d0c29229880752b5fe51', description='null'}-127.0.0.1:13001] INFO  org.mongodb.driver.connection Opened connection [connectionId{localValue:2, serverValue:8}] to 127.0.0.1:13001
2022-06-10 13:04:02.394 [cluster-ClusterId{value='62a2d0c29229880752b5fe51', description='null'}-127.0.0.1:13001] INFO  org.mongodb.driver.cluster Monitor thread successfully connected to server with description ServerDescription{address=127.0.0.1:13001, type=STANDALONE, state=CONNECTED, ok=true, minWireVersion=0, maxWireVersion=7, maxDocumentSize=16777216, logicalSessionTimeoutMinutes=30, roundTripTimeNanos=68540000}
2022-06-10 13:04:04.590 [main] INFO  c.a.d.s.b.a.DruidDataSourceAutoConfigure Init DruidDataSource
2022-06-10 13:04:05.412 [main] INFO  com.alibaba.druid.pool.DruidDataSource {dataSource-1} inited
2022-06-10 13:04:09.285 [main] WARN  c.baomidou.mybatisplus.core.toolkit.ReflectionKit Warn: StaffServiceImpl not set the actual class on superclass generic parameter
2022-06-10 13:04:09.301 [main] WARN  c.baomidou.mybatisplus.core.toolkit.ReflectionKit Warn: StaffRoleServiceImpl not set the actual class on superclass generic parameter
2022-06-10 13:04:09.305 [main] WARN  c.b.mybatisplus.core.metadata.TableInfoHelper Can not find table primary key in Class: "com.x.data.po.StaffRole".
2022-06-10 13:04:09.540 [main] INFO  com.x.service.impl.WxPayServiceImpl wxPayService init success
2022-06-10 13:04:14.842 [main] INFO  o.s.scheduling.concurrent.ThreadPoolTaskExecutor Initializing ExecutorService 'applicationTaskExecutor'
2022-06-10 13:04:16.059 [main] INFO  org.apache.coyote.http11.Http11NioProtocol Starting ProtocolHandler ["http-nio-8080"]
2022-06-10 13:04:16.118 [main] INFO  o.s.boot.web.embedded.tomcat.TomcatWebServer Tomcat started on port(s): 8080 (http) with context path ''
2022-06-10 13:04:18.063 [main] INFO  o.s.s.a.ScheduledAnnotationBeanPostProcessor No TaskScheduler/ScheduledExecutorService bean found for scheduled processing
2022-06-10 13:04:18.090 [main] INFO  com.x.Application Started Application in 25.848 seconds (JVM running for 27.043)
2022-06-10 13:27:21.354 [http-nio-8080-exec-4] INFO  o.a.c.core.ContainerBase.[Tomcat].[localhost].[/] Initializing Spring DispatcherServlet 'dispatcherServlet'
2022-06-10 13:27:21.354 [http-nio-8080-exec-4] INFO  org.springframework.web.servlet.DispatcherServlet Initializing Servlet 'dispatcherServlet'
2022-06-10 13:27:21.356 [http-nio-8080-exec-4] INFO  org.springframework.web.servlet.DispatcherServlet Completed initialization in 2 ms
2022-06-10 13:27:21.452 [http-nio-8080-exec-4] INFO  com.x.config.mvc.LogRecordAspect 
GET请求/staff/session
参数:null
异常:还未登陆
耗时:8
2022-06-10 13:27:22.433 [http-nio-8080-exec-1] INFO  com.x.config.mvc.LogRecordAspect 
GET请求/aliyun/sts
参数:null
响应:{"accessKeyId":"STS.NTt3QvVoVVUGHQ5jt6GRZPa4y","accessKeySecret":"FBxkgi8eDG1cVBQkwGkem4MSDoNLMcdNMugonyou37MU","expiration":"2022-06-10T06:27:22Z","securityToken":"CAISuwJ1q6Ft5B2yfSjIr5fBeOvCu7B34ZesSneEjnRjS912v6Sfmzz2IH9Fe3NqCO0XtvowlWxZ6vwflqp3RYQdwqAD5zcovPpt6gqET9frT6XXhOV2dvTHdEGXDxnkpuCwB8zyUNLafNq0dlnAjVUd6LDmdDKkLRvHVJqSksxfc8gwVAu1ZiYkYdBNPVlNpdM9P3ncPurPVRnxmTj0DVF0nQB+hGhj8t6ToKum5wHZkUfxx8IMuo31OeLEVcR3O4plWNrHnI4Tf6HagilL8EoIpuUkzs478Dzc7NaGGAsTsVfUN+TPt9xqJQB0IeoYY/cf86OjyaAp4r2Lx9immk13ULsLA3iFdueJ29DZHe6lDNE9eIvgNm7FutL1bcak7Fl+MC9KbF0VKoZwdiUtE3IoRCrdMbS3Ud4Src1mm8IagAGnJKjgGgibSAuiA+Za7fZrybYss7J4zuTe59fVWsHd5yVFqgSxigJBJIaWluhlA/vizXXHCfnxZXgU6Z2ex87Jhqh9qlmek3F2vTevNMv8C7XzW2/uHpuza0FbwQv12soRtuXShQ/EaQSVyhCwDiC54smFLbXvgFsgWl2s2UBYPg=="}
耗时:991
2022-06-10 13:27:24.229 [http-nio-8080-exec-5] INFO  com.x.config.mvc.LogRecordAspect 
POST请求/staff/session
参数:{"password":"7dd75c55c0f3a84969cacc5fcdbbd980","phone":"13880605659"}
响应:{"createTime":"2021-12-29 16:00:36","id":1,"name":"徐竟浩","phone":"13880605659","roles":[{"id":1,"key":"admin","name":"系统管理员"}],"state":1}
耗时:489
2022-06-10 13:27:24.329 [http-nio-8080-exec-8] INFO  com.x.config.mvc.LogRecordAspect 
GET请求/staff/session
参数:null
响应:{"createTime":"2021-12-29 16:00:36","id":1,"name":"徐竟浩","phone":"13880605659","roles":[{"id":1,"key":"admin","name":"系统管理员"}],"state":1}
耗时:1
2022-06-10 13:27:28.749 [http-nio-8080-exec-6] INFO  org.mongodb.driver.connection Opened connection [connectionId{localValue:3, serverValue:9}] to 127.0.0.1:13001
2022-06-10 13:27:28.989 [http-nio-8080-exec-6] INFO  com.x.config.mvc.LogRecordAspect 
GET请求/product
参数:current=1&pageSize=20
响应:{"data":[{"days":3,"departPlace":["四川省","成都市"],"destination":["四川省","成都市"],"id":"628ca7e45f2a87006fd75a46","imageUrls":["http://lfs-image.oss-cn-chengdu.aliyuncs.com/images/8349051042433.jpg?Expires=1654842448&OSSAccessKeyId=LTAI5tQQuPD1Fk7bhcEQbNWk&Signature=0S353ms136UQHNzG182EzhvmYMM%3D","http://lfs-image.oss-cn-chengdu.aliyuncs.com/images/8349054711605.jpg?Expires=1654842448&OSSAccessKeyId=LTAI5tQQuPD1Fk7bhcEQbNWk&Signature=TP9V7TwDBKYJn3dGKOK5NF7Il2I%3D"],"nights":2,"state":0,"title":"九寨沟+黄龙风景名胜区3日2晚跟团游9:30晚出发+国旅真纯玩+【升级五星品牌Hilton希尔顿酒店/天源豪生/千鹤国际/携程5钻酒店可选】【松潘古城】+可升『头等舱保姆车』+升级五钻酒店美食+24小时客服+成都三环内免费接"},{"days":3,"departPlace":["四川省","成都市"],"destination":["四川省","成都市"],"id":"628cebf8de5bc62c3a2d97ac","imageUrls":["http://lfs-image.oss-cn-chengdu.aliyuncs.com/images/8349051042433.jpg?Expires=1654842448&OSSAccessKeyId=LTAI5tQQuPD1Fk7bhcEQbNWk&Signature=0S353ms136UQHNzG182EzhvmYMM%3D","http://lfs-image.oss-cn-chengdu.aliyuncs.com/images/8349054711605.jpg?Expires=1654842448&OSSAccessKeyId=LTAI5tQQuPD1Fk7bhcEQbNWk&Signature=TP9V7TwDBKYJn3dGKOK5NF7Il2I%3D"],"nights":2,"state":0,"title":"九寨沟+黄龙风景名胜区3日2晚跟团游9:30晚出发+国旅真纯玩+【升级五星品牌Hilton希尔顿酒店/天源豪生/千鹤国际/携程5钻酒店可选】【松潘古城】+可升『头等舱保姆车』+升级五钻酒店美食+24小时客服+成都三环内免费接"},{"days":3,"departPlace":["四川省","成都市"],"destination":["四川省","成都市"],"id":"628cec1ade5bc62c3a2d97ad","imageUrls":["http://lfs-image.oss-cn-chengdu.aliyuncs.com/images/8349051042433.jpg?Expires=1654842448&OSSAccessKeyId=LTAI5tQQuPD1Fk7bhcEQbNWk&Signature=0S353ms136UQHNzG182EzhvmYMM%3D","http://lfs-image.oss-cn-chengdu.aliyuncs.com/images/8349054711605.jpg?Expires=1654842448&OSSAccessKeyId=LTAI5tQQuPD1Fk7bhcEQbNWk&Signature=TP9V7TwDBKYJn3dGKOK5NF7Il2I%3D"],"nights":2,"state":0,"title":"九寨沟+黄龙风景名胜区3日2晚跟团游9:30晚出发+国旅真纯玩+【升级五星品牌Hilton希尔顿酒店/天源豪生/千鹤国际/携程5钻酒店可选】【松潘古城】+可升『头等舱保姆车』+升级五钻酒店美食+24小时客服+成都三环内免费接"},{"days":3,"departPlace":["四川省","成都市"],"destination":["四川省","成都市"],"id":"6293836cd64fff5f278b332c","imageUrls":["http://lfs-image.oss-cn-chengdu.aliyuncs.com/images/8349051042433.jpg?Expires=1654842448&OSSAccessKeyId=LTAI5tQQuPD1Fk7bhcEQbNWk&Signature=0S353ms136UQHNzG182EzhvmYMM%3D","http://lfs-image.oss-cn-chengdu.aliyuncs.com/images/8349054711605.jpg?Expires=1654842448&OSSAccessKeyId=LTAI5tQQuPD1Fk7bhcEQbNWk&Signature=TP9V7TwDBKYJn3dGKOK5NF7Il2I%3D"],"nights":2,"state":0,"title":"九寨沟+黄龙风景名胜区3日2晚"}],"success":true,"total":4}
耗时:416
2022-06-10 13:27:38.289 [http-nio-8080-exec-10] INFO  com.x.config.mvc.LogRecordAspect 
GET请求/product/sku
参数:productId=628ca7e45f2a87006fd75a46
响应:[{"id":"629728e7da667d6000146db0","name":"套餐2","productId":"628ca7e45f2a87006fd75a46","properties":{"交通车型":"保姆车","住宿标准":"四星或同级"},"state":1},{"id":"6297291fda667d6000146db1","name":"套餐1","productId":"628ca7e45f2a87006fd75a46","properties":{"交通车型":"普通大巴","住宿标准":"三星或同级"},"state":0},{"id":"629818163aa8774bc93c9188","name":"套餐3","productId":"628ca7e45f2a87006fd75a46","properties":{"交通车型":"保姆车","住宿标准":"三星或同级"},"state":0},{"id":"629831df3aa8774bc93c9189","name":"套餐4","productId":"628ca7e45f2a87006fd75a46","properties":{"交通车型":"普通大巴","住宿标准":"四星或同级"},"state":0}]
耗时:35
2022-06-10 13:29:27.677 [http-nio-8080-exec-7] INFO  com.x.config.mvc.LogRecordAspect 
GET请求/product/sku/price-calendar
参数:skuId=629728e7da667d6000146db0&startDate=2022-06-01&endDate=2022-06-30
响应:[{"adultPrice":20000,"childPrice":12000,"date":"2022-06-10","id":"629728e7da667d6000146db01654790400000","singleRoomPrice":11000,"skuId":"629728e7da667d6000146db0"},{"adultPrice":20000,"childPrice":12000,"date":"2022-06-17","id":"629728e7da667d6000146db01655395200000","singleRoomPrice":11000,"skuId":"629728e7da667d6000146db0"}]
耗时:47
2022-06-10 13:30:00.173 [http-nio-8080-exec-4] INFO  com.x.config.mvc.LogRecordAspect 
POST请求/product/sku/price-calendar
参数:{"adultPrice":32000,"childPrice":18000,"endDate":1656518400000,"singleRoomPrice":14000,"skuId":"629728e7da667d6000146db0","startDate":1655395200000}
响应:[{"adultPrice":32000,"childPrice":18000,"date":"2022-06-17","id":"629728e7da667d6000146db01655395200000","singleRoomPrice":14000,"skuId":"629728e7da667d6000146db0"},{"adultPrice":32000,"childPrice":18000,"date":"2022-06-18","id":"629728e7da667d6000146db01655481600000","singleRoomPrice":14000,"skuId":"629728e7da667d6000146db0"},{"adultPrice":32000,"childPrice":18000,"date":"2022-06-19","id":"629728e7da667d6000146db01655568000000","singleRoomPrice":14000,"skuId":"629728e7da667d6000146db0"},{"adultPrice":32000,"childPrice":18000,"date":"2022-06-20","id":"629728e7da667d6000146db01655654400000","singleRoomPrice":14000,"skuId":"629728e7da667d6000146db0"},{"adultPrice":32000,"childPrice":18000,"date":"2022-06-21","id":"629728e7da667d6000146db01655740800000","singleRoomPrice":14000,"skuId":"629728e7da667d6000146db0"},{"adultPrice":32000,"childPrice":18000,"date":"2022-06-22","id":"629728e7da667d6000146db01655827200000","singleRoomPrice":14000,"skuId":"629728e7da667d6000146db0"},{"adultPrice":32000,"childPrice":18000,"date":"2022-06-23","id":"629728e7da667d6000146db01655913600000","singleRoomPrice":14000,"skuId":"629728e7da667d6000146db0"},{"adultPrice":32000,"childPrice":18000,"date":"2022-06-24","id":"629728e7da667d6000146db01656000000000","singleRoomPrice":14000,"skuId":"629728e7da667d6000146db0"},{"adultPrice":32000,"childPrice":18000,"date":"2022-06-25","id":"629728e7da667d6000146db01656086400000","singleRoomPrice":14000,"skuId":"629728e7da667d6000146db0"},{"adultPrice":32000,"childPrice":18000,"date":"2022-06-26","id":"629728e7da667d6000146db01656172800000","singleRoomPrice":14000,"skuId":"629728e7da667d6000146db0"},{"adultPrice":32000,"childPrice":18000,"date":"2022-06-27","id":"629728e7da667d6000146db01656259200000","singleRoomPrice":14000,"skuId":"629728e7da667d6000146db0"},{"adultPrice":32000,"childPrice":18000,"date":"2022-06-28","id":"629728e7da667d6000146db01656345600000","singleRoomPrice":14000,"skuId":"629728e7da667d6000146db0"},{"adultPrice":32000,"childPrice":18000,"date":"2022-06-29","id":"629728e7da667d6000146db01656432000000","singleRoomPrice":14000,"skuId":"629728e7da667d6000146db0"}]
耗时:146
2022-06-10 13:30:52.405 [http-nio-8080-exec-1] INFO  com.x.config.mvc.LogRecordAspect 
GET请求/product/sku/price-calendar
参数:skuId=629728e7da667d6000146db0&startDate=2022-06-01&endDate=2022-06-30
响应:[{"adultPrice":20000,"childPrice":12000,"date":"2022-06-10","id":"629728e7da667d6000146db01654790400000","singleRoomPrice":11000,"skuId":"629728e7da667d6000146db0"},{"adultPrice":32000,"childPrice":18000,"date":"2022-06-17","id":"629728e7da667d6000146db01655395200000","singleRoomPrice":14000,"skuId":"629728e7da667d6000146db0"},{"adultPrice":32000,"childPrice":18000,"date":"2022-06-18","id":"629728e7da667d6000146db01655481600000","singleRoomPrice":14000,"skuId":"629728e7da667d6000146db0"},{"adultPrice":32000,"childPrice":18000,"date":"2022-06-19","id":"629728e7da667d6000146db01655568000000","singleRoomPrice":14000,"skuId":"629728e7da667d6000146db0"},{"adultPrice":32000,"childPrice":18000,"date":"2022-06-20","id":"629728e7da667d6000146db01655654400000","singleRoomPrice":14000,"skuId":"629728e7da667d6000146db0"},{"adultPrice":32000,"childPrice":18000,"date":"2022-06-21","id":"629728e7da667d6000146db01655740800000","singleRoomPrice":14000,"skuId":"629728e7da667d6000146db0"},{"adultPrice":32000,"childPrice":18000,"date":"2022-06-22","id":"629728e7da667d6000146db01655827200000","singleRoomPrice":14000,"skuId":"629728e7da667d6000146db0"},{"adultPrice":32000,"childPrice":18000,"date":"2022-06-23","id":"629728e7da667d6000146db01655913600000","singleRoomPrice":14000,"skuId":"629728e7da667d6000146db0"},{"adultPrice":32000,"childPrice":18000,"date":"2022-06-24","id":"629728e7da667d6000146db01656000000000","singleRoomPrice":14000,"skuId":"629728e7da667d6000146db0"},{"adultPrice":32000,"childPrice":18000,"date":"2022-06-25","id":"629728e7da667d6000146db01656086400000","singleRoomPrice":14000,"skuId":"629728e7da667d6000146db0"},{"adultPrice":32000,"childPrice":18000,"date":"2022-06-26","id":"629728e7da667d6000146db01656172800000","singleRoomPrice":14000,"skuId":"629728e7da667d6000146db0"},{"adultPrice":32000,"childPrice":18000,"date":"2022-06-27","id":"629728e7da667d6000146db01656259200000","singleRoomPrice":14000,"skuId":"629728e7da667d6000146db0"},{"adultPrice":32000,"childPrice":18000,"date":"2022-06-28","id":"629728e7da667d6000146db01656345600000","singleRoomPrice":14000,"skuId":"629728e7da667d6000146db0"},{"adultPrice":32000,"childPrice":18000,"date":"2022-06-29","id":"629728e7da667d6000146db01656432000000","singleRoomPrice":14000,"skuId":"629728e7da667d6000146db0"}]
耗时:9
2022-06-10 13:31:03.474 [http-nio-8080-exec-5] INFO  com.x.config.mvc.LogRecordAspect 
GET请求/product/sku/price-calendar
参数:skuId=629728e7da667d6000146db0&startDate=2022-06-01&endDate=2022-06-30
响应:[{"adultPrice":20000,"childPrice":12000,"date":"2022-06-10","id":"629728e7da667d6000146db01654790400000","singleRoomPrice":11000,"skuId":"629728e7da667d6000146db0"},{"adultPrice":32000,"childPrice":18000,"date":"2022-06-17","id":"629728e7da667d6000146db01655395200000","singleRoomPrice":14000,"skuId":"629728e7da667d6000146db0"},{"adultPrice":32000,"childPrice":18000,"date":"2022-06-18","id":"629728e7da667d6000146db01655481600000","singleRoomPrice":14000,"skuId":"629728e7da667d6000146db0"},{"adultPrice":32000,"childPrice":18000,"date":"2022-06-19","id":"629728e7da667d6000146db01655568000000","singleRoomPrice":14000,"skuId":"629728e7da667d6000146db0"},{"adultPrice":32000,"childPrice":18000,"date":"2022-06-20","id":"629728e7da667d6000146db01655654400000","singleRoomPrice":14000,"skuId":"629728e7da667d6000146db0"},{"adultPrice":32000,"childPrice":18000,"date":"2022-06-21","id":"629728e7da667d6000146db01655740800000","singleRoomPrice":14000,"skuId":"629728e7da667d6000146db0"},{"adultPrice":32000,"childPrice":18000,"date":"2022-06-22","id":"629728e7da667d6000146db01655827200000","singleRoomPrice":14000,"skuId":"629728e7da667d6000146db0"},{"adultPrice":32000,"childPrice":18000,"date":"2022-06-23","id":"629728e7da667d6000146db01655913600000","singleRoomPrice":14000,"skuId":"629728e7da667d6000146db0"},{"adultPrice":32000,"childPrice":18000,"date":"2022-06-24","id":"629728e7da667d6000146db01656000000000","singleRoomPrice":14000,"skuId":"629728e7da667d6000146db0"},{"adultPrice":32000,"childPrice":18000,"date":"2022-06-25","id":"629728e7da667d6000146db01656086400000","singleRoomPrice":14000,"skuId":"629728e7da667d6000146db0"},{"adultPrice":32000,"childPrice":18000,"date":"2022-06-26","id":"629728e7da667d6000146db01656172800000","singleRoomPrice":14000,"skuId":"629728e7da667d6000146db0"},{"adultPrice":32000,"childPrice":18000,"date":"2022-06-27","id":"629728e7da667d6000146db01656259200000","singleRoomPrice":14000,"skuId":"629728e7da667d6000146db0"},{"adultPrice":32000,"childPrice":18000,"date":"2022-06-28","id":"629728e7da667d6000146db01656345600000","singleRoomPrice":14000,"skuId":"629728e7da667d6000146db0"},{"adultPrice":32000,"childPrice":18000,"date":"2022-06-29","id":"629728e7da667d6000146db01656432000000","singleRoomPrice":14000,"skuId":"629728e7da667d6000146db0"}]
耗时:4
2022-06-10 13:33:05.392 [http-nio-8080-exec-8] INFO  com.x.config.mvc.LogRecordAspect 
GET请求/product/sku/price-calendar
参数:skuId=629728e7da667d6000146db0&startDate=2022-06-01&endDate=2022-06-30
响应:[{"adultPrice":20000,"childPrice":12000,"date":"2022-06-10","id":"629728e7da667d6000146db01654790400000","singleRoomPrice":11000,"skuId":"629728e7da667d6000146db0"},{"adultPrice":32000,"childPrice":18000,"date":"2022-06-17","id":"629728e7da667d6000146db01655395200000","singleRoomPrice":14000,"skuId":"629728e7da667d6000146db0"},{"adultPrice":32000,"childPrice":18000,"date":"2022-06-18","id":"629728e7da667d6000146db01655481600000","singleRoomPrice":14000,"skuId":"629728e7da667d6000146db0"},{"adultPrice":32000,"childPrice":18000,"date":"2022-06-19","id":"629728e7da667d6000146db01655568000000","singleRoomPrice":14000,"skuId":"629728e7da667d6000146db0"},{"adultPrice":32000,"childPrice":18000,"date":"2022-06-20","id":"629728e7da667d6000146db01655654400000","singleRoomPrice":14000,"skuId":"629728e7da667d6000146db0"},{"adultPrice":32000,"childPrice":18000,"date":"2022-06-21","id":"629728e7da667d6000146db01655740800000","singleRoomPrice":14000,"skuId":"629728e7da667d6000146db0"},{"adultPrice":32000,"childPrice":18000,"date":"2022-06-22","id":"629728e7da667d6000146db01655827200000","singleRoomPrice":14000,"skuId":"629728e7da667d6000146db0"},{"adultPrice":32000,"childPrice":18000,"date":"2022-06-23","id":"629728e7da667d6000146db01655913600000","singleRoomPrice":14000,"skuId":"629728e7da667d6000146db0"},{"adultPrice":32000,"childPrice":18000,"date":"2022-06-24","id":"629728e7da667d6000146db01656000000000","singleRoomPrice":14000,"skuId":"629728e7da667d6000146db0"},{"adultPrice":32000,"childPrice":18000,"date":"2022-06-25","id":"629728e7da667d6000146db01656086400000","singleRoomPrice":14000,"skuId":"629728e7da667d6000146db0"},{"adultPrice":32000,"childPrice":18000,"date":"2022-06-26","id":"629728e7da667d6000146db01656172800000","singleRoomPrice":14000,"skuId":"629728e7da667d6000146db0"},{"adultPrice":32000,"childPrice":18000,"date":"2022-06-27","id":"629728e7da667d6000146db01656259200000","singleRoomPrice":14000,"skuId":"629728e7da667d6000146db0"},{"adultPrice":32000,"childPrice":18000,"date":"2022-06-28","id":"629728e7da667d6000146db01656345600000","singleRoomPrice":14000,"skuId":"629728e7da667d6000146db0"},{"adultPrice":32000,"childPrice":18000,"date":"2022-06-29","id":"629728e7da667d6000146db01656432000000","singleRoomPrice":14000,"skuId":"629728e7da667d6000146db0"}]
耗时:5
2022-06-10 13:34:56.182 [http-nio-8080-exec-3] INFO  com.x.config.mvc.LogRecordAspect 
GET请求/staff/session
参数:null
响应:{"createTime":"2021-12-29 16:00:36","id":1,"name":"徐竟浩","phone":"13880605659","roles":[{"id":1,"key":"admin","name":"系统管理员"}],"state":1}
耗时:2
2022-06-10 13:34:56.497 [http-nio-8080-exec-9] INFO  com.x.config.mvc.LogRecordAspect 
GET请求/aliyun/sts
参数:null
响应:{"accessKeyId":"STS.NUH9ctQvv8GuYzu1dTGpPv2RG","accessKeySecret":"88CVLta2dTZguXbDCAfzV2r7QJE744TFLEEzZYrYbea6","expiration":"2022-06-10T06:34:56Z","securityToken":"CAISuwJ1q6Ft5B2yfSjIr5b9ctnAvKlXj4WeW1zE1WQBS/98mff5pTz2IH9Fe3NqCO0XtvowlWxZ6vwflqp3RYQd9cRm5zcovPpt6gqET9frT6XXhOV2dvTHdEGXDxnkpuCwB8zyUNLafNq0dlnAjVUd6LDmdDKkLRvHVJqSksxfc8gwVAu1ZiYkYdBNPVlNpdM9P3ncPurPVRnxmTj0DVF0nQB+hGhj8t6ToKum5wHZkUfxx8IMuo31OeLEVcR3O4plWNrHnI4Tf6HagilL8EoIpuUkzs478Dzc7NaGGAsTsVfUN+TPt9xqJQB0IeoYY/cf86OjyaAp4r2Lx9immk13ULsLA3iFdueJ29DZHe6lDNE9eIvgNm7FutL1bcak7Fl+MC9KbF0VKoZwdiUtE3IoRCrdMbS3Ud4Src1mm8IagAEcMQrPwB6PIq+sU5uopjU/UrJtikyGkFXTAxLdkhZ3l0henSjmpEOPxmIY9Np+32chqPeP7PpQtyQ/BFTiCSlHjl5/NF90J8r8O9fMrfcS7J9z9nQDj99HCfiZyv9mesdQ4a0MNf9BaAdWznIyHiWFAbCUcBdidvjaCg1f6fQRtQ=="}
耗时:321
2022-06-10 13:34:56.909 [http-nio-8080-exec-2] INFO  com.x.config.mvc.LogRecordAspect 
GET请求/product/sku/price-calendar
参数:skuId=629728e7da667d6000146db0&startDate=2022-06-01&endDate=2022-06-30
响应:[{"adultPrice":20000,"childPrice":12000,"date":"2022-06-10","id":"629728e7da667d6000146db01654790400000","singleRoomPrice":11000,"skuId":"629728e7da667d6000146db0"},{"adultPrice":32000,"childPrice":18000,"date":"2022-06-17","id":"629728e7da667d6000146db01655395200000","singleRoomPrice":14000,"skuId":"629728e7da667d6000146db0"},{"adultPrice":32000,"childPrice":18000,"date":"2022-06-18","id":"629728e7da667d6000146db01655481600000","singleRoomPrice":14000,"skuId":"629728e7da667d6000146db0"},{"adultPrice":32000,"childPrice":18000,"date":"2022-06-19","id":"629728e7da667d6000146db01655568000000","singleRoomPrice":14000,"skuId":"629728e7da667d6000146db0"},{"adultPrice":32000,"childPrice":18000,"date":"2022-06-20","id":"629728e7da667d6000146db01655654400000","singleRoomPrice":14000,"skuId":"629728e7da667d6000146db0"},{"adultPrice":32000,"childPrice":18000,"date":"2022-06-21","id":"629728e7da667d6000146db01655740800000","singleRoomPrice":14000,"skuId":"629728e7da667d6000146db0"},{"adultPrice":32000,"childPrice":18000,"date":"2022-06-22","id":"629728e7da667d6000146db01655827200000","singleRoomPrice":14000,"skuId":"629728e7da667d6000146db0"},{"adultPrice":32000,"childPrice":18000,"date":"2022-06-23","id":"629728e7da667d6000146db01655913600000","singleRoomPrice":14000,"skuId":"629728e7da667d6000146db0"},{"adultPrice":32000,"childPrice":18000,"date":"2022-06-24","id":"629728e7da667d6000146db01656000000000","singleRoomPrice":14000,"skuId":"629728e7da667d6000146db0"},{"adultPrice":32000,"childPrice":18000,"date":"2022-06-25","id":"629728e7da667d6000146db01656086400000","singleRoomPrice":14000,"skuId":"629728e7da667d6000146db0"},{"adultPrice":32000,"childPrice":18000,"date":"2022-06-26","id":"629728e7da667d6000146db01656172800000","singleRoomPrice":14000,"skuId":"629728e7da667d6000146db0"},{"adultPrice":32000,"childPrice":18000,"date":"2022-06-27","id":"629728e7da667d6000146db01656259200000","singleRoomPrice":14000,"skuId":"629728e7da667d6000146db0"},{"adultPrice":32000,"childPrice":18000,"date":"2022-06-28","id":"629728e7da667d6000146db01656345600000","singleRoomPrice":14000,"skuId":"629728e7da667d6000146db0"},{"adultPrice":32000,"childPrice":18000,"date":"2022-06-29","id":"629728e7da667d6000146db01656432000000","singleRoomPrice":14000,"skuId":"629728e7da667d6000146db0"}]
耗时:7
2022-06-10 13:35:50.854 [http-nio-8080-exec-6] INFO  com.x.config.mvc.LogRecordAspect 
POST请求/product/sku/price-calendar
参数:{"adultPrice":28000,"childPrice":20000,"endDate":1654963200000,"singleRoomPrice":17000,"skuId":"629728e7da667d6000146db0","startDate":1654876800000}
响应:[{"adultPrice":28000,"childPrice":20000,"date":"2022-06-11","id":"629728e7da667d6000146db01654876800000","singleRoomPrice":17000,"skuId":"629728e7da667d6000146db0"}]
耗时:3
2022-06-10 14:02:22.485 [http-nio-8080-exec-4] INFO  com.x.config.mvc.LogRecordAspect 
GET请求/staff/session
参数:null
响应:{"createTime":"2021-12-29 16:00:36","id":1,"name":"徐竟浩","phone":"13880605659","roles":[{"id":1,"key":"admin","name":"系统管理员"}],"state":1}
耗时:1
2022-06-10 14:02:22.760 [http-nio-8080-exec-7] INFO  com.x.config.mvc.LogRecordAspect 
GET请求/aliyun/sts
参数:null
响应:{"accessKeyId":"STS.NTwP9iWxn9Sg2tmwkbsYQECQH","accessKeySecret":"HUfrPgzccCCxvoZzh16ymtCtoWTxkPYbnpY6aRaqtKz9","expiration":"2022-06-10T07:02:22Z","securityToken":"CAISuwJ1q6Ft5B2yfSjIr5fCG4PduqdPjpGMMFLck2s3f9Z9qob6qjz2IH9Fe3NqCO0XtvowlWxZ6vwflqp3RYQdqroD5jcovPpt6gqET9frT6XXhOV2dvTHdEGXDxnkpuCwB8zyUNLafNq0dlnAjVUd6LDmdDKkLRvHVJqSksxfc8gwVAu1ZiYkYdBNPVlNpdM9P3ncPurPVRnxmTj0DVF0nQB+hGhj8t6ToKum5wHZkUfxx8IMuo31OeLEVcR3O4plWNrHnI4Tf6HagilL8EoIpuUkzs478Dzc7NaGGAsTsVfUN+TPt9xqJQB0IeoYY/cf86OjyaAp4r2Lx9immk13ULsLA3iFdueJ29DZHe6lDNE9eIvgNm7FutL1bcak7Fl+MC9KbF0VKoZwdiUtE3IoRCrdMbS3Ud4Src1mm8IagAGDhQEQTiqwuQwG12719WN+vEDzlrWZSmE9sZnoLz7CSio6pqTl6QKeeSBq23wHpAVLQVIMHxr0n6ErZ4Mp1a0Kdp+Banm4RDYJSGPkKScmWEWepocgsmAPCbXKLVcFpDxxiLR+PdC8WEdMI3kLKgFnXi8sGjtUKwHl35FkansNAQ=="}
耗时:276
2022-06-10 14:02:23.219 [http-nio-8080-exec-1] INFO  com.x.config.mvc.LogRecordAspect 
GET请求/product/sku/price-calendar
参数:skuId=629728e7da667d6000146db0&startDate=2022-06-01&endDate=2022-06-30
响应:[{"adultPrice":20000,"childPrice":12000,"date":"2022-06-10","id":"629728e7da667d6000146db01654790400000","singleRoomPrice":11000,"skuId":"629728e7da667d6000146db0"},{"adultPrice":28000,"childPrice":20000,"date":"2022-06-11","id":"629728e7da667d6000146db01654876800000","singleRoomPrice":17000,"skuId":"629728e7da667d6000146db0"},{"adultPrice":32000,"childPrice":18000,"date":"2022-06-17","id":"629728e7da667d6000146db01655395200000","singleRoomPrice":14000,"skuId":"629728e7da667d6000146db0"},{"adultPrice":32000,"childPrice":18000,"date":"2022-06-18","id":"629728e7da667d6000146db01655481600000","singleRoomPrice":14000,"skuId":"629728e7da667d6000146db0"},{"adultPrice":32000,"childPrice":18000,"date":"2022-06-19","id":"629728e7da667d6000146db01655568000000","singleRoomPrice":14000,"skuId":"629728e7da667d6000146db0"},{"adultPrice":32000,"childPrice":18000,"date":"2022-06-20","id":"629728e7da667d6000146db01655654400000","singleRoomPrice":14000,"skuId":"629728e7da667d6000146db0"},{"adultPrice":32000,"childPrice":18000,"date":"2022-06-21","id":"629728e7da667d6000146db01655740800000","singleRoomPrice":14000,"skuId":"629728e7da667d6000146db0"},{"adultPrice":32000,"childPrice":18000,"date":"2022-06-22","id":"629728e7da667d6000146db01655827200000","singleRoomPrice":14000,"skuId":"629728e7da667d6000146db0"},{"adultPrice":32000,"childPrice":18000,"date":"2022-06-23","id":"629728e7da667d6000146db01655913600000","singleRoomPrice":14000,"skuId":"629728e7da667d6000146db0"},{"adultPrice":32000,"childPrice":18000,"date":"2022-06-24","id":"629728e7da667d6000146db01656000000000","singleRoomPrice":14000,"skuId":"629728e7da667d6000146db0"},{"adultPrice":32000,"childPrice":18000,"date":"2022-06-25","id":"629728e7da667d6000146db01656086400000","singleRoomPrice":14000,"skuId":"629728e7da667d6000146db0"},{"adultPrice":32000,"childPrice":18000,"date":"2022-06-26","id":"629728e7da667d6000146db01656172800000","singleRoomPrice":14000,"skuId":"629728e7da667d6000146db0"},{"adultPrice":32000,"childPrice":18000,"date":"2022-06-27","id":"629728e7da667d6000146db01656259200000","singleRoomPrice":14000,"skuId":"629728e7da667d6000146db0"},{"adultPrice":32000,"childPrice":18000,"date":"2022-06-28","id":"629728e7da667d6000146db01656345600000","singleRoomPrice":14000,"skuId":"629728e7da667d6000146db0"},{"adultPrice":32000,"childPrice":18000,"date":"2022-06-29","id":"629728e7da667d6000146db01656432000000","singleRoomPrice":14000,"skuId":"629728e7da667d6000146db0"}]
耗时:5
2022-06-10 14:02:51.396 [http-nio-8080-exec-5] INFO  com.x.config.mvc.LogRecordAspect 
GET请求/product/sku/price-calendar
参数:skuId=629728e7da667d6000146db0&startDate=2022-06-01&endDate=2022-06-30
响应:[{"adultPrice":20000,"childPrice":12000,"date":"2022-06-10","id":"629728e7da667d6000146db01654790400000","singleRoomPrice":11000,"skuId":"629728e7da667d6000146db0"},{"adultPrice":28000,"childPrice":20000,"date":"2022-06-11","id":"629728e7da667d6000146db01654876800000","singleRoomPrice":17000,"skuId":"629728e7da667d6000146db0"},{"adultPrice":32000,"childPrice":18000,"date":"2022-06-17","id":"629728e7da667d6000146db01655395200000","singleRoomPrice":14000,"skuId":"629728e7da667d6000146db0"},{"adultPrice":32000,"childPrice":18000,"date":"2022-06-18","id":"629728e7da667d6000146db01655481600000","singleRoomPrice":14000,"skuId":"629728e7da667d6000146db0"},{"adultPrice":32000,"childPrice":18000,"date":"2022-06-19","id":"629728e7da667d6000146db01655568000000","singleRoomPrice":14000,"skuId":"629728e7da667d6000146db0"},{"adultPrice":32000,"childPrice":18000,"date":"2022-06-20","id":"629728e7da667d6000146db01655654400000","singleRoomPrice":14000,"skuId":"629728e7da667d6000146db0"},{"adultPrice":32000,"childPrice":18000,"date":"2022-06-21","id":"629728e7da667d6000146db01655740800000","singleRoomPrice":14000,"skuId":"629728e7da667d6000146db0"},{"adultPrice":32000,"childPrice":18000,"date":"2022-06-22","id":"629728e7da667d6000146db01655827200000","singleRoomPrice":14000,"skuId":"629728e7da667d6000146db0"},{"adultPrice":32000,"childPrice":18000,"date":"2022-06-23","id":"629728e7da667d6000146db01655913600000","singleRoomPrice":14000,"skuId":"629728e7da667d6000146db0"},{"adultPrice":32000,"childPrice":18000,"date":"2022-06-24","id":"629728e7da667d6000146db01656000000000","singleRoomPrice":14000,"skuId":"629728e7da667d6000146db0"},{"adultPrice":32000,"childPrice":18000,"date":"2022-06-25","id":"629728e7da667d6000146db01656086400000","singleRoomPrice":14000,"skuId":"629728e7da667d6000146db0"},{"adultPrice":32000,"childPrice":18000,"date":"2022-06-26","id":"629728e7da667d6000146db01656172800000","singleRoomPrice":14000,"skuId":"629728e7da667d6000146db0"},{"adultPrice":32000,"childPrice":18000,"date":"2022-06-27","id":"629728e7da667d6000146db01656259200000","singleRoomPrice":14000,"skuId":"629728e7da667d6000146db0"},{"adultPrice":32000,"childPrice":18000,"date":"2022-06-28","id":"629728e7da667d6000146db01656345600000","singleRoomPrice":14000,"skuId":"629728e7da667d6000146db0"},{"adultPrice":32000,"childPrice":18000,"date":"2022-06-29","id":"629728e7da667d6000146db01656432000000","singleRoomPrice":14000,"skuId":"629728e7da667d6000146db0"}]
耗时:3
2022-06-10 14:03:13.871 [http-nio-8080-exec-8] INFO  com.x.config.mvc.LogRecordAspect 
GET请求/product/sku/price-calendar
参数:skuId=629728e7da667d6000146db0&startDate=2022-07-01&endDate=2022-07-31
响应:[]
耗时:1
2022-06-10 14:03:55.760 [http-nio-8080-exec-3] INFO  com.x.config.mvc.LogRecordAspect 
POST请求/product/sku/price-calendar
参数:{"adultPrice":50000,"childPrice":20000,"endDate":1658332800000,"singleRoomPrice":11000,"skuId":"629728e7da667d6000146db0","startDate":1656518400000}
响应:[{"adultPrice":50000,"childPrice":20000,"date":"2022-06-30","id":"629728e7da667d6000146db01656518400000","singleRoomPrice":11000,"skuId":"629728e7da667d6000146db0"},{"adultPrice":50000,"childPrice":20000,"date":"2022-07-01","id":"629728e7da667d6000146db01656604800000","singleRoomPrice":11000,"skuId":"629728e7da667d6000146db0"},{"adultPrice":50000,"childPrice":20000,"date":"2022-07-02","id":"629728e7da667d6000146db01656691200000","singleRoomPrice":11000,"skuId":"629728e7da667d6000146db0"},{"adultPrice":50000,"childPrice":20000,"date":"2022-07-03","id":"629728e7da667d6000146db01656777600000","singleRoomPrice":11000,"skuId":"629728e7da667d6000146db0"},{"adultPrice":50000,"childPrice":20000,"date":"2022-07-04","id":"629728e7da667d6000146db01656864000000","singleRoomPrice":11000,"skuId":"629728e7da667d6000146db0"},{"adultPrice":50000,"childPrice":20000,"date":"2022-07-05","id":"629728e7da667d6000146db01656950400000","singleRoomPrice":11000,"skuId":"629728e7da667d6000146db0"},{"adultPrice":50000,"childPrice":20000,"date":"2022-07-06","id":"629728e7da667d6000146db01657036800000","singleRoomPrice":11000,"skuId":"629728e7da667d6000146db0"},{"adultPrice":50000,"childPrice":20000,"date":"2022-07-07","id":"629728e7da667d6000146db01657123200000","singleRoomPrice":11000,"skuId":"629728e7da667d6000146db0"},{"adultPrice":50000,"childPrice":20000,"date":"2022-07-08","id":"629728e7da667d6000146db01657209600000","singleRoomPrice":11000,"skuId":"629728e7da667d6000146db0"},{"adultPrice":50000,"childPrice":20000,"date":"2022-07-09","id":"629728e7da667d6000146db01657296000000","singleRoomPrice":11000,"skuId":"629728e7da667d6000146db0"},{"adultPrice":50000,"childPrice":20000,"date":"2022-07-10","id":"629728e7da667d6000146db01657382400000","singleRoomPrice":11000,"skuId":"629728e7da667d6000146db0"},{"adultPrice":50000,"childPrice":20000,"date":"2022-07-11","id":"629728e7da667d6000146db01657468800000","singleRoomPrice":11000,"skuId":"629728e7da667d6000146db0"},{"adultPrice":50000,"childPrice":20000,"date":"2022-07-12","id":"629728e7da667d6000146db01657555200000","singleRoomPrice":11000,"skuId":"629728e7da667d6000146db0"},{"adultPrice":50000,"childPrice":20000,"date":"2022-07-13","id":"629728e7da667d6000146db01657641600000","singleRoomPrice":11000,"skuId":"629728e7da667d6000146db0"},{"adultPrice":50000,"childPrice":20000,"date":"2022-07-14","id":"629728e7da667d6000146db01657728000000","singleRoomPrice":11000,"skuId":"629728e7da667d6000146db0"},{"adultPrice":50000,"childPrice":20000,"date":"2022-07-15","id":"629728e7da667d6000146db01657814400000","singleRoomPrice":11000,"skuId":"629728e7da667d6000146db0"},{"adultPrice":50000,"childPrice":20000,"date":"2022-07-16","id":"629728e7da667d6000146db01657900800000","singleRoomPrice":11000,"skuId":"629728e7da667d6000146db0"},{"adultPrice":50000,"childPrice":20000,"date":"2022-07-17","id":"629728e7da667d6000146db01657987200000","singleRoomPrice":11000,"skuId":"629728e7da667d6000146db0"},{"adultPrice":50000,"childPrice":20000,"date":"2022-07-18","id":"629728e7da667d6000146db01658073600000","singleRoomPrice":11000,"skuId":"629728e7da667d6000146db0"},{"adultPrice":50000,"childPrice":20000,"date":"2022-07-19","id":"629728e7da667d6000146db01658160000000","singleRoomPrice":11000,"skuId":"629728e7da667d6000146db0"},{"adultPrice":50000,"childPrice":20000,"date":"2022-07-20","id":"629728e7da667d6000146db01658246400000","singleRoomPrice":11000,"skuId":"629728e7da667d6000146db0"}]
耗时:47
2022-06-10 14:04:08.079 [http-nio-8080-exec-9] INFO  com.x.config.mvc.LogRecordAspect 
GET请求/product/sku/price-calendar
参数:skuId=629728e7da667d6000146db0&startDate=2022-06-01&endDate=2022-06-30
响应:[{"adultPrice":20000,"childPrice":12000,"date":"2022-06-10","id":"629728e7da667d6000146db01654790400000","singleRoomPrice":11000,"skuId":"629728e7da667d6000146db0"},{"adultPrice":28000,"childPrice":20000,"date":"2022-06-11","id":"629728e7da667d6000146db01654876800000","singleRoomPrice":17000,"skuId":"629728e7da667d6000146db0"},{"adultPrice":32000,"childPrice":18000,"date":"2022-06-17","id":"629728e7da667d6000146db01655395200000","singleRoomPrice":14000,"skuId":"629728e7da667d6000146db0"},{"adultPrice":32000,"childPrice":18000,"date":"2022-06-18","id":"629728e7da667d6000146db01655481600000","singleRoomPrice":14000,"skuId":"629728e7da667d6000146db0"},{"adultPrice":32000,"childPrice":18000,"date":"2022-06-19","id":"629728e7da667d6000146db01655568000000","singleRoomPrice":14000,"skuId":"629728e7da667d6000146db0"},{"adultPrice":32000,"childPrice":18000,"date":"2022-06-20","id":"629728e7da667d6000146db01655654400000","singleRoomPrice":14000,"skuId":"629728e7da667d6000146db0"},{"adultPrice":32000,"childPrice":18000,"date":"2022-06-21","id":"629728e7da667d6000146db01655740800000","singleRoomPrice":14000,"skuId":"629728e7da667d6000146db0"},{"adultPrice":32000,"childPrice":18000,"date":"2022-06-22","id":"629728e7da667d6000146db01655827200000","singleRoomPrice":14000,"skuId":"629728e7da667d6000146db0"},{"adultPrice":32000,"childPrice":18000,"date":"2022-06-23","id":"629728e7da667d6000146db01655913600000","singleRoomPrice":14000,"skuId":"629728e7da667d6000146db0"},{"adultPrice":32000,"childPrice":18000,"date":"2022-06-24","id":"629728e7da667d6000146db01656000000000","singleRoomPrice":14000,"skuId":"629728e7da667d6000146db0"},{"adultPrice":32000,"childPrice":18000,"date":"2022-06-25","id":"629728e7da667d6000146db01656086400000","singleRoomPrice":14000,"skuId":"629728e7da667d6000146db0"},{"adultPrice":32000,"childPrice":18000,"date":"2022-06-26","id":"629728e7da667d6000146db01656172800000","singleRoomPrice":14000,"skuId":"629728e7da667d6000146db0"},{"adultPrice":32000,"childPrice":18000,"date":"2022-06-27","id":"629728e7da667d6000146db01656259200000","singleRoomPrice":14000,"skuId":"629728e7da667d6000146db0"},{"adultPrice":32000,"childPrice":18000,"date":"2022-06-28","id":"629728e7da667d6000146db01656345600000","singleRoomPrice":14000,"skuId":"629728e7da667d6000146db0"},{"adultPrice":32000,"childPrice":18000,"date":"2022-06-29","id":"629728e7da667d6000146db01656432000000","singleRoomPrice":14000,"skuId":"629728e7da667d6000146db0"},{"adultPrice":50000,"childPrice":20000,"date":"2022-06-30","id":"629728e7da667d6000146db01656518400000","singleRoomPrice":11000,"skuId":"629728e7da667d6000146db0"}]
耗时:16
2022-06-10 14:07:06.844 [http-nio-8080-exec-6] INFO  com.x.config.mvc.LogRecordAspect 
GET请求/staff/session
参数:null
响应:{"createTime":"2021-12-29 16:00:36","id":1,"name":"徐竟浩","phone":"13880605659","roles":[{"id":1,"key":"admin","name":"系统管理员"}],"state":1}
耗时:0
2022-06-10 14:07:07.048 [http-nio-8080-exec-2] INFO  com.x.config.mvc.LogRecordAspect 
GET请求/aliyun/sts
参数:null
响应:{"accessKeyId":"STS.NU6HVw9nqhvp1qQDUKVwcuckB","accessKeySecret":"Gf1dZhAoA5wqVoVXDV1atzyix7pYhV5AepR55cMQKvqS","expiration":"2022-06-10T07:07:07Z","securityToken":"CAISuwJ1q6Ft5B2yfSjIr5aDA+zD1LFQ37SbM1fgoFUeWvhPmqbAoDz2IH9Fe3NqCO0XtvowlWxZ6vwflqp3RYQdiu9s5jcovPpt6gqET9frT6XXhOV2dvTHdEGXDxnkpuCwB8zyUNLafNq0dlnAjVUd6LDmdDKkLRvHVJqSksxfc8gwVAu1ZiYkYdBNPVlNpdM9P3ncPurPVRnxmTj0DVF0nQB+hGhj8t6ToKum5wHZkUfxx8IMuo31OeLEVcR3O4plWNrHnI4Tf6HagilL8EoIpuUkzs478Dzc7NaGGAsTsVfUN+TPt9xqJQB0IeoYY/cf86OjyaAp4r2Lx9immk13ULsLA3iFdueJ29DZHe6lDNE9eIvgNm7FutL1bcak7Fl+MC9KbF0VKoZwdiUtE3IoRCrdMbS3Ud4Src1mm8IagAGL077fVkTtfW543kbO7F4PNngc8mywb9AIOxn5btsysIIHVVZi7r7TTrsVDvvKpcXZKGoHhIZBWbO1L/gmAqkry72cOFYnlPO3KzJUYPb2PwmDXFOv8mk1Cbwu/5BdHVEm6R41lSfNasjSaNpzfrZNhYBJCIwrpZyzshSFmis1Kw=="}
耗时:223
2022-06-10 14:07:07.497 [http-nio-8080-exec-10] INFO  com.x.config.mvc.LogRecordAspect 
GET请求/product/sku/price-calendar
参数:skuId=629728e7da667d6000146db0&startDate=2022-06-01&endDate=2022-06-30
响应:[{"adultPrice":20000,"childPrice":12000,"date":"2022-06-10","id":"629728e7da667d6000146db01654790400000","singleRoomPrice":11000,"skuId":"629728e7da667d6000146db0"},{"adultPrice":28000,"childPrice":20000,"date":"2022-06-11","id":"629728e7da667d6000146db01654876800000","singleRoomPrice":17000,"skuId":"629728e7da667d6000146db0"},{"adultPrice":32000,"childPrice":18000,"date":"2022-06-17","id":"629728e7da667d6000146db01655395200000","singleRoomPrice":14000,"skuId":"629728e7da667d6000146db0"},{"adultPrice":32000,"childPrice":18000,"date":"2022-06-18","id":"629728e7da667d6000146db01655481600000","singleRoomPrice":14000,"skuId":"629728e7da667d6000146db0"},{"adultPrice":32000,"childPrice":18000,"date":"2022-06-19","id":"629728e7da667d6000146db01655568000000","singleRoomPrice":14000,"skuId":"629728e7da667d6000146db0"},{"adultPrice":32000,"childPrice":18000,"date":"2022-06-20","id":"629728e7da667d6000146db01655654400000","singleRoomPrice":14000,"skuId":"629728e7da667d6000146db0"},{"adultPrice":32000,"childPrice":18000,"date":"2022-06-21","id":"629728e7da667d6000146db01655740800000","singleRoomPrice":14000,"skuId":"629728e7da667d6000146db0"},{"adultPrice":32000,"childPrice":18000,"date":"2022-06-22","id":"629728e7da667d6000146db01655827200000","singleRoomPrice":14000,"skuId":"629728e7da667d6000146db0"},{"adultPrice":32000,"childPrice":18000,"date":"2022-06-23","id":"629728e7da667d6000146db01655913600000","singleRoomPrice":14000,"skuId":"629728e7da667d6000146db0"},{"adultPrice":32000,"childPrice":18000,"date":"2022-06-24","id":"629728e7da667d6000146db01656000000000","singleRoomPrice":14000,"skuId":"629728e7da667d6000146db0"},{"adultPrice":32000,"childPrice":18000,"date":"2022-06-25","id":"629728e7da667d6000146db01656086400000","singleRoomPrice":14000,"skuId":"629728e7da667d6000146db0"},{"adultPrice":32000,"childPrice":18000,"date":"2022-06-26","id":"629728e7da667d6000146db01656172800000","singleRoomPrice":14000,"skuId":"629728e7da667d6000146db0"},{"adultPrice":32000,"childPrice":18000,"date":"2022-06-27","id":"629728e7da667d6000146db01656259200000","singleRoomPrice":14000,"skuId":"629728e7da667d6000146db0"},{"adultPrice":32000,"childPrice":18000,"date":"2022-06-28","id":"629728e7da667d6000146db01656345600000","singleRoomPrice":14000,"skuId":"629728e7da667d6000146db0"},{"adultPrice":32000,"childPrice":18000,"date":"2022-06-29","id":"629728e7da667d6000146db01656432000000","singleRoomPrice":14000,"skuId":"629728e7da667d6000146db0"},{"adultPrice":50000,"childPrice":20000,"date":"2022-06-30","id":"629728e7da667d6000146db01656518400000","singleRoomPrice":11000,"skuId":"629728e7da667d6000146db0"}]
耗时:4
2022-06-10 14:07:14.031 [http-nio-8080-exec-4] INFO  com.x.config.mvc.LogRecordAspect 
GET请求/product/sku/price-calendar
参数:skuId=629728e7da667d6000146db0&startDate=2022-07-01&endDate=2022-07-31
响应:[{"adultPrice":50000,"childPrice":20000,"date":"2022-07-01","id":"629728e7da667d6000146db01656604800000","singleRoomPrice":11000,"skuId":"629728e7da667d6000146db0"},{"adultPrice":50000,"childPrice":20000,"date":"2022-07-02","id":"629728e7da667d6000146db01656691200000","singleRoomPrice":11000,"skuId":"629728e7da667d6000146db0"},{"adultPrice":50000,"childPrice":20000,"date":"2022-07-03","id":"629728e7da667d6000146db01656777600000","singleRoomPrice":11000,"skuId":"629728e7da667d6000146db0"},{"adultPrice":50000,"childPrice":20000,"date":"2022-07-04","id":"629728e7da667d6000146db01656864000000","singleRoomPrice":11000,"skuId":"629728e7da667d6000146db0"},{"adultPrice":50000,"childPrice":20000,"date":"2022-07-05","id":"629728e7da667d6000146db01656950400000","singleRoomPrice":11000,"skuId":"629728e7da667d6000146db0"},{"adultPrice":50000,"childPrice":20000,"date":"2022-07-06","id":"629728e7da667d6000146db01657036800000","singleRoomPrice":11000,"skuId":"629728e7da667d6000146db0"},{"adultPrice":50000,"childPrice":20000,"date":"2022-07-07","id":"629728e7da667d6000146db01657123200000","singleRoomPrice":11000,"skuId":"629728e7da667d6000146db0"},{"adultPrice":50000,"childPrice":20000,"date":"2022-07-08","id":"629728e7da667d6000146db01657209600000","singleRoomPrice":11000,"skuId":"629728e7da667d6000146db0"},{"adultPrice":50000,"childPrice":20000,"date":"2022-07-09","id":"629728e7da667d6000146db01657296000000","singleRoomPrice":11000,"skuId":"629728e7da667d6000146db0"},{"adultPrice":50000,"childPrice":20000,"date":"2022-07-10","id":"629728e7da667d6000146db01657382400000","singleRoomPrice":11000,"skuId":"629728e7da667d6000146db0"},{"adultPrice":50000,"childPrice":20000,"date":"2022-07-11","id":"629728e7da667d6000146db01657468800000","singleRoomPrice":11000,"skuId":"629728e7da667d6000146db0"},{"adultPrice":50000,"childPrice":20000,"date":"2022-07-12","id":"629728e7da667d6000146db01657555200000","singleRoomPrice":11000,"skuId":"629728e7da667d6000146db0"},{"adultPrice":50000,"childPrice":20000,"date":"2022-07-13","id":"629728e7da667d6000146db01657641600000","singleRoomPrice":11000,"skuId":"629728e7da667d6000146db0"},{"adultPrice":50000,"childPrice":20000,"date":"2022-07-14","id":"629728e7da667d6000146db01657728000000","singleRoomPrice":11000,"skuId":"629728e7da667d6000146db0"},{"adultPrice":50000,"childPrice":20000,"date":"2022-07-15","id":"629728e7da667d6000146db01657814400000","singleRoomPrice":11000,"skuId":"629728e7da667d6000146db0"},{"adultPrice":50000,"childPrice":20000,"date":"2022-07-16","id":"629728e7da667d6000146db01657900800000","singleRoomPrice":11000,"skuId":"629728e7da667d6000146db0"},{"adultPrice":50000,"childPrice":20000,"date":"2022-07-17","id":"629728e7da667d6000146db01657987200000","singleRoomPrice":11000,"skuId":"629728e7da667d6000146db0"},{"adultPrice":50000,"childPrice":20000,"date":"2022-07-18","id":"629728e7da667d6000146db01658073600000","singleRoomPrice":11000,"skuId":"629728e7da667d6000146db0"},{"adultPrice":50000,"childPrice":20000,"date":"2022-07-19","id":"629728e7da667d6000146db01658160000000","singleRoomPrice":11000,"skuId":"629728e7da667d6000146db0"},{"adultPrice":50000,"childPrice":20000,"date":"2022-07-20","id":"629728e7da667d6000146db01658246400000","singleRoomPrice":11000,"skuId":"629728e7da667d6000146db0"}]
耗时:4
2022-06-10 14:07:18.143 [http-nio-8080-exec-7] INFO  com.x.config.mvc.LogRecordAspect 
GET请求/product/sku/price-calendar
参数:skuId=629728e7da667d6000146db0&startDate=2022-08-01&endDate=2022-08-31
响应:[]
耗时:2
2022-06-10 14:07:45.116 [http-nio-8080-exec-1] INFO  com.x.config.mvc.LogRecordAspect 
POST请求/product/sku/price-calendar
参数:{"adultPrice":28000,"childPrice":16000,"endDate":1660060800000,"singleRoomPrice":8000,"skuId":"629728e7da667d6000146db0","startDate":1659283200000}
响应:[{"adultPrice":28000,"childPrice":16000,"date":"2022-08-01","id":"629728e7da667d6000146db01659283200000","singleRoomPrice":8000,"skuId":"629728e7da667d6000146db0"},{"adultPrice":28000,"childPrice":16000,"date":"2022-08-02","id":"629728e7da667d6000146db01659369600000","singleRoomPrice":8000,"skuId":"629728e7da667d6000146db0"},{"adultPrice":28000,"childPrice":16000,"date":"2022-08-03","id":"629728e7da667d6000146db01659456000000","singleRoomPrice":8000,"skuId":"629728e7da667d6000146db0"},{"adultPrice":28000,"childPrice":16000,"date":"2022-08-04","id":"629728e7da667d6000146db01659542400000","singleRoomPrice":8000,"skuId":"629728e7da667d6000146db0"},{"adultPrice":28000,"childPrice":16000,"date":"2022-08-05","id":"629728e7da667d6000146db01659628800000","singleRoomPrice":8000,"skuId":"629728e7da667d6000146db0"},{"adultPrice":28000,"childPrice":16000,"date":"2022-08-06","id":"629728e7da667d6000146db01659715200000","singleRoomPrice":8000,"skuId":"629728e7da667d6000146db0"},{"adultPrice":28000,"childPrice":16000,"date":"2022-08-07","id":"629728e7da667d6000146db01659801600000","singleRoomPrice":8000,"skuId":"629728e7da667d6000146db0"},{"adultPrice":28000,"childPrice":16000,"date":"2022-08-08","id":"629728e7da667d6000146db01659888000000","singleRoomPrice":8000,"skuId":"629728e7da667d6000146db0"},{"adultPrice":28000,"childPrice":16000,"date":"2022-08-09","id":"629728e7da667d6000146db01659974400000","singleRoomPrice":8000,"skuId":"629728e7da667d6000146db0"}]
耗时:23
2022-06-10 14:07:50.759 [http-nio-8080-exec-5] INFO  com.x.config.mvc.LogRecordAspect 
GET请求/product/sku/price-calendar
参数:skuId=629728e7da667d6000146db0&startDate=2022-08-01&endDate=2022-08-31
响应:[{"adultPrice":28000,"childPrice":16000,"date":"2022-08-01","id":"629728e7da667d6000146db01659283200000","singleRoomPrice":8000,"skuId":"629728e7da667d6000146db0"},{"adultPrice":28000,"childPrice":16000,"date":"2022-08-02","id":"629728e7da667d6000146db01659369600000","singleRoomPrice":8000,"skuId":"629728e7da667d6000146db0"},{"adultPrice":28000,"childPrice":16000,"date":"2022-08-03","id":"629728e7da667d6000146db01659456000000","singleRoomPrice":8000,"skuId":"629728e7da667d6000146db0"},{"adultPrice":28000,"childPrice":16000,"date":"2022-08-04","id":"629728e7da667d6000146db01659542400000","singleRoomPrice":8000,"skuId":"629728e7da667d6000146db0"},{"adultPrice":28000,"childPrice":16000,"date":"2022-08-05","id":"629728e7da667d6000146db01659628800000","singleRoomPrice":8000,"skuId":"629728e7da667d6000146db0"},{"adultPrice":28000,"childPrice":16000,"date":"2022-08-06","id":"629728e7da667d6000146db01659715200000","singleRoomPrice":8000,"skuId":"629728e7da667d6000146db0"},{"adultPrice":28000,"childPrice":16000,"date":"2022-08-07","id":"629728e7da667d6000146db01659801600000","singleRoomPrice":8000,"skuId":"629728e7da667d6000146db0"},{"adultPrice":28000,"childPrice":16000,"date":"2022-08-08","id":"629728e7da667d6000146db01659888000000","singleRoomPrice":8000,"skuId":"629728e7da667d6000146db0"},{"adultPrice":28000,"childPrice":16000,"date":"2022-08-09","id":"629728e7da667d6000146db01659974400000","singleRoomPrice":8000,"skuId":"629728e7da667d6000146db0"}]
耗时:6
2022-06-10 14:09:17.387 [http-nio-8080-exec-8] INFO  com.x.config.mvc.LogRecordAspect 
GET请求/product/sku/price-calendar
参数:skuId=629728e7da667d6000146db0&startDate=2022-08-01&endDate=2022-08-31
响应:[{"adultPrice":28000,"childPrice":16000,"date":"2022-08-01","id":"629728e7da667d6000146db01659283200000","singleRoomPrice":8000,"skuId":"629728e7da667d6000146db0"},{"adultPrice":28000,"childPrice":16000,"date":"2022-08-02","id":"629728e7da667d6000146db01659369600000","singleRoomPrice":8000,"skuId":"629728e7da667d6000146db0"},{"adultPrice":28000,"childPrice":16000,"date":"2022-08-03","id":"629728e7da667d6000146db01659456000000","singleRoomPrice":8000,"skuId":"629728e7da667d6000146db0"},{"adultPrice":28000,"childPrice":16000,"date":"2022-08-04","id":"629728e7da667d6000146db01659542400000","singleRoomPrice":8000,"skuId":"629728e7da667d6000146db0"},{"adultPrice":28000,"childPrice":16000,"date":"2022-08-05","id":"629728e7da667d6000146db01659628800000","singleRoomPrice":8000,"skuId":"629728e7da667d6000146db0"},{"adultPrice":28000,"childPrice":16000,"date":"2022-08-06","id":"629728e7da667d6000146db01659715200000","singleRoomPrice":8000,"skuId":"629728e7da667d6000146db0"},{"adultPrice":28000,"childPrice":16000,"date":"2022-08-07","id":"629728e7da667d6000146db01659801600000","singleRoomPrice":8000,"skuId":"629728e7da667d6000146db0"},{"adultPrice":28000,"childPrice":16000,"date":"2022-08-08","id":"629728e7da667d6000146db01659888000000","singleRoomPrice":8000,"skuId":"629728e7da667d6000146db0"},{"adultPrice":28000,"childPrice":16000,"date":"2022-08-09","id":"629728e7da667d6000146db01659974400000","singleRoomPrice":8000,"skuId":"629728e7da667d6000146db0"}]
耗时:3
2022-06-10 14:51:17.255 [http-nio-8080-exec-3] INFO  com.x.config.mvc.LogRecordAspect 
GET请求/product/sku/price-calendar
参数:skuId=629728e7da667d6000146db0&startDate=2022-08-01&endDate=2022-08-31
响应:[{"adultPrice":28000,"childPrice":16000,"date":"2022-08-01","id":"629728e7da667d6000146db01659283200000","singleRoomPrice":8000,"skuId":"629728e7da667d6000146db0"},{"adultPrice":28000,"childPrice":16000,"date":"2022-08-02","id":"629728e7da667d6000146db01659369600000","singleRoomPrice":8000,"skuId":"629728e7da667d6000146db0"},{"adultPrice":28000,"childPrice":16000,"date":"2022-08-03","id":"629728e7da667d6000146db01659456000000","singleRoomPrice":8000,"skuId":"629728e7da667d6000146db0"},{"adultPrice":28000,"childPrice":16000,"date":"2022-08-04","id":"629728e7da667d6000146db01659542400000","singleRoomPrice":8000,"skuId":"629728e7da667d6000146db0"},{"adultPrice":28000,"childPrice":16000,"date":"2022-08-05","id":"629728e7da667d6000146db01659628800000","singleRoomPrice":8000,"skuId":"629728e7da667d6000146db0"},{"adultPrice":28000,"childPrice":16000,"date":"2022-08-06","id":"629728e7da667d6000146db01659715200000","singleRoomPrice":8000,"skuId":"629728e7da667d6000146db0"},{"adultPrice":28000,"childPrice":16000,"date":"2022-08-07","id":"629728e7da667d6000146db01659801600000","singleRoomPrice":8000,"skuId":"629728e7da667d6000146db0"},{"adultPrice":28000,"childPrice":16000,"date":"2022-08-08","id":"629728e7da667d6000146db01659888000000","singleRoomPrice":8000,"skuId":"629728e7da667d6000146db0"},{"adultPrice":28000,"childPrice":16000,"date":"2022-08-09","id":"629728e7da667d6000146db01659974400000","singleRoomPrice":8000,"skuId":"629728e7da667d6000146db0"}]
耗时:6
2022-06-10 15:03:02.560 [http-nio-8080-exec-6] INFO  com.x.config.mvc.LogRecordAspect 
GET请求/staff/session
参数:null
响应:{"createTime":"2021-12-29 16:00:36","id":1,"name":"徐竟浩","phone":"13880605659","roles":[{"id":1,"key":"admin","name":"系统管理员"}],"state":1}
耗时:1
2022-06-10 15:03:02.844 [http-nio-8080-exec-9] INFO  com.x.config.mvc.LogRecordAspect 
GET请求/aliyun/sts
参数:null
响应:{"accessKeyId":"STS.NUEnsjAzEDnrHihfdRdKBbryb","accessKeySecret":"4H7ZLZdjikiqzJmRKZN6HNmQhma2kDRyzcoErHPMgHzv","expiration":"2022-06-10T08:03:03Z","securityToken":"CAISuwJ1q6Ft5B2yfSjIr5bwJcnerKVk86yZSk/ZgmQHaMRujbfSgDz2IH9Fe3NqCO0XtvowlWxZ6vwflqp3RYQdyZ8h4DcovPpt6gqET9frT6XXhOV2dvTHdEGXDxnkpuCwB8zyUNLafNq0dlnAjVUd6LDmdDKkLRvHVJqSksxfc8gwVAu1ZiYkYdBNPVlNpdM9P3ncPurPVRnxmTj0DVF0nQB+hGhj8t6ToKum5wHZkUfxx8IMuo31OeLEVcR3O4plWNrHnI4Tf6HagilL8EoIpuUkzs478Dzc7NaGGAsTsVfUN+TPt9xqJQB0IeoYY/cf86OjyaAp4r2Lx9immk13ULsLA3iFdueJ29DZHe6lDNE9eIvgNm7FutL1bcak7Fl+MC9KbF0VKoZwdiUtE3IoRCrdMbS3Ud4Src1mm8IagAGAPO0n0Ttq7dLQz1boD4v6NkRAX2ppQSquKa5wamJCWQKk0aRX6x+SzAAFOKpE/u1FXddQ7AWAA1sP9bVoo0NvGoui87PdXOu4mOlZQIXlt24jrblNa1uEZGL9AGhFZsjwD5vhzEnAvbXoajJqvhs55kvGwjUl75/upYLRVBxRKA=="}
耗时:325
2022-06-10 15:03:37.369 [http-nio-8080-exec-2] INFO  com.x.config.mvc.LogRecordAspect 
GET请求/product/sku/price-calendar
参数:skuId=629728e7da667d6000146db0&startDate=2022-06-01&endDate=2022-06-30
响应:[{"adultPrice":20000,"childPrice":12000,"date":"2022-06-10","id":"629728e7da667d6000146db01654790400000","singleRoomPrice":11000,"skuId":"629728e7da667d6000146db0"},{"adultPrice":28000,"childPrice":20000,"date":"2022-06-11","id":"629728e7da667d6000146db01654876800000","singleRoomPrice":17000,"skuId":"629728e7da667d6000146db0"},{"adultPrice":32000,"childPrice":18000,"date":"2022-06-17","id":"629728e7da667d6000146db01655395200000","singleRoomPrice":14000,"skuId":"629728e7da667d6000146db0"},{"adultPrice":32000,"childPrice":18000,"date":"2022-06-18","id":"629728e7da667d6000146db01655481600000","singleRoomPrice":14000,"skuId":"629728e7da667d6000146db0"},{"adultPrice":32000,"childPrice":18000,"date":"2022-06-19","id":"629728e7da667d6000146db01655568000000","singleRoomPrice":14000,"skuId":"629728e7da667d6000146db0"},{"adultPrice":32000,"childPrice":18000,"date":"2022-06-20","id":"629728e7da667d6000146db01655654400000","singleRoomPrice":14000,"skuId":"629728e7da667d6000146db0"},{"adultPrice":32000,"childPrice":18000,"date":"2022-06-21","id":"629728e7da667d6000146db01655740800000","singleRoomPrice":14000,"skuId":"629728e7da667d6000146db0"},{"adultPrice":32000,"childPrice":18000,"date":"2022-06-22","id":"629728e7da667d6000146db01655827200000","singleRoomPrice":14000,"skuId":"629728e7da667d6000146db0"},{"adultPrice":32000,"childPrice":18000,"date":"2022-06-23","id":"629728e7da667d6000146db01655913600000","singleRoomPrice":14000,"skuId":"629728e7da667d6000146db0"},{"adultPrice":32000,"childPrice":18000,"date":"2022-06-24","id":"629728e7da667d6000146db01656000000000","singleRoomPrice":14000,"skuId":"629728e7da667d6000146db0"},{"adultPrice":32000,"childPrice":18000,"date":"2022-06-25","id":"629728e7da667d6000146db01656086400000","singleRoomPrice":14000,"skuId":"629728e7da667d6000146db0"},{"adultPrice":32000,"childPrice":18000,"date":"2022-06-26","id":"629728e7da667d6000146db01656172800000","singleRoomPrice":14000,"skuId":"629728e7da667d6000146db0"},{"adultPrice":32000,"childPrice":18000,"date":"2022-06-27","id":"629728e7da667d6000146db01656259200000","singleRoomPrice":14000,"skuId":"629728e7da667d6000146db0"},{"adultPrice":32000,"childPrice":18000,"date":"2022-06-28","id":"629728e7da667d6000146db01656345600000","singleRoomPrice":14000,"skuId":"629728e7da667d6000146db0"},{"adultPrice":32000,"childPrice":18000,"date":"2022-06-29","id":"629728e7da667d6000146db01656432000000","singleRoomPrice":14000,"skuId":"629728e7da667d6000146db0"},{"adultPrice":50000,"childPrice":20000,"date":"2022-06-30","id":"629728e7da667d6000146db01656518400000","singleRoomPrice":11000,"skuId":"629728e7da667d6000146db0"}]
耗时:3
2022-06-10 15:18:06.816 [http-nio-8080-exec-4] INFO  com.x.config.mvc.LogRecordAspect 
GET请求/staff/session
参数:null
响应:{"createTime":"2021-12-29 16:00:36","id":1,"name":"徐竟浩","phone":"13880605659","roles":[{"id":1,"key":"admin","name":"系统管理员"}],"state":1}
耗时:0
2022-06-10 15:18:07.132 [http-nio-8080-exec-10] INFO  com.x.config.mvc.LogRecordAspect 
GET请求/aliyun/sts
参数:null
响应:{"accessKeyId":"STS.NV6KQSPtSFRN9hduHMauLUnBg","accessKeySecret":"6UzvHdPyEfrwPXKgzwQpVF8F6toX1pKTMbfieAWMFkaL","expiration":"2022-06-10T08:18:08Z","securityToken":"CAISuwJ1q6Ft5B2yfSjIr5WDAOvnvaty8ZClO07VkUgYbfpguqvphTz2IH9Fe3NqCO0XtvowlWxZ6vwflqp3RYQd8fBo4DcovPpt6gqET9frT6XXhOV2dvTHdEGXDxnkpuCwB8zyUNLafNq0dlnAjVUd6LDmdDKkLRvHVJqSksxfc8gwVAu1ZiYkYdBNPVlNpdM9P3ncPurPVRnxmTj0DVF0nQB+hGhj8t6ToKum5wHZkUfxx8IMuo31OeLEVcR3O4plWNrHnI4Tf6HagilL8EoIpuUkzs478Dzc7NaGGAsTsVfUN+TPt9xqJQB0IeoYY/cf86OjyaAp4r2Lx9immk13ULsLA3iFdueJ29DZHe6lDNE9eIvgNm7FutL1bcak7Fl+MC9KbF0VKoZwdiUtE3IoRCrdMbS3Ud4Src1mm8IagAGkemc1m5xuhskcGDaRGSs0BkrPJqqnhgHeYes6ADsw/ebwIV0WJ/17DYzZa99eOV8NISmudcNhtNy/AXq9d0kWK1nfv54toHjlmMHSGE4fnlb+lYtlF+GbY5EIlSXTcYMdjat9t3sjsbXnp7Q2dLSvPJEo9GBAcqrkPD7V9c0Q+w=="}
耗时:340
2022-06-10 15:18:07.514 [http-nio-8080-exec-7] INFO  com.x.config.mvc.LogRecordAspect 
GET请求/product/sku/price-calendar
参数:skuId=629728e7da667d6000146db0&startDate=2022-06-01&endDate=2022-06-30
响应:[{"adultPrice":20000,"childPrice":12000,"date":"2022-06-10","id":"629728e7da667d6000146db01654790400000","singleRoomPrice":11000,"skuId":"629728e7da667d6000146db0"},{"adultPrice":28000,"childPrice":20000,"date":"2022-06-11","id":"629728e7da667d6000146db01654876800000","singleRoomPrice":17000,"skuId":"629728e7da667d6000146db0"},{"adultPrice":32000,"childPrice":18000,"date":"2022-06-17","id":"629728e7da667d6000146db01655395200000","singleRoomPrice":14000,"skuId":"629728e7da667d6000146db0"},{"adultPrice":32000,"childPrice":18000,"date":"2022-06-18","id":"629728e7da667d6000146db01655481600000","singleRoomPrice":14000,"skuId":"629728e7da667d6000146db0"},{"adultPrice":32000,"childPrice":18000,"date":"2022-06-19","id":"629728e7da667d6000146db01655568000000","singleRoomPrice":14000,"skuId":"629728e7da667d6000146db0"},{"adultPrice":32000,"childPrice":18000,"date":"2022-06-20","id":"629728e7da667d6000146db01655654400000","singleRoomPrice":14000,"skuId":"629728e7da667d6000146db0"},{"adultPrice":32000,"childPrice":18000,"date":"2022-06-21","id":"629728e7da667d6000146db01655740800000","singleRoomPrice":14000,"skuId":"629728e7da667d6000146db0"},{"adultPrice":32000,"childPrice":18000,"date":"2022-06-22","id":"629728e7da667d6000146db01655827200000","singleRoomPrice":14000,"skuId":"629728e7da667d6000146db0"},{"adultPrice":32000,"childPrice":18000,"date":"2022-06-23","id":"629728e7da667d6000146db01655913600000","singleRoomPrice":14000,"skuId":"629728e7da667d6000146db0"},{"adultPrice":32000,"childPrice":18000,"date":"2022-06-24","id":"629728e7da667d6000146db01656000000000","singleRoomPrice":14000,"skuId":"629728e7da667d6000146db0"},{"adultPrice":32000,"childPrice":18000,"date":"2022-06-25","id":"629728e7da667d6000146db01656086400000","singleRoomPrice":14000,"skuId":"629728e7da667d6000146db0"},{"adultPrice":32000,"childPrice":18000,"date":"2022-06-26","id":"629728e7da667d6000146db01656172800000","singleRoomPrice":14000,"skuId":"629728e7da667d6000146db0"},{"adultPrice":32000,"childPrice":18000,"date":"2022-06-27","id":"629728e7da667d6000146db01656259200000","singleRoomPrice":14000,"skuId":"629728e7da667d6000146db0"},{"adultPrice":32000,"childPrice":18000,"date":"2022-06-28","id":"629728e7da667d6000146db01656345600000","singleRoomPrice":14000,"skuId":"629728e7da667d6000146db0"},{"adultPrice":32000,"childPrice":18000,"date":"2022-06-29","id":"629728e7da667d6000146db01656432000000","singleRoomPrice":14000,"skuId":"629728e7da667d6000146db0"},{"adultPrice":50000,"childPrice":20000,"date":"2022-06-30","id":"629728e7da667d6000146db01656518400000","singleRoomPrice":11000,"skuId":"629728e7da667d6000146db0"}]
耗时:3
2022-06-10 15:18:12.712 [http-nio-8080-exec-1] INFO  com.x.config.mvc.LogRecordAspect 
GET请求/product/sku/price-calendar
参数:skuId=629728e7da667d6000146db0&startDate=2022-08-01&endDate=2022-08-31
响应:[{"adultPrice":28000,"childPrice":16000,"date":"2022-08-01","id":"629728e7da667d6000146db01659283200000","singleRoomPrice":8000,"skuId":"629728e7da667d6000146db0"},{"adultPrice":28000,"childPrice":16000,"date":"2022-08-02","id":"629728e7da667d6000146db01659369600000","singleRoomPrice":8000,"skuId":"629728e7da667d6000146db0"},{"adultPrice":28000,"childPrice":16000,"date":"2022-08-03","id":"629728e7da667d6000146db01659456000000","singleRoomPrice":8000,"skuId":"629728e7da667d6000146db0"},{"adultPrice":28000,"childPrice":16000,"date":"2022-08-04","id":"629728e7da667d6000146db01659542400000","singleRoomPrice":8000,"skuId":"629728e7da667d6000146db0"},{"adultPrice":28000,"childPrice":16000,"date":"2022-08-05","id":"629728e7da667d6000146db01659628800000","singleRoomPrice":8000,"skuId":"629728e7da667d6000146db0"},{"adultPrice":28000,"childPrice":16000,"date":"2022-08-06","id":"629728e7da667d6000146db01659715200000","singleRoomPrice":8000,"skuId":"629728e7da667d6000146db0"},{"adultPrice":28000,"childPrice":16000,"date":"2022-08-07","id":"629728e7da667d6000146db01659801600000","singleRoomPrice":8000,"skuId":"629728e7da667d6000146db0"},{"adultPrice":28000,"childPrice":16000,"date":"2022-08-08","id":"629728e7da667d6000146db01659888000000","singleRoomPrice":8000,"skuId":"629728e7da667d6000146db0"},{"adultPrice":28000,"childPrice":16000,"date":"2022-08-09","id":"629728e7da667d6000146db01659974400000","singleRoomPrice":8000,"skuId":"629728e7da667d6000146db0"}]
耗时:3
2022-06-10 15:18:15.652 [http-nio-8080-exec-5] INFO  com.x.config.mvc.LogRecordAspect 
GET请求/product/sku/price-calendar
参数:skuId=629728e7da667d6000146db0&startDate=2022-09-01&endDate=2022-09-30
响应:[]
耗时:2
2022-06-10 15:19:05.634 [http-nio-8080-exec-8] INFO  com.x.config.mvc.LogRecordAspect 
POST请求/product/sku/price-calendar
参数:{"adultPrice":50000,"childPrice":26000,"dayOfWeeks":[6,0],"endDate":1666108800000,"singleRoomPrice":12000,"skuId":"629728e7da667d6000146db0","startDate":1661961600000}
响应:[{"adultPrice":50000,"childPrice":26000,"date":"2022-09-02","id":"629728e7da667d6000146db01662048000000","singleRoomPrice":12000,"skuId":"629728e7da667d6000146db0"},{"adultPrice":50000,"childPrice":26000,"date":"2022-09-09","id":"629728e7da667d6000146db01662652800000","singleRoomPrice":12000,"skuId":"629728e7da667d6000146db0"},{"adultPrice":50000,"childPrice":26000,"date":"2022-09-16","id":"629728e7da667d6000146db01663257600000","singleRoomPrice":12000,"skuId":"629728e7da667d6000146db0"},{"adultPrice":50000,"childPrice":26000,"date":"2022-09-23","id":"629728e7da667d6000146db01663862400000","singleRoomPrice":12000,"skuId":"629728e7da667d6000146db0"},{"adultPrice":50000,"childPrice":26000,"date":"2022-09-30","id":"629728e7da667d6000146db01664467200000","singleRoomPrice":12000,"skuId":"629728e7da667d6000146db0"},{"adultPrice":50000,"childPrice":26000,"date":"2022-10-07","id":"629728e7da667d6000146db01665072000000","singleRoomPrice":12000,"skuId":"629728e7da667d6000146db0"},{"adultPrice":50000,"childPrice":26000,"date":"2022-10-14","id":"629728e7da667d6000146db01665676800000","singleRoomPrice":12000,"skuId":"629728e7da667d6000146db0"}]
耗时:31
2022-06-10 15:19:05.687 [http-nio-8080-exec-3] INFO  com.x.config.mvc.LogRecordAspect 
GET请求/product/sku/price-calendar
参数:skuId=629728e7da667d6000146db0&startDate=2022-09-01&endDate=2022-09-30
响应:[{"adultPrice":50000,"childPrice":26000,"date":"2022-09-02","id":"629728e7da667d6000146db01662048000000","singleRoomPrice":12000,"skuId":"629728e7da667d6000146db0"},{"adultPrice":50000,"childPrice":26000,"date":"2022-09-09","id":"629728e7da667d6000146db01662652800000","singleRoomPrice":12000,"skuId":"629728e7da667d6000146db0"},{"adultPrice":50000,"childPrice":26000,"date":"2022-09-16","id":"629728e7da667d6000146db01663257600000","singleRoomPrice":12000,"skuId":"629728e7da667d6000146db0"},{"adultPrice":50000,"childPrice":26000,"date":"2022-09-23","id":"629728e7da667d6000146db01663862400000","singleRoomPrice":12000,"skuId":"629728e7da667d6000146db0"},{"adultPrice":50000,"childPrice":26000,"date":"2022-09-30","id":"629728e7da667d6000146db01664467200000","singleRoomPrice":12000,"skuId":"629728e7da667d6000146db0"}]
耗时:2
2022-06-10 20:54:03.393 [springSessionRedisMessageListenerContainer-21] WARN  o.s.s.data.redis.RedisIndexedSessionRepository Unable to publish SessionDestroyedEvent for session f3232ebd-d918-438a-b4eb-f945832f5593
2022-06-10 23:54:36.103 [http-nio-8080-exec-6] INFO  com.x.config.mvc.LogRecordAspect 
GET请求/product/sku/price-calendar
参数:skuId=629728e7da667d6000146db0&startDate=2022-09-01&endDate=2022-09-30
响应:[{"adultPrice":50000,"childPrice":26000,"date":"2022-09-02","id":"629728e7da667d6000146db01662048000000","singleRoomPrice":12000,"skuId":"629728e7da667d6000146db0"},{"adultPrice":50000,"childPrice":26000,"date":"2022-09-09","id":"629728e7da667d6000146db01662652800000","singleRoomPrice":12000,"skuId":"629728e7da667d6000146db0"},{"adultPrice":50000,"childPrice":26000,"date":"2022-09-16","id":"629728e7da667d6000146db01663257600000","singleRoomPrice":12000,"skuId":"629728e7da667d6000146db0"},{"adultPrice":50000,"childPrice":26000,"date":"2022-09-23","id":"629728e7da667d6000146db01663862400000","singleRoomPrice":12000,"skuId":"629728e7da667d6000146db0"},{"adultPrice":50000,"childPrice":26000,"date":"2022-09-30","id":"629728e7da667d6000146db01664467200000","singleRoomPrice":12000,"skuId":"629728e7da667d6000146db0"}]
耗时:91
