2021-06-02 13:42:13.941 [background-preinit] INFO  org.hibernate.validator.internal.util.Version HV000001: Hibernate Validator 6.1.7.Final
2021-06-02 13:42:13.975 [main] INFO  com.x.lfs.Application Starting Application using Java 11.0.10 on DESKTOP-6STQ666 with PID 16172 (C:\workspace\littlefish\lfs\target\classes started by 老徐 in C:\workspace\littlefish\lfs)
2021-06-02 13:42:13.977 [main] INFO  com.x.lfs.Application The following profiles are active: dev
2021-06-02 13:42:16.513 [main] INFO  o.s.d.r.config.RepositoryConfigurationDelegate Multiple Spring Data modules found, entering strict repository configuration mode!
2021-06-02 13:42:16.518 [main] INFO  o.s.d.r.config.RepositoryConfigurationDelegate Bootstrapping Spring Data MongoDB repositories in DEFAULT mode.
2021-06-02 13:42:16.593 [main] INFO  o.s.d.r.config.RepositoryConfigurationDelegate Finished Spring Data repository scanning in 65 ms. Found 0 MongoDB repository interfaces.
2021-06-02 13:42:16.628 [main] INFO  o.s.d.r.config.RepositoryConfigurationDelegate Multiple Spring Data modules found, entering strict repository configuration mode!
2021-06-02 13:42:16.632 [main] INFO  o.s.d.r.config.RepositoryConfigurationDelegate Bootstrapping Spring Data Redis repositories in DEFAULT mode.
2021-06-02 13:42:16.705 [main] INFO  o.s.d.r.config.RepositoryConfigurationDelegate Finished Spring Data repository scanning in 40 ms. Found 0 Redis repository interfaces.
2021-06-02 13:42:17.307 [main] INFO  o.s.c.s.PostProcessorRegistrationDelegate$BeanPostProcessorChecker Bean 'org.apache.shiro.spring.boot.autoconfigure.ShiroBeanAutoConfiguration' of type [org.apache.shiro.spring.boot.autoconfigure.ShiroBeanAutoConfiguration$$EnhancerBySpringCGLIB$$50135454] is not eligible for getting processed by all BeanPostProcessors (for example: not eligible for auto-proxying)
2021-06-02 13:42:17.458 [main] INFO  o.s.c.s.PostProcessorRegistrationDelegate$BeanPostProcessorChecker Bean 'shiroConfig' of type [com.x.lfs.config.shiro.ShiroConfig$$EnhancerBySpringCGLIB$$bec05a6b] is not eligible for getting processed by all BeanPostProcessors (for example: not eligible for auto-proxying)
2021-06-02 13:42:17.644 [main] INFO  o.s.c.s.PostProcessorRegistrationDelegate$BeanPostProcessorChecker Bean 'org.apache.shiro.spring.boot.autoconfigure.ShiroAnnotationProcessorAutoConfiguration' of type [org.apache.shiro.spring.boot.autoconfigure.ShiroAnnotationProcessorAutoConfiguration$$EnhancerBySpringCGLIB$$52a692f9] is not eligible for getting processed by all BeanPostProcessors (for example: not eligible for auto-proxying)
2021-06-02 13:42:17.956 [main] INFO  o.s.c.s.PostProcessorRegistrationDelegate$BeanPostProcessorChecker Bean 'org.springframework.boot.autoconfigure.data.redis.RedisAutoConfiguration' of type [org.springframework.boot.autoconfigure.data.redis.RedisAutoConfiguration] is not eligible for getting processed by all BeanPostProcessors (for example: not eligible for auto-proxying)
2021-06-02 13:42:18.009 [main] INFO  o.s.c.s.PostProcessorRegistrationDelegate$BeanPostProcessorChecker Bean 'spring.redis-org.springframework.boot.autoconfigure.data.redis.RedisProperties' of type [org.springframework.boot.autoconfigure.data.redis.RedisProperties] is not eligible for getting processed by all BeanPostProcessors (for example: not eligible for auto-proxying)
2021-06-02 13:42:18.019 [main] INFO  o.s.c.s.PostProcessorRegistrationDelegate$BeanPostProcessorChecker Bean 'org.springframework.boot.autoconfigure.data.redis.LettuceConnectionConfiguration' of type [org.springframework.boot.autoconfigure.data.redis.LettuceConnectionConfiguration] is not eligible for getting processed by all BeanPostProcessors (for example: not eligible for auto-proxying)
2021-06-02 13:42:18.450 [main] INFO  o.s.c.s.PostProcessorRegistrationDelegate$BeanPostProcessorChecker Bean 'lettuceClientResources' of type [io.lettuce.core.resource.DefaultClientResources] is not eligible for getting processed by all BeanPostProcessors (for example: not eligible for auto-proxying)
2021-06-02 13:42:18.704 [main] INFO  o.s.c.s.PostProcessorRegistrationDelegate$BeanPostProcessorChecker Bean 'redisConnectionFactory' of type [org.springframework.data.redis.connection.lettuce.LettuceConnectionFactory] is not eligible for getting processed by all BeanPostProcessors (for example: not eligible for auto-proxying)
2021-06-02 13:42:18.864 [main] INFO  o.s.c.s.PostProcessorRegistrationDelegate$BeanPostProcessorChecker Bean 'redisTemplate' of type [org.springframework.data.redis.core.RedisTemplate] is not eligible for getting processed by all BeanPostProcessors (for example: not eligible for auto-proxying)
2021-06-02 13:42:18.942 [main] INFO  o.s.c.s.PostProcessorRegistrationDelegate$BeanPostProcessorChecker Bean 'shiroRedisCacheManager' of type [com.x.lfs.config.shiro.RedisCacheManager] is not eligible for getting processed by all BeanPostProcessors (for example: not eligible for auto-proxying)
2021-06-02 13:42:18.952 [main] INFO  o.s.c.s.PostProcessorRegistrationDelegate$BeanPostProcessorChecker Bean 'eventBus' of type [org.apache.shiro.event.support.DefaultEventBus] is not eligible for getting processed by all BeanPostProcessors (for example: not eligible for auto-proxying)
2021-06-02 13:42:19.065 [main] INFO  o.s.c.s.PostProcessorRegistrationDelegate$BeanPostProcessorChecker Bean 'org.apache.shiro.spring.config.web.autoconfigure.ShiroWebAutoConfiguration' of type [org.apache.shiro.spring.config.web.autoconfigure.ShiroWebAutoConfiguration$$EnhancerBySpringCGLIB$$74afb4be] is not eligible for getting processed by all BeanPostProcessors (for example: not eligible for auto-proxying)
2021-06-02 13:42:19.176 [main] INFO  o.s.c.s.PostProcessorRegistrationDelegate$BeanPostProcessorChecker Bean 'spring.data.mongodb-org.springframework.boot.autoconfigure.mongo.MongoProperties' of type [org.springframework.boot.autoconfigure.mongo.MongoProperties] is not eligible for getting processed by all BeanPostProcessors (for example: not eligible for auto-proxying)
2021-06-02 13:42:19.184 [main] INFO  o.s.c.s.PostProcessorRegistrationDelegate$BeanPostProcessorChecker Bean 'org.springframework.boot.autoconfigure.data.mongo.MongoDatabaseFactoryDependentConfiguration' of type [org.springframework.boot.autoconfigure.data.mongo.MongoDatabaseFactoryDependentConfiguration] is not eligible for getting processed by all BeanPostProcessors (for example: not eligible for auto-proxying)
2021-06-02 13:42:19.192 [main] INFO  o.s.c.s.PostProcessorRegistrationDelegate$BeanPostProcessorChecker Bean 'org.springframework.boot.autoconfigure.data.mongo.MongoDatabaseFactoryConfiguration' of type [org.springframework.boot.autoconfigure.data.mongo.MongoDatabaseFactoryConfiguration] is not eligible for getting processed by all BeanPostProcessors (for example: not eligible for auto-proxying)
2021-06-02 13:42:19.197 [main] INFO  o.s.c.s.PostProcessorRegistrationDelegate$BeanPostProcessorChecker Bean 'org.springframework.boot.autoconfigure.mongo.MongoAutoConfiguration' of type [org.springframework.boot.autoconfigure.mongo.MongoAutoConfiguration] is not eligible for getting processed by all BeanPostProcessors (for example: not eligible for auto-proxying)
2021-06-02 13:42:19.200 [main] INFO  o.s.c.s.PostProcessorRegistrationDelegate$BeanPostProcessorChecker Bean 'org.springframework.boot.autoconfigure.mongo.MongoAutoConfiguration$MongoClientSettingsConfiguration' of type [org.springframework.boot.autoconfigure.mongo.MongoAutoConfiguration$MongoClientSettingsConfiguration] is not eligible for getting processed by all BeanPostProcessors (for example: not eligible for auto-proxying)
2021-06-02 13:42:19.354 [main] INFO  o.s.c.s.PostProcessorRegistrationDelegate$BeanPostProcessorChecker Bean 'mongoClientSettings' of type [com.mongodb.MongoClientSettings] is not eligible for getting processed by all BeanPostProcessors (for example: not eligible for auto-proxying)
2021-06-02 13:42:19.362 [main] INFO  o.s.c.s.PostProcessorRegistrationDelegate$BeanPostProcessorChecker Bean 'mongoPropertiesCustomizer' of type [org.springframework.boot.autoconfigure.mongo.MongoPropertiesClientSettingsBuilderCustomizer] is not eligible for getting processed by all BeanPostProcessors (for example: not eligible for auto-proxying)
2021-06-02 13:42:20.581 [main] INFO  org.mongodb.driver.cluster Cluster created with settings {hosts=[127.0.0.1:13001], mode=SINGLE, requiredClusterType=UNKNOWN, serverSelectionTimeout='30000 ms'}
2021-06-02 13:42:20.649 [main] INFO  o.s.c.s.PostProcessorRegistrationDelegate$BeanPostProcessorChecker Bean 'mongo' of type [com.mongodb.client.internal.MongoClientImpl] is not eligible for getting processed by all BeanPostProcessors (for example: not eligible for auto-proxying)
2021-06-02 13:42:20.674 [main] INFO  o.s.c.s.PostProcessorRegistrationDelegate$BeanPostProcessorChecker Bean 'mongoDatabaseFactory' of type [org.springframework.data.mongodb.core.SimpleMongoClientDatabaseFactory] is not eligible for getting processed by all BeanPostProcessors (for example: not eligible for auto-proxying)
2021-06-02 13:42:20.689 [main] INFO  o.s.c.s.PostProcessorRegistrationDelegate$BeanPostProcessorChecker Bean 'org.springframework.boot.autoconfigure.data.mongo.MongoDataConfiguration' of type [org.springframework.boot.autoconfigure.data.mongo.MongoDataConfiguration] is not eligible for getting processed by all BeanPostProcessors (for example: not eligible for auto-proxying)
2021-06-02 13:42:20.728 [cluster-ClusterId{value='60b71a3cfc200514a5434124', description='null'}-127.0.0.1:13001] INFO  org.mongodb.driver.connection Opened connection [connectionId{localValue:2, serverValue:1}] to 127.0.0.1:13001
2021-06-02 13:42:20.728 [cluster-rtt-ClusterId{value='60b71a3cfc200514a5434124', description='null'}-127.0.0.1:13001] INFO  org.mongodb.driver.connection Opened connection [connectionId{localValue:1, serverValue:2}] to 127.0.0.1:13001
2021-06-02 13:42:20.729 [cluster-ClusterId{value='60b71a3cfc200514a5434124', description='null'}-127.0.0.1:13001] INFO  org.mongodb.driver.cluster Monitor thread successfully connected to server with description ServerDescription{address=127.0.0.1:13001, type=STANDALONE, state=CONNECTED, ok=true, minWireVersion=0, maxWireVersion=7, maxDocumentSize=16777216, logicalSessionTimeoutMinutes=30, roundTripTimeNanos=47323800}
2021-06-02 13:42:20.832 [main] INFO  o.s.c.s.PostProcessorRegistrationDelegate$BeanPostProcessorChecker Bean 'mongoCustomConversions' of type [org.springframework.data.mongodb.core.convert.MongoCustomConversions] is not eligible for getting processed by all BeanPostProcessors (for example: not eligible for auto-proxying)
2021-06-02 13:42:21.136 [main] INFO  o.s.c.s.PostProcessorRegistrationDelegate$BeanPostProcessorChecker Bean 'mongoMappingContext' of type [org.springframework.data.mongodb.core.mapping.MongoMappingContext] is not eligible for getting processed by all BeanPostProcessors (for example: not eligible for auto-proxying)
2021-06-02 13:42:21.220 [main] INFO  o.s.c.s.PostProcessorRegistrationDelegate$BeanPostProcessorChecker Bean 'mappingMongoConverter' of type [org.springframework.data.mongodb.core.convert.MappingMongoConverter] is not eligible for getting processed by all BeanPostProcessors (for example: not eligible for auto-proxying)
2021-06-02 13:42:21.366 [main] INFO  o.s.c.s.PostProcessorRegistrationDelegate$BeanPostProcessorChecker Bean 'mongoTemplate' of type [org.springframework.data.mongodb.core.MongoTemplate] is not eligible for getting processed by all BeanPostProcessors (for example: not eligible for auto-proxying)
2021-06-02 13:42:21.440 [main] INFO  o.s.c.s.PostProcessorRegistrationDelegate$BeanPostProcessorChecker Bean 'orikaConfig' of type [com.x.lfs.config.OrikaConfig$$EnhancerBySpringCGLIB$$36bda973] is not eligible for getting processed by all BeanPostProcessors (for example: not eligible for auto-proxying)
2021-06-02 13:42:21.629 [main] INFO  o.s.c.s.PostProcessorRegistrationDelegate$BeanPostProcessorChecker Bean 'orikaMapper' of type [ma.glasnost.orika.impl.MapperFacadeImpl] is not eligible for getting processed by all BeanPostProcessors (for example: not eligible for auto-proxying)
2021-06-02 13:42:21.742 [main] INFO  o.s.c.s.PostProcessorRegistrationDelegate$BeanPostProcessorChecker Bean 'adminServiceImpl' of type [com.x.lfs.service.impl.AdminServiceImpl] is not eligible for getting processed by all BeanPostProcessors (for example: not eligible for auto-proxying)
2021-06-02 13:42:21.744 [main] INFO  o.s.c.s.PostProcessorRegistrationDelegate$BeanPostProcessorChecker Bean 'myAdminRealm' of type [com.x.lfs.config.shiro.MyAdminRealm] is not eligible for getting processed by all BeanPostProcessors (for example: not eligible for auto-proxying)
2021-06-02 13:42:21.837 [main] INFO  o.s.c.s.PostProcessorRegistrationDelegate$BeanPostProcessorChecker Bean 'sessionStorageEvaluator' of type [org.apache.shiro.web.mgt.DefaultWebSessionStorageEvaluator] is not eligible for getting processed by all BeanPostProcessors (for example: not eligible for auto-proxying)
2021-06-02 13:42:21.839 [main] INFO  o.s.c.s.PostProcessorRegistrationDelegate$BeanPostProcessorChecker Bean 'subjectDAO' of type [org.apache.shiro.mgt.DefaultSubjectDAO] is not eligible for getting processed by all BeanPostProcessors (for example: not eligible for auto-proxying)
2021-06-02 13:42:21.843 [main] INFO  o.s.c.s.PostProcessorRegistrationDelegate$BeanPostProcessorChecker Bean 'subjectFactory' of type [org.apache.shiro.web.mgt.DefaultWebSubjectFactory] is not eligible for getting processed by all BeanPostProcessors (for example: not eligible for auto-proxying)
2021-06-02 13:42:21.847 [main] INFO  o.s.c.s.PostProcessorRegistrationDelegate$BeanPostProcessorChecker Bean 'rememberMeCookieTemplate' of type [org.apache.shiro.web.servlet.SimpleCookie] is not eligible for getting processed by all BeanPostProcessors (for example: not eligible for auto-proxying)
2021-06-02 13:42:21.852 [main] INFO  o.s.c.s.PostProcessorRegistrationDelegate$BeanPostProcessorChecker Bean 'rememberMeManager' of type [org.apache.shiro.web.mgt.CookieRememberMeManager] is not eligible for getting processed by all BeanPostProcessors (for example: not eligible for auto-proxying)
2021-06-02 13:42:21.858 [main] INFO  o.s.c.s.PostProcessorRegistrationDelegate$BeanPostProcessorChecker Bean 'authenticationStrategy' of type [org.apache.shiro.authc.pam.AtLeastOneSuccessfulStrategy] is not eligible for getting processed by all BeanPostProcessors (for example: not eligible for auto-proxying)
2021-06-02 13:42:21.862 [main] INFO  o.s.c.s.PostProcessorRegistrationDelegate$BeanPostProcessorChecker Bean 'authenticator' of type [org.apache.shiro.authc.pam.ModularRealmAuthenticator] is not eligible for getting processed by all BeanPostProcessors (for example: not eligible for auto-proxying)
2021-06-02 13:42:21.865 [main] INFO  o.s.c.s.PostProcessorRegistrationDelegate$BeanPostProcessorChecker Bean 'authorizer' of type [org.apache.shiro.authz.ModularRealmAuthorizer] is not eligible for getting processed by all BeanPostProcessors (for example: not eligible for auto-proxying)
2021-06-02 13:42:21.870 [main] INFO  o.s.c.s.PostProcessorRegistrationDelegate$BeanPostProcessorChecker Bean 'sessionManager' of type [org.apache.shiro.web.session.mgt.ServletContainerSessionManager] is not eligible for getting processed by all BeanPostProcessors (for example: not eligible for auto-proxying)
2021-06-02 13:42:21.873 [main] INFO  o.s.c.s.PostProcessorRegistrationDelegate$BeanPostProcessorChecker Bean 'securityManager' of type [org.apache.shiro.web.mgt.DefaultWebSecurityManager] is not eligible for getting processed by all BeanPostProcessors (for example: not eligible for auto-proxying)
2021-06-02 13:42:21.902 [main] INFO  o.s.c.s.PostProcessorRegistrationDelegate$BeanPostProcessorChecker Bean 'authorizationAttributeSourceAdvisor' of type [org.apache.shiro.spring.security.interceptor.AuthorizationAttributeSourceAdvisor] is not eligible for getting processed by all BeanPostProcessors (for example: not eligible for auto-proxying)
2021-06-02 13:42:22.149 [main] INFO  o.s.c.s.PostProcessorRegistrationDelegate$BeanPostProcessorChecker Bean 'shiroFilterChainDefinition' of type [org.apache.shiro.spring.web.config.DefaultShiroFilterChainDefinition] is not eligible for getting processed by all BeanPostProcessors (for example: not eligible for auto-proxying)
2021-06-02 13:42:22.158 [main] INFO  o.s.c.s.PostProcessorRegistrationDelegate$BeanPostProcessorChecker Bean 'requestContextFilter' of type [org.springframework.boot.web.servlet.filter.OrderedRequestContextFilter] is not eligible for getting processed by all BeanPostProcessors (for example: not eligible for auto-proxying)
2021-06-02 13:42:22.177 [main] INFO  o.s.c.s.PostProcessorRegistrationDelegate$BeanPostProcessorChecker Bean 'org.springframework.boot.autoconfigure.web.servlet.WebMvcAutoConfiguration' of type [org.springframework.boot.autoconfigure.web.servlet.WebMvcAutoConfiguration] is not eligible for getting processed by all BeanPostProcessors (for example: not eligible for auto-proxying)
2021-06-02 13:42:22.187 [main] INFO  o.s.c.s.PostProcessorRegistrationDelegate$BeanPostProcessorChecker Bean 'formContentFilter' of type [org.springframework.boot.web.servlet.filter.OrderedFormContentFilter] is not eligible for getting processed by all BeanPostProcessors (for example: not eligible for auto-proxying)
2021-06-02 13:42:22.235 [main] INFO  o.s.c.s.PostProcessorRegistrationDelegate$BeanPostProcessorChecker Bean 'server-org.springframework.boot.autoconfigure.web.ServerProperties' of type [org.springframework.boot.autoconfigure.web.ServerProperties] is not eligible for getting processed by all BeanPostProcessors (for example: not eligible for auto-proxying)
2021-06-02 13:42:22.242 [main] INFO  o.s.c.s.PostProcessorRegistrationDelegate$BeanPostProcessorChecker Bean 'org.springframework.boot.autoconfigure.web.servlet.HttpEncodingAutoConfiguration' of type [org.springframework.boot.autoconfigure.web.servlet.HttpEncodingAutoConfiguration] is not eligible for getting processed by all BeanPostProcessors (for example: not eligible for auto-proxying)
2021-06-02 13:42:22.248 [main] INFO  o.s.c.s.PostProcessorRegistrationDelegate$BeanPostProcessorChecker Bean 'characterEncodingFilter' of type [org.springframework.boot.web.servlet.filter.OrderedCharacterEncodingFilter] is not eligible for getting processed by all BeanPostProcessors (for example: not eligible for auto-proxying)
2021-06-02 13:42:22.314 [main] INFO  o.s.c.s.PostProcessorRegistrationDelegate$BeanPostProcessorChecker Bean 'org.apache.shiro.spring.config.web.autoconfigure.ShiroWebFilterConfiguration' of type [org.apache.shiro.spring.config.web.autoconfigure.ShiroWebFilterConfiguration$$EnhancerBySpringCGLIB$$a71a19f5] is not eligible for getting processed by all BeanPostProcessors (for example: not eligible for auto-proxying)
2021-06-02 13:42:22.345 [main] INFO  o.s.c.s.PostProcessorRegistrationDelegate$BeanPostProcessorChecker Bean 'globalFilters' of type [java.util.Collections$SingletonList] is not eligible for getting processed by all BeanPostProcessors (for example: not eligible for auto-proxying)
2021-06-02 13:42:23.112 [main] INFO  o.s.boot.web.embedded.tomcat.TomcatWebServer Tomcat initialized with port(s): 8080 (http)
2021-06-02 13:42:23.151 [main] INFO  org.apache.coyote.http11.Http11NioProtocol Initializing ProtocolHandler ["http-nio-8080"]
2021-06-02 13:42:23.151 [main] INFO  org.apache.catalina.core.StandardService Starting service [Tomcat]
2021-06-02 13:42:23.152 [main] INFO  org.apache.catalina.core.StandardEngine Starting Servlet engine: [Apache Tomcat/9.0.43]
2021-06-02 13:42:23.461 [main] INFO  o.a.c.core.ContainerBase.[Tomcat].[localhost].[/] Initializing Spring embedded WebApplicationContext
2021-06-02 13:42:23.462 [main] INFO  o.s.b.w.s.c.ServletWebServerApplicationContext Root WebApplicationContext: initialization completed in 9359 ms
2021-06-02 13:42:24.621 [main] INFO  com.x.lfs.service.impl.WxPayService wxPayService init success
2021-06-02 13:42:26.601 [main] INFO  o.s.scheduling.concurrent.ThreadPoolTaskExecutor Initializing ExecutorService 'applicationTaskExecutor'
2021-06-02 13:42:27.488 [main] INFO  o.s.scheduling.concurrent.ThreadPoolTaskScheduler Initializing ExecutorService 'taskScheduler'
2021-06-02 13:42:27.645 [main] INFO  org.apache.coyote.http11.Http11NioProtocol Starting ProtocolHandler ["http-nio-8080"]
2021-06-02 13:42:27.696 [main] INFO  o.s.boot.web.embedded.tomcat.TomcatWebServer Tomcat started on port(s): 8080 (http) with context path ''
2021-06-02 13:42:27.864 [http-nio-8080-exec-1] INFO  o.a.c.core.ContainerBase.[Tomcat].[localhost].[/] Initializing Spring DispatcherServlet 'dispatcherServlet'
2021-06-02 13:42:27.865 [http-nio-8080-exec-1] INFO  org.springframework.web.servlet.DispatcherServlet Initializing Servlet 'dispatcherServlet'
2021-06-02 13:42:27.870 [http-nio-8080-exec-1] INFO  org.springframework.web.servlet.DispatcherServlet Completed initialization in 4 ms
2021-06-02 13:42:29.112 [main] INFO  com.x.lfs.Application Started Application in 16.446 seconds (JVM running for 17.622)
2021-06-02 13:53:15.569 [http-nio-8080-exec-1] INFO  com.x.lfs.config.mvc.LogRecordAspect 请求=====>GET /price
2021-06-02 13:53:15.571 [http-nio-8080-exec-1] INFO  com.x.lfs.config.mvc.LogRecordAspect 请求参数==>:myprice=256&ratio=0.05&distance=15&chratio=0.05
2021-06-02 13:53:15.596 [http-nio-8080-exec-1] INFO  com.x.lfs.config.mvc.LogRecordAspect 响应=====>:161.0
2021-06-02 13:53:15.597 [http-nio-8080-exec-1] INFO  com.x.lfs.config.mvc.LogRecordAspect 耗时=====>47
2021-06-02 13:54:18.416 [http-nio-8080-exec-3] INFO  com.x.lfs.config.mvc.LogRecordAspect 请求=====>GET /price
2021-06-02 13:54:18.417 [http-nio-8080-exec-3] INFO  com.x.lfs.config.mvc.LogRecordAspect 请求参数==>:myprice=251&ratio=0.05&distance=15&chratio=0.05
2021-06-02 13:54:18.418 [http-nio-8080-exec-3] INFO  com.x.lfs.config.mvc.LogRecordAspect 响应=====>:157.0
2021-06-02 13:54:18.419 [http-nio-8080-exec-3] INFO  com.x.lfs.config.mvc.LogRecordAspect 耗时=====>5
2021-06-02 13:54:32.343 [http-nio-8080-exec-6] INFO  com.x.lfs.config.mvc.LogRecordAspect 请求=====>GET /price
2021-06-02 13:54:32.345 [http-nio-8080-exec-6] INFO  com.x.lfs.config.mvc.LogRecordAspect 请求参数==>:myprice=240&ratio=0.05&distance=15&chratio=0.05
2021-06-02 13:54:32.346 [http-nio-8080-exec-6] INFO  com.x.lfs.config.mvc.LogRecordAspect 响应=====>:151.0
2021-06-02 13:54:32.347 [http-nio-8080-exec-6] INFO  com.x.lfs.config.mvc.LogRecordAspect 耗时=====>4
2021-06-02 13:55:40.648 [http-nio-8080-exec-8] INFO  com.x.lfs.config.mvc.LogRecordAspect 请求=====>GET /price
2021-06-02 13:55:40.649 [http-nio-8080-exec-8] INFO  com.x.lfs.config.mvc.LogRecordAspect 请求参数==>:myprice=240&ratio=0.05&distance=15&chratio=0.1
2021-06-02 13:55:40.651 [http-nio-8080-exec-8] INFO  com.x.lfs.config.mvc.LogRecordAspect 响应=====>:150.0
2021-06-02 13:55:40.651 [http-nio-8080-exec-8] INFO  com.x.lfs.config.mvc.LogRecordAspect 耗时=====>4
2021-06-02 13:55:50.284 [http-nio-8080-exec-4] INFO  com.x.lfs.config.mvc.LogRecordAspect 请求=====>GET /price
2021-06-02 13:55:50.286 [http-nio-8080-exec-4] INFO  com.x.lfs.config.mvc.LogRecordAspect 请求参数==>:myprice=260&ratio=0.05&distance=15&chratio=0.1
2021-06-02 13:55:50.288 [http-nio-8080-exec-4] INFO  com.x.lfs.config.mvc.LogRecordAspect 响应=====>:150.0
2021-06-02 13:55:50.289 [http-nio-8080-exec-4] INFO  com.x.lfs.config.mvc.LogRecordAspect 耗时=====>5
2021-06-02 13:58:22.160 [http-nio-8080-exec-9] INFO  com.x.lfs.config.mvc.LogRecordAspect 请求=====>GET /price
2021-06-02 13:58:22.162 [http-nio-8080-exec-9] INFO  com.x.lfs.config.mvc.LogRecordAspect 请求参数==>:myprice=251&ratio=0.05&distance=15&chratio=0.1
2021-06-02 13:58:22.163 [http-nio-8080-exec-9] INFO  com.x.lfs.config.mvc.LogRecordAspect 响应=====>:150.0
2021-06-02 13:58:22.164 [http-nio-8080-exec-9] INFO  com.x.lfs.config.mvc.LogRecordAspect 耗时=====>4
2021-06-02 13:59:23.257 [http-nio-8080-exec-1] INFO  com.x.lfs.config.mvc.LogRecordAspect 请求=====>GET /price
2021-06-02 13:59:23.259 [http-nio-8080-exec-1] INFO  com.x.lfs.config.mvc.LogRecordAspect 请求参数==>:myprice=256&ratio=0.05&distance=15&chratio=0.1
2021-06-02 13:59:23.261 [http-nio-8080-exec-1] INFO  com.x.lfs.config.mvc.LogRecordAspect 响应=====>:150.0
2021-06-02 13:59:23.261 [http-nio-8080-exec-1] INFO  com.x.lfs.config.mvc.LogRecordAspect 耗时=====>4
2021-06-02 13:59:57.096 [http-nio-8080-exec-2] INFO  com.x.lfs.config.mvc.LogRecordAspect 请求=====>GET /price
2021-06-02 13:59:57.097 [http-nio-8080-exec-2] INFO  com.x.lfs.config.mvc.LogRecordAspect 请求参数==>:myprice=256&ratio=0.05&distance=15&chratio=0.05
2021-06-02 13:59:57.098 [http-nio-8080-exec-2] INFO  com.x.lfs.config.mvc.LogRecordAspect 响应=====>:161.0
2021-06-02 13:59:57.099 [http-nio-8080-exec-2] INFO  com.x.lfs.config.mvc.LogRecordAspect 耗时=====>5
2021-06-02 14:00:11.177 [http-nio-8080-exec-3] INFO  com.x.lfs.config.mvc.LogRecordAspect 请求=====>GET /price
2021-06-02 14:00:11.178 [http-nio-8080-exec-3] INFO  com.x.lfs.config.mvc.LogRecordAspect 请求参数==>:myprice=256&ratio=0.03&distance=15&chratio=0.05
2021-06-02 14:00:11.180 [http-nio-8080-exec-3] INFO  com.x.lfs.config.mvc.LogRecordAspect 响应=====>:150.0
2021-06-02 14:00:11.180 [http-nio-8080-exec-3] INFO  com.x.lfs.config.mvc.LogRecordAspect 耗时=====>3
2021-06-02 14:01:04.243 [http-nio-8080-exec-6] INFO  com.x.lfs.config.mvc.LogRecordAspect 请求=====>GET /price
2021-06-02 14:01:04.244 [http-nio-8080-exec-6] INFO  com.x.lfs.config.mvc.LogRecordAspect 请求参数==>:myprice=256&ratio=0.03&distance=9&chratio=0.05
2021-06-02 14:01:04.245 [http-nio-8080-exec-6] INFO  com.x.lfs.config.mvc.LogRecordAspect 响应=====>:171.0
2021-06-02 14:01:04.246 [http-nio-8080-exec-6] INFO  com.x.lfs.config.mvc.LogRecordAspect 耗时=====>7
2021-06-02 14:01:54.908 [http-nio-8080-exec-5] INFO  com.x.lfs.config.mvc.LogRecordAspect 请求=====>GET /price
2021-06-02 14:01:54.910 [http-nio-8080-exec-5] INFO  com.x.lfs.config.mvc.LogRecordAspect 请求参数==>:myprice=251&ratio=0.03&distance=9&chratio=0.05
2021-06-02 14:01:54.911 [http-nio-8080-exec-5] INFO  com.x.lfs.config.mvc.LogRecordAspect 响应=====>:168.0
2021-06-02 14:01:54.912 [http-nio-8080-exec-5] INFO  com.x.lfs.config.mvc.LogRecordAspect 耗时=====>8
2021-06-02 14:03:41.457 [http-nio-8080-exec-4] INFO  com.x.lfs.config.mvc.LogRecordAspect 请求=====>GET /price
2021-06-02 14:03:41.459 [http-nio-8080-exec-4] INFO  com.x.lfs.config.mvc.LogRecordAspect 请求参数==>:myprice=251&ratio=0.05&distance=9&chratio=0.05
2021-06-02 14:03:41.460 [http-nio-8080-exec-4] INFO  com.x.lfs.config.mvc.LogRecordAspect 响应=====>:195.0
2021-06-02 14:03:41.460 [http-nio-8080-exec-4] INFO  com.x.lfs.config.mvc.LogRecordAspect 耗时=====>8
2021-06-02 14:04:02.507 [http-nio-8080-exec-7] INFO  com.x.lfs.config.mvc.LogRecordAspect 请求=====>GET /price
2021-06-02 14:04:02.508 [http-nio-8080-exec-7] INFO  com.x.lfs.config.mvc.LogRecordAspect 请求参数==>:myprice=251&ratio=0.03&distance=9&chratio=0.03
2021-06-02 14:04:02.510 [http-nio-8080-exec-7] INFO  com.x.lfs.config.mvc.LogRecordAspect 响应=====>:195.0
2021-06-02 14:04:02.510 [http-nio-8080-exec-7] INFO  com.x.lfs.config.mvc.LogRecordAspect 耗时=====>8
2021-06-02 14:04:15.232 [http-nio-8080-exec-9] INFO  com.x.lfs.config.mvc.LogRecordAspect 请求=====>GET /price
2021-06-02 14:04:15.234 [http-nio-8080-exec-9] INFO  com.x.lfs.config.mvc.LogRecordAspect 请求参数==>:myprice=251&ratio=0.03&distance=15&chratio=0.03
2021-06-02 14:04:15.235 [http-nio-8080-exec-9] INFO  com.x.lfs.config.mvc.LogRecordAspect 响应=====>:157.0
2021-06-02 14:04:15.235 [http-nio-8080-exec-9] INFO  com.x.lfs.config.mvc.LogRecordAspect 耗时=====>4
2021-06-02 14:04:37.132 [http-nio-8080-exec-10] INFO  com.x.lfs.config.mvc.LogRecordAspect 请求=====>GET /price
2021-06-02 14:04:37.133 [http-nio-8080-exec-10] INFO  com.x.lfs.config.mvc.LogRecordAspect 请求参数==>:myprice=251&ratio=0.03&distance=12&chratio=0.03
2021-06-02 14:04:37.133 [http-nio-8080-exec-10] INFO  com.x.lfs.config.mvc.LogRecordAspect 响应=====>:176.0
2021-06-02 14:04:37.133 [http-nio-8080-exec-10] INFO  com.x.lfs.config.mvc.LogRecordAspect 耗时=====>2
2021-06-02 14:04:53.896 [http-nio-8080-exec-1] INFO  com.x.lfs.config.mvc.LogRecordAspect 请求=====>GET /price
2021-06-02 14:04:53.897 [http-nio-8080-exec-1] INFO  com.x.lfs.config.mvc.LogRecordAspect 请求参数==>:myprice=256&ratio=0.03&distance=12&chratio=0.03
2021-06-02 14:04:53.898 [http-nio-8080-exec-1] INFO  com.x.lfs.config.mvc.LogRecordAspect 响应=====>:180.0
2021-06-02 14:04:53.898 [http-nio-8080-exec-1] INFO  com.x.lfs.config.mvc.LogRecordAspect 耗时=====>5
2021-06-02 14:05:47.819 [http-nio-8080-exec-2] INFO  com.x.lfs.config.mvc.LogRecordAspect 请求=====>GET /price
2021-06-02 14:05:47.821 [http-nio-8080-exec-2] INFO  com.x.lfs.config.mvc.LogRecordAspect 请求参数==>:myprice=239&ratio=0.03&distance=12&chratio=0.03
2021-06-02 14:05:47.822 [http-nio-8080-exec-2] INFO  com.x.lfs.config.mvc.LogRecordAspect 响应=====>:168.0
2021-06-02 14:05:47.822 [http-nio-8080-exec-2] INFO  com.x.lfs.config.mvc.LogRecordAspect 耗时=====>5
2021-06-02 14:12:21.181 [http-nio-8080-exec-6] INFO  com.x.lfs.config.mvc.LogRecordAspect 请求=====>GET /price
2021-06-02 14:12:21.182 [http-nio-8080-exec-6] INFO  com.x.lfs.config.mvc.LogRecordAspect 请求参数==>:myprice=220&ratio=0.03&distance=12&chratio=0.03
2021-06-02 14:12:21.183 [http-nio-8080-exec-6] INFO  com.x.lfs.config.mvc.LogRecordAspect 响应=====>:155.0
2021-06-02 14:12:21.183 [http-nio-8080-exec-6] INFO  com.x.lfs.config.mvc.LogRecordAspect 耗时=====>3
2021-06-02 14:12:40.589 [http-nio-8080-exec-5] INFO  com.x.lfs.config.mvc.LogRecordAspect 请求=====>GET /price
2021-06-02 14:12:40.590 [http-nio-8080-exec-5] INFO  com.x.lfs.config.mvc.LogRecordAspect 请求参数==>:myprice=220&ratio=0.05&distance=12&chratio=0.05
2021-06-02 14:12:40.591 [http-nio-8080-exec-5] INFO  com.x.lfs.config.mvc.LogRecordAspect 响应=====>:155.0
2021-06-02 14:12:40.592 [http-nio-8080-exec-5] INFO  com.x.lfs.config.mvc.LogRecordAspect 耗时=====>3
2021-06-02 14:12:53.748 [http-nio-8080-exec-8] INFO  com.x.lfs.config.mvc.LogRecordAspect 请求=====>GET /price
2021-06-02 14:12:53.749 [http-nio-8080-exec-8] INFO  com.x.lfs.config.mvc.LogRecordAspect 请求参数==>:myprice=220&ratio=0.03&distance=12&chratio=0.03
2021-06-02 14:12:53.750 [http-nio-8080-exec-8] INFO  com.x.lfs.config.mvc.LogRecordAspect 响应=====>:155.0
2021-06-02 14:12:53.750 [http-nio-8080-exec-8] INFO  com.x.lfs.config.mvc.LogRecordAspect 耗时=====>3
2021-06-02 14:12:57.419 [http-nio-8080-exec-4] INFO  com.x.lfs.config.mvc.LogRecordAspect 请求=====>GET /price
2021-06-02 14:12:57.420 [http-nio-8080-exec-4] INFO  com.x.lfs.config.mvc.LogRecordAspect 请求参数==>:myprice=220&ratio=0.03&distance=9&chratio=0.03
2021-06-02 14:12:57.421 [http-nio-8080-exec-4] INFO  com.x.lfs.config.mvc.LogRecordAspect 响应=====>:171.0
2021-06-02 14:12:57.422 [http-nio-8080-exec-4] INFO  com.x.lfs.config.mvc.LogRecordAspect 耗时=====>5
2021-06-02 14:14:30.787 [http-nio-8080-exec-9] INFO  com.x.lfs.config.mvc.LogRecordAspect 请求=====>GET /price
2021-06-02 14:14:30.788 [http-nio-8080-exec-9] INFO  com.x.lfs.config.mvc.LogRecordAspect 请求参数==>:myprice=220&ratio=0.03&distance=12&chratio=0.03
2021-06-02 14:14:30.789 [http-nio-8080-exec-9] INFO  com.x.lfs.config.mvc.LogRecordAspect 响应=====>:155.0
2021-06-02 14:14:30.790 [http-nio-8080-exec-9] INFO  com.x.lfs.config.mvc.LogRecordAspect 耗时=====>4
2021-06-02 14:14:38.928 [http-nio-8080-exec-10] INFO  com.x.lfs.config.mvc.LogRecordAspect 请求=====>GET /price
2021-06-02 14:14:38.929 [http-nio-8080-exec-10] INFO  com.x.lfs.config.mvc.LogRecordAspect 请求参数==>:myprice=220&ratio=0.03&distance=15&chratio=0.03
2021-06-02 14:14:38.930 [http-nio-8080-exec-10] INFO  com.x.lfs.config.mvc.LogRecordAspect 响应=====>:150.0
2021-06-02 14:14:38.930 [http-nio-8080-exec-10] INFO  com.x.lfs.config.mvc.LogRecordAspect 耗时=====>2
2021-06-02 14:14:47.743 [http-nio-8080-exec-1] INFO  com.x.lfs.config.mvc.LogRecordAspect 请求=====>GET /price
2021-06-02 14:14:47.744 [http-nio-8080-exec-1] INFO  com.x.lfs.config.mvc.LogRecordAspect 请求参数==>:myprice=250&ratio=0.03&distance=15&chratio=0.03
2021-06-02 14:14:47.745 [http-nio-8080-exec-1] INFO  com.x.lfs.config.mvc.LogRecordAspect 响应=====>:157.0
2021-06-02 14:14:47.746 [http-nio-8080-exec-1] INFO  com.x.lfs.config.mvc.LogRecordAspect 耗时=====>4
2021-06-02 14:15:17.299 [http-nio-8080-exec-2] INFO  com.x.lfs.config.mvc.LogRecordAspect 请求=====>GET /price
2021-06-02 14:15:17.300 [http-nio-8080-exec-2] INFO  com.x.lfs.config.mvc.LogRecordAspect 请求参数==>:myprice=240&ratio=0.03&distance=15&chratio=0.03
2021-06-02 14:15:17.301 [http-nio-8080-exec-2] INFO  com.x.lfs.config.mvc.LogRecordAspect 响应=====>:151.0
2021-06-02 14:15:17.302 [http-nio-8080-exec-2] INFO  com.x.lfs.config.mvc.LogRecordAspect 耗时=====>3
2021-06-02 14:15:22.293 [http-nio-8080-exec-3] INFO  com.x.lfs.config.mvc.LogRecordAspect 请求=====>GET /price
2021-06-02 14:15:22.294 [http-nio-8080-exec-3] INFO  com.x.lfs.config.mvc.LogRecordAspect 请求参数==>:myprice=240&ratio=0.03&distance=12&chratio=0.03
2021-06-02 14:15:22.295 [http-nio-8080-exec-3] INFO  com.x.lfs.config.mvc.LogRecordAspect 响应=====>:169.0
2021-06-02 14:15:22.295 [http-nio-8080-exec-3] INFO  com.x.lfs.config.mvc.LogRecordAspect 耗时=====>4
2021-06-02 14:16:18.315 [http-nio-8080-exec-6] INFO  com.x.lfs.config.mvc.LogRecordAspect 请求=====>GET /price
2021-06-02 14:16:18.317 [http-nio-8080-exec-6] INFO  com.x.lfs.config.mvc.LogRecordAspect 请求参数==>:myprice=240&ratio=0.03&distance=15&chratio=0.03
2021-06-02 14:16:18.317 [http-nio-8080-exec-6] INFO  com.x.lfs.config.mvc.LogRecordAspect 响应=====>:151.0
2021-06-02 14:16:18.318 [http-nio-8080-exec-6] INFO  com.x.lfs.config.mvc.LogRecordAspect 耗时=====>3
2021-06-02 14:17:07.264 [http-nio-8080-exec-5] INFO  com.x.lfs.config.mvc.LogRecordAspect 请求=====>GET /price
2021-06-02 14:17:07.266 [http-nio-8080-exec-5] INFO  com.x.lfs.config.mvc.LogRecordAspect 请求参数==>:myprice=249&ratio=0.03&distance=15&chratio=0.03
2021-06-02 14:17:07.267 [http-nio-8080-exec-5] INFO  com.x.lfs.config.mvc.LogRecordAspect 响应=====>:156.0
2021-06-02 14:17:07.268 [http-nio-8080-exec-5] INFO  com.x.lfs.config.mvc.LogRecordAspect 耗时=====>4
2021-06-02 14:17:29.384 [http-nio-8080-exec-8] INFO  com.x.lfs.config.mvc.LogRecordAspect 请求=====>GET /price
2021-06-02 14:17:29.386 [http-nio-8080-exec-8] INFO  com.x.lfs.config.mvc.LogRecordAspect 请求参数==>:myprice=249&ratio=0.03&distance=12&chratio=0.03
2021-06-02 14:17:29.386 [http-nio-8080-exec-8] INFO  com.x.lfs.config.mvc.LogRecordAspect 响应=====>:175.0
2021-06-02 14:17:29.386 [http-nio-8080-exec-8] INFO  com.x.lfs.config.mvc.LogRecordAspect 耗时=====>4
2021-06-02 14:17:38.795 [http-nio-8080-exec-4] INFO  com.x.lfs.config.mvc.LogRecordAspect 请求=====>GET /price
2021-06-02 14:17:38.796 [http-nio-8080-exec-4] INFO  com.x.lfs.config.mvc.LogRecordAspect 请求参数==>:myprice=249&ratio=0.03&distance=12&chratio=0.05
2021-06-02 14:17:38.797 [http-nio-8080-exec-4] INFO  com.x.lfs.config.mvc.LogRecordAspect 响应=====>:150.0
2021-06-02 14:17:38.798 [http-nio-8080-exec-4] INFO  com.x.lfs.config.mvc.LogRecordAspect 耗时=====>4
2021-06-02 16:22:34.416 [http-nio-8080-exec-9] INFO  com.x.lfs.config.mvc.LogRecordAspect 请求=====>GET /price
2021-06-02 16:22:34.419 [http-nio-8080-exec-9] INFO  com.x.lfs.config.mvc.LogRecordAspect 请求参数==>:myprice=210&ratio=0.03&distance=12&chratio=0.03
2021-06-02 16:22:34.420 [http-nio-8080-exec-9] INFO  com.x.lfs.config.mvc.LogRecordAspect 响应=====>:150.0
2021-06-02 16:22:34.421 [http-nio-8080-exec-9] INFO  com.x.lfs.config.mvc.LogRecordAspect 耗时=====>4
2021-06-02 16:22:41.038 [http-nio-8080-exec-10] INFO  com.x.lfs.config.mvc.LogRecordAspect 请求=====>GET /price
2021-06-02 16:22:41.039 [http-nio-8080-exec-10] INFO  com.x.lfs.config.mvc.LogRecordAspect 请求参数==>:myprice=210&ratio=0.03&distance=9&chratio=0.03
2021-06-02 16:22:41.039 [http-nio-8080-exec-10] INFO  com.x.lfs.config.mvc.LogRecordAspect 响应=====>:163.0
2021-06-02 16:22:41.039 [http-nio-8080-exec-10] INFO  com.x.lfs.config.mvc.LogRecordAspect 耗时=====>1
2021-06-02 16:22:46.520 [http-nio-8080-exec-1] INFO  com.x.lfs.config.mvc.LogRecordAspect 请求=====>GET /price
2021-06-02 16:22:46.520 [http-nio-8080-exec-1] INFO  com.x.lfs.config.mvc.LogRecordAspect 请求参数==>:myprice=200&ratio=0.03&distance=9&chratio=0.03
2021-06-02 16:22:46.520 [http-nio-8080-exec-1] INFO  com.x.lfs.config.mvc.LogRecordAspect 响应=====>:156.0
2021-06-02 16:22:46.520 [http-nio-8080-exec-1] INFO  com.x.lfs.config.mvc.LogRecordAspect 耗时=====>0
2021-06-02 16:23:01.621 [http-nio-8080-exec-2] INFO  com.x.lfs.config.mvc.LogRecordAspect 请求=====>GET /price
2021-06-02 16:23:01.622 [http-nio-8080-exec-2] INFO  com.x.lfs.config.mvc.LogRecordAspect 请求参数==>:myprice=190&ratio=0.03&distance=9&chratio=0.03
2021-06-02 16:23:01.622 [http-nio-8080-exec-2] INFO  com.x.lfs.config.mvc.LogRecordAspect 响应=====>:150.0
2021-06-02 16:23:01.622 [http-nio-8080-exec-2] INFO  com.x.lfs.config.mvc.LogRecordAspect 耗时=====>1
2021-06-02 16:23:07.579 [http-nio-8080-exec-3] INFO  com.x.lfs.config.mvc.LogRecordAspect 请求=====>GET /price
2021-06-02 16:23:07.579 [http-nio-8080-exec-3] INFO  com.x.lfs.config.mvc.LogRecordAspect 请求参数==>:myprice=195&ratio=0.03&distance=9&chratio=0.03
2021-06-02 16:23:07.579 [http-nio-8080-exec-3] INFO  com.x.lfs.config.mvc.LogRecordAspect 响应=====>:152.0
2021-06-02 16:23:07.579 [http-nio-8080-exec-3] INFO  com.x.lfs.config.mvc.LogRecordAspect 耗时=====>1
2021-06-02 16:23:14.140 [http-nio-8080-exec-6] INFO  com.x.lfs.config.mvc.LogRecordAspect 请求=====>GET /price
2021-06-02 16:23:14.141 [http-nio-8080-exec-6] INFO  com.x.lfs.config.mvc.LogRecordAspect 请求参数==>:myprice=193&ratio=0.03&distance=9&chratio=0.03
2021-06-02 16:23:14.141 [http-nio-8080-exec-6] INFO  com.x.lfs.config.mvc.LogRecordAspect 响应=====>:150.0
2021-06-02 16:23:14.141 [http-nio-8080-exec-6] INFO  com.x.lfs.config.mvc.LogRecordAspect 耗时=====>1
2021-06-02 16:23:19.763 [http-nio-8080-exec-5] INFO  com.x.lfs.config.mvc.LogRecordAspect 请求=====>GET /price
2021-06-02 16:23:19.763 [http-nio-8080-exec-5] INFO  com.x.lfs.config.mvc.LogRecordAspect 请求参数==>:myprice=194&ratio=0.03&distance=9&chratio=0.03
2021-06-02 16:23:19.763 [http-nio-8080-exec-5] INFO  com.x.lfs.config.mvc.LogRecordAspect 响应=====>:151.0
2021-06-02 16:23:19.763 [http-nio-8080-exec-5] INFO  com.x.lfs.config.mvc.LogRecordAspect 耗时=====>0
2021-06-02 16:23:24.733 [http-nio-8080-exec-8] INFO  com.x.lfs.config.mvc.LogRecordAspect 请求=====>GET /price
2021-06-02 16:23:24.734 [http-nio-8080-exec-8] INFO  com.x.lfs.config.mvc.LogRecordAspect 请求参数==>:myprice=193&ratio=0.03&distance=9&chratio=0.03
2021-06-02 16:23:24.734 [http-nio-8080-exec-8] INFO  com.x.lfs.config.mvc.LogRecordAspect 响应=====>:150.0
2021-06-02 16:23:24.734 [http-nio-8080-exec-8] INFO  com.x.lfs.config.mvc.LogRecordAspect 耗时=====>1
2021-06-02 16:23:32.607 [http-nio-8080-exec-4] INFO  com.x.lfs.config.mvc.LogRecordAspect 请求=====>GET /price
2021-06-02 16:23:32.607 [http-nio-8080-exec-4] INFO  com.x.lfs.config.mvc.LogRecordAspect 请求参数==>:myprice=193&ratio=0.02&distance=9&chratio=0.03
2021-06-02 16:23:32.608 [http-nio-8080-exec-4] INFO  com.x.lfs.config.mvc.LogRecordAspect 响应=====>:150.0
2021-06-02 16:23:32.608 [http-nio-8080-exec-4] INFO  com.x.lfs.config.mvc.LogRecordAspect 耗时=====>1
2021-06-02 16:23:36.246 [http-nio-8080-exec-7] INFO  com.x.lfs.config.mvc.LogRecordAspect 请求=====>GET /price
2021-06-02 16:23:36.246 [http-nio-8080-exec-7] INFO  com.x.lfs.config.mvc.LogRecordAspect 请求参数==>:myprice=193&ratio=0.02&distance=9&chratio=0.02
2021-06-02 16:23:36.246 [http-nio-8080-exec-7] INFO  com.x.lfs.config.mvc.LogRecordAspect 响应=====>:150.0
2021-06-02 16:23:36.246 [http-nio-8080-exec-7] INFO  com.x.lfs.config.mvc.LogRecordAspect 耗时=====>0
2021-06-02 16:42:52.849 [http-nio-8080-exec-10] INFO  com.x.lfs.config.mvc.LogRecordAspect 请求=====>GET /price
2021-06-02 16:42:52.849 [http-nio-8080-exec-10] INFO  com.x.lfs.config.mvc.LogRecordAspect 请求参数==>:myprice=193&ratio=0.03&distance=15&chratio=0.03
2021-06-02 16:42:52.850 [http-nio-8080-exec-10] INFO  com.x.lfs.config.mvc.LogRecordAspect 响应=====>:150.0
2021-06-02 16:42:52.850 [http-nio-8080-exec-10] INFO  com.x.lfs.config.mvc.LogRecordAspect 耗时=====>1
2021-06-02 16:43:01.750 [http-nio-8080-exec-1] INFO  com.x.lfs.config.mvc.LogRecordAspect 请求=====>GET /price
2021-06-02 16:43:01.750 [http-nio-8080-exec-1] INFO  com.x.lfs.config.mvc.LogRecordAspect 请求参数==>:myprice=210&ratio=0.03&distance=15&chratio=0.03
2021-06-02 16:43:01.751 [http-nio-8080-exec-1] INFO  com.x.lfs.config.mvc.LogRecordAspect 响应=====>:150.0
2021-06-02 16:43:01.751 [http-nio-8080-exec-1] INFO  com.x.lfs.config.mvc.LogRecordAspect 耗时=====>1
2021-06-02 16:43:09.177 [http-nio-8080-exec-2] INFO  com.x.lfs.config.mvc.LogRecordAspect 请求=====>GET /price
2021-06-02 16:43:09.178 [http-nio-8080-exec-2] INFO  com.x.lfs.config.mvc.LogRecordAspect 请求参数==>:myprice=220&ratio=0.03&distance=15&chratio=0.03
2021-06-02 16:43:09.178 [http-nio-8080-exec-2] INFO  com.x.lfs.config.mvc.LogRecordAspect 响应=====>:150.0
2021-06-02 16:43:09.178 [http-nio-8080-exec-2] INFO  com.x.lfs.config.mvc.LogRecordAspect 耗时=====>1
2021-06-02 16:43:17.663 [http-nio-8080-exec-3] INFO  com.x.lfs.config.mvc.LogRecordAspect 请求=====>GET /price
2021-06-02 16:43:17.664 [http-nio-8080-exec-3] INFO  com.x.lfs.config.mvc.LogRecordAspect 请求参数==>:myprice=220&ratio=0.03&distance=9&chratio=0.03
2021-06-02 16:43:17.664 [http-nio-8080-exec-3] INFO  com.x.lfs.config.mvc.LogRecordAspect 响应=====>:171.0
2021-06-02 16:43:17.664 [http-nio-8080-exec-3] INFO  com.x.lfs.config.mvc.LogRecordAspect 耗时=====>1
2021-06-02 16:43:24.239 [http-nio-8080-exec-6] INFO  com.x.lfs.config.mvc.LogRecordAspect 请求=====>GET /price
2021-06-02 16:43:24.239 [http-nio-8080-exec-6] INFO  com.x.lfs.config.mvc.LogRecordAspect 请求参数==>:myprice=210&ratio=0.03&distance=9&chratio=0.03
2021-06-02 16:43:24.240 [http-nio-8080-exec-6] INFO  com.x.lfs.config.mvc.LogRecordAspect 响应=====>:163.0
2021-06-02 16:43:24.240 [http-nio-8080-exec-6] INFO  com.x.lfs.config.mvc.LogRecordAspect 耗时=====>2
2021-06-02 21:12:50.983 [http-nio-8080-exec-10] INFO  com.x.lfs.config.mvc.LogRecordAspect 请求=====>GET /price
2021-06-02 21:12:50.984 [http-nio-8080-exec-10] INFO  com.x.lfs.config.mvc.LogRecordAspect 请求参数==>:myprice=200&ratio=0.03&distance=9&chratio=0.03
2021-06-02 21:12:50.985 [http-nio-8080-exec-10] INFO  com.x.lfs.config.mvc.LogRecordAspect 响应=====>:156.0
2021-06-02 21:12:50.985 [http-nio-8080-exec-10] INFO  com.x.lfs.config.mvc.LogRecordAspect 耗时=====>3
2021-06-02 21:13:51.153 [http-nio-8080-exec-2] INFO  com.x.lfs.config.mvc.LogRecordAspect 请求=====>GET /price
2021-06-02 21:13:51.154 [http-nio-8080-exec-2] INFO  com.x.lfs.config.mvc.LogRecordAspect 请求参数==>:myprice=200&ratio=0.03&distance=9&chratio=0.03
2021-06-02 21:13:51.154 [http-nio-8080-exec-2] INFO  com.x.lfs.config.mvc.LogRecordAspect 响应=====>:156.0
2021-06-02 21:13:51.154 [http-nio-8080-exec-2] INFO  com.x.lfs.config.mvc.LogRecordAspect 耗时=====>1
2021-06-02 23:55:17.020 [http-nio-8080-exec-6] INFO  com.x.lfs.config.mvc.LogRecordAspect 请求=====>GET /admin
2021-06-02 23:55:17.020 [http-nio-8080-exec-6] INFO  com.x.lfs.config.mvc.LogRecordAspect 请求参数==>:null
2021-06-02 23:55:17.021 [http-nio-8080-exec-6] INFO  com.x.lfs.config.mvc.LogRecordAspect 异常====>还未登陆
2021-06-02 23:55:17.021 [http-nio-8080-exec-6] INFO  com.x.lfs.config.mvc.LogRecordAspect 耗时=====>40
2021-06-02 23:55:22.309 [http-nio-8080-exec-5] WARN  org.apache.catalina.util.SessionIdGeneratorBase Creation of SecureRandom instance for session ID generation using [SHA1PRNG] took [851] milliseconds.
2021-06-02 23:55:22.487 [http-nio-8080-exec-5] INFO  org.mongodb.driver.connection Opened connection [connectionId{localValue:3, serverValue:3}] to 127.0.0.1:13001
2021-06-02 23:55:22.620 [http-nio-8080-exec-5] INFO  com.x.lfs.config.mvc.LogRecordAspect 请求=====>POST /admin/session
2021-06-02 23:55:22.621 [http-nio-8080-exec-5] INFO  com.x.lfs.config.mvc.LogRecordAspect 请求参数==>:{"password":"7dd75c55c0f3a84969cacc5fcdbbd980","phone":"13880605659"}
2021-06-02 23:55:22.633 [http-nio-8080-exec-5] INFO  com.x.lfs.config.mvc.LogRecordAspect 响应=====>:{"id":"60827d0fd33c901297c895e5","name":"老徐","password":"7dd75c55c0f3a84969cacc5fcdbbd980","phone":"13880605659","roles":[{"id":"60827d051bd0cb10049a7480","name":"admin","permissions":[]}],"state":1}
2021-06-02 23:55:22.634 [http-nio-8080-exec-5] INFO  com.x.lfs.config.mvc.LogRecordAspect 耗时=====>1198
2021-06-02 23:55:22.653 [http-nio-8080-exec-8] INFO  com.x.lfs.config.mvc.LogRecordAspect 请求=====>GET /admin
2021-06-02 23:55:22.653 [http-nio-8080-exec-8] INFO  com.x.lfs.config.mvc.LogRecordAspect 请求参数==>:null
2021-06-02 23:55:22.653 [http-nio-8080-exec-8] INFO  com.x.lfs.config.mvc.LogRecordAspect 响应=====>:{"id":"60827d0fd33c901297c895e5","name":"老徐","password":"7dd75c55c0f3a84969cacc5fcdbbd980","phone":"13880605659","roles":[{"id":"60827d051bd0cb10049a7480","name":"admin","permissions":[]}],"state":1}
2021-06-02 23:55:22.653 [http-nio-8080-exec-8] INFO  com.x.lfs.config.mvc.LogRecordAspect 耗时=====>0
2021-06-02 23:55:25.679 [http-nio-8080-exec-4] INFO  com.x.lfs.config.mvc.LogRecordAspect 请求=====>GET /grouptour
2021-06-02 23:55:25.680 [http-nio-8080-exec-4] INFO  com.x.lfs.config.mvc.LogRecordAspect 请求参数==>:current=1&pageSize=20
2021-06-02 23:55:25.708 [http-nio-8080-exec-4] INFO  com.x.lfs.config.mvc.LogRecordAspect 响应=====>:{"data":[{"id":"5fd9b5ac1adc380258c2d16a","imageUrls":["http://b1-q.mafengwo.net/s17/M00/16/E3/CoUBXl-GVM2AC1GxAANlur2bmuE64.jpeg?imageMogr2%2Fthumbnail%2F%21440x260r%2Fgravity%2FCenter%2Fcrop%2F%21440x260%2Fquality%2F100","http://b1-q.mafengwo.net/s12/M00/3D/36/wKgED1vuQCSAUxxGAA8Olv_YUTQ674.png?imageMogr2%2Fthumbnail%2F%21440x260r%2Fgravity%2FCenter%2Fcrop%2F%21440x260%2Fquality%2F100","http://p1-q.mafengwo.net/s12/M00/94/77/wKgED1v7oHmABJOSAALG5thmt_w03.jpeg?imageMogr2%2Fthumbnail%2F%21440x260r%2Fgravity%2FCenter%2Fcrop%2F%21440x260%2Fquality%2F100"],"maxPrice":0,"minPrice":0,"tags":["买一送一","强消赔2000","儿童免团费","五星温泉SPA"],"title":"【年终特卖 无一人差评】云南昆明大理丽江6日游（国际五星级酒店+强一赔百+送西双版纳4日+洱海吉普车旅拍+玉龙雪山大索道+名族美食+游船）"},{"id":"6007c226a374a85f1ce351c7","imageUrls":["http://b1-q.mafengwo.net/s17/M00/16/E3/CoUBXl-GVM2AC1GxAANlur2bmuE64.jpeg?imageMogr2%2Fthumbnail%2F%21440x260r%2Fgravity%2FCenter%2Fcrop%2F%21440x260%2Fquality%2F100","http://b1-q.mafengwo.net/s12/M00/3D/36/wKgED1vuQCSAUxxGAA8Olv_YUTQ674.png?imageMogr2%2Fthumbnail%2F%21440x260r%2Fgravity%2FCenter%2Fcrop%2F%21440x260%2Fquality%2F100","http://p1-q.mafengwo.net/s12/M00/94/77/wKgED1v7oHmABJOSAALG5thmt_w03.jpeg?imageMogr2%2Fthumbnail%2F%21440x260r%2Fgravity%2FCenter%2Fcrop%2F%21440x260%2Fquality%2F100"],"maxPrice":0,"minPrice":0,"tags":["买一送一","强消赔2000","儿童免团费","五星温泉SPA"],"title":"【年终特卖 无一人差评】云南昆明大理丽江6日游（国际五星级酒店+强一赔百+送西双版纳4日+洱海吉普车旅拍+玉龙雪山大索道+名族美食+游船）"},{"id":"6007c22ca374a85f1ce351c9","imageUrls":["http://b1-q.mafengwo.net/s17/M00/16/E3/CoUBXl-GVM2AC1GxAANlur2bmuE64.jpeg?imageMogr2%2Fthumbnail%2F%21440x260r%2Fgravity%2FCenter%2Fcrop%2F%21440x260%2Fquality%2F100","http://b1-q.mafengwo.net/s12/M00/3D/36/wKgED1vuQCSAUxxGAA8Olv_YUTQ674.png?imageMogr2%2Fthumbnail%2F%21440x260r%2Fgravity%2FCenter%2Fcrop%2F%21440x260%2Fquality%2F100","http://p1-q.mafengwo.net/s12/M00/94/77/wKgED1v7oHmABJOSAALG5thmt_w03.jpeg?imageMogr2%2Fthumbnail%2F%21440x260r%2Fgravity%2FCenter%2Fcrop%2F%21440x260%2Fquality%2F100"],"maxPrice":0,"minPrice":0,"tags":["买一送一","强消赔2000","儿童免团费","五星温泉SPA"],"title":"【年终特卖 无一人差评】云南昆明大理丽江6日游（国际五星级酒店+强一赔百+送西双版纳4日+洱海吉普车旅拍+玉龙雪山大索道+名族美食+游船）"},{"id":"6007c22ca374a85f1ce351cb","imageUrls":["http://b1-q.mafengwo.net/s17/M00/16/E3/CoUBXl-GVM2AC1GxAANlur2bmuE64.jpeg?imageMogr2%2Fthumbnail%2F%21440x260r%2Fgravity%2FCenter%2Fcrop%2F%21440x260%2Fquality%2F100","http://b1-q.mafengwo.net/s12/M00/3D/36/wKgED1vuQCSAUxxGAA8Olv_YUTQ674.png?imageMogr2%2Fthumbnail%2F%21440x260r%2Fgravity%2FCenter%2Fcrop%2F%21440x260%2Fquality%2F100","http://p1-q.mafengwo.net/s12/M00/94/77/wKgED1v7oHmABJOSAALG5thmt_w03.jpeg?imageMogr2%2Fthumbnail%2F%21440x260r%2Fgravity%2FCenter%2Fcrop%2F%21440x260%2Fquality%2F100"],"maxPrice":0,"minPrice":0,"tags":["买一送一","强消赔2000","儿童免团费","五星温泉SPA"],"title":"【年终特卖 无一人差评】云南昆明大理丽江6日游（国际五星级酒店+强一赔百+送西双版纳4日+洱海吉普车旅拍+玉龙雪山大索道+名族美食+游船）"},{"id":"6007c22da374a85f1ce351cd","imageUrls":["http://b1-q.mafengwo.net/s17/M00/16/E3/CoUBXl-GVM2AC1GxAANlur2bmuE64.jpeg?imageMogr2%2Fthumbnail%2F%21440x260r%2Fgravity%2FCenter%2Fcrop%2F%21440x260%2Fquality%2F100","http://b1-q.mafengwo.net/s12/M00/3D/36/wKgED1vuQCSAUxxGAA8Olv_YUTQ674.png?imageMogr2%2Fthumbnail%2F%21440x260r%2Fgravity%2FCenter%2Fcrop%2F%21440x260%2Fquality%2F100","http://p1-q.mafengwo.net/s12/M00/94/77/wKgED1v7oHmABJOSAALG5thmt_w03.jpeg?imageMogr2%2Fthumbnail%2F%21440x260r%2Fgravity%2FCenter%2Fcrop%2F%21440x260%2Fquality%2F100"],"maxPrice":0,"minPrice":0,"tags":["买一送一","强消赔2000","儿童免团费","五星温泉SPA"],"title":"【年终特卖 无一人差评】云南昆明大理丽江6日游（国际五星级酒店+强一赔百+送西双版纳4日+洱海吉普车旅拍+玉龙雪山大索道+名族美食+游船）"},{"id":"6007c22da374a85f1ce351cf","imageUrls":["http://b1-q.mafengwo.net/s17/M00/16/E3/CoUBXl-GVM2AC1GxAANlur2bmuE64.jpeg?imageMogr2%2Fthumbnail%2F%21440x260r%2Fgravity%2FCenter%2Fcrop%2F%21440x260%2Fquality%2F100","http://b1-q.mafengwo.net/s12/M00/3D/36/wKgED1vuQCSAUxxGAA8Olv_YUTQ674.png?imageMogr2%2Fthumbnail%2F%21440x260r%2Fgravity%2FCenter%2Fcrop%2F%21440x260%2Fquality%2F100","http://p1-q.mafengwo.net/s12/M00/94/77/wKgED1v7oHmABJOSAALG5thmt_w03.jpeg?imageMogr2%2Fthumbnail%2F%21440x260r%2Fgravity%2FCenter%2Fcrop%2F%21440x260%2Fquality%2F100"],"maxPrice":0,"minPrice":0,"tags":["买一送一","强消赔2000","儿童免团费","五星温泉SPA"],"title":"【年终特卖 无一人差评】云南昆明大理丽江6日游（国际五星级酒店+强一赔百+送西双版纳4日+洱海吉普车旅拍+玉龙雪山大索道+名族美食+游船）"},{"id":"6007c22da374a85f1ce351d1","imageUrls":["http://b1-q.mafengwo.net/s17/M00/16/E3/CoUBXl-GVM2AC1GxAANlur2bmuE64.jpeg?imageMogr2%2Fthumbnail%2F%21440x260r%2Fgravity%2FCenter%2Fcrop%2F%21440x260%2Fquality%2F100","http://b1-q.mafengwo.net/s12/M00/3D/36/wKgED1vuQCSAUxxGAA8Olv_YUTQ674.png?imageMogr2%2Fthumbnail%2F%21440x260r%2Fgravity%2FCenter%2Fcrop%2F%21440x260%2Fquality%2F100","http://p1-q.mafengwo.net/s12/M00/94/77/wKgED1v7oHmABJOSAALG5thmt_w03.jpeg?imageMogr2%2Fthumbnail%2F%21440x260r%2Fgravity%2FCenter%2Fcrop%2F%21440x260%2Fquality%2F100"],"maxPrice":0,"minPrice":0,"tags":["买一送一","强消赔2000","儿童免团费","五星温泉SPA"],"title":"【年终特卖 无一人差评】云南昆明大理丽江6日游（国际五星级酒店+强一赔百+送西双版纳4日+洱海吉普车旅拍+玉龙雪山大索道+名族美食+游船）"},{"id":"6007c22da374a85f1ce351d3","imageUrls":["http://b1-q.mafengwo.net/s17/M00/16/E3/CoUBXl-GVM2AC1GxAANlur2bmuE64.jpeg?imageMogr2%2Fthumbnail%2F%21440x260r%2Fgravity%2FCenter%2Fcrop%2F%21440x260%2Fquality%2F100","http://b1-q.mafengwo.net/s12/M00/3D/36/wKgED1vuQCSAUxxGAA8Olv_YUTQ674.png?imageMogr2%2Fthumbnail%2F%21440x260r%2Fgravity%2FCenter%2Fcrop%2F%21440x260%2Fquality%2F100","http://p1-q.mafengwo.net/s12/M00/94/77/wKgED1v7oHmABJOSAALG5thmt_w03.jpeg?imageMogr2%2Fthumbnail%2F%21440x260r%2Fgravity%2FCenter%2Fcrop%2F%21440x260%2Fquality%2F100"],"maxPrice":0,"minPrice":0,"tags":["买一送一","强消赔2000","儿童免团费","五星温泉SPA"],"title":"【年终特卖 无一人差评】云南昆明大理丽江6日游（国际五星级酒店+强一赔百+送西双版纳4日+洱海吉普车旅拍+玉龙雪山大索道+名族美食+游船）"},{"id":"6007c22da374a85f1ce351d5","imageUrls":["http://b1-q.mafengwo.net/s17/M00/16/E3/CoUBXl-GVM2AC1GxAANlur2bmuE64.jpeg?imageMogr2%2Fthumbnail%2F%21440x260r%2Fgravity%2FCenter%2Fcrop%2F%21440x260%2Fquality%2F100","http://b1-q.mafengwo.net/s12/M00/3D/36/wKgED1vuQCSAUxxGAA8Olv_YUTQ674.png?imageMogr2%2Fthumbnail%2F%21440x260r%2Fgravity%2FCenter%2Fcrop%2F%21440x260%2Fquality%2F100","http://p1-q.mafengwo.net/s12/M00/94/77/wKgED1v7oHmABJOSAALG5thmt_w03.jpeg?imageMogr2%2Fthumbnail%2F%21440x260r%2Fgravity%2FCenter%2Fcrop%2F%21440x260%2Fquality%2F100"],"maxPrice":0,"minPrice":0,"tags":["买一送一","强消赔2000","儿童免团费","五星温泉SPA"],"title":"【年终特卖 无一人差评】云南昆明大理丽江6日游（国际五星级酒店+强一赔百+送西双版纳4日+洱海吉普车旅拍+玉龙雪山大索道+名族美食+游船）"},{"id":"6007c22ea374a85f1ce351d7","imageUrls":["http://b1-q.mafengwo.net/s17/M00/16/E3/CoUBXl-GVM2AC1GxAANlur2bmuE64.jpeg?imageMogr2%2Fthumbnail%2F%21440x260r%2Fgravity%2FCenter%2Fcrop%2F%21440x260%2Fquality%2F100","http://b1-q.mafengwo.net/s12/M00/3D/36/wKgED1vuQCSAUxxGAA8Olv_YUTQ674.png?imageMogr2%2Fthumbnail%2F%21440x260r%2Fgravity%2FCenter%2Fcrop%2F%21440x260%2Fquality%2F100","http://p1-q.mafengwo.net/s12/M00/94/77/wKgED1v7oHmABJOSAALG5thmt_w03.jpeg?imageMogr2%2Fthumbnail%2F%21440x260r%2Fgravity%2FCenter%2Fcrop%2F%21440x260%2Fquality%2F100"],"maxPrice":0,"minPrice":0,"tags":["买一送一","强消赔2000","儿童免团费","五星温泉SPA"],"title":"【年终特卖 无一人差评】云南昆明大理丽江6日游（国际五星级酒店+强一赔百+送西双版纳4日+洱海吉普车旅拍+玉龙雪山大索道+名族美食+游船）"},{"id":"6007c22ea374a85f1ce351d9","imageUrls":["http://b1-q.mafengwo.net/s17/M00/16/E3/CoUBXl-GVM2AC1GxAANlur2bmuE64.jpeg?imageMogr2%2Fthumbnail%2F%21440x260r%2Fgravity%2FCenter%2Fcrop%2F%21440x260%2Fquality%2F100","http://b1-q.mafengwo.net/s12/M00/3D/36/wKgED1vuQCSAUxxGAA8Olv_YUTQ674.png?imageMogr2%2Fthumbnail%2F%21440x260r%2Fgravity%2FCenter%2Fcrop%2F%21440x260%2Fquality%2F100","http://p1-q.mafengwo.net/s12/M00/94/77/wKgED1v7oHmABJOSAALG5thmt_w03.jpeg?imageMogr2%2Fthumbnail%2F%21440x260r%2Fgravity%2FCenter%2Fcrop%2F%21440x260%2Fquality%2F100"],"maxPrice":0,"minPrice":0,"tags":["买一送一","强消赔2000","儿童免团费","五星温泉SPA"],"title":"【年终特卖 无一人差评】云南昆明大理丽江6日游（国际五星级酒店+强一赔百+送西双版纳4日+洱海吉普车旅拍+玉龙雪山大索道+名族美食+游船）"},{"id":"6007c22ea374a85f1ce351db","imageUrls":["http://b1-q.mafengwo.net/s17/M00/16/E3/CoUBXl-GVM2AC1GxAANlur2bmuE64.jpeg?imageMogr2%2Fthumbnail%2F%21440x260r%2Fgravity%2FCenter%2Fcrop%2F%21440x260%2Fquality%2F100","http://b1-q.mafengwo.net/s12/M00/3D/36/wKgED1vuQCSAUxxGAA8Olv_YUTQ674.png?imageMogr2%2Fthumbnail%2F%21440x260r%2Fgravity%2FCenter%2Fcrop%2F%21440x260%2Fquality%2F100","http://p1-q.mafengwo.net/s12/M00/94/77/wKgED1v7oHmABJOSAALG5thmt_w03.jpeg?imageMogr2%2Fthumbnail%2F%21440x260r%2Fgravity%2FCenter%2Fcrop%2F%21440x260%2Fquality%2F100"],"maxPrice":0,"minPrice":0,"tags":["买一送一","强消赔2000","儿童免团费","五星温泉SPA"],"title":"【年终特卖 无一人差评】云南昆明大理丽江6日游（国际五星级酒店+强一赔百+送西双版纳4日+洱海吉普车旅拍+玉龙雪山大索道+名族美食+游船）"},{"id":"6007c22ea374a85f1ce351dd","imageUrls":["http://b1-q.mafengwo.net/s17/M00/16/E3/CoUBXl-GVM2AC1GxAANlur2bmuE64.jpeg?imageMogr2%2Fthumbnail%2F%21440x260r%2Fgravity%2FCenter%2Fcrop%2F%21440x260%2Fquality%2F100","http://b1-q.mafengwo.net/s12/M00/3D/36/wKgED1vuQCSAUxxGAA8Olv_YUTQ674.png?imageMogr2%2Fthumbnail%2F%21440x260r%2Fgravity%2FCenter%2Fcrop%2F%21440x260%2Fquality%2F100","http://p1-q.mafengwo.net/s12/M00/94/77/wKgED1v7oHmABJOSAALG5thmt_w03.jpeg?imageMogr2%2Fthumbnail%2F%21440x260r%2Fgravity%2FCenter%2Fcrop%2F%21440x260%2Fquality%2F100"],"maxPrice":0,"minPrice":0,"tags":["买一送一","强消赔2000","儿童免团费","五星温泉SPA"],"title":"【年终特卖 无一人差评】云南昆明大理丽江6日游（国际五星级酒店+强一赔百+送西双版纳4日+洱海吉普车旅拍+玉龙雪山大索道+名族美食+游船）"},{"id":"6007c22ea374a85f1ce351df","imageUrls":["http://b1-q.mafengwo.net/s17/M00/16/E3/CoUBXl-GVM2AC1GxAANlur2bmuE64.jpeg?imageMogr2%2Fthumbnail%2F%21440x260r%2Fgravity%2FCenter%2Fcrop%2F%21440x260%2Fquality%2F100","http://b1-q.mafengwo.net/s12/M00/3D/36/wKgED1vuQCSAUxxGAA8Olv_YUTQ674.png?imageMogr2%2Fthumbnail%2F%21440x260r%2Fgravity%2FCenter%2Fcrop%2F%21440x260%2Fquality%2F100","http://p1-q.mafengwo.net/s12/M00/94/77/wKgED1v7oHmABJOSAALG5thmt_w03.jpeg?imageMogr2%2Fthumbnail%2F%21440x260r%2Fgravity%2FCenter%2Fcrop%2F%21440x260%2Fquality%2F100"],"maxPrice":0,"minPrice":0,"tags":["买一送一","强消赔2000","儿童免团费","五星温泉SPA"],"title":"【年终特卖 无一人差评】云南昆明大理丽江6日游（国际五星级酒店+强一赔百+送西双版纳4日+洱海吉普车旅拍+玉龙雪山大索道+名族美食+游船）"},{"id":"6007c22ea374a85f1ce351e1","imageUrls":["http://b1-q.mafengwo.net/s17/M00/16/E3/CoUBXl-GVM2AC1GxAANlur2bmuE64.jpeg?imageMogr2%2Fthumbnail%2F%21440x260r%2Fgravity%2FCenter%2Fcrop%2F%21440x260%2Fquality%2F100","http://b1-q.mafengwo.net/s12/M00/3D/36/wKgED1vuQCSAUxxGAA8Olv_YUTQ674.png?imageMogr2%2Fthumbnail%2F%21440x260r%2Fgravity%2FCenter%2Fcrop%2F%21440x260%2Fquality%2F100","http://p1-q.mafengwo.net/s12/M00/94/77/wKgED1v7oHmABJOSAALG5thmt_w03.jpeg?imageMogr2%2Fthumbnail%2F%21440x260r%2Fgravity%2FCenter%2Fcrop%2F%21440x260%2Fquality%2F100"],"maxPrice":0,"minPrice":0,"tags":["买一送一","强消赔2000","儿童免团费","五星温泉SPA"],"title":"【年终特卖 无一人差评】云南昆明大理丽江6日游（国际五星级酒店+强一赔百+送西双版纳4日+洱海吉普车旅拍+玉龙雪山大索道+名族美食+游船）"},{"id":"6007c22fa374a85f1ce351e3","imageUrls":["http://b1-q.mafengwo.net/s17/M00/16/E3/CoUBXl-GVM2AC1GxAANlur2bmuE64.jpeg?imageMogr2%2Fthumbnail%2F%21440x260r%2Fgravity%2FCenter%2Fcrop%2F%21440x260%2Fquality%2F100","http://b1-q.mafengwo.net/s12/M00/3D/36/wKgED1vuQCSAUxxGAA8Olv_YUTQ674.png?imageMogr2%2Fthumbnail%2F%21440x260r%2Fgravity%2FCenter%2Fcrop%2F%21440x260%2Fquality%2F100","http://p1-q.mafengwo.net/s12/M00/94/77/wKgED1v7oHmABJOSAALG5thmt_w03.jpeg?imageMogr2%2Fthumbnail%2F%21440x260r%2Fgravity%2FCenter%2Fcrop%2F%21440x260%2Fquality%2F100"],"maxPrice":0,"minPrice":0,"tags":["买一送一","强消赔2000","儿童免团费","五星温泉SPA"],"title":"【年终特卖 无一人差评】云南昆明大理丽江6日游（国际五星级酒店+强一赔百+送西双版纳4日+洱海吉普车旅拍+玉龙雪山大索道+名族美食+游船）"},{"id":"6007c22fa374a85f1ce351e5","imageUrls":["http://b1-q.mafengwo.net/s17/M00/16/E3/CoUBXl-GVM2AC1GxAANlur2bmuE64.jpeg?imageMogr2%2Fthumbnail%2F%21440x260r%2Fgravity%2FCenter%2Fcrop%2F%21440x260%2Fquality%2F100","http://b1-q.mafengwo.net/s12/M00/3D/36/wKgED1vuQCSAUxxGAA8Olv_YUTQ674.png?imageMogr2%2Fthumbnail%2F%21440x260r%2Fgravity%2FCenter%2Fcrop%2F%21440x260%2Fquality%2F100","http://p1-q.mafengwo.net/s12/M00/94/77/wKgED1v7oHmABJOSAALG5thmt_w03.jpeg?imageMogr2%2Fthumbnail%2F%21440x260r%2Fgravity%2FCenter%2Fcrop%2F%21440x260%2Fquality%2F100"],"maxPrice":0,"minPrice":0,"tags":["买一送一","强消赔2000","儿童免团费","五星温泉SPA"],"title":"【年终特卖 无一人差评】云南昆明大理丽江6日游（国际五星级酒店+强一赔百+送西双版纳4日+洱海吉普车旅拍+玉龙雪山大索道+名族美食+游船）"},{"id":"6007c22fa374a85f1ce351e7","imageUrls":["http://b1-q.mafengwo.net/s17/M00/16/E3/CoUBXl-GVM2AC1GxAANlur2bmuE64.jpeg?imageMogr2%2Fthumbnail%2F%21440x260r%2Fgravity%2FCenter%2Fcrop%2F%21440x260%2Fquality%2F100","http://b1-q.mafengwo.net/s12/M00/3D/36/wKgED1vuQCSAUxxGAA8Olv_YUTQ674.png?imageMogr2%2Fthumbnail%2F%21440x260r%2Fgravity%2FCenter%2Fcrop%2F%21440x260%2Fquality%2F100","http://p1-q.mafengwo.net/s12/M00/94/77/wKgED1v7oHmABJOSAALG5thmt_w03.jpeg?imageMogr2%2Fthumbnail%2F%21440x260r%2Fgravity%2FCenter%2Fcrop%2F%21440x260%2Fquality%2F100"],"maxPrice":0,"minPrice":0,"tags":["买一送一","强消赔2000","儿童免团费","五星温泉SPA"],"title":"【年终特卖 无一人差评】云南昆明大理丽江6日游（国际五星级酒店+强一赔百+送西双版纳4日+洱海吉普车旅拍+玉龙雪山大索道+名族美食+游船）"},{"id":"6007c22fa374a85f1ce351e9","imageUrls":["http://b1-q.mafengwo.net/s17/M00/16/E3/CoUBXl-GVM2AC1GxAANlur2bmuE64.jpeg?imageMogr2%2Fthumbnail%2F%21440x260r%2Fgravity%2FCenter%2Fcrop%2F%21440x260%2Fquality%2F100","http://b1-q.mafengwo.net/s12/M00/3D/36/wKgED1vuQCSAUxxGAA8Olv_YUTQ674.png?imageMogr2%2Fthumbnail%2F%21440x260r%2Fgravity%2FCenter%2Fcrop%2F%21440x260%2Fquality%2F100","http://p1-q.mafengwo.net/s12/M00/94/77/wKgED1v7oHmABJOSAALG5thmt_w03.jpeg?imageMogr2%2Fthumbnail%2F%21440x260r%2Fgravity%2FCenter%2Fcrop%2F%21440x260%2Fquality%2F100"],"maxPrice":0,"minPrice":0,"tags":["买一送一","强消赔2000","儿童免团费","五星温泉SPA"],"title":"【年终特卖 无一人差评】云南昆明大理丽江6日游（国际五星级酒店+强一赔百+送西双版纳4日+洱海吉普车旅拍+玉龙雪山大索道+名族美食+游船）"},{"id":"6007c22fa374a85f1ce351eb","imageUrls":["http://b1-q.mafengwo.net/s17/M00/16/E3/CoUBXl-GVM2AC1GxAANlur2bmuE64.jpeg?imageMogr2%2Fthumbnail%2F%21440x260r%2Fgravity%2FCenter%2Fcrop%2F%21440x260%2Fquality%2F100","http://b1-q.mafengwo.net/s12/M00/3D/36/wKgED1vuQCSAUxxGAA8Olv_YUTQ674.png?imageMogr2%2Fthumbnail%2F%21440x260r%2Fgravity%2FCenter%2Fcrop%2F%21440x260%2Fquality%2F100","http://p1-q.mafengwo.net/s12/M00/94/77/wKgED1v7oHmABJOSAALG5thmt_w03.jpeg?imageMogr2%2Fthumbnail%2F%21440x260r%2Fgravity%2FCenter%2Fcrop%2F%21440x260%2Fquality%2F100"],"maxPrice":0,"minPrice":0,"tags":["买一送一","强消赔2000","儿童免团费","五星温泉SPA"],"title":"【年终特卖 无一人差评】云南昆明大理丽江6日游（国际五星级酒店+强一赔百+送西双版纳4日+洱海吉普车旅拍+玉龙雪山大索道+名族美食+游船）"}],"pagination":{"current":1,"pageSize":20,"pages":6,"total":101},"success":true,"total":101}
2021-06-02 23:55:25.711 [http-nio-8080-exec-4] INFO  com.x.lfs.config.mvc.LogRecordAspect 耗时=====>271
2021-06-02 23:56:06.158 [http-nio-8080-exec-9] INFO  com.x.lfs.config.mvc.LogRecordAspect 请求=====>GET /admin
2021-06-02 23:56:06.159 [http-nio-8080-exec-9] INFO  com.x.lfs.config.mvc.LogRecordAspect 请求参数==>:null
2021-06-02 23:56:06.159 [http-nio-8080-exec-9] INFO  com.x.lfs.config.mvc.LogRecordAspect 响应=====>:{"id":"60827d0fd33c901297c895e5","name":"老徐","password":"7dd75c55c0f3a84969cacc5fcdbbd980","phone":"13880605659","roles":[{"id":"60827d051bd0cb10049a7480","name":"admin","permissions":[]}],"state":1}
2021-06-02 23:56:06.159 [http-nio-8080-exec-9] INFO  com.x.lfs.config.mvc.LogRecordAspect 耗时=====>1
2021-06-02 23:56:06.981 [http-nio-8080-exec-10] INFO  com.x.lfs.config.mvc.LogRecordAspect 请求=====>GET /admin
2021-06-02 23:56:06.984 [http-nio-8080-exec-10] INFO  com.x.lfs.config.mvc.LogRecordAspect 请求参数==>:null
2021-06-02 23:56:06.985 [http-nio-8080-exec-10] INFO  com.x.lfs.config.mvc.LogRecordAspect 响应=====>:{"id":"60827d0fd33c901297c895e5","name":"老徐","password":"7dd75c55c0f3a84969cacc5fcdbbd980","phone":"13880605659","roles":[{"id":"60827d051bd0cb10049a7480","name":"admin","permissions":[]}],"state":1}
2021-06-02 23:56:06.985 [http-nio-8080-exec-10] INFO  com.x.lfs.config.mvc.LogRecordAspect 耗时=====>4
2021-06-02 23:56:21.800 [http-nio-8080-exec-1] INFO  com.x.lfs.config.mvc.LogRecordAspect 请求=====>GET /admin
2021-06-02 23:56:21.801 [http-nio-8080-exec-1] INFO  com.x.lfs.config.mvc.LogRecordAspect 请求参数==>:null
2021-06-02 23:56:21.801 [http-nio-8080-exec-1] INFO  com.x.lfs.config.mvc.LogRecordAspect 响应=====>:{"id":"60827d0fd33c901297c895e5","name":"老徐","password":"7dd75c55c0f3a84969cacc5fcdbbd980","phone":"13880605659","roles":[{"id":"60827d051bd0cb10049a7480","name":"admin","permissions":[]}],"state":1}
2021-06-02 23:56:21.801 [http-nio-8080-exec-1] INFO  com.x.lfs.config.mvc.LogRecordAspect 耗时=====>1
2021-06-02 23:56:35.882 [http-nio-8080-exec-2] INFO  com.x.lfs.config.mvc.LogRecordAspect 请求=====>GET /admin
2021-06-02 23:56:35.883 [http-nio-8080-exec-2] INFO  com.x.lfs.config.mvc.LogRecordAspect 请求参数==>:null
2021-06-02 23:56:35.884 [http-nio-8080-exec-2] INFO  com.x.lfs.config.mvc.LogRecordAspect 响应=====>:{"id":"60827d0fd33c901297c895e5","name":"老徐","password":"7dd75c55c0f3a84969cacc5fcdbbd980","phone":"13880605659","roles":[{"id":"60827d051bd0cb10049a7480","name":"admin","permissions":[]}],"state":1}
2021-06-02 23:56:35.885 [http-nio-8080-exec-2] INFO  com.x.lfs.config.mvc.LogRecordAspect 耗时=====>3
2021-06-02 23:57:28.261 [http-nio-8080-exec-3] INFO  com.x.lfs.config.mvc.LogRecordAspect 请求=====>GET /admin
2021-06-02 23:57:28.261 [http-nio-8080-exec-3] INFO  com.x.lfs.config.mvc.LogRecordAspect 请求参数==>:null
2021-06-02 23:57:28.261 [http-nio-8080-exec-3] INFO  com.x.lfs.config.mvc.LogRecordAspect 响应=====>:{"id":"60827d0fd33c901297c895e5","name":"老徐","password":"7dd75c55c0f3a84969cacc5fcdbbd980","phone":"13880605659","roles":[{"id":"60827d051bd0cb10049a7480","name":"admin","permissions":[]}],"state":1}
2021-06-02 23:57:28.261 [http-nio-8080-exec-3] INFO  com.x.lfs.config.mvc.LogRecordAspect 耗时=====>1
2021-06-02 23:57:40.692 [http-nio-8080-exec-6] INFO  com.x.lfs.config.mvc.LogRecordAspect 请求=====>GET /admin
2021-06-02 23:57:40.692 [http-nio-8080-exec-6] INFO  com.x.lfs.config.mvc.LogRecordAspect 请求参数==>:null
2021-06-02 23:57:40.692 [http-nio-8080-exec-6] INFO  com.x.lfs.config.mvc.LogRecordAspect 响应=====>:{"id":"60827d0fd33c901297c895e5","name":"老徐","password":"7dd75c55c0f3a84969cacc5fcdbbd980","phone":"13880605659","roles":[{"id":"60827d051bd0cb10049a7480","name":"admin","permissions":[]}],"state":1}
2021-06-02 23:57:40.693 [http-nio-8080-exec-6] INFO  com.x.lfs.config.mvc.LogRecordAspect 耗时=====>1
2021-06-02 23:58:38.583 [http-nio-8080-exec-5] INFO  com.x.lfs.config.mvc.LogRecordAspect 请求=====>GET /admin
2021-06-02 23:58:38.583 [http-nio-8080-exec-5] INFO  com.x.lfs.config.mvc.LogRecordAspect 请求参数==>:null
2021-06-02 23:58:38.584 [http-nio-8080-exec-5] INFO  com.x.lfs.config.mvc.LogRecordAspect 响应=====>:{"id":"60827d0fd33c901297c895e5","name":"老徐","password":"7dd75c55c0f3a84969cacc5fcdbbd980","phone":"13880605659","roles":[{"id":"60827d051bd0cb10049a7480","name":"admin","permissions":[]}],"state":1}
2021-06-02 23:58:38.584 [http-nio-8080-exec-5] INFO  com.x.lfs.config.mvc.LogRecordAspect 耗时=====>2
2021-06-02 23:58:42.374 [http-nio-8080-exec-8] INFO  com.x.lfs.config.mvc.LogRecordAspect 请求=====>GET /admin
2021-06-02 23:58:42.375 [http-nio-8080-exec-8] INFO  com.x.lfs.config.mvc.LogRecordAspect 请求参数==>:null
2021-06-02 23:58:42.375 [http-nio-8080-exec-8] INFO  com.x.lfs.config.mvc.LogRecordAspect 响应=====>:{"id":"60827d0fd33c901297c895e5","name":"老徐","password":"7dd75c55c0f3a84969cacc5fcdbbd980","phone":"13880605659","roles":[{"id":"60827d051bd0cb10049a7480","name":"admin","permissions":[]}],"state":1}
2021-06-02 23:58:42.376 [http-nio-8080-exec-8] INFO  com.x.lfs.config.mvc.LogRecordAspect 耗时=====>2
2021-06-02 23:58:50.761 [http-nio-8080-exec-4] INFO  com.x.lfs.config.mvc.LogRecordAspect 请求=====>GET /admin
2021-06-02 23:58:50.762 [http-nio-8080-exec-4] INFO  com.x.lfs.config.mvc.LogRecordAspect 请求参数==>:null
2021-06-02 23:58:50.762 [http-nio-8080-exec-4] INFO  com.x.lfs.config.mvc.LogRecordAspect 响应=====>:{"id":"60827d0fd33c901297c895e5","name":"老徐","password":"7dd75c55c0f3a84969cacc5fcdbbd980","phone":"13880605659","roles":[{"id":"60827d051bd0cb10049a7480","name":"admin","permissions":[]}],"state":1}
2021-06-02 23:58:50.762 [http-nio-8080-exec-4] INFO  com.x.lfs.config.mvc.LogRecordAspect 耗时=====>1
2021-06-02 23:58:57.640 [http-nio-8080-exec-7] INFO  com.x.lfs.config.mvc.LogRecordAspect 请求=====>GET /admin
2021-06-02 23:58:57.640 [http-nio-8080-exec-7] INFO  com.x.lfs.config.mvc.LogRecordAspect 请求参数==>:null
2021-06-02 23:58:57.643 [http-nio-8080-exec-7] INFO  com.x.lfs.config.mvc.LogRecordAspect 响应=====>:{"id":"60827d0fd33c901297c895e5","name":"老徐","password":"7dd75c55c0f3a84969cacc5fcdbbd980","phone":"13880605659","roles":[{"id":"60827d051bd0cb10049a7480","name":"admin","permissions":[]}],"state":1}
2021-06-02 23:58:57.644 [http-nio-8080-exec-7] INFO  com.x.lfs.config.mvc.LogRecordAspect 耗时=====>4
